(!x) && (!y) && (y || !x) && (!y || x)
64
Starting model fitting...
--- Fitting took: 0.0006 seconds ---
Starting custom tree build...
--- Custom tree build took: 0.0001 seconds ---
Prediction time : 0.0010669231414794922
Initial phase DNF: y || !y
Final DistEstimate value:  0.0
Final Validifier value:  0.0
Final candidate learnt:  (!x && y) || (!y && x)
Height of learnt decision tree:  2
Number of terms in the candidate DNF:  2
Total DistEstimate time : 0.14471125602722168
Total Validifier time : 1.4076309204101562
Total TreeLearner time : 0.003100872039794922
Total time (seconds) : 1.5570192337036133

--- Run at 2025-08-25 11:17:26.722124 ---
(x) && (y) && (y || !x) && (!y || x)
64
Starting model fitting...
--- Fitting took: 0.0006 seconds ---
Starting custom tree build...
--- Custom tree build took: 0.0001 seconds ---
Prediction time : 0.0011167526245117188
Initial phase DNF: y || !y
Final DistEstimate value:  0.0
Final Validifier value:  0.0
Final candidate learnt:  (!x && y) || (!y && x)
Height of learnt decision tree:  2
Number of terms in the candidate DNF:  2
Total DistEstimate time : 0.14887523651123047
Total Validifier time : 1.4104046821594238
Total TreeLearner time : 0.003225088119506836
Total time (seconds) : 1.5640978813171387

--- Run at 2025-08-25 11:17:32.169544 ---
Initial phase DNF: (y && !x) ||
(!y && x)
Final DistEstimate value: 0.0
Final Validifier value: 0.0
Final candidate learnt: (!x && y) || (!y && x)
Height of learnt decision tree: 2
Number of terms in the candidate DNF: 2
Total DistEstimate time: 0.36045408248901367
Total Validifier time: 2.236382246017456
Total TreeLearner time: 0.0021119117736816406
Total time (seconds): 2.6143321990966797

--- Run at 2025-12-22 23:28:28.944672 ---
Initial phase DNF: (y && !x) ||
(!y && x)
Final DistEstimate value: 0.0
Final Validifier value: 0.0
Final candidate learnt: (!x && y) || (!y && x)
Height of learnt decision tree: 2
Number of terms in the candidate DNF: 2
Total DistEstimate time: 0.48914003372192383
Total Validifier time: 1.5989601612091064
Total TreeLearner time: 0.003525972366333008
Total time (seconds): 2.1096410751342773

--- Run at 2025-12-22 23:28:36.997994 ---
