(!z15) && (!z14) && (!z13) && (!z12) && (!z11) && (!z10) && (!z9) && (!z8) && (!z7) && (!z6) && (!z5) && (!z4) && (!z3) && (!z2) && (!z1) && (!z0) && (!flip)
32
Starting model fitting...
--- Fitting took: 0.0012 seconds ---
Starting custom tree build...
--- Custom tree build took: 0.0012 seconds ---
Prediction time : 0.08915877342224121
Initial phase DNF: (!z9 && !z15 && !z6 && !z8 && !z7 && !z10 && !z4 && !z12 && !z11 && !z13)
Phase : 2
DistEstimate value: 0.0
Validifier value: 0.7433333333333333
Phase 2 DNF before prediction: (!z9 && !z15 && !z6 && !z8 && !z7 && !z10 && !z4 && !z12 && !z11 && !z13)
Phase 2 DNF after prediction: z15 && !z15
Successfully reached the desired user error bounds.
Mutation counter: {'split': 2, 'prune': 0}
Next phase total time:  4.401488304138184
Next phase DistEstimate time : 0.13565635681152344
Next phase Validifier time : 4.197906017303467
Next phase TreeLearner time : 0.06723737716674805
Final DistEstimate value:  0.0
Final Validifier value:  0.0
Final candidate learnt:  (!z10 && !z11 && !z12 && !z13 && !z14 && !z15 && !z4 && !z5 && !z6 && !z7 && !z8 && !z9 && flip)
Height of learnt decision tree:  13
Number of terms in the candidate DNF:  1
Total DistEstimate time : 0.2559239864349365
Total Validifier time : 8.462077140808105
Total TreeLearner time : 0.20206260681152344
Total time (seconds) : 8.923793077468872

--- Run at 2025-08-31 16:59:07.916399 ---
(!z15) && (!z14) && (!z13) && (!z12) && (!z11) && (!z10) && (!z9) && (!z8) && (!z7) && (!z6) && (!z5) && (!z4) && (!z3) && (!z2) && (!z1) && (!z0) && (!flip)
32
Starting model fitting...
--- Fitting took: 0.0012 seconds ---
Starting custom tree build...
--- Custom tree build took: 0.0014 seconds ---
Prediction time : 0.09087157249450684
Initial phase DNF: (!z15 && !z9 && !z11 && !z6 && !z4 && !z10 && !z13 && !z12 && !z14 && !z5)
Phase : 2
DistEstimate value: 0.0
Validifier value: 0.76
Phase 2 DNF before prediction: (!z15 && !z9 && !z11 && !z6 && !z4 && !z10 && !z13 && !z12 && !z14 && !z5)
Phase 2 DNF after prediction: z15 && !z15
Successfully reached the desired user error bounds.
Mutation counter: {'split': 2, 'prune': 0}
Next phase total time:  4.390867471694946
Next phase DistEstimate time : 0.13196110725402832
Next phase Validifier time : 4.136196136474609
Next phase TreeLearner time : 0.1218862533569336
Final DistEstimate value:  0.0
Final Validifier value:  0.0
Final candidate learnt:  (!z10 && !z11 && !z12 && !z13 && !z14 && !z15 && !z4 && !z5 && !z6 && !z7 && !z8 && !z9 && flip)
Height of learnt decision tree:  13
Number of terms in the candidate DNF:  1
Total DistEstimate time : 0.25732421875
Total Validifier time : 8.383001804351807
Total TreeLearner time : 0.25849151611328125
Total time (seconds) : 8.902442455291748

--- Run at 2025-08-31 16:59:22.835517 ---
(!z15) && (!z14) && (!z13) && (!z12) && (!z11) && (!z10) && (!z9) && (!z8) && (!z7) && (!z6) && (!z5) && (!z4) && (!z3) && (!z2) && (!z1) && (!z0) && (!flip)
32
Starting model fitting...
--- Fitting took: 0.0013 seconds ---
Starting custom tree build...
--- Custom tree build took: 0.0023 seconds ---
Prediction time : 0.1026315689086914
Initial phase DNF: (!z12 && !z15 && !z3 && !z7 && !z6 && !z14 && !z10 && !z5 && !z11 && flip) || (!z12 && !z15 && z3 && !z14 && !z2 && !z10 && !z1 && !z6 && !z7 && !z5)
Phase : 2
DistEstimate value: 0.0
Validifier value: 0.9104477611940298
Phase 2 DNF before prediction: (!z12 && !z15 && !z3 && !z7 && !z6 && !z14 && !z10 && !z5 && !z11 && flip) || (!z12 && !z15 && z3 && !z14 && !z2 && !z10 && !z1 && !z6 && !z7 && !z5)
Phase 2 DNF after prediction: z15 && !z15
Successfully reached the desired user error bounds.
Mutation counter: {'split': 2, 'prune': 0}
Next phase total time:  4.5124030113220215
Next phase DistEstimate time : 0.10975766181945801
Next phase Validifier time : 4.208077669143677
Next phase TreeLearner time : 0.19389843940734863
Phase : 3
DistEstimate value: 0.0
Validifier value: 0.5223880597014925
Phase 3 DNF before prediction: (!z12 && !z15 && !z3 && !z7 && !z6 && !z14 && !z10 && !z5 && !z11 && flip && !z13 && !z8)
Phase 3 DNF after prediction: z15 && !z15
Successfully reached the desired user error bounds.
Mutation counter: {'split': 1, 'prune': 0}
Next phase total time:  4.414263725280762
Next phase DistEstimate time : 0.15061163902282715
Next phase Validifier time : 4.169207572937012
Next phase TreeLearner time : 0.09351873397827148
Final DistEstimate value:  0.013333333333333308
Final Validifier value:  0.0
Final candidate learnt:  (!z10 && !z11 && !z12 && !z13 && !z14 && !z15 && !z3 && !z5 && !z6 && !z7 && !z8 && !z9 && flip)
Height of learnt decision tree:  13
Number of terms in the candidate DNF:  1
Total DistEstimate time : 0.37254810333251953
Total Validifier time : 12.598073720932007
Total TreeLearner time : 0.43691110610961914
Total time (seconds) : 13.412811040878296

--- Run at 2025-08-31 16:59:38.058976 ---
(!z15) && (!z14) && (!z13) && (!z12) && (!z11) && (!z10) && (!z9) && (!z8) && (!z7) && (!z6) && (!z5) && (!z4) && (!z3) && (!z2) && (!z1) && (!z0) && (!flip)
32
Starting model fitting...
--- Fitting took: 0.0012 seconds ---
Starting custom tree build...
--- Custom tree build took: 0.0013 seconds ---
Prediction time : 0.08901357650756836
Initial phase DNF: (!z4 && !z14 && !z9 && !z6 && !z8 && !z10 && !z11 && !z7 && !z5 && !z13 && !z0) || (!z4 && !z14 && !z9 && !z6 && !z8 && !z10 && !z11 && !z7 && !z5 && !z13 && z0)
Phase : 2
DistEstimate value: 0.0
Validifier value: 0.7631578947368421
Phase 2 DNF before prediction: (!z4 && !z14 && !z9 && !z6 && !z8 && !z10 && !z11 && !z7 && !z5 && !z13 && !z0) || (!z4 && !z14 && !z9 && !z6 && !z8 && !z10 && !z11 && !z7 && !z5 && !z13 && z0)
Phase 2 DNF after prediction: z15 && !z15
Successfully reached the desired user error bounds.
Mutation counter: {'split': 2, 'prune': 0}
Next phase total time:  4.510334253311157
Next phase DistEstimate time : 0.13550925254821777
Next phase Validifier time : 4.264485120773315
Next phase TreeLearner time : 0.10936427116394043
[Warning] Skipping tree: error bounds not met (0.000, 0.132)
Final DistEstimate value:  0.0
Final Validifier value:  0.5263157894736842
Final candidate learnt:  (!z0 && !z10 && !z11 && !z12 && !z13 && !z14 && !z4 && !z5 && !z6 && !z7 && !z8 && !z9 && flip) || (!z10 && !z11 && !z13 && !z14 && !z15 && !z4 && !z5 && !z6 && !z7 && !z8 && !z9 && flip && z0)
Height of learnt decision tree:  13
Number of terms in the candidate DNF:  2
Total DistEstimate time : 0.26262760162353516
Total Validifier time : 8.457250118255615
Total TreeLearner time : 0.24412322044372559
Total time (seconds) : 8.967865467071533

--- Run at 2025-08-31 16:59:57.734826 ---
(!z15) && (!z14) && (!z13) && (!z12) && (!z11) && (!z10) && (!z9) && (!z8) && (!z7) && (!z6) && (!z5) && (!z4) && (!z3) && (!z2) && (!z1) && (!z0) && (!flip)
32
Starting model fitting...
--- Fitting took: 0.0012 seconds ---
Starting custom tree build...
--- Custom tree build took: 0.0014 seconds ---
Prediction time : 0.08955168724060059
Initial phase DNF: (!z15 && !z11 && !z9 && !z7 && !z6 && !z12 && !z4 && !z5 && !z3 && !z2) || (!z15 && !z11 && !z9 && !z7 && !z6 && !z12 && !z4 && !z5 && !z3 && z2) || (!z15 && !z11 && !z9 && !z7 && !z6 && !z12 && !z4 && !z5 && z3 && !z1) || (!z15 && !z11 && !z9 && !z7 && !z6 && !z12 && !z4 && !z5 && z3 && z1 && z0)
Phase : 2
DistEstimate value: 0.0
Validifier value: 0.8333333333333334
Phase 2 DNF before prediction: (!z15 && !z11 && !z9 && !z7 && !z6 && !z12 && !z4 && !z5 && !z3 && !z2) || (!z15 && !z11 && !z9 && !z7 && !z6 && !z12 && !z4 && !z5 && !z3 && z2) || (!z15 && !z11 && !z9 && !z7 && !z6 && !z12 && !z4 && !z5 && z3 && !z1) || (!z15 && !z11 && !z9 && !z7 && !z6 && !z12 && !z4 && !z5 && z3 && z1 && z0)
Phase 2 DNF after prediction: z15 && !z15
Successfully reached the desired user error bounds.
Mutation counter: {'split': 1, 'prune': 0}
Next phase total time:  4.425868272781372
Next phase DistEstimate time : 0.11026835441589355
Next phase Validifier time : 4.261425495147705
Next phase TreeLearner time : 0.05324840545654297
Phase : 3
DistEstimate value: 0.06000000000000005
Validifier value: 0.75
Phase 3 DNF before prediction: (!z15 && !z11 && !z9 && !z7 && !z6 && !z12 && !z4 && !z5 && !z3 && !z2 && !z13)
Phase 3 DNF after prediction: z15 && !z15
Successfully reached the desired user error bounds.
Mutation counter: {'split': 1, 'prune': 0}
Next phase total time:  4.401081085205078
Next phase DistEstimate time : 0.11824440956115723
Next phase Validifier time : 4.2372660636901855
Next phase TreeLearner time : 0.04492354393005371
[Warning] Skipping tree: error bounds not met (0.074, 0.167)
Final DistEstimate value:  0.08666666666666667
Final Validifier value:  0.625
Final candidate learnt:  (!z11 && !z12 && !z13 && !z15 && !z2 && !z3 && !z4 && !z5 && !z6 && !z7 && !z8 && !z9 && flip)
Height of learnt decision tree:  13
Number of terms in the candidate DNF:  1
Total DistEstimate time : 0.3647732734680176
Total Validifier time : 12.715835809707642
Total TreeLearner time : 0.23403596878051758
Total time (seconds) : 13.319560289382935

--- Run at 2025-08-31 17:00:12.913736 ---
(!z15) && (!z14) && (!z13) && (!z12) && (!z11) && (!z10) && (!z9) && (!z8) && (!z7) && (!z6) && (!z5) && (!z4) && (!z3) && (!z2) && (!z1) && (!z0) && (!flip)
32
Starting model fitting...
--- Fitting took: 0.0022 seconds ---
Starting custom tree build...
--- Custom tree build took: 0.0027 seconds ---
Prediction time : 0.20370697975158691
Initial phase DNF: (!z12 && !z5 && !z10 && !z8 && !z14 && !z7 && !z9 && !z6 && flip)
Phase : 2
DistEstimate value: 0.0
Validifier value: 0.8816666666666667
Phase 2 DNF before prediction: (!z12 && !z5 && !z10 && !z8 && !z14 && !z7 && !z9 && !z6 && flip)
Phase 2 DNF after prediction: z15 && !z15
Successfully reached the desired user error bounds.
Mutation counter: {'split': 3, 'prune': 0}
Next phase total time:  5.118459939956665
Next phase DistEstimate time : 0.21981430053710938
Next phase Validifier time : 4.762683868408203
Next phase TreeLearner time : 0.13369297981262207
Final DistEstimate value:  0.0
Final Validifier value:  0.0
Final candidate learnt:  (!z10 && !z11 && !z12 && !z13 && !z14 && !z15 && !z5 && !z6 && !z7 && !z8 && !z9 && flip)
Height of learnt decision tree:  12
Number of terms in the candidate DNF:  1
Total DistEstimate time : 0.419567346572876
Total Validifier time : 9.779824018478394
Total TreeLearner time : 0.4120969772338867
Total time (seconds) : 10.621173858642578

--- Run at 2025-09-01 12:05:08.229531 ---
(!z15) && (!z14) && (!z13) && (!z12) && (!z11) && (!z10) && (!z9) && (!z8) && (!z7) && (!z6) && (!z5) && (!z4) && (!z3) && (!z2) && (!z1) && (!z0) && (!flip)
32
Starting model fitting...
--- Fitting took: 0.0023 seconds ---
Starting custom tree build...
--- Custom tree build took: 0.0032 seconds ---
Prediction time : 0.22015595436096191
Initial phase DNF: (!z11 && !z4 && !z7 && !z13 && !z9 && !z6 && !z5 && !z14 && !z10 && !z8 && flip)
Phase : 2
DistEstimate value: 0.0
Validifier value: 0.7666666666666667
Phase 2 DNF before prediction: (!z11 && !z4 && !z7 && !z13 && !z9 && !z6 && !z5 && !z14 && !z10 && !z8 && flip)
Phase 2 DNF after prediction: z15 && !z15
Successfully reached the desired user error bounds.
Mutation counter: {'split': 2, 'prune': 0}
Next phase total time:  5.060464143753052
Next phase DistEstimate time : 0.19002127647399902
Next phase Validifier time : 4.773247957229614
Next phase TreeLearner time : 0.09491610527038574
Final DistEstimate value:  0.0
Final Validifier value:  0.0
Final candidate learnt:  (!z10 && !z11 && !z12 && !z13 && !z14 && !z15 && !z4 && !z5 && !z6 && !z7 && !z8 && !z9 && flip)
Height of learnt decision tree:  13
Number of terms in the candidate DNF:  1
Total DistEstimate time : 0.3883962631225586
Total Validifier time : 10.04953384399414
Total TreeLearner time : 0.3890831470489502
Total time (seconds) : 10.837024927139282

--- Run at 2025-09-01 12:05:29.672342 ---
(!z15) && (!z14) && (!z13) && (!z12) && (!z11) && (!z10) && (!z9) && (!z8) && (!z7) && (!z6) && (!z5) && (!z4) && (!z3) && (!z2) && (!z1) && (!z0) && (!flip)
32
Starting model fitting...
--- Fitting took: 0.0022 seconds ---
Starting custom tree build...
--- Custom tree build took: 0.0028 seconds ---
Prediction time : 0.20290923118591309
Initial phase DNF: (!z6 && !z10 && !z5 && !z4 && !z11 && !z8 && !z15 && !z14 && !z7)
Phase : 2
DistEstimate value: 0.0
Validifier value: 0.9253731343283582
Phase 2 DNF before prediction: (!z6 && !z10 && !z5 && !z4 && !z11 && !z8 && !z15 && !z14 && !z7)
Phase 2 DNF after prediction: z15 && !z15
Successfully reached the desired user error bounds.
Mutation counter: {'split': 2, 'prune': 0}
Next phase total time:  4.945448875427246
Next phase DistEstimate time : 0.1940000057220459
Next phase Validifier time : 4.660473823547363
Next phase TreeLearner time : 0.08868718147277832
Phase : 3
DistEstimate value: 0.0
Validifier value: 0.43283582089552236
Phase 3 DNF before prediction: (!z6 && !z10 && !z5 && !z4 && !z11 && !z8 && !z15 && !z14 && !z7 && !z12 && !z13)
Phase 3 DNF after prediction: z15 && !z15
Successfully reached the desired user error bounds.
Mutation counter: {'split': 1, 'prune': 0}
Next phase total time:  4.531540155410767
Next phase DistEstimate time : 0.19908380508422852
Next phase Validifier time : 4.277333974838257
Next phase TreeLearner time : 0.05285000801086426
Final DistEstimate value:  0.0
Final Validifier value:  0.0
Final candidate learnt:  (!z10 && !z11 && !z12 && !z13 && !z14 && !z15 && !z4 && !z5 && !z6 && !z7 && !z8 && !z9 && flip)
Height of learnt decision tree:  13
Number of terms in the candidate DNF:  1
Total DistEstimate time : 0.5947299003601074
Total Validifier time : 14.364479780197144
Total TreeLearner time : 0.41861891746520996
Total time (seconds) : 15.39000916481018

--- Run at 2025-09-01 12:05:50.900305 ---
(!z15) && (!z14) && (!z13) && (!z12) && (!z11) && (!z10) && (!z9) && (!z8) && (!z7) && (!z6) && (!z5) && (!z4) && (!z3) && (!z2) && (!z1) && (!z0) && (!flip)
32
Starting model fitting...
--- Fitting took: 0.0023 seconds ---
Starting custom tree build...
--- Custom tree build took: 0.0029 seconds ---
Prediction time : 0.2059192657470703
Initial phase DNF: (!z6 && !z13 && !z15 && !z11 && !z14 && !z4 && !z10 && !z12 && !z9 && !z8 && !z3) || (!z6 && !z13 && !z15 && !z11 && !z14 && !z4 && !z10 && !z12 && !z9 && !z8 && z3)
Phase : 2
DistEstimate value: 0.0
Validifier value: 0.6842105263157895
Phase 2 DNF before prediction: (!z6 && !z13 && !z15 && !z11 && !z14 && !z4 && !z10 && !z12 && !z9 && !z8 && !z3) || (!z6 && !z13 && !z15 && !z11 && !z14 && !z4 && !z10 && !z12 && !z9 && !z8 && z3)
Phase 2 DNF after prediction: z15 && !z15
Successfully reached the desired user error bounds.
Mutation counter: {'split': 1, 'prune': 0}
Next phase total time:  4.901392221450806
Next phase DistEstimate time : 0.19376087188720703
Next phase Validifier time : 4.650046110153198
Next phase TreeLearner time : 0.05534720420837402
Phase : 3
DistEstimate value: 0.0
Validifier value: 0.47368421052631576
Phase 3 DNF before prediction: (!z6 && !z13 && !z15 && !z11 && !z14 && !z4 && !z10 && !z12 && !z9 && !z8 && !z3 && !z7)
Phase 3 DNF after prediction: (!z6 && !z13 && !z15 && !z11 && !z14 && !z4 && !z10 && !z12 && !z9 && !z8 && !z3 && !z7)
Successfully reached the desired user error bounds.
Mutation counter: {'split': 1, 'prune': 0}
Next phase total time:  4.809321880340576
Next phase DistEstimate time : 0.2035369873046875
Next phase Validifier time : 4.551993131637573
Next phase TreeLearner time : 0.05154299736022949
Final DistEstimate value:  0.013333333333333308
Final Validifier value:  0.0
Final candidate learnt:  (!z10 && !z11 && !z12 && !z13 && !z14 && !z15 && !z3 && !z4 && !z5 && !z6 && !z7 && !z8 && !z9 && flip)
Height of learnt decision tree:  14
Number of terms in the candidate DNF:  1
Total DistEstimate time : 0.5877077579498291
Total Validifier time : 13.65195918083191
Total TreeLearner time : 0.38712191581726074
Total time (seconds) : 14.638583183288574

--- Run at 2025-09-01 12:06:16.690301 ---
(!z15) && (!z14) && (!z13) && (!z12) && (!z11) && (!z10) && (!z9) && (!z8) && (!z7) && (!z6) && (!z5) && (!z4) && (!z3) && (!z2) && (!z1) && (!z0) && (!flip)
32
Starting model fitting...
--- Fitting took: 0.0023 seconds ---
Starting custom tree build...
--- Custom tree build took: 0.0032 seconds ---
Prediction time : 0.20819616317749023
Initial phase DNF: (!z9 && !z13 && !z8 && !z12 && !z5 && !z15 && !z11 && !z14 && !z7 && !z6 && !z1) || (!z9 && !z13 && !z8 && !z12 && !z5 && !z15 && !z11 && !z14 && !z7 && !z6 && z1)
Phase : 2
DistEstimate value: 0.0
Validifier value: 0.4583333333333333
Phase 2 DNF before prediction: (!z9 && !z13 && !z8 && !z12 && !z5 && !z15 && !z11 && !z14 && !z7 && !z6 && !z1) || (!z9 && !z13 && !z8 && !z12 && !z5 && !z15 && !z11 && !z14 && !z7 && !z6 && z1)
Phase 2 DNF after prediction: (!z9 && !z13 && !z8 && !z12 && !z5 && !z15 && !z11 && !z14 && !z7 && !z6 && !z1) || (!z9 && !z13 && !z8 && !z12 && !z5 && !z15 && !z11 && !z14 && !z7 && !z6 && z1)
Successfully reached the desired user error bounds.
Mutation counter: {'split': 1, 'prune': 0}
Next phase total time:  4.986602067947388
Next phase DistEstimate time : 0.19530391693115234
Next phase Validifier time : 4.7327048778533936
Next phase TreeLearner time : 0.05624675750732422
Phase : 3
DistEstimate value: 0.0
Validifier value: 0.625
Phase 3 DNF before prediction: (!z9 && !z13 && !z8 && !z12 && !z5 && !z15 && !z11 && !z14 && !z7 && !z6 && !z1 && !z4) || (!z9 && !z13 && !z8 && !z12 && !z5 && !z15 && !z11 && !z14 && !z7 && !z6 && z1)
Phase 3 DNF after prediction: (!z9 && !z13 && !z8 && !z12 && !z5 && !z15 && !z11 && !z14 && !z7 && !z6 && !z1 && !z4)
Successfully reached the desired user error bounds.
Mutation counter: {'split': 2, 'prune': 0}
Next phase total time:  5.29968786239624
Next phase DistEstimate time : 0.20154714584350586
Next phase Validifier time : 5.0014808177948
Next phase TreeLearner time : 0.09427618980407715
Final DistEstimate value:  0.0
Final Validifier value:  0.0
Final candidate learnt:  (!z1 && !z10 && !z11 && !z12 && !z13 && !z14 && !z15 && !z4 && !z5 && !z6 && !z7 && !z8 && !z9 && flip) || (!z10 && !z11 && !z12 && !z13 && !z14 && !z15 && !z5 && !z6 && !z7 && !z8 && !z9 && flip && z1)
Height of learnt decision tree:  14
Number of terms in the candidate DNF:  2
Total DistEstimate time : 0.6041252613067627
Total Validifier time : 14.485556602478027
Total TreeLearner time : 0.4325730800628662
Total time (seconds) : 15.534677982330322

--- Run at 2025-09-01 12:06:41.982150 ---
