(!z15) && (!z14) && (!z13) && (!z12) && (!z11) && (!z10) && (!z9) && (!z8) && (!z7) && (!z6) && (!z5) && (!z4) && (!z3) && (!z2) && (!z1) && (!z0) && (!flip)
32
Starting model fitting...
--- Fitting took: 0.0011 seconds ---
Starting custom tree build...
--- Custom tree build took: 0.0013 seconds ---
Prediction time : 0.0886533260345459
Initial phase DNF: (!z10 && !z5 && !z13 && !z14 && !z8 && !z9 && !z11 && !z7 && !z6 && !z12)
Phase : 2
DistEstimate value: 0.0
Validifier value: 0.485
Phase 2 DNF before prediction: (!z10 && !z5 && !z13 && !z14 && !z8 && !z9 && !z11 && !z7 && !z6 && !z12)
Phase 2 DNF after prediction: z15 && !z15
Successfully reached the desired user error bounds.
Mutation counter: {'split': 1, 'prune': 0}
Next phase total time:  4.346792459487915
Next phase DistEstimate time : 0.09248638153076172
Next phase Validifier time : 4.211966276168823
Next phase TreeLearner time : 0.04161405563354492
Final DistEstimate value:  0.0
Final Validifier value:  0.0
Final candidate learnt:  (!z10 && !z11 && !z12 && !z13 && !z14 && !z15 && !z5 && !z6 && !z7 && !z8 && !z9 && flip)
Height of learnt decision tree:  12
Number of terms in the candidate DNF:  1
Total DistEstimate time : 0.18562865257263184
Total Validifier time : 8.44489598274231
Total TreeLearner time : 0.17605352401733398
Total time (seconds) : 8.810155630111694

--- Run at 2025-08-31 17:03:24.374564 ---
(!z15) && (!z14) && (!z13) && (!z12) && (!z11) && (!z10) && (!z9) && (!z8) && (!z7) && (!z6) && (!z5) && (!z4) && (!z3) && (!z2) && (!z1) && (!z0) && (!flip)
32
Starting model fitting...
--- Fitting took: 0.0011 seconds ---
Starting custom tree build...
--- Custom tree build took: 0.0011 seconds ---
Prediction time : 0.08601927757263184
Initial phase DNF: (!z10 && !z15 && !z8 && !z11 && !z12 && !z14 && !z13 && !z6 && !z9 && !z1) || (!z10 && !z15 && !z8 && !z11 && !z12 && !z14 && !z13 && !z6 && !z9 && z1)
Phase : 2
DistEstimate value: 0.0
Validifier value: 0.7933333333333333
Phase 2 DNF before prediction: (!z10 && !z15 && !z8 && !z11 && !z12 && !z14 && !z13 && !z6 && !z9 && !z1) || (!z10 && !z15 && !z8 && !z11 && !z12 && !z14 && !z13 && !z6 && !z9 && z1)
Phase 2 DNF after prediction: z15 && !z15
Successfully reached the desired user error bounds.
Mutation counter: {'split': 2, 'prune': 0}
Next phase total time:  4.3980114459991455
Next phase DistEstimate time : 0.09570503234863281
Next phase Validifier time : 4.2006566524505615
Next phase TreeLearner time : 0.1007392406463623
Phase : 3
DistEstimate value: 0.29166666666666663
Validifier value: 0.0
Phase 3 DNF before prediction: (!z10 && !z15 && !z8 && !z11 && !z12 && !z14 && !z13 && !z6 && !z9 && !z1 && !z5 && !z7)
Phase 3 DNF after prediction: (!z10 && !z15 && !z8 && !z11 && !z12 && !z14 && !z13 && !z6 && !z9 && !z1 && !z5 && !z7)
Successfully reached the desired user error bounds.
Mutation counter: {'split': 1, 'prune': 0}
Next phase total time:  4.3226141929626465
Next phase DistEstimate time : 0.10613894462585449
Next phase Validifier time : 4.181380271911621
Next phase TreeLearner time : 0.03439664840698242
Final DistEstimate value:  0.04166666666666663
Final Validifier value:  0.0
Final candidate learnt:  (!z1 && !z10 && !z11 && !z12 && !z13 && !z14 && !z15 && !z5 && !z6 && !z7 && !z8 && !z9 && flip)
Height of learnt decision tree:  13
Number of terms in the candidate DNF:  1
Total DistEstimate time : 0.3036496639251709
Total Validifier time : 12.602635383605957
Total TreeLearner time : 0.26653003692626953
Total time (seconds) : 13.177263021469116

--- Run at 2025-08-31 17:03:39.414974 ---
(!z15) && (!z14) && (!z13) && (!z12) && (!z11) && (!z10) && (!z9) && (!z8) && (!z7) && (!z6) && (!z5) && (!z4) && (!z3) && (!z2) && (!z1) && (!z0) && (!flip)
32
Starting model fitting...
--- Fitting took: 0.0012 seconds ---
Starting custom tree build...
--- Custom tree build took: 0.0012 seconds ---
Prediction time : 0.08825397491455078
Initial phase DNF: (!z11 && !z12 && !z5 && !z7 && !z9 && !z10 && !z6 && !z13 && !z14 && !z8)
Phase : 2
DistEstimate value: 0.0
Validifier value: 0.4925373134328358
Phase 2 DNF before prediction: (!z11 && !z12 && !z5 && !z7 && !z9 && !z10 && !z6 && !z13 && !z14 && !z8)
Phase 2 DNF after prediction: z15 && !z15
Successfully reached the desired user error bounds.
Mutation counter: {'split': 1, 'prune': 0}
Next phase total time:  4.362335681915283
Next phase DistEstimate time : 0.09536123275756836
Next phase Validifier time : 4.228118181228638
Next phase TreeLearner time : 0.03786635398864746
Final DistEstimate value:  0.0
Final Validifier value:  0.0
Final candidate learnt:  (!z10 && !z11 && !z12 && !z13 && !z14 && !z15 && !z5 && !z6 && !z7 && !z8 && !z9 && flip)
Height of learnt decision tree:  12
Number of terms in the candidate DNF:  1
Total DistEstimate time : 0.18200087547302246
Total Validifier time : 8.445921421051025
Total TreeLearner time : 0.17169618606567383
Total time (seconds) : 8.8034987449646

--- Run at 2025-08-31 17:03:58.816404 ---
(!z15) && (!z14) && (!z13) && (!z12) && (!z11) && (!z10) && (!z9) && (!z8) && (!z7) && (!z6) && (!z5) && (!z4) && (!z3) && (!z2) && (!z1) && (!z0) && (!flip)
32
Starting model fitting...
--- Fitting took: 0.0012 seconds ---
Starting custom tree build...
--- Custom tree build took: 0.0013 seconds ---
Prediction time : 0.08883309364318848
Initial phase DNF: (!z6 && !z5 && !z9 && !z15 && !z7 && !z12 && !z14 && !z8 && !z10 && !z3) || (!z6 && !z5 && !z9 && !z15 && !z7 && !z12 && !z14 && !z8 && !z10 && z3)
Phase : 2
DistEstimate value: 0.0
Validifier value: 0.7631578947368421
Phase 2 DNF before prediction: (!z6 && !z5 && !z9 && !z15 && !z7 && !z12 && !z14 && !z8 && !z10 && !z3) || (!z6 && !z5 && !z9 && !z15 && !z7 && !z12 && !z14 && !z8 && !z10 && z3)
Phase 2 DNF after prediction: z15 && !z15
Successfully reached the desired user error bounds.
Mutation counter: {'split': 1, 'prune': 0}
Next phase total time:  4.456195592880249
Next phase DistEstimate time : 0.0942685604095459
Next phase Validifier time : 4.321001768112183
Next phase TreeLearner time : 0.04024362564086914
Phase : 3
DistEstimate value: 0.0
Validifier value: 0.631578947368421
Phase 3 DNF before prediction: (!z6 && !z5 && !z9 && !z15 && !z7 && !z12 && !z14 && !z8 && !z10 && !z3 && !z13)
Phase 3 DNF after prediction: z15 && !z15
Successfully reached the desired user error bounds.
Mutation counter: {'split': 1, 'prune': 0}
Next phase total time:  4.33149528503418
Next phase DistEstimate time : 0.10901880264282227
Next phase Validifier time : 4.189911365509033
Next phase TreeLearner time : 0.031960248947143555
Final DistEstimate value:  0.0
Final Validifier value:  0.0
Final candidate learnt:  (!z10 && !z11 && !z12 && !z13 && !z14 && !z15 && !z3 && !z5 && !z6 && !z7 && !z8 && !z9 && flip)
Height of learnt decision tree:  13
Number of terms in the candidate DNF:  1
Total DistEstimate time : 0.29714369773864746
Total Validifier time : 12.753588438034058
Total TreeLearner time : 0.20652079582214355
Total time (seconds) : 13.261412858963013

--- Run at 2025-08-31 17:04:13.751891 ---
(!z15) && (!z14) && (!z13) && (!z12) && (!z11) && (!z10) && (!z9) && (!z8) && (!z7) && (!z6) && (!z5) && (!z4) && (!z3) && (!z2) && (!z1) && (!z0) && (!flip)
32
Starting model fitting...
--- Fitting took: 0.0012 seconds ---
Starting custom tree build...
--- Custom tree build took: 0.0013 seconds ---
Prediction time : 0.08757567405700684
Initial phase DNF: (!z14 && !z6 && !z4 && !z9 && !z10 && !z5 && !z7 && !z15 && !z8 && !z11)
Phase : 2
DistEstimate value: 0.0
Validifier value: 0.6666666666666666
Phase 2 DNF before prediction: (!z14 && !z6 && !z4 && !z9 && !z10 && !z5 && !z7 && !z15 && !z8 && !z11)
Phase 2 DNF after prediction: z15 && !z15
Successfully reached the desired user error bounds.
Mutation counter: {'split': 1, 'prune': 0}
Next phase total time:  4.382443904876709
Next phase DistEstimate time : 0.09850072860717773
Next phase Validifier time : 4.246614217758179
Next phase TreeLearner time : 0.036365509033203125
Phase : 3
DistEstimate value: 0.0
Validifier value: 0.5
Phase 3 DNF before prediction: (!z14 && !z6 && !z4 && !z9 && !z10 && !z5 && !z7 && !z15 && !z8 && !z11 && !z13)
Phase 3 DNF after prediction: (!z14 && !z6 && !z4 && !z9 && !z10 && !z5 && !z7 && !z15 && !z8 && !z11 && !z13)
Successfully reached the desired user error bounds.
Mutation counter: {'split': 1, 'prune': 0}
Next phase total time:  4.273708343505859
Next phase DistEstimate time : 0.09185028076171875
Next phase Validifier time : 4.149327516555786
Next phase TreeLearner time : 0.03186345100402832
Final DistEstimate value:  0.0
Final Validifier value:  0.0
Final candidate learnt:  (!z10 && !z11 && !z12 && !z13 && !z14 && !z15 && !z4 && !z5 && !z6 && !z7 && !z8 && !z9 && flip)
Height of learnt decision tree:  13
Number of terms in the candidate DNF:  1
Total DistEstimate time : 0.28355932235717773
Total Validifier time : 12.56137752532959
Total TreeLearner time : 0.20342206954956055
Total time (seconds) : 13.053586721420288

--- Run at 2025-08-31 17:04:33.333842 ---
(!z15) && (!z14) && (!z13) && (!z12) && (!z11) && (!z10) && (!z9) && (!z8) && (!z7) && (!z6) && (!z5) && (!z4) && (!z3) && (!z2) && (!z1) && (!z0) && (!flip)
32
Starting model fitting...
--- Fitting took: 0.0022 seconds ---
Starting custom tree build...
--- Custom tree build took: 0.0030 seconds ---
Prediction time : 0.20505905151367188
Initial phase DNF: (!z7 && !z10 && !z4 && !z11 && !z8 && !z9 && !z6 && !z12 && !z5 && !z15 && !z3) || (!z7 && !z10 && !z4 && !z11 && !z8 && !z9 && !z6 && !z12 && !z5 && !z15 && z3)
Phase : 2
DistEstimate value: 0.0
Validifier value: 0.7733333333333333
Phase 2 DNF before prediction: (!z7 && !z10 && !z4 && !z11 && !z8 && !z9 && !z6 && !z12 && !z5 && !z15 && !z3) || (!z7 && !z10 && !z4 && !z11 && !z8 && !z9 && !z6 && !z12 && !z5 && !z15 && z3)
Phase 2 DNF after prediction: z15 && !z15
Successfully reached the desired user error bounds.
Mutation counter: {'split': 2, 'prune': 0}
Next phase total time:  5.17269492149353
Next phase DistEstimate time : 0.17687416076660156
Next phase Validifier time : 4.8990561962127686
Next phase TreeLearner time : 0.09447312355041504
Final DistEstimate value:  0.0
Final Validifier value:  0.0
Final candidate learnt:  (!z10 && !z11 && !z12 && !z13 && !z14 && !z15 && !z3 && !z4 && !z5 && !z6 && !z7 && !z8 && !z9 && flip)
Height of learnt decision tree:  14
Number of terms in the candidate DNF:  1
Total DistEstimate time : 0.3576812744140625
Total Validifier time : 9.77184247970581
Total TreeLearner time : 0.37363505363464355
Total time (seconds) : 10.513206243515015

--- Run at 2025-09-01 12:11:02.656891 ---
(!z15) && (!z14) && (!z13) && (!z12) && (!z11) && (!z10) && (!z9) && (!z8) && (!z7) && (!z6) && (!z5) && (!z4) && (!z3) && (!z2) && (!z1) && (!z0) && (!flip)
32
Starting model fitting...
--- Fitting took: 0.0022 seconds ---
Starting custom tree build...
--- Custom tree build took: 0.0029 seconds ---
Prediction time : 0.20670795440673828
Initial phase DNF: (!z5 && !z6 && !z14 && !z15 && !z4 && !z13 && !z11 && !z7 && !z3) || (!z5 && !z6 && !z14 && !z15 && !z4 && !z13 && !z11 && !z7 && z3 && !z2 && !z12)
Phase : 2
DistEstimate value: 0.0
Validifier value: 0.9266666666666666
Phase 2 DNF before prediction: (!z5 && !z6 && !z14 && !z15 && !z4 && !z13 && !z11 && !z7 && !z3) || (!z5 && !z6 && !z14 && !z15 && !z4 && !z13 && !z11 && !z7 && z3 && !z2 && !z12)
Phase 2 DNF after prediction: z15 && !z15
Successfully reached the desired user error bounds.
Mutation counter: {'split': 3, 'prune': 0}
Next phase total time:  5.054613828659058
Next phase DistEstimate time : 0.17728185653686523
Next phase Validifier time : 4.737016916275024
Next phase TreeLearner time : 0.13655972480773926
Phase : 3
DistEstimate value: 0.04166666666666663
Validifier value: 0.56
Phase 3 DNF before prediction: (!z5 && !z6 && !z14 && !z15 && !z4 && !z13 && !z11 && !z7 && !z3 && !z8 && !z12 && !z10)
Phase 3 DNF after prediction: (!z5 && !z6 && !z14 && !z15 && !z4 && !z13 && !z11 && !z7 && !z3 && !z8 && !z12 && !z10)
Successfully reached the desired user error bounds.
Mutation counter: {'split': 1, 'prune': 0}
Next phase total time:  4.683763027191162
Next phase DistEstimate time : 0.1764059066772461
Next phase Validifier time : 4.445403099060059
Next phase TreeLearner time : 0.05961108207702637
Final DistEstimate value:  0.0
Final Validifier value:  0.0
Final candidate learnt:  (!z10 && !z11 && !z12 && !z13 && !z14 && !z15 && !z3 && !z4 && !z5 && !z6 && !z7 && !z8 && !z9 && flip)
Height of learnt decision tree:  14
Number of terms in the candidate DNF:  1
Total DistEstimate time : 0.5476899147033691
Total Validifier time : 14.45491099357605
Total TreeLearner time : 0.4767608642578125
Total time (seconds) : 15.4931321144104

--- Run at 2025-09-01 12:11:24.223789 ---
(!z15) && (!z14) && (!z13) && (!z12) && (!z11) && (!z10) && (!z9) && (!z8) && (!z7) && (!z6) && (!z5) && (!z4) && (!z3) && (!z2) && (!z1) && (!z0) && (!flip)
32
Starting model fitting...
--- Fitting took: 0.0021 seconds ---
Starting custom tree build...
--- Custom tree build took: 0.0026 seconds ---
Prediction time : 0.20112991333007812
Initial phase DNF: (!z5 && !z11 && !z14 && !z12 && !z13 && !z4 && !z9 && !z15 && !z8 && !z7)
Phase : 2
DistEstimate value: 0.0
Validifier value: 0.7164179104477612
Phase 2 DNF before prediction: (!z5 && !z11 && !z14 && !z12 && !z13 && !z4 && !z9 && !z15 && !z8 && !z7)
Phase 2 DNF after prediction: z15 && !z15
Successfully reached the desired user error bounds.
Mutation counter: {'split': 2, 'prune': 0}
Next phase total time:  5.178905725479126
Next phase DistEstimate time : 0.17985010147094727
Next phase Validifier time : 4.910233020782471
Next phase TreeLearner time : 0.0863029956817627
Final DistEstimate value:  0.0
Final Validifier value:  0.0
Final candidate learnt:  (!z10 && !z11 && !z12 && !z13 && !z14 && !z15 && !z4 && !z5 && !z6 && !z7 && !z8 && !z9 && flip)
Height of learnt decision tree:  13
Number of terms in the candidate DNF:  1
Total DistEstimate time : 0.3631110191345215
Total Validifier time : 10.903385162353516
Total TreeLearner time : 0.36232614517211914
Total time (seconds) : 11.640207290649414

--- Run at 2025-09-01 12:11:50.107784 ---
(!z15) && (!z14) && (!z13) && (!z12) && (!z11) && (!z10) && (!z9) && (!z8) && (!z7) && (!z6) && (!z5) && (!z4) && (!z3) && (!z2) && (!z1) && (!z0) && (!flip)
32
Starting model fitting...
--- Fitting took: 0.0021 seconds ---
Starting custom tree build...
--- Custom tree build took: 0.0026 seconds ---
Prediction time : 0.20078372955322266
Initial phase DNF: (!z8 && !z7 && !z13 && !z14 && !z5 && !z12 && !z9 && !z10 && !z15)
Phase : 2
DistEstimate value: 0.0
Validifier value: 0.7368421052631579
Phase 2 DNF before prediction: (!z8 && !z7 && !z13 && !z14 && !z5 && !z12 && !z9 && !z10 && !z15)
Phase 2 DNF after prediction: z15 && !z15
Successfully reached the desired user error bounds.
Mutation counter: {'split': 2, 'prune': 0}
Next phase total time:  4.8532490730285645
Next phase DistEstimate time : 0.1892707347869873
Next phase Validifier time : 4.575879096984863
Next phase TreeLearner time : 0.08579897880554199
Final DistEstimate value:  0.0
Final Validifier value:  0.0
Final candidate learnt:  (!z10 && !z11 && !z12 && !z13 && !z14 && !z15 && !z5 && !z6 && !z7 && !z8 && !z9 && flip)
Height of learnt decision tree:  12
Number of terms in the candidate DNF:  1
Total DistEstimate time : 0.3818955421447754
Total Validifier time : 9.86050534248352
Total TreeLearner time : 0.360889196395874
Total time (seconds) : 10.6127769947052

--- Run at 2025-09-01 12:12:11.973592 ---
(!z15) && (!z14) && (!z13) && (!z12) && (!z11) && (!z10) && (!z9) && (!z8) && (!z7) && (!z6) && (!z5) && (!z4) && (!z3) && (!z2) && (!z1) && (!z0) && (!flip)
32
Starting model fitting...
--- Fitting took: 0.0023 seconds ---
Starting custom tree build...
--- Custom tree build took: 0.0049 seconds ---
Prediction time : 0.24076080322265625
Initial phase DNF: (!z5 && !z12 && !z7 && !z3 && !z15 && !z6 && !z11 && !z9 && flip && !z4) || (!z5 && !z12 && !z7 && z3 && !z13 && !z10 && !z11 && !z6 && !z9 && !z15)
Phase : 2
DistEstimate value: 0.0
Validifier value: 0.8333333333333334
Phase 2 DNF before prediction: (!z5 && !z12 && !z7 && !z3 && !z15 && !z6 && !z11 && !z9 && flip && !z4) || (!z5 && !z12 && !z7 && z3 && !z13 && !z10 && !z11 && !z6 && !z9 && !z15)
Phase 2 DNF after prediction: z15 && !z15
Successfully reached the desired user error bounds.
Mutation counter: {'split': 1, 'prune': 0}
Next phase total time:  5.336673021316528
Next phase DistEstimate time : 0.18865203857421875
Next phase Validifier time : 5.069125175476074
Next phase TreeLearner time : 0.07671880722045898
Phase : 3
DistEstimate value: 0.0
Validifier value: 0.9166666666666666
Phase 3 DNF before prediction: (!z5 && !z12 && !z7 && !z3 && !z15 && !z6 && !z11 && !z9 && flip && !z4 && !z8)
Phase 3 DNF after prediction: z15 && !z15
Successfully reached the desired user error bounds.
Mutation counter: {'split': 4, 'prune': 0}
Next phase total time:  4.972568988800049
Next phase DistEstimate time : 0.2055668830871582
Next phase Validifier time : 4.524381875991821
Next phase TreeLearner time : 0.2403090000152588
Phase : 4
DistEstimate value: 0.0
Validifier value: 0.625
Phase 4 DNF before prediction: (!z5 && !z12 && !z7 && !z3 && !z15 && !z6 && !z11 && !z9 && flip && !z4 && !z8 && !z10 && !z13) || (!z5 && !z12 && !z7 && z3 && !z13 && !z10 && !z11 && !z6 && !z9 && !z15 && !z8 && !z4)
Phase 4 DNF after prediction: (!z5 && !z12 && !z7 && !z3 && !z15 && !z6 && !z11 && !z9 && flip && !z4 && !z8 && !z10 && !z13)
Successfully reached the desired user error bounds.
Mutation counter: {'split': 1, 'prune': 0}
Next phase total time:  4.998249292373657
Next phase DistEstimate time : 0.17514705657958984
Next phase Validifier time : 4.738881826400757
Next phase TreeLearner time : 0.08208608627319336
Final DistEstimate value:  0.0
Final Validifier value:  0.0
Final candidate learnt:  (!z10 && !z11 && !z12 && !z13 && !z14 && !z15 && !z3 && !z4 && !z5 && !z6 && !z7 && !z8 && !z9 && flip)
Height of learnt decision tree:  14
Number of terms in the candidate DNF:  1
Total DistEstimate time : 0.7589340209960938
Total Validifier time : 19.478509187698364
Total TreeLearner time : 0.7160489559173584
Total time (seconds) : 20.967895030975342

--- Run at 2025-09-01 12:12:33.291912 ---
