(!z15) && (!z14) && (!z13) && (!z12) && (!z11) && (!z10) && (!z9) && (!z8) && (!z7) && (!z6) && (!z5) && (!z4) && (!z3) && (!z2) && (!z1) && (!z0) && (!flip)
32
Starting model fitting...
--- Fitting took: 0.0012 seconds ---
Starting custom tree build...
--- Custom tree build took: 0.0014 seconds ---
Prediction time : 0.09059834480285645
Initial phase DNF: (!z14 && !z13 && !z4 && !z5 && !z8 && !z6 && !z11 && !z10 && !z9 && !z3) || (!z14 && !z13 && !z4 && !z5 && !z8 && !z6 && !z11 && !z10 && !z9 && z3)
Phase : 2
DistEstimate value: 0.0
Validifier value: 0.86
Phase 2 DNF before prediction: (!z14 && !z13 && !z4 && !z5 && !z8 && !z6 && !z11 && !z10 && !z9 && !z3) || (!z14 && !z13 && !z4 && !z5 && !z8 && !z6 && !z11 && !z10 && !z9 && z3)
Phase 2 DNF after prediction: z15 && !z15
Successfully reached the desired user error bounds.
Mutation counter: {'split': 2, 'prune': 0}
Next phase total time:  4.410216331481934
Next phase DistEstimate time : 0.10646176338195801
Next phase Validifier time : 4.206695795059204
Next phase TreeLearner time : 0.09641575813293457
Phase : 3
DistEstimate value: 0.0
Validifier value: 0.5133333333333333
Phase 3 DNF before prediction: (!z14 && !z13 && !z4 && !z5 && !z8 && !z6 && !z11 && !z10 && !z9 && !z3 && !z7 && !z15)
Phase 3 DNF after prediction: (!z14 && !z13 && !z4 && !z5 && !z8 && !z6 && !z11 && !z10 && !z9 && !z3 && !z7 && !z15)
Successfully reached the desired user error bounds.
Mutation counter: {'split': 1, 'prune': 0}
Next phase total time:  4.287773609161377
Next phase DistEstimate time : 0.1028141975402832
Next phase Validifier time : 4.150930881500244
Next phase TreeLearner time : 0.03337216377258301
Final DistEstimate value:  0.0
Final Validifier value:  0.0
Final candidate learnt:  (!z10 && !z11 && !z12 && !z13 && !z14 && !z15 && !z3 && !z4 && !z5 && !z6 && !z7 && !z8 && !z9 && flip)
Height of learnt decision tree:  14
Number of terms in the candidate DNF:  1
Total DistEstimate time : 0.32344794273376465
Total Validifier time : 12.655563831329346
Total TreeLearner time : 0.26666879653930664
Total time (seconds) : 13.249934434890747

--- Run at 2025-08-31 17:01:51.830359 ---
(!z15) && (!z14) && (!z13) && (!z12) && (!z11) && (!z10) && (!z9) && (!z8) && (!z7) && (!z6) && (!z5) && (!z4) && (!z3) && (!z2) && (!z1) && (!z0) && (!flip)
32
Starting model fitting...
--- Fitting took: 0.0012 seconds ---
Starting custom tree build...
--- Custom tree build took: 0.0014 seconds ---
Prediction time : 0.08881974220275879
Initial phase DNF: (!z15 && !z10 && !z7 && !z11 && !z6 && !z14 && !z8 && !z9 && !z12 && !z5 && !z2) || (!z15 && !z10 && !z7 && !z11 && !z6 && !z14 && !z8 && !z9 && !z12 && !z5 && z2)
Phase : 2
DistEstimate value: 0.0
Validifier value: 0.5466666666666666
Phase 2 DNF before prediction: (!z15 && !z10 && !z7 && !z11 && !z6 && !z14 && !z8 && !z9 && !z12 && !z5 && !z2) || (!z15 && !z10 && !z7 && !z11 && !z6 && !z14 && !z8 && !z9 && !z12 && !z5 && z2)
Phase 2 DNF after prediction: z15 && !z15
Successfully reached the desired user error bounds.
Mutation counter: {'split': 1, 'prune': 0}
Next phase total time:  4.334842681884766
Next phase DistEstimate time : 0.10792326927185059
Next phase Validifier time : 4.174103021621704
Next phase TreeLearner time : 0.052011966705322266
Final DistEstimate value:  0.052631578947368474
Final Validifier value:  0.0
Final candidate learnt:  (!z10 && !z11 && !z12 && !z13 && !z14 && !z15 && !z2 && !z5 && !z6 && !z7 && !z8 && !z9 && flip)
Height of learnt decision tree:  13
Number of terms in the candidate DNF:  1
Total DistEstimate time : 0.21132278442382812
Total Validifier time : 8.334917068481445
Total TreeLearner time : 0.18653631210327148
Total time (seconds) : 8.736451148986816

--- Run at 2025-08-31 17:02:11.364146 ---
(!z15) && (!z14) && (!z13) && (!z12) && (!z11) && (!z10) && (!z9) && (!z8) && (!z7) && (!z6) && (!z5) && (!z4) && (!z3) && (!z2) && (!z1) && (!z0) && (!flip)
32
Starting model fitting...
--- Fitting took: 0.0012 seconds ---
Starting custom tree build...
--- Custom tree build took: 0.0013 seconds ---
Prediction time : 0.08934736251831055
Initial phase DNF: (!z6 && !z4 && !z9 && !z8 && !z5 && !z11 && !z14 && !z13 && !z12 && !z0) || (!z6 && !z4 && !z9 && !z8 && !z5 && !z11 && !z14 && !z13 && !z12 && z0)
Phase : 2
DistEstimate value: 0.0
Validifier value: 0.8208955223880597
Phase 2 DNF before prediction: (!z6 && !z4 && !z9 && !z8 && !z5 && !z11 && !z14 && !z13 && !z12 && !z0) || (!z6 && !z4 && !z9 && !z8 && !z5 && !z11 && !z14 && !z13 && !z12 && z0)
Phase 2 DNF after prediction: z15 && !z15
Successfully reached the desired user error bounds.
Mutation counter: {'split': 5, 'prune': 0}
Next phase total time:  4.612072706222534
Next phase DistEstimate time : 0.11322379112243652
Next phase Validifier time : 4.182896852493286
Next phase TreeLearner time : 0.31485795974731445
Phase : 3
DistEstimate value: 0.0
Validifier value: 0.3582089552238806
Phase 3 DNF before prediction: (!z6 && !z4 && !z9 && !z8 && !z5 && !z11 && !z14 && !z13 && !z12 && !z0 && !z7 && !z15 && !z10) || (!z6 && !z4 && !z9 && !z8 && !z5 && !z11 && !z14 && !z13 && !z12 && z0 && !z7 && !z15)
Phase 3 DNF after prediction: (!z6 && !z4 && !z9 && !z8 && !z5 && !z11 && !z14 && !z13 && !z12 && !z0 && !z7 && !z15 && !z10)
Successfully reached the desired user error bounds.
Mutation counter: {'split': 1, 'prune': 0}
Next phase total time:  4.352276802062988
Next phase DistEstimate time : 0.10311555862426758
Next phase Validifier time : 4.191202640533447
Next phase TreeLearner time : 0.05694937705993652
Final DistEstimate value:  0.0
Final Validifier value:  0.0
Final candidate learnt:  (!z0 && !z10 && !z11 && !z12 && !z13 && !z14 && !z15 && !z4 && !z5 && !z6 && !z7 && !z8 && !z9 && flip) || (!z10 && !z11 && !z12 && !z13 && !z14 && !z15 && !z4 && !z5 && !z6 && !z7 && !z8 && !z9 && flip && z0)
Height of learnt decision tree:  14
Number of terms in the candidate DNF:  2
Total DistEstimate time : 0.34281301498413086
Total Validifier time : 12.636691570281982
Total TreeLearner time : 0.5061759948730469
Total time (seconds) : 13.490942478179932

--- Run at 2025-08-31 17:02:26.224641 ---
(!z15) && (!z14) && (!z13) && (!z12) && (!z11) && (!z10) && (!z9) && (!z8) && (!z7) && (!z6) && (!z5) && (!z4) && (!z3) && (!z2) && (!z1) && (!z0) && (!flip)
32
Starting model fitting...
--- Fitting took: 0.0012 seconds ---
Starting custom tree build...
--- Custom tree build took: 0.0014 seconds ---
Prediction time : 0.09086108207702637
Initial phase DNF: (!z9 && !z4 && !z10 && !z13 && !z14 && !z8 && !z15 && !z7 && !z5 && !z6)
Phase : 2
DistEstimate value: 0.0
Validifier value: 0.6578947368421053
Phase 2 DNF before prediction: (!z9 && !z4 && !z10 && !z13 && !z14 && !z8 && !z15 && !z7 && !z5 && !z6)
Phase 2 DNF after prediction: z15 && !z15
Successfully reached the desired user error bounds.
Mutation counter: {'split': 1, 'prune': 0}
Next phase total time:  4.413303852081299
Next phase DistEstimate time : 0.13445019721984863
Next phase Validifier time : 4.238646984100342
Next phase TreeLearner time : 0.039444923400878906
Phase : 3
DistEstimate value: 0.0
Validifier value: 0.5789473684210527
Phase 3 DNF before prediction: (!z9 && !z4 && !z10 && !z13 && !z14 && !z8 && !z15 && !z7 && !z5 && !z6 && !z12)
Phase 3 DNF after prediction: z15 && !z15
Successfully reached the desired user error bounds.
Mutation counter: {'split': 1, 'prune': 0}
Next phase total time:  4.310261249542236
Next phase DistEstimate time : 0.09589600563049316
Next phase Validifier time : 4.1776206493377686
Next phase TreeLearner time : 0.03609752655029297
Final DistEstimate value:  0.0
Final Validifier value:  0.0
Final candidate learnt:  (!z10 && !z11 && !z12 && !z13 && !z14 && !z15 && !z4 && !z5 && !z6 && !z7 && !z8 && !z9 && flip)
Height of learnt decision tree:  13
Number of terms in the candidate DNF:  1
Total DistEstimate time : 0.3390822410583496
Total Validifier time : 12.615332841873169
Total TreeLearner time : 0.21175575256347656
Total time (seconds) : 13.170459270477295

--- Run at 2025-08-31 17:02:45.907379 ---
(!z15) && (!z14) && (!z13) && (!z12) && (!z11) && (!z10) && (!z9) && (!z8) && (!z7) && (!z6) && (!z5) && (!z4) && (!z3) && (!z2) && (!z1) && (!z0) && (!flip)
32
Starting model fitting...
--- Fitting took: 0.0012 seconds ---
Starting custom tree build...
--- Custom tree build took: 0.0018 seconds ---
Prediction time : 0.09474539756774902
Initial phase DNF: (!z12 && !z4 && !z9 && !z7 && !z8 && !z14 && !z3 && !z13 && !z6 && !z10) || (!z12 && !z4 && !z9 && !z7 && !z8 && !z14 && z3 && !z15 && !z10 && !z11 && !z5)
Phase : 2
DistEstimate value: 0.0
Validifier value: 0.7916666666666666
Phase 2 DNF before prediction: (!z12 && !z4 && !z9 && !z7 && !z8 && !z14 && !z3 && !z13 && !z6 && !z10) || (!z12 && !z4 && !z9 && !z7 && !z8 && !z14 && z3 && !z15 && !z10 && !z11 && !z5)
Phase 2 DNF after prediction: (!z12 && !z4 && !z9 && !z7 && !z8 && !z14 && z3 && !z15 && !z10 && !z11 && !z5)
Successfully reached the desired user error bounds.
Mutation counter: {'split': 2, 'prune': 0}
Next phase total time:  4.488924264907837
Next phase DistEstimate time : 0.09744644165039062
Next phase Validifier time : 4.253519773483276
Next phase TreeLearner time : 0.137312650680542
Phase : 3
DistEstimate value: 0.0
Validifier value: 0.7083333333333334
Phase 3 DNF before prediction: (!z12 && !z4 && !z9 && !z7 && !z8 && !z14 && !z3 && !z13 && !z6 && !z10 && !z11 && !z5) || (!z12 && !z4 && !z9 && !z7 && !z8 && !z14 && z3 && !z15 && !z10 && !z11 && !z5)
Phase 3 DNF after prediction: (!z12 && !z4 && !z9 && !z7 && !z8 && !z14 && !z3 && !z13 && !z6 && !z10 && !z11 && !z5)
Successfully reached the desired user error bounds.
Mutation counter: {'split': 1, 'prune': 0}
Next phase total time:  4.328620433807373
Next phase DistEstimate time : 0.11262154579162598
Next phase Validifier time : 4.1419970989227295
Next phase TreeLearner time : 0.0727694034576416
Final DistEstimate value:  0.0
Final Validifier value:  0.0
Final candidate learnt:  (!z10 && !z11 && !z12 && !z13 && !z14 && !z15 && !z3 && !z4 && !z5 && !z6 && !z7 && !z8 && !z9 && flip)
Height of learnt decision tree:  14
Number of terms in the candidate DNF:  1
Total DistEstimate time : 0.3180103302001953
Total Validifier time : 12.585146188735962
Total TreeLearner time : 0.3510630130767822
Total time (seconds) : 13.258927345275879

--- Run at 2025-08-31 17:03:05.154367 ---
(!z15) && (!z14) && (!z13) && (!z12) && (!z11) && (!z10) && (!z9) && (!z8) && (!z7) && (!z6) && (!z5) && (!z4) && (!z3) && (!z2) && (!z1) && (!z0) && (!flip)
32
Starting model fitting...
--- Fitting took: 0.0021 seconds ---
Starting custom tree build...
--- Custom tree build took: 0.0026 seconds ---
Prediction time : 0.2460179328918457
Initial phase DNF: (!z8 && !z6 && !z14 && !z13 && !z15 && !z10 && !z4 && !z5 && !z12)
Phase : 2
DistEstimate value: 0.0
Validifier value: 0.8583333333333333
Phase 2 DNF before prediction: (!z8 && !z6 && !z14 && !z13 && !z15 && !z10 && !z4 && !z5 && !z12)
Phase 2 DNF after prediction: z15 && !z15
Successfully reached the desired user error bounds.
Mutation counter: {'split': 3, 'prune': 0}
Next phase total time:  5.152751922607422
Next phase DistEstimate time : 0.17957615852355957
Next phase Validifier time : 4.841799974441528
Next phase TreeLearner time : 0.12911009788513184
Final DistEstimate value:  0.0
Final Validifier value:  0.0
Final candidate learnt:  (!z10 && !z11 && !z12 && !z13 && !z14 && !z15 && !z4 && !z5 && !z6 && !z7 && !z8 && !z9 && flip)
Height of learnt decision tree:  13
Number of terms in the candidate DNF:  1
Total DistEstimate time : 0.3739800453186035
Total Validifier time : 9.70414113998413
Total TreeLearner time : 0.44917917251586914
Total time (seconds) : 10.537496089935303

--- Run at 2025-09-01 12:09:04.099758 ---
(!z15) && (!z14) && (!z13) && (!z12) && (!z11) && (!z10) && (!z9) && (!z8) && (!z7) && (!z6) && (!z5) && (!z4) && (!z3) && (!z2) && (!z1) && (!z0) && (!flip)
32
Starting model fitting...
--- Fitting took: 0.0022 seconds ---
Starting custom tree build...
--- Custom tree build took: 0.0029 seconds ---
Prediction time : 0.20246386528015137
Initial phase DNF: (!z9 && !z8 && !z11 && !z13 && !z14 && !z15 && !z12 && !z5 && !z7 && !z0) || (!z9 && !z8 && !z11 && !z13 && !z14 && !z15 && !z12 && !z5 && !z7 && z0)
Phase : 2
DistEstimate value: 0.0
Validifier value: 0.6466666666666666
Phase 2 DNF before prediction: (!z9 && !z8 && !z11 && !z13 && !z14 && !z15 && !z12 && !z5 && !z7 && !z0) || (!z9 && !z8 && !z11 && !z13 && !z14 && !z15 && !z12 && !z5 && !z7 && z0)
Phase 2 DNF after prediction: z15 && !z15
Successfully reached the desired user error bounds.
Mutation counter: {'split': 4, 'prune': 0}
Next phase total time:  5.147269010543823
Next phase DistEstimate time : 0.1794140338897705
Next phase Validifier time : 4.7896130084991455
Next phase TreeLearner time : 0.175980806350708
Final DistEstimate value:  0.0
Final Validifier value:  0.0
Final candidate learnt:  (!z0 && !z10 && !z11 && !z12 && !z13 && !z14 && !z15 && !z5 && !z6 && !z7 && !z8 && !z9 && flip) || (!z10 && !z11 && !z12 && !z13 && !z14 && !z15 && !z5 && !z6 && !z7 && !z8 && !z9 && flip && z0)
Height of learnt decision tree:  13
Number of terms in the candidate DNF:  2
Total DistEstimate time : 0.3701450824737549
Total Validifier time : 9.80466604232788
Total TreeLearner time : 0.4529449939727783
Total time (seconds) : 10.637937784194946

--- Run at 2025-09-01 12:09:24.755607 ---
(!z15) && (!z14) && (!z13) && (!z12) && (!z11) && (!z10) && (!z9) && (!z8) && (!z7) && (!z6) && (!z5) && (!z4) && (!z3) && (!z2) && (!z1) && (!z0) && (!flip)
32
Starting model fitting...
--- Fitting took: 0.0021 seconds ---
Starting custom tree build...
--- Custom tree build took: 0.0028 seconds ---
Prediction time : 0.2009589672088623
Initial phase DNF: (!z9 && !z5 && !z11 && !z15 && !z12 && !z13 && !z7 && !z14 && !z4 && !z6 && !z0) || (!z9 && !z5 && !z11 && !z15 && !z12 && !z13 && !z7 && !z14 && !z4 && !z6 && z0)
Phase : 2
DistEstimate value: 0.0
Validifier value: 0.7761194029850746
Phase 2 DNF before prediction: (!z9 && !z5 && !z11 && !z15 && !z12 && !z13 && !z7 && !z14 && !z4 && !z6 && !z0) || (!z9 && !z5 && !z11 && !z15 && !z12 && !z13 && !z7 && !z14 && !z4 && !z6 && z0)
Phase 2 DNF after prediction: z15 && !z15
Successfully reached the desired user error bounds.
Mutation counter: {'split': 3, 'prune': 0}
Next phase total time:  4.84286904335022
Next phase DistEstimate time : 0.17627310752868652
Next phase Validifier time : 4.531791925430298
Next phase TreeLearner time : 0.1324150562286377
Phase : 3
DistEstimate value: 0.0
Validifier value: 0.26865671641791045
Phase 3 DNF before prediction: (!z9 && !z5 && !z11 && !z15 && !z12 && !z13 && !z7 && !z14 && !z4 && !z6 && !z0 && !z8 && !z10) || (!z9 && !z5 && !z11 && !z15 && !z12 && !z13 && !z7 && !z14 && !z4 && !z6 && z0 && !z8)
Phase 3 DNF after prediction: (!z9 && !z5 && !z11 && !z15 && !z12 && !z13 && !z7 && !z14 && !z4 && !z6 && !z0 && !z8 && !z10)
Successfully reached the desired user error bounds.
Mutation counter: {'split': 1, 'prune': 0}
Next phase total time:  4.81331205368042
Next phase DistEstimate time : 0.17812895774841309
Next phase Validifier time : 4.5781800746917725
Next phase TreeLearner time : 0.054672956466674805
Final DistEstimate value:  0.0
Final Validifier value:  0.0
Final candidate learnt:  (!z0 && !z10 && !z11 && !z12 && !z13 && !z14 && !z15 && !z4 && !z5 && !z6 && !z7 && !z8 && !z9 && flip) || (!z10 && !z11 && !z12 && !z13 && !z14 && !z15 && !z4 && !z5 && !z6 && !z7 && !z8 && !z9 && flip && z0)
Height of learnt decision tree:  14
Number of terms in the candidate DNF:  2
Total DistEstimate time : 0.5335597991943359
Total Validifier time : 14.255873918533325
Total TreeLearner time : 0.46189188957214355
Total time (seconds) : 15.263499021530151

--- Run at 2025-09-01 12:09:45.567087 ---
(!z15) && (!z14) && (!z13) && (!z12) && (!z11) && (!z10) && (!z9) && (!z8) && (!z7) && (!z6) && (!z5) && (!z4) && (!z3) && (!z2) && (!z1) && (!z0) && (!flip)
32
Starting model fitting...
--- Fitting took: 0.0022 seconds ---
Starting custom tree build...
--- Custom tree build took: 0.0048 seconds ---
Prediction time : 0.22897934913635254
Initial phase DNF: (!z11 && !z4 && !z8 && !z3 && !z10 && !z7 && !z13 && !z5 && !z14 && !z9 && flip) || (!z11 && !z4 && !z8 && z3 && !z6 && !z7 && !z13 && !z10 && !z5 && !z9)
Phase : 2
DistEstimate value: 0.0
Validifier value: 0.9473684210526315
Phase 2 DNF before prediction: (!z11 && !z4 && !z8 && !z3 && !z10 && !z7 && !z13 && !z5 && !z14 && !z9 && flip) || (!z11 && !z4 && !z8 && z3 && !z6 && !z7 && !z13 && !z10 && !z5 && !z9)
Phase 2 DNF after prediction: z15 && !z15
Successfully reached the desired user error bounds.
Mutation counter: {'split': 1, 'prune': 0}
Next phase total time:  5.121701955795288
Next phase DistEstimate time : 0.19664883613586426
Next phase Validifier time : 4.846163034439087
Next phase TreeLearner time : 0.07650589942932129
Phase : 3
DistEstimate value: 0.0
Validifier value: 0.7105263157894737
Phase 3 DNF before prediction: (!z11 && !z4 && !z8 && !z3 && !z10 && !z7 && !z13 && !z5 && !z14 && !z9 && flip && !z15)
Phase 3 DNF after prediction: z15 && !z15
Successfully reached the desired user error bounds.
Mutation counter: {'split': 2, 'prune': 0}
Next phase total time:  4.9225757122039795
Next phase DistEstimate time : 0.1784670352935791
Next phase Validifier time : 4.619576930999756
Next phase TreeLearner time : 0.12227892875671387
Final DistEstimate value:  0.0
Final Validifier value:  0.0
Final candidate learnt:  (!z10 && !z11 && !z12 && !z13 && !z14 && !z15 && !z3 && !z4 && !z5 && !z6 && !z7 && !z8 && !z9 && flip)
Height of learnt decision tree:  14
Number of terms in the candidate DNF:  1
Total DistEstimate time : 0.5582308769226074
Total Validifier time : 14.165841817855835
Total TreeLearner time : 0.5041379928588867
Total time (seconds) : 15.240291833877563

--- Run at 2025-09-01 12:10:10.904477 ---
(!z15) && (!z14) && (!z13) && (!z12) && (!z11) && (!z10) && (!z9) && (!z8) && (!z7) && (!z6) && (!z5) && (!z4) && (!z3) && (!z2) && (!z1) && (!z0) && (!flip)
32
Starting model fitting...
--- Fitting took: 0.0023 seconds ---
Starting custom tree build...
--- Custom tree build took: 0.0032 seconds ---
Prediction time : 0.20979905128479004
Initial phase DNF: (!z11 && !z8 && !z14 && !z6 && !z9 && !z13 && !z15 && !z4 && !z12 && !z5 && !z3) || (!z11 && !z8 && !z14 && !z6 && !z9 && !z13 && !z15 && !z4 && !z12 && !z5 && z3)
Phase : 2
DistEstimate value: 0.0
Validifier value: 0.75
Phase 2 DNF before prediction: (!z11 && !z8 && !z14 && !z6 && !z9 && !z13 && !z15 && !z4 && !z12 && !z5 && !z3) || (!z11 && !z8 && !z14 && !z6 && !z9 && !z13 && !z15 && !z4 && !z12 && !z5 && z3)
Phase 2 DNF after prediction: (!z11 && !z8 && !z14 && !z6 && !z9 && !z13 && !z15 && !z4 && !z12 && !z5 && !z3)
Successfully reached the desired user error bounds.
Mutation counter: {'split': 1, 'prune': 0}
Next phase total time:  5.1486656665802
Next phase DistEstimate time : 0.17843008041381836
Next phase Validifier time : 4.909400939941406
Next phase TreeLearner time : 0.05779886245727539
Phase : 3
DistEstimate value: 0.0
Validifier value: 0.4583333333333333
Phase 3 DNF before prediction: (!z11 && !z8 && !z14 && !z6 && !z9 && !z13 && !z15 && !z4 && !z12 && !z5 && !z3 && !z7)
Phase 3 DNF after prediction: (!z11 && !z8 && !z14 && !z6 && !z9 && !z13 && !z15 && !z4 && !z12 && !z5 && !z3 && !z7)
Successfully reached the desired user error bounds.
Mutation counter: {'split': 1, 'prune': 0}
Next phase total time:  4.422155857086182
Next phase DistEstimate time : 0.17709112167358398
Next phase Validifier time : 4.188711881637573
Next phase TreeLearner time : 0.05414891242980957
Final DistEstimate value:  0.0
Final Validifier value:  0.0
Final candidate learnt:  (!z10 && !z11 && !z12 && !z13 && !z14 && !z15 && !z3 && !z4 && !z5 && !z6 && !z7 && !z8 && !z9 && flip)
Height of learnt decision tree:  14
Number of terms in the candidate DNF:  1
Total DistEstimate time : 0.533221960067749
Total Validifier time : 13.772074937820435
Total TreeLearner time : 0.39737462997436523
Total time (seconds) : 14.71532917022705

--- Run at 2025-09-01 12:10:36.996650 ---
