Initial phase DNF: (!z7 && !z14 && !z15 && !z11 && !z13 && !z12 && !z8 && !z9 && !z10 && !z6 && !z5 && !z1) || (!z7 && !z14 && !z15 && !z11 && !z13 && !z12 && !z8 && !z9 && !z10 && !z6 && !z5 && z1)
Final DistEstimate value: 0.0
Final Validifier value: 0.0
Final candidate learnt: (!z1 && !z10 && !z11 && !z12 && !z13 && !z14 && !z15 && !z5 && !z6 && !z7 && !z8 && !z9 && flip) || (!z10 && !z11 && !z12 && !z13 && !z14 && !z15 && !z5 && !z6 && !z7 && !z8 && !z9 && flip && z1)
Height of learnt decision tree: 13
Number of terms in the candidate DNF: 2
Total DistEstimate time: 3.6190662384033203
Total Validifier time: 4.266695022583008
Total TreeLearner time: 6.805677890777588
Total time (seconds): 14.730858087539673
Starting model fitting...
--- Fitting took: 0.0168 seconds ---
Starting custom tree build...
--- Custom tree build took: 0.0037 seconds ---

--- Run at 2025-12-25 17:29:24.029546 ---
Initial phase DNF: (!z15 && !z14 && !z13 && !z12 && !z11 && !z10 && !z9 && !z8 && !z7 && !z6 && !z5 && !z4 && !z3 && !z2 && z1 && !z0 && flip) ||
(!z15 && !z14 && !z13 && !z12 && !z11 && !z10 && !z9 && !z8 && !z7 && !z6 && !z5 && !z4 && !z3 && !z2 && !z1 && !z0 && flip) ||
(!z15 && !z14 && !z13 && !z12 && !z11 && !z10 && !z9 && !z8 && !z7 && !z6 && !z5 && !z4 && !z3 && !z2 && !z1 && z0 && flip) ||
(!z15 && !z14 && !z13 && !z12 && !z11 && !z10 && !z9 && !z8 && !z7 && !z6 && !z5 && !z4 && !z3 && z2 && z1 && !z0 && flip) ||
(!z15 && !z14 && !z13 && !z12 && !z11 && !z10 && !z9 && !z8 && !z7 && !z6 && !z5 && !z4 && !z3 && !z2 && z1 && z0 && flip) ||
(!z15 && !z14 && !z13 && !z12 && !z11 && !z10 && !z9 && !z8 && !z7 && !z6 && !z5 && !z4 && !z3 && z2 && !z1 && z0 && flip) ||
(!z15 && !z14 && !z13 && !z12 && !z11 && !z10 && !z9 && !z8 && !z7 && !z6 && !z5 && !z4 && !z3 && z2 && !z1 && !z0 && flip) ||
(!z15 && !z14 && !z13 && !z12 && !z11 && !z10 && !z9 && !z8 && !z7 && !z6 && !z5 && !z4 && z3 && !z2 && !z1 && !z0 && flip) ||
(!z15 && !z14 && !z13 && !z12 && !z11 && !z10 && !z9 && !z8 && !z7 && !z6 && !z5 && !z4 && !z3 && z2 && z1 && z0 && flip) ||
(!z15 && !z14 && !z13 && !z12 && !z11 && !z10 && !z9 && !z8 && !z7 && !z6 && !z5 && !z4 && z3 && z2 && !z1 && z0 && flip) ||
(!z15 && !z14 && !z13 && !z12 && !z11 && !z10 && !z9 && !z8 && !z7 && !z6 && !z5 && !z4 && z3 && !z2 && z1 && z0 && flip) ||
(!z15 && !z14 && !z13 && !z12 && !z11 && !z10 && !z9 && !z8 && !z7 && !z6 && !z5 && !z4 && z3 && z2 && z1 && !z0 && flip) ||
(!z15 && !z14 && !z13 && !z12 && !z11 && !z10 && !z9 && !z8 && !z7 && !z6 && !z5 && !z4 && z3 && !z2 && !z1 && z0 && flip) ||
(!z15 && !z14 && !z13 && !z12 && !z11 && !z10 && !z9 && !z8 && !z7 && !z6 && !z5 && !z4 && z3 && !z2 && z1 && !z0 && flip) ||
(!z15 && !z14 && !z13 && !z12 && !z11 && !z10 && !z9 && !z8 && !z7 && !z6 && !z5 && !z4 && z3 && z2 && z1 && z0 && flip) ||
(!z15 && !z14 && !z13 && !z12 && !z11 && !z10 && !z9 && !z8 && !z7 && !z6 && !z5 && !z4 && z3 && z2 && !z1 && !z0 && flip) ||
(!z15 && !z14 && !z13 && !z12 && !z11 && !z10 && !z9 && !z8 && !z7 && !z6 && !z5 && z4 && !z3 && !z2 && !z1 && !z0 && flip)
Final DistEstimate value: 0.0
Final Validifier value: 0.0
Final candidate learnt: (!z0 && !z10 && !z11 && !z12 && !z13 && !z14 && !z15 && !z2 && !z3 && !z4 && !z5 && !z6 && !z7 && !z8 && !z9 && flip && z1) || (!z0 && !z1 && !z10 && !z11 && !z12 && !z13 && !z14 && !z15 && !z2 && !z3 && !z4 && !z5 && !z6 && !z7 && !z8 && !z9 && flip) || (!z1 && !z10 && !z11 && !z12 && !z13 && !z14 && !z15 && !z2 && !z3 && !z4 && !z5 && !z6 && !z7 && !z8 && !z9 && flip && z0) || (!z0 && !z10 && !z11 && !z12 && !z13 && !z14 && !z15 && !z3 && !z4 && !z5 && !z6 && !z7 && !z8 && !z9 && flip && z1 && z2) || (!z10 && !z11 && !z12 && !z13 && !z14 && !z15 && !z2 && !z3 && !z4 && !z5 && !z6 && !z7 && !z8 && !z9 && flip && z0 && z1) || (!z1 && !z10 && !z11 && !z12 && !z13 && !z14 && !z15 && !z3 && !z4 && !z5 && !z6 && !z7 && !z8 && !z9 && flip && z0 && z2) || (!z0 && !z1 && !z10 && !z11 && !z12 && !z13 && !z14 && !z15 && !z3 && !z4 && !z5 && !z6 && !z7 && !z8 && !z9 && flip && z2) || (!z0 && !z1 && !z10 && !z11 && !z12 && !z13 && !z14 && !z15 && !z2 && !z4 && !z5 && !z6 && !z7 && !z8 && !z9 && flip && z3) || (!z10 && !z11 && !z12 && !z13 && !z14 && !z15 && !z3 && !z4 && !z5 && !z6 && !z7 && !z8 && !z9 && flip && z0 && z1 && z2) || (!z1 && !z10 && !z11 && !z12 && !z13 && !z14 && !z15 && !z4 && !z5 && !z6 && !z7 && !z8 && !z9 && flip && z0 && z2 && z3) || (!z10 && !z11 && !z12 && !z13 && !z14 && !z15 && !z2 && !z4 && !z5 && !z6 && !z7 && !z8 && !z9 && flip && z0 && z1 && z3) || (!z0 && !z10 && !z11 && !z12 && !z13 && !z14 && !z15 && !z4 && !z5 && !z6 && !z7 && !z8 && !z9 && flip && z1 && z2 && z3) || (!z1 && !z10 && !z11 && !z12 && !z13 && !z14 && !z15 && !z2 && !z4 && !z5 && !z6 && !z7 && !z8 && !z9 && flip && z0 && z3) || (!z0 && !z10 && !z11 && !z12 && !z13 && !z14 && !z15 && !z2 && !z4 && !z5 && !z6 && !z7 && !z8 && !z9 && flip && z1 && z3) || (!z10 && !z11 && !z12 && !z13 && !z14 && !z15 && !z4 && !z5 && !z6 && !z7 && !z8 && !z9 && flip && z0 && z1 && z2 && z3) || (!z0 && !z1 && !z10 && !z11 && !z12 && !z13 && !z14 && !z15 && !z4 && !z5 && !z6 && !z7 && !z8 && !z9 && flip && z2 && z3) || (!z0 && !z1 && !z10 && !z11 && !z12 && !z13 && !z14 && !z15 && !z2 && !z3 && !z5 && !z6 && !z7 && !z8 && !z9 && flip && z4)
Height of learnt decision tree: 17
Number of terms in the candidate DNF: 17
Total DistEstimate time: 3.932927131652832
Total Validifier time: 4.436791181564331
Total TreeLearner time: 0.007373809814453125
Total time (seconds): 8.39850902557373

--- Run at 2025-12-25 17:30:17.080223 ---
