(!x15) && (!x14) && (!x13) && (!x12) && (!x11) && (!x10) && (!x9) && (!x8) && (!x7) && (!x6) && (!x5) && (!x4) && (!x3) && (!x2) && (!x1) && (!x0) && (!n15) && (!n14) && (!n13) && (!n12) && (!n11) && (!n10) && (!n9) && (n8) && (n7) && (n6) && (n5) && (n4) && (n3) && (!n2) && (!n1) && (!n0) && (!n15) && (!n14) && (!n13) && (!n12) && (!n11) && (!n10) && (!n9)
16
Starting model fitting...
--- Fitting took: 0.0024 seconds ---
Starting custom tree build...
--- Custom tree build took: 0.0011 seconds ---
Prediction time : 0.17516183853149414
Initial phase DNF: (!n10 && !x2 && !n5 && !x4 && !x8 && !x13 && !x7 && !x5 && !n1)
Phase : 2
DistEstimate value: 0.0
Validifier value: 1.0
Phase 2 DNF before prediction: (!n10 && !x2 && !n5 && !x4 && !x8 && !x13 && !x7 && !x5 && !n1)
Phase 2 DNF after prediction: n15 && !n15
Successfully reached the desired user error bounds.
Mutation counter: {'split': 6, 'prune': 0}
Next phase total time:  5.305410146713257
Next phase DistEstimate time : 0.20458531379699707
Next phase Validifier time : 4.5658276081085205
Next phase TreeLearner time : 0.5342199802398682
Phase : 3
DistEstimate value: 0.0
Validifier value: 1.0
Phase 3 DNF before prediction: (!n10 && !x2 && !n5 && !x4 && !x8 && !x13 && !x7 && !x5 && !n1 && !n11 && !n12 && !n13 && !n7 && !n3 && !x12)
Phase 3 DNF after prediction: n15 && !n15
Successfully reached the desired user error bounds.
Mutation counter: {'split': 6, 'prune': 0}
Next phase total time:  4.914677619934082
Next phase DistEstimate time : 0.20572853088378906
Next phase Validifier time : 4.06451940536499
Next phase TreeLearner time : 0.6436796188354492
Phase : 4
DistEstimate value: 0.0
Validifier value: 1.0
Phase 4 DNF before prediction: (!n10 && !x2 && !n5 && !x4 && !x8 && !x13 && !x7 && !x5 && !n1 && !n11 && !n12 && !n13 && !n7 && !n3 && !x12 && !n14 && !n15 && !x6 && !n6 && !x0 && !n4)
Phase 4 DNF after prediction: n15 && !n15
Successfully reached the desired user error bounds.
Mutation counter: {'split': 7, 'prune': 0}
Next phase total time:  5.00284218788147
Next phase DistEstimate time : 0.2211158275604248
Next phase Validifier time : 3.9298970699310303
Next phase TreeLearner time : 0.851215124130249
Phase : 5
DistEstimate value: 0.0
Validifier value: 0.8533333333333334
Phase 5 DNF before prediction: (!n10 && !x2 && !n5 && !x4 && !x8 && !x13 && !x7 && !x5 && !n1 && !n11 && !n12 && !n13 && !n7 && !n3 && !x12 && !n14 && !n15 && !x6 && !n6 && !x0 && !n4 && !n0 && !x9 && x3 && !x15 && !x11 && !x10 && !x1)
Phase 5 DNF after prediction: n15 && !n15
Successfully reached the desired user error bounds.
Mutation counter: {'split': 2, 'prune': 0}
Next phase total time:  4.415891408920288
Next phase DistEstimate time : 0.2127695083618164
Next phase Validifier time : 3.9276487827301025
Next phase TreeLearner time : 0.2746403217315674
Phase : 6
DistEstimate value: 0.0
Validifier value: 0.48
Phase 6 DNF before prediction: (!n10 && !x2 && !n5 && !x4 && !x8 && !x13 && !x7 && !x5 && !n1 && !n11 && !n12 && !n13 && !n7 && !n3 && !x12 && !n14 && !n15 && !x6 && !n6 && !x0 && !n4 && !n0 && !x9 && x3 && !x15 && !x11 && !x10 && !x1 && !n8 && !n2)
Phase 6 DNF after prediction: (!n10 && !x2 && !n5 && !x4 && !x8 && !x13 && !x7 && !x5 && !n1 && !n11 && !n12 && !n13 && !n7 && !n3 && !x12 && !n14 && !n15 && !x6 && !n6 && !x0 && !n4 && !n0 && !x9 && x3 && !x15 && !x11 && !x10 && !x1 && !n8 && !n2)
Successfully reached the desired user error bounds.
Mutation counter: {'split': 1, 'prune': 0}
Next phase total time:  4.25649356842041
Next phase DistEstimate time : 0.20339107513427734
Next phase Validifier time : 3.896591901779175
Next phase TreeLearner time : 0.15595602989196777
Final DistEstimate value:  0.0
Final Validifier value:  0.0
Final candidate learnt:  (!n0 && !n1 && !n10 && !n11 && !n12 && !n13 && !n14 && !n15 && !n2 && !n3 && !n4 && !n5 && !n6 && !n7 && !n8 && !x0 && !x1 && !x10 && !x11 && !x12 && !x13 && !x14 && !x15 && !x2 && !x4 && !x5 && !x6 && !x7 && !x8 && !x9 && n9 && x3)
Height of learnt decision tree:  32
Number of terms in the candidate DNF:  1
Total DistEstimate time : 1.2844865322113037
Total Validifier time : 27.78009533882141
Total TreeLearner time : 2.7258169651031494
Total time (seconds) : 31.797800302505493

--- Run at 2025-08-25 11:04:39.526747 ---
(!x15) && (!x14) && (!x13) && (!x12) && (!x11) && (!x10) && (!x9) && (!x8) && (!x7) && (!x6) && (!x5) && (!x4) && (!x3) && (!x2) && (!x1) && (!x0) && (!n15) && (!n14) && (!n13) && (!n12) && (!n11) && (!n10) && (!n9) && (n8) && (n7) && (n6) && (n5) && (n4) && (!n3) && (!n2) && (!n1) && (!n0) && (!n15) && (!n14) && (!n13) && (!n12) && (!n11) && (!n10) && (!n9)
32
Starting model fitting...
--- Fitting took: 0.0024 seconds ---
Starting custom tree build...
--- Custom tree build took: 0.0013 seconds ---
Prediction time : 0.1775355339050293
Initial phase DNF: (!x3 && !x6 && !x11 && !x2 && !x14 && !n2 && !n3 && !n11 && x4 && !x15)
Phase : 2
DistEstimate value: 0.0
Validifier value: 1.0
Phase 2 DNF before prediction: (!x3 && !x6 && !x11 && !x2 && !x14 && !n2 && !n3 && !n11 && x4 && !x15)
Phase 2 DNF after prediction: n15 && !n15
Successfully reached the desired user error bounds.
Mutation counter: {'split': 6, 'prune': 0}
Next phase total time:  5.838543891906738
Next phase DistEstimate time : 0.3567159175872803
Next phase Validifier time : 4.894861221313477
Next phase TreeLearner time : 0.5861983299255371
Phase : 3
DistEstimate value: 0.0
Validifier value: 1.0
Phase 3 DNF before prediction: (!x3 && !x6 && !x11 && !x2 && !x14 && !n2 && !n3 && !n11 && x4 && !x15 && !n10 && !n12 && !n14 && !n0 && !x9 && !n1)
Phase 3 DNF after prediction: n15 && !n15
Successfully reached the desired user error bounds.
Mutation counter: {'split': 6, 'prune': 0}
Next phase total time:  5.439346551895142
Next phase DistEstimate time : 0.299541711807251
Next phase Validifier time : 4.505831003189087
Next phase TreeLearner time : 0.6331334114074707
Phase : 4
DistEstimate value: 0.0
Validifier value: 0.9983333333333333
Phase 4 DNF before prediction: (!x3 && !x6 && !x11 && !x2 && !x14 && !n2 && !n3 && !n11 && x4 && !x15 && !n10 && !n12 && !n14 && !n0 && !x9 && !n1 && !n15 && !n13 && !x0 && !x1 && !n5 && !x12)
Phase 4 DNF after prediction: n15 && !n15
Successfully reached the desired user error bounds.
Mutation counter: {'split': 8, 'prune': 0}
Next phase total time:  5.7630321979522705
Next phase DistEstimate time : 0.4364125728607178
Next phase Validifier time : 4.248300790786743
Next phase TreeLearner time : 1.0766868591308594
Phase : 5
DistEstimate value: 0.0
Validifier value: 0.49
Phase 5 DNF before prediction: (!x3 && !x6 && !x11 && !x2 && !x14 && !n2 && !n3 && !n11 && x4 && !x15 && !n10 && !n12 && !n14 && !n0 && !x9 && !n1 && !n15 && !n13 && !x0 && !x1 && !n5 && !x12 && !n6 && !x10 && !x13 && !x7 && !x8 && !n4 && !n8 && !n7)
Phase 5 DNF after prediction: (!x3 && !x6 && !x11 && !x2 && !x14 && !n2 && !n3 && !n11 && x4 && !x15 && !n10 && !n12 && !n14 && !n0 && !x9 && !n1 && !n15 && !n13 && !x0 && !x1 && !n5 && !x12 && !n6 && !x10 && !x13 && !x7 && !x8 && !n4 && !n8 && !n7)
Successfully reached the desired user error bounds.
Mutation counter: {'split': 1, 'prune': 0}
Next phase total time:  4.622466325759888
Next phase DistEstimate time : 0.28281641006469727
Next phase Validifier time : 4.148309707641602
Next phase TreeLearner time : 0.19051861763000488
Final DistEstimate value:  0.0
Final Validifier value:  0.0
Final candidate learnt:  (!n0 && !n1 && !n10 && !n11 && !n12 && !n13 && !n14 && !n15 && !n2 && !n3 && !n4 && !n5 && !n6 && !n7 && !n8 && !x0 && !x1 && !x10 && !x11 && !x12 && !x13 && !x14 && !x15 && !x2 && !x3 && !x5 && !x6 && !x7 && !x8 && !x9 && n9 && x4)
Height of learnt decision tree:  32
Number of terms in the candidate DNF:  1
Total DistEstimate time : 1.6975007057189941
Total Validifier time : 25.04744005203247
Total TreeLearner time : 2.7541985511779785
Total time (seconds) : 29.64932346343994

--- Run at 2025-08-25 11:05:25.892298 ---
(!x15) && (!x14) && (!x13) && (!x12) && (!x11) && (!x10) && (!x9) && (!x8) && (!x7) && (!x6) && (!x5) && (!x4) && (!x3) && (!x2) && (!x1) && (!x0) && (!n15) && (!n14) && (!n13) && (!n12) && (!n11) && (!n10) && (!n9) && (n8) && (n7) && (n6) && (n5) && (!n4) && (!n3) && (!n2) && (!n1) && (!n0) && (!n15) && (!n14) && (!n13) && (!n12) && (!n11) && (!n10) && (!n9)
64
Starting model fitting...
--- Fitting took: 0.0024 seconds ---
Starting custom tree build...
--- Custom tree build took: 0.0012 seconds ---
Prediction time : 0.17762470245361328
Initial phase DNF: (!n4 && !x13 && !n1 && !n0 && !x11 && !n13 && !x12 && !n10 && !x0 && !x1)
Phase : 2
DistEstimate value: 0.0
Validifier value: 1.0
Phase 2 DNF before prediction: (!n4 && !x13 && !n1 && !n0 && !x11 && !n13 && !x12 && !n10 && !x0 && !x1)
Phase 2 DNF after prediction: n15 && !n15
Successfully reached the desired user error bounds.
Mutation counter: {'split': 6, 'prune': 0}
Next phase total time:  6.286387205123901
Next phase DistEstimate time : 0.8213541507720947
Next phase Validifier time : 4.945280313491821
Next phase TreeLearner time : 0.5189313888549805
Phase : 3
DistEstimate value: 0.0
Validifier value: 1.0
Phase 3 DNF before prediction: (!n4 && !x13 && !n1 && !n0 && !x11 && !n13 && !x12 && !n10 && !x0 && !x1 && !n11 && !n12 && !x15 && !n14 && !x2 && !x3)
Phase 3 DNF after prediction: n15 && !n15
Successfully reached the desired user error bounds.
Mutation counter: {'split': 6, 'prune': 0}
Next phase total time:  6.827026844024658
Next phase DistEstimate time : 0.7533390522003174
Next phase Validifier time : 5.441620588302612
Next phase TreeLearner time : 0.6313793659210205
Phase : 4
DistEstimate value: 0.0
Validifier value: 0.9983333333333333
Phase 4 DNF before prediction: (!n4 && !x13 && !n1 && !n0 && !x11 && !n13 && !x12 && !n10 && !x0 && !x1 && !n11 && !n12 && !x15 && !n14 && !x2 && !x3 && !n15 && !n2 && !x10 && !x4 && !x8 && !x7)
Phase 4 DNF after prediction: n15 && !n15
Successfully reached the desired user error bounds.
Mutation counter: {'split': 7, 'prune': 0}
Next phase total time:  6.1283440589904785
Next phase DistEstimate time : 0.7553753852844238
Next phase Validifier time : 4.509211301803589
Next phase TreeLearner time : 0.863192081451416
Phase : 5
DistEstimate value: 0.0
Validifier value: 0.7566666666666667
Phase 5 DNF before prediction: (!n4 && !x13 && !n1 && !n0 && !x11 && !n13 && !x12 && !n10 && !x0 && !x1 && !n11 && !n12 && !x15 && !n14 && !x2 && !x3 && !n15 && !n2 && !x10 && !x4 && !x8 && !x7 && !n8 && !n7 && !x6 && x5 && !n3 && !x9 && !n6)
Phase 5 DNF after prediction: n15 && !n15
Successfully reached the desired user error bounds.
Mutation counter: {'split': 2, 'prune': 0}
Next phase total time:  5.2178053855896
Next phase DistEstimate time : 0.5630793571472168
Next phase Validifier time : 4.3675947189331055
Next phase TreeLearner time : 0.2865288257598877
Final DistEstimate value:  0.0
Final Validifier value:  0.0
Final candidate learnt:  (!n0 && !n1 && !n10 && !n11 && !n12 && !n13 && !n14 && !n15 && !n2 && !n3 && !n4 && !n5 && !n6 && !n7 && !n8 && !x0 && !x1 && !x10 && !x11 && !x12 && !x13 && !x14 && !x15 && !x2 && !x3 && !x4 && !x6 && !x7 && !x8 && !x9 && n9 && x5)
Height of learnt decision tree:  32
Number of terms in the candidate DNF:  1
Total DistEstimate time : 3.7492456436157227
Total Validifier time : 26.37484574317932
Total TreeLearner time : 2.568873167037964
Total time (seconds) : 32.69974708557129

--- Run at 2025-08-25 11:06:13.689128 ---
(!x15) && (!x14) && (!x13) && (!x12) && (!x11) && (!x10) && (!x9) && (!x8) && (!x7) && (!x6) && (!x5) && (!n15) && (!n14) && (!n13) && (!n12) && (!n11) && (!n10) && (!n9) && (n8) && (n7) && (n6) && (n5) && (n4) && (n3) && (!n2) && (!n1) && (!n0) && (!n15) && (!n14) && (!n13) && (!n12) && (!n11) && (!n10) && (!n9)
16
Starting model fitting...
--- Fitting took: 0.0028 seconds ---
Starting custom tree build...
--- Custom tree build took: 0.0013 seconds ---
Prediction time : 0.17864227294921875
Initial phase DNF: (!n13 && !n7 && !n6 && !n8 && !n0 && !x8 && !n2 && !x15 && !n3 && !x9)
Phase : 2
DistEstimate value: 0.0
Validifier value: 1.0
Phase 2 DNF before prediction: (!n13 && !n7 && !n6 && !n8 && !n0 && !x8 && !n2 && !x15 && !n3 && !x9)
Phase 2 DNF after prediction: n15 && !n15
Successfully reached the desired user error bounds.
Mutation counter: {'split': 3, 'prune': 0}
Next phase total time:  5.087240934371948
Next phase DistEstimate time : 0.21271491050720215
Next phase Validifier time : 4.496618747711182
Next phase TreeLearner time : 0.37703394889831543
Phase : 3
DistEstimate value: 0.0
Validifier value: 1.0
Phase 3 DNF before prediction: (!n13 && !n7 && !n6 && !n8 && !n0 && !x8 && !n2 && !x15 && !n3 && !x9 && !n10 && !n11 && !n14)
Phase 3 DNF after prediction: n15 && !n15
Successfully reached the desired user error bounds.
Mutation counter: {'split': 4, 'prune': 0}
Next phase total time:  4.907800674438477
Next phase DistEstimate time : 0.2310197353363037
Next phase Validifier time : 4.205821514129639
Next phase TreeLearner time : 0.470050573348999
Phase : 4
DistEstimate value: 0.0
Validifier value: 0.9983333333333333
Phase 4 DNF before prediction: (!n13 && !n7 && !n6 && !n8 && !n0 && !x8 && !n2 && !x15 && !n3 && !x9 && !n10 && !n11 && !n14 && !n12 && !n15 && !x6 && !x14)
Phase 4 DNF after prediction: n15 && !n15
Successfully reached the desired user error bounds.
Mutation counter: {'split': 4, 'prune': 0}
Next phase total time:  5.004913568496704
Next phase DistEstimate time : 0.2127988338470459
Next phase Validifier time : 4.241626739501953
Next phase TreeLearner time : 0.5497198104858398
Phase : 5
DistEstimate value: 0.0
Validifier value: 0.9766666666666667
Phase 5 DNF before prediction: (!n13 && !n7 && !n6 && !n8 && !n0 && !x8 && !n2 && !x15 && !n3 && !x9 && !n10 && !n11 && !n14 && !n12 && !n15 && !x6 && !x14 && !n4 && !n5 && !x12 && !n1)
Phase 5 DNF after prediction: n15 && !n15
Successfully reached the desired user error bounds.
Mutation counter: {'split': 4, 'prune': 0}
Next phase total time:  4.962958097457886
Next phase DistEstimate time : 0.2630188465118408
Next phase Validifier time : 4.19926381111145
Next phase TreeLearner time : 0.5000760555267334
Phase : 6
DistEstimate value: 0.0
Validifier value: 0.53
Phase 6 DNF before prediction: (!n13 && !n7 && !n6 && !n8 && !n0 && !x8 && !n2 && !x15 && !n3 && !x9 && !n10 && !n11 && !n14 && !n12 && !n15 && !x6 && !x14 && !n4 && !n5 && !x12 && !n1 && !x10 && !x7 && !x11 && !x13)
Phase 6 DNF after prediction: (!n13 && !n7 && !n6 && !n8 && !n0 && !x8 && !n2 && !x15 && !n3 && !x9 && !n10 && !n11 && !n14 && !n12 && !n15 && !x6 && !x14 && !n4 && !n5 && !x12 && !n1 && !x10 && !x7 && !x11 && !x13)
Successfully reached the desired user error bounds.
Mutation counter: {'split': 5, 'prune': 0}
Next phase total time:  4.982422113418579
Next phase DistEstimate time : 0.21532106399536133
Next phase Validifier time : 4.068554639816284
Next phase TreeLearner time : 0.6979289054870605
Final DistEstimate value:  0.0
Final Validifier value:  0.0
Final candidate learnt:  (!n0 && !n1 && !n10 && !n11 && !n12 && !n13 && !n14 && !n15 && !n2 && !n3 && !n4 && !n5 && !n6 && !n7 && !n8 && !x10 && !x11 && !x12 && !x13 && !x14 && !x15 && !x3 && !x5 && !x6 && !x7 && !x8 && !x9 && n9 && x4) || (!n0 && !n1 && !n10 && !n11 && !n12 && !n13 && !n14 && !n15 && !n2 && !n3 && !n4 && !n5 && !n6 && !n7 && !n8 && !x10 && !x11 && !x12 && !x13 && !x14 && !x15 && !x5 && !x6 && !x7 && !x8 && !x9 && n9 && x3) || (!n0 && !n1 && !n10 && !n11 && !n12 && !n13 && !n14 && !n15 && !n2 && !n3 && !n4 && !n5 && !n6 && !n7 && !n8 && !x10 && !x11 && !x12 && !x13 && !x14 && !x15 && !x3 && !x4 && !x6 && !x7 && !x8 && !x9 && n9 && x5)
Height of learnt decision tree:  29
Number of terms in the candidate DNF:  3
Total DistEstimate time : 1.3542053699493408
Total Validifier time : 28.685710191726685
Total TreeLearner time : 2.8642899990081787
Total time (seconds) : 32.912611961364746

--- Run at 2025-08-25 11:06:59.148947 ---
(!x15) && (!x14) && (!x13) && (!x12) && (!x11) && (!x10) && (!x9) && (!x8) && (!x7) && (!x6) && (!x5) && (!n15) && (!n14) && (!n13) && (!n12) && (!n11) && (!n10) && (!n9) && (n8) && (n7) && (n6) && (n5) && (n4) && (!n3) && (!n2) && (!n1) && (!n0) && (!n15) && (!n14) && (!n13) && (!n12) && (!n11) && (!n10) && (!n9)
32
Starting model fitting...
--- Fitting took: 0.0025 seconds ---
Starting custom tree build...
--- Custom tree build took: 0.0013 seconds ---
Prediction time : 0.17857837677001953
Initial phase DNF: (!n0 && !n14 && !x10 && !n10 && !x9 && !x8 && !n6 && n9 && !n3 && !x15)
Phase : 2
DistEstimate value: 0.0
Validifier value: 1.0
Phase 2 DNF before prediction: (!n0 && !n14 && !x10 && !n10 && !x9 && !x8 && !n6 && n9 && !n3 && !x15)
Phase 2 DNF after prediction: n15 && !n15
Successfully reached the desired user error bounds.
Mutation counter: {'split': 4, 'prune': 0}
Next phase total time:  5.147953987121582
Next phase DistEstimate time : 0.38925671577453613
Next phase Validifier time : 4.4008166790008545
Next phase TreeLearner time : 0.3569152355194092
Phase : 3
DistEstimate value: 0.0
Validifier value: 1.0
Phase 3 DNF before prediction: (!n0 && !n14 && !x10 && !n10 && !x9 && !x8 && !n6 && n9 && !n3 && !x15 && !n11 && !n13 && !n7 && !n15)
Phase 3 DNF after prediction: n15 && !n15
Successfully reached the desired user error bounds.
Mutation counter: {'split': 4, 'prune': 0}
Next phase total time:  5.27998948097229
Next phase DistEstimate time : 0.2615678310394287
Next phase Validifier time : 4.66293740272522
Next phase TreeLearner time : 0.3546562194824219
Phase : 4
DistEstimate value: 0.0
Validifier value: 1.0
Phase 4 DNF before prediction: (!n0 && !n14 && !x10 && !n10 && !x9 && !x8 && !n6 && n9 && !n3 && !x15 && !n11 && !n13 && !n7 && !n15 && !n12 && !x14 && !x13 && !n1)
Phase 4 DNF after prediction: n15 && !n15
Successfully reached the desired user error bounds.
Mutation counter: {'split': 5, 'prune': 0}
Next phase total time:  6.048613548278809
Next phase DistEstimate time : 0.31964945793151855
Next phase Validifier time : 5.122885465621948
Next phase TreeLearner time : 0.6046605110168457
Phase : 5
DistEstimate value: 0.0
Validifier value: 0.9433333333333334
Phase 5 DNF before prediction: (!n0 && !n14 && !x10 && !n10 && !x9 && !x8 && !n6 && n9 && !n3 && !x15 && !n11 && !n13 && !n7 && !n15 && !n12 && !x14 && !x13 && !n1 && !x12 && !x7 && !n8 && !n5 && !n2)
Phase 5 DNF after prediction: n15 && !n15
Successfully reached the desired user error bounds.
Mutation counter: {'split': 6, 'prune': 0}
Next phase total time:  6.234374523162842
Next phase DistEstimate time : 0.4149904251098633
Next phase Validifier time : 5.000832557678223
Next phase TreeLearner time : 0.8178250789642334
Phase : 6
DistEstimate value: 0.0
Validifier value: 0.43
Phase 6 DNF before prediction: (!n0 && !n14 && !x10 && !n10 && !x9 && !x8 && !n6 && n9 && !n3 && !x15 && !n11 && !n13 && !n7 && !n15 && !n12 && !x14 && !x13 && !n1 && !x12 && !x7 && !n8 && !n5 && !n2 && !x6 && !x11 && !n4 && !x2 && !x4) || (!n0 && !n14 && !x10 && !n10 && !x9 && !x8 && !n6 && n9 && !n3 && !x15 && !n11 && !n13 && !n7 && !n15 && !n12 && !x14 && !x13 && !n1 && !x12 && !x7 && !n8 && !n5 && !n2 && !x6 && !x11 && !n4 && !x2 && x4 && !x5) || (!n0 && !n14 && !x10 && !n10 && !x9 && !x8 && !n6 && n9 && !n3 && !x15 && !n11 && !n13 && !n7 && !n15 && !n12 && !x14 && !x13 && !n1 && !x12 && !x7 && !n8 && !n5 && !n2 && !x6 && !x11 && !n4 && x2)
Phase 6 DNF after prediction: (!n0 && !n14 && !x10 && !n10 && !x9 && !x8 && !n6 && n9 && !n3 && !x15 && !n11 && !n13 && !n7 && !n15 && !n12 && !x14 && !x13 && !n1 && !x12 && !x7 && !n8 && !n5 && !n2 && !x6 && !x11 && !n4 && !x2 && !x4) || (!n0 && !n14 && !x10 && !n10 && !x9 && !x8 && !n6 && n9 && !n3 && !x15 && !n11 && !n13 && !n7 && !n15 && !n12 && !x14 && !x13 && !n1 && !x12 && !x7 && !n8 && !n5 && !n2 && !x6 && !x11 && !n4 && !x2 && x4 && !x5) || (!n0 && !n14 && !x10 && !n10 && !x9 && !x8 && !n6 && n9 && !n3 && !x15 && !n11 && !n13 && !n7 && !n15 && !n12 && !x14 && !x13 && !n1 && !x12 && !x7 && !n8 && !n5 && !n2 && !x6 && !x11 && !n4 && x2)
Successfully reached the desired user error bounds.
Mutation counter: {'split': 15, 'prune': 0}
Next phase total time:  7.467506170272827
Next phase DistEstimate time : 0.48282384872436523
Next phase Validifier time : 4.5297839641571045
Next phase TreeLearner time : 2.4538543224334717
Phase : 7
DistEstimate value: 0.0
Validifier value: 0.11333333333333333
Phase 7 DNF before prediction: (!n0 && !n14 && !x10 && !n10 && !x9 && !x8 && !n6 && n9 && !n3 && !x15 && !n11 && !n13 && !n7 && !n15 && !n12 && !x14 && !x13 && !n1 && !x12 && !x7 && !n8 && !n5 && !n2 && !x6 && !x11 && !n4 && !x2 && !x4 && x5) || (!n0 && !n14 && !x10 && !n10 && !x9 && !x8 && !n6 && n9 && !n3 && !x15 && !n11 && !n13 && !n7 && !n15 && !n12 && !x14 && !x13 && !n1 && !x12 && !x7 && !n8 && !n5 && !n2 && !x6 && !x11 && !n4 && !x2 && x4 && !x5) || (!n0 && !n14 && !x10 && !n10 && !x9 && !x8 && !n6 && n9 && !n3 && !x15 && !n11 && !n13 && !n7 && !n15 && !n12 && !x14 && !x13 && !n1 && !x12 && !x7 && !n8 && !n5 && !n2 && !x6 && !x11 && !n4 && x2 && !x1 && !x0 && !x3 && !x4 && x5) || (!n0 && !n14 && !x10 && !n10 && !x9 && !x8 && !n6 && n9 && !n3 && !x15 && !n11 && !n13 && !n7 && !n15 && !n12 && !x14 && !x13 && !n1 && !x12 && !x7 && !n8 && !n5 && !n2 && !x6 && !x11 && !n4 && x2 && !x1 && !x0 && !x3 && x4 && !x5) || (!n0 && !n14 && !x10 && !n10 && !x9 && !x8 && !n6 && n9 && !n3 && !x15 && !n11 && !n13 && !n7 && !n15 && !n12 && !x14 && !x13 && !n1 && !x12 && !x7 && !n8 && !n5 && !n2 && !x6 && !x11 && !n4 && x2 && !x1 && !x0 && x3 && !x4 && x5) || (!n0 && !n14 && !x10 && !n10 && !x9 && !x8 && !n6 && n9 && !n3 && !x15 && !n11 && !n13 && !n7 && !n15 && !n12 && !x14 && !x13 && !n1 && !x12 && !x7 && !n8 && !n5 && !n2 && !x6 && !x11 && !n4 && x2 && !x1 && !x0 && x3 && x4 && !x5) || (!n0 && !n14 && !x10 && !n10 && !x9 && !x8 && !n6 && n9 && !n3 && !x15 && !n11 && !n13 && !n7 && !n15 && !n12 && !x14 && !x13 && !n1 && !x12 && !x7 && !n8 && !n5 && !n2 && !x6 && !x11 && !n4 && x2 && !x1 && x0 && !x4 && x5) || (!n0 && !n14 && !x10 && !n10 && !x9 && !x8 && !n6 && n9 && !n3 && !x15 && !n11 && !n13 && !n7 && !n15 && !n12 && !x14 && !x13 && !n1 && !x12 && !x7 && !n8 && !n5 && !n2 && !x6 && !x11 && !n4 && x2 && !x1 && x0 && x4 && !x5) || (!n0 && !n14 && !x10 && !n10 && !x9 && !x8 && !n6 && n9 && !n3 && !x15 && !n11 && !n13 && !n7 && !n15 && !n12 && !x14 && !x13 && !n1 && !x12 && !x7 && !n8 && !n5 && !n2 && !x6 && !x11 && !n4 && x2 && x1 && !x4) || (!n0 && !n14 && !x10 && !n10 && !x9 && !x8 && !n6 && n9 && !n3 && !x15 && !n11 && !n13 && !n7 && !n15 && !n12 && !x14 && !x13 && !n1 && !x12 && !x7 && !n8 && !n5 && !n2 && !x6 && !x11 && !n4 && x2 && x1 && x4 && !x5)
Phase 7 DNF after prediction: (!n0 && !n14 && !x10 && !n10 && !x9 && !x8 && !n6 && n9 && !n3 && !x15 && !n11 && !n13 && !n7 && !n15 && !n12 && !x14 && !x13 && !n1 && !x12 && !x7 && !n8 && !n5 && !n2 && !x6 && !x11 && !n4 && !x2 && !x4 && x5) || (!n0 && !n14 && !x10 && !n10 && !x9 && !x8 && !n6 && n9 && !n3 && !x15 && !n11 && !n13 && !n7 && !n15 && !n12 && !x14 && !x13 && !n1 && !x12 && !x7 && !n8 && !n5 && !n2 && !x6 && !x11 && !n4 && !x2 && x4 && !x5) || (!n0 && !n14 && !x10 && !n10 && !x9 && !x8 && !n6 && n9 && !n3 && !x15 && !n11 && !n13 && !n7 && !n15 && !n12 && !x14 && !x13 && !n1 && !x12 && !x7 && !n8 && !n5 && !n2 && !x6 && !x11 && !n4 && x2 && !x1 && !x0 && !x3 && !x4 && x5) || (!n0 && !n14 && !x10 && !n10 && !x9 && !x8 && !n6 && n9 && !n3 && !x15 && !n11 && !n13 && !n7 && !n15 && !n12 && !x14 && !x13 && !n1 && !x12 && !x7 && !n8 && !n5 && !n2 && !x6 && !x11 && !n4 && x2 && !x1 && !x0 && !x3 && x4 && !x5) || (!n0 && !n14 && !x10 && !n10 && !x9 && !x8 && !n6 && n9 && !n3 && !x15 && !n11 && !n13 && !n7 && !n15 && !n12 && !x14 && !x13 && !n1 && !x12 && !x7 && !n8 && !n5 && !n2 && !x6 && !x11 && !n4 && x2 && !x1 && !x0 && x3 && !x4 && x5) || (!n0 && !n14 && !x10 && !n10 && !x9 && !x8 && !n6 && n9 && !n3 && !x15 && !n11 && !n13 && !n7 && !n15 && !n12 && !x14 && !x13 && !n1 && !x12 && !x7 && !n8 && !n5 && !n2 && !x6 && !x11 && !n4 && x2 && !x1 && !x0 && x3 && x4 && !x5) || (!n0 && !n14 && !x10 && !n10 && !x9 && !x8 && !n6 && n9 && !n3 && !x15 && !n11 && !n13 && !n7 && !n15 && !n12 && !x14 && !x13 && !n1 && !x12 && !x7 && !n8 && !n5 && !n2 && !x6 && !x11 && !n4 && x2 && !x1 && x0 && !x4 && x5) || (!n0 && !n14 && !x10 && !n10 && !x9 && !x8 && !n6 && n9 && !n3 && !x15 && !n11 && !n13 && !n7 && !n15 && !n12 && !x14 && !x13 && !n1 && !x12 && !x7 && !n8 && !n5 && !n2 && !x6 && !x11 && !n4 && x2 && !x1 && x0 && x4 && !x5) || (!n0 && !n14 && !x10 && !n10 && !x9 && !x8 && !n6 && n9 && !n3 && !x15 && !n11 && !n13 && !n7 && !n15 && !n12 && !x14 && !x13 && !n1 && !x12 && !x7 && !n8 && !n5 && !n2 && !x6 && !x11 && !n4 && x2 && x1 && !x4) || (!n0 && !n14 && !x10 && !n10 && !x9 && !x8 && !n6 && n9 && !n3 && !x15 && !n11 && !n13 && !n7 && !n15 && !n12 && !x14 && !x13 && !n1 && !x12 && !x7 && !n8 && !n5 && !n2 && !x6 && !x11 && !n4 && x2 && x1 && x4 && !x5)
Successfully reached the desired user error bounds.
Mutation counter: {'split': 1, 'prune': 0}
Next phase total time:  4.573482036590576
Next phase DistEstimate time : 0.2699921131134033
Next phase Validifier time : 4.1011598110198975
Next phase TreeLearner time : 0.20148563385009766
Final DistEstimate value:  0.0
Final Validifier value:  0.0
Final candidate learnt:  (!n0 && !n1 && !n10 && !n11 && !n12 && !n13 && !n14 && !n15 && !n2 && !n3 && !n4 && !n5 && !n6 && !n7 && !n8 && !x10 && !x11 && !x12 && !x13 && !x14 && !x15 && !x2 && !x4 && !x6 && !x7 && !x8 && !x9 && n9 && x5) || (!n0 && !n1 && !n10 && !n11 && !n12 && !n13 && !n14 && !n15 && !n2 && !n3 && !n4 && !n5 && !n6 && !n7 && !n8 && !x10 && !x11 && !x12 && !x13 && !x14 && !x15 && !x2 && !x5 && !x6 && !x7 && !x8 && !x9 && n9 && x4) || (!n0 && !n1 && !n10 && !n11 && !n12 && !n13 && !n14 && !n15 && !n2 && !n3 && !n4 && !n5 && !n6 && !n7 && !n8 && !x0 && !x1 && !x10 && !x11 && !x12 && !x13 && !x14 && !x15 && !x3 && !x4 && !x6 && !x7 && !x8 && !x9 && n9 && x2 && x5) || (!n0 && !n1 && !n10 && !n11 && !n12 && !n13 && !n14 && !n15 && !n2 && !n3 && !n4 && !n5 && !n6 && !n7 && !n8 && !x0 && !x1 && !x10 && !x11 && !x12 && !x13 && !x14 && !x15 && !x3 && !x5 && !x6 && !x7 && !x8 && !x9 && n9 && x2 && x4) || (!n0 && !n1 && !n10 && !n11 && !n12 && !n13 && !n14 && !n15 && !n2 && !n3 && !n4 && !n5 && !n6 && !n7 && !n8 && !x0 && !x1 && !x10 && !x11 && !x12 && !x13 && !x14 && !x15 && !x4 && !x6 && !x7 && !x8 && !x9 && n9 && x2 && x3 && x5) || (!n0 && !n1 && !n10 && !n11 && !n12 && !n13 && !n14 && !n15 && !n2 && !n3 && !n4 && !n5 && !n6 && !n7 && !n8 && !x0 && !x1 && !x10 && !x11 && !x12 && !x13 && !x14 && !x15 && !x5 && !x6 && !x7 && !x8 && !x9 && n9 && x2 && x3 && x4) || (!n0 && !n1 && !n10 && !n11 && !n12 && !n13 && !n14 && !n15 && !n2 && !n3 && !n4 && !n5 && !n6 && !n7 && !n8 && !x1 && !x10 && !x11 && !x12 && !x13 && !x14 && !x15 && !x4 && !x6 && !x7 && !x8 && !x9 && n9 && x0 && x2 && x5) || (!n0 && !n1 && !n10 && !n11 && !n12 && !n13 && !n14 && !n15 && !n2 && !n3 && !n4 && !n5 && !n6 && !n7 && !n8 && !x1 && !x10 && !x11 && !x12 && !x13 && !x14 && !x15 && !x5 && !x6 && !x7 && !x8 && !x9 && n9 && x0 && x2 && x4) || (!n0 && !n1 && !n10 && !n11 && !n12 && !n13 && !n14 && !n15 && !n2 && !n3 && !n4 && !n5 && !n6 && !n7 && !n8 && !x10 && !x11 && !x12 && !x13 && !x14 && !x15 && !x4 && !x6 && !x7 && !x8 && !x9 && n9 && x1 && x2 && x5) || (!n0 && !n1 && !n10 && !n11 && !n12 && !n13 && !n14 && !n15 && !n2 && !n3 && !n4 && !n5 && !n6 && !n7 && !n8 && !x10 && !x11 && !x12 && !x13 && !x14 && !x15 && !x5 && !x6 && !x7 && !x8 && !x9 && n9 && x1 && x2 && x4)
Height of learnt decision tree:  32
Number of terms in the candidate DNF:  10
Total DistEstimate time : 2.4539566040039062
Total Validifier time : 34.28501605987549
Total TreeLearner time : 5.05849289894104
Total time (seconds) : 41.80833172798157

--- Run at 2025-08-25 11:07:46.183169 ---
(!x15) && (!x14) && (!x13) && (!x12) && (!x11) && (!x10) && (!x9) && (!x8) && (!x7) && (!x6) && (!x5) && (!n15) && (!n14) && (!n13) && (!n12) && (!n11) && (!n10) && (!n9) && (n8) && (n7) && (n6) && (n5) && (!n4) && (!n3) && (!n2) && (!n1) && (!n0) && (!n15) && (!n14) && (!n13) && (!n12) && (!n11) && (!n10) && (!n9)
64
Starting model fitting...
--- Fitting took: 0.0025 seconds ---
Starting custom tree build...
--- Custom tree build took: 0.0013 seconds ---
Prediction time : 0.17934060096740723
Initial phase DNF: (!x9 && !x11 && !n13 && !x8 && !n8 && !n0 && x5 && !n4 && !n10 && !n2 && !n6)
Phase : 2
DistEstimate value: 0.0
Validifier value: 1.0
Phase 2 DNF before prediction: (!x9 && !x11 && !n13 && !x8 && !n8 && !n0 && x5 && !n4 && !n10 && !n2 && !n6)
Phase 2 DNF after prediction: n15 && !n15
Successfully reached the desired user error bounds.
Mutation counter: {'split': 4, 'prune': 0}
Next phase total time:  6.942551851272583
Next phase DistEstimate time : 0.6434507369995117
Next phase Validifier time : 5.876224994659424
Next phase TreeLearner time : 0.4217522144317627
Phase : 3
DistEstimate value: 0.0
Validifier value: 1.0
Phase 3 DNF before prediction: (!x9 && !x11 && !n13 && !x8 && !n8 && !n0 && x5 && !n4 && !n10 && !n2 && !n6 && !n11 && !n12 && !n14 && !n7)
Phase 3 DNF after prediction: n15 && !n15
Successfully reached the desired user error bounds.
Mutation counter: {'split': 4, 'prune': 0}
Next phase total time:  6.856966972351074
Next phase DistEstimate time : 0.4562966823577881
Next phase Validifier time : 6.0044450759887695
Next phase TreeLearner time : 0.3951420783996582
Phase : 4
DistEstimate value: 0.0
Validifier value: 1.0
Phase 4 DNF before prediction: (!x9 && !x11 && !n13 && !x8 && !n8 && !n0 && x5 && !n4 && !n10 && !n2 && !n6 && !n11 && !n12 && !n14 && !n7 && !n15 && !x6 && !n3 && !x10)
Phase 4 DNF after prediction: n15 && !n15
Successfully reached the desired user error bounds.
Mutation counter: {'split': 4, 'prune': 0}
Next phase total time:  7.889686822891235
Next phase DistEstimate time : 0.9409513473510742
Next phase Validifier time : 6.4877331256866455
Next phase TreeLearner time : 0.46033644676208496
Phase : 5
DistEstimate value: 0.0
Validifier value: 0.8483333333333334
Phase 5 DNF before prediction: (!x9 && !x11 && !n13 && !x8 && !n8 && !n0 && x5 && !n4 && !n10 && !n2 && !n6 && !n11 && !n12 && !n14 && !n7 && !n15 && !x6 && !n3 && !x10 && !x13 && !x12 && !x15 && !n5)
Phase 5 DNF after prediction: n15 && !n15
Successfully reached the desired user error bounds.
Mutation counter: {'split': 3, 'prune': 0}
Next phase total time:  5.804795265197754
Next phase DistEstimate time : 0.9536809921264648
Next phase Validifier time : 4.395268201828003
Next phase TreeLearner time : 0.455014705657959
Final DistEstimate value:  0.0
Final Validifier value:  0.0
Final candidate learnt:  (!n0 && !n1 && !n10 && !n11 && !n12 && !n13 && !n14 && !n15 && !n2 && !n3 && !n4 && !n5 && !n6 && !n7 && !n8 && !x10 && !x11 && !x12 && !x13 && !x14 && !x15 && !x6 && !x7 && !x8 && !x9 && n9 && x5)
Height of learnt decision tree:  27
Number of terms in the candidate DNF:  1
Total DistEstimate time : 3.7565340995788574
Total Validifier time : 29.704471826553345
Total TreeLearner time : 2.00182843208313
Total time (seconds) : 35.47151303291321

--- Run at 2025-08-25 11:08:48.340283 ---
(!x15) && (!x14) && (!x13) && (!x12) && (!x11) && (!x10) && (!x9) && (!x8) && (!x7) && (!x6) && (!x5) && (!x4) && (!x3) && (!x2) && (!x1) && (!x0) && (!n15) && (!n14) && (!n13) && (!n12) && (!n11) && (!n10) && (!n9) && (n8) && (n7) && (n6) && (!n5) && (!n4) && (!n3) && (!n2) && (!n1) && (!n0) && (!n15) && (!n14) && (!n13) && (!n12) && (!n11) && (!n10) && (!n9)
128
Starting model fitting...
--- Fitting took: 0.0025 seconds ---
Starting custom tree build...
--- Custom tree build took: 0.0013 seconds ---
Prediction time : 0.17821931838989258
Initial phase DNF: (!n0 && n9 && !x3 && !n2 && !n5 && !x10 && !n3 && !x5 && !n13 && !n10)
Phase : 2
DistEstimate value: 0.0
Validifier value: 1.0
Phase 2 DNF before prediction: (!n0 && n9 && !x3 && !n2 && !n5 && !x10 && !n3 && !x5 && !n13 && !n10)
Phase 2 DNF after prediction: n15 && !n15
Successfully reached the desired user error bounds.
Mutation counter: {'split': 6, 'prune': 0}
Next phase total time:  15.451518774032593
Next phase DistEstimate time : 1.432699203491211
Next phase Validifier time : 13.462553262710571
Next phase TreeLearner time : 0.5544559955596924
Phase : 3
DistEstimate value: 0.0
Validifier value: 1.0
Phase 3 DNF before prediction: (!n0 && n9 && !x3 && !n2 && !n5 && !x10 && !n3 && !x5 && !n13 && !n10 && !n11 && !n12 && !n14 && !x15 && !n15 && !n8)
Phase 3 DNF after prediction: n15 && !n15
Successfully reached the desired user error bounds.
Mutation counter: {'split': 6, 'prune': 0}
Next phase total time:  18.21365785598755
Next phase DistEstimate time : 1.366349697113037
Next phase Validifier time : 16.07578444480896
Next phase TreeLearner time : 0.7706639766693115
Phase : 4
DistEstimate value: 0.0
Validifier value: 0.9983333333333333
Phase 4 DNF before prediction: (!n0 && n9 && !x3 && !n2 && !n5 && !x10 && !n3 && !x5 && !n13 && !n10 && !n11 && !n12 && !n14 && !x15 && !n15 && !n8 && !x2 && !x7 && !n1 && !x4 && !n7 && !x1)
Phase 4 DNF after prediction: n15 && !n15
Successfully reached the desired user error bounds.
Mutation counter: {'split': 7, 'prune': 0}
Next phase total time:  8.93843412399292
Next phase DistEstimate time : 1.0962731838226318
Next phase Validifier time : 6.942229509353638
Next phase TreeLearner time : 0.8990154266357422
Phase : 5
DistEstimate value: 0.0
Validifier value: 0.865
Phase 5 DNF before prediction: (!n0 && n9 && !x3 && !n2 && !n5 && !x10 && !n3 && !x5 && !n13 && !n10 && !n11 && !n12 && !n14 && !x15 && !n15 && !n8 && !x2 && !x7 && !n1 && !x4 && !n7 && !x1 && !x14 && !x9 && !x13 && !x11 && x6 && !n6 && !x8)
Phase 5 DNF after prediction: n15 && !n15
Successfully reached the desired user error bounds.
Mutation counter: {'split': 2, 'prune': 0}
Next phase total time:  6.4985198974609375
Next phase DistEstimate time : 1.3685500621795654
Next phase Validifier time : 4.803309440612793
Next phase TreeLearner time : 0.3259854316711426
Phase : 6
DistEstimate value: 0.0
Validifier value: 0.5283333333333333
Phase 6 DNF before prediction: (!n0 && n9 && !x3 && !n2 && !n5 && !x10 && !n3 && !x5 && !n13 && !n10 && !n11 && !n12 && !n14 && !x15 && !n15 && !n8 && !x2 && !x7 && !n1 && !x4 && !n7 && !x1 && !x14 && !x9 && !x13 && !x11 && x6 && !n6 && !x8 && !x0 && !x12)
Phase 6 DNF after prediction: (!n0 && n9 && !x3 && !n2 && !n5 && !x10 && !n3 && !x5 && !n13 && !n10 && !n11 && !n12 && !n14 && !x15 && !n15 && !n8 && !x2 && !x7 && !n1 && !x4 && !n7 && !x1 && !x14 && !x9 && !x13 && !x11 && x6 && !n6 && !x8 && !x0 && !x12)
Successfully reached the desired user error bounds.
Mutation counter: {'split': 1, 'prune': 0}
Next phase total time:  6.484863758087158
Next phase DistEstimate time : 1.506465196609497
Next phase Validifier time : 4.820636987686157
Next phase TreeLearner time : 0.15710973739624023
Final DistEstimate value:  0.0
Final Validifier value:  0.0
Final candidate learnt:  (!n0 && !n1 && !n10 && !n11 && !n12 && !n13 && !n14 && !n15 && !n2 && !n3 && !n4 && !n5 && !n6 && !n7 && !n8 && !x0 && !x1 && !x10 && !x11 && !x12 && !x13 && !x14 && !x15 && !x2 && !x3 && !x4 && !x5 && !x7 && !x8 && !x9 && n9 && x6)
Height of learnt decision tree:  32
Number of terms in the candidate DNF:  1
Total DistEstimate time : 8.246376752853394
Total Validifier time : 53.45649743080139
Total TreeLearner time : 2.9757516384124756
Total time (seconds) : 64.68778157234192

--- Run at 2025-08-25 13:31:01.511221 ---
(!x15) && (!x14) && (!x13) && (!x12) && (!x11) && (!x10) && (!x9) && (!x8) && (!x7) && (!x6) && (!x5) && (!n15) && (!n14) && (!n13) && (!n12) && (!n11) && (!n10) && (!n9) && (n8) && (n7) && (n6) && (!n5) && (!n4) && (!n3) && (!n2) && (!n1) && (!n0) && (!n15) && (!n14) && (!n13) && (!n12) && (!n11) && (!n10) && (!n9)
128
Starting model fitting...
--- Fitting took: 0.0024 seconds ---
Starting custom tree build...
--- Custom tree build took: 0.0012 seconds ---
Prediction time : 0.17506694793701172
Initial phase DNF: (n9 && !n12 && !n8 && !n0 && !x12 && !n3 && !x5 && !n15 && !x15 && !x7)
Phase : 2
DistEstimate value: 0.0
Validifier value: 1.0
Phase 2 DNF before prediction: (n9 && !n12 && !n8 && !n0 && !x12 && !n3 && !x5 && !n15 && !x15 && !x7)
Phase 2 DNF after prediction: n15 && !n15
Successfully reached the desired user error bounds.
Mutation counter: {'split': 4, 'prune': 0}
Next phase total time:  15.407466650009155
Next phase DistEstimate time : 1.4996356964111328
Next phase Validifier time : 13.464194297790527
Next phase TreeLearner time : 0.44243788719177246
Phase : 3
DistEstimate value: 0.0
Validifier value: 1.0
Phase 3 DNF before prediction: (n9 && !n12 && !n8 && !n0 && !x12 && !n3 && !x5 && !n15 && !x15 && !x7 && !n10 && !n5 && !n6 && !x10)
Phase 3 DNF after prediction: n15 && !n15
Successfully reached the desired user error bounds.
Mutation counter: {'split': 4, 'prune': 0}
Next phase total time:  19.505110502243042
Next phase DistEstimate time : 1.4036505222320557
Next phase Validifier time : 17.644917964935303
Next phase TreeLearner time : 0.45558786392211914
Phase : 4
DistEstimate value: 0.0
Validifier value: 1.0
Phase 4 DNF before prediction: (n9 && !n12 && !n8 && !n0 && !x12 && !n3 && !x5 && !n15 && !x15 && !x7 && !n10 && !n5 && !n6 && !x10 && !n11 && !n4 && !x13 && !n7)
Phase 4 DNF after prediction: n15 && !n15
Successfully reached the desired user error bounds.
Mutation counter: {'split': 4, 'prune': 0}
Next phase total time:  30.43031144142151
Next phase DistEstimate time : 1.5290582180023193
Next phase Validifier time : 28.41422128677368
Next phase TreeLearner time : 0.48619651794433594
Phase : 5
DistEstimate value: 0.0
Validifier value: 0.96
Phase 5 DNF before prediction: (n9 && !n12 && !n8 && !n0 && !x12 && !n3 && !x5 && !n15 && !x15 && !x7 && !n10 && !n5 && !n6 && !x10 && !n11 && !n4 && !x13 && !n7 && !n13 && !n14 && !n2 && !x9)
Phase 5 DNF after prediction: n15 && !n15
Successfully reached the desired user error bounds.
Mutation counter: {'split': 4, 'prune': 0}
Next phase total time:  29.118192672729492
Next phase DistEstimate time : 1.2265219688415527
Next phase Validifier time : 27.331870794296265
Next phase TreeLearner time : 0.5590169429779053
Phase : 6
DistEstimate value: 0.0
Validifier value: 0.47
Phase 6 DNF before prediction: (n9 && !n12 && !n8 && !n0 && !x12 && !n3 && !x5 && !n15 && !x15 && !x7 && !n10 && !n5 && !n6 && !x10 && !n11 && !n4 && !x13 && !n7 && !n13 && !n14 && !n2 && !x9 && !n1 && !x8 && !x14 && !x11)
Phase 6 DNF after prediction: (n9 && !n12 && !n8 && !n0 && !x12 && !n3 && !x5 && !n15 && !x15 && !x7 && !n10 && !n5 && !n6 && !x10 && !n11 && !n4 && !x13 && !n7 && !n13 && !n14 && !n2 && !x9 && !n1 && !x8 && !x14 && !x11)
Successfully reached the desired user error bounds.
Mutation counter: {'split': 1, 'prune': 0}
Next phase total time:  7.509118556976318
Next phase DistEstimate time : 1.4647531509399414
Next phase Validifier time : 5.886842250823975
Next phase TreeLearner time : 0.156569242477417
Final DistEstimate value:  0.0
Final Validifier value:  0.0
Final candidate learnt:  (!n0 && !n1 && !n10 && !n11 && !n12 && !n13 && !n14 && !n15 && !n2 && !n3 && !n4 && !n5 && !n6 && !n7 && !n8 && !x10 && !x11 && !x12 && !x13 && !x14 && !x15 && !x5 && !x7 && !x8 && !x9 && n9 && x6)
Height of learnt decision tree:  27
Number of terms in the candidate DNF:  1
Total DistEstimate time : 8.740790367126465
Total Validifier time : 99.9917893409729
Total TreeLearner time : 2.365187644958496
Total time (seconds) : 111.10685181617737

--- Run at 2025-08-25 13:32:31.496145 ---
No distestimate results found for Bin1
Traceback (most recent call last):
  File "/Users/arnabray/Codes/PRORP/PRORP/src/TreeLearner/TreeLearner.py", line 405, in <module>
    TreeLearner()
  File "/Users/arnabray/Codes/PRORP/PRORP/src/TreeLearner/TreeLearner.py", line 278, in TreeLearner
    y = df["label"].values
  File "/Users/arnabray/Library/Python/3.9/lib/python/site-packages/pandas/core/frame.py", line 4102, in __getitem__
    indexer = self.columns.get_loc(key)
  File "/Users/arnabray/Library/Python/3.9/lib/python/site-packages/pandas/core/indexes/range.py", line 417, in get_loc
    raise KeyError(key)
KeyError: 'label'

--- Run at 2025-12-22 22:53:14.925522 ---
No distestimate results found for Bin1
Traceback (most recent call last):
  File "/Users/arnabray/Codes/PRORP/PRORP/src/TreeLearner/TreeLearner.py", line 405, in <module>
    TreeLearner()
  File "/Users/arnabray/Codes/PRORP/PRORP/src/TreeLearner/TreeLearner.py", line 278, in TreeLearner
    y = df["label"].values
  File "/Users/arnabray/Library/Python/3.9/lib/python/site-packages/pandas/core/frame.py", line 4102, in __getitem__
    indexer = self.columns.get_loc(key)
  File "/Users/arnabray/Library/Python/3.9/lib/python/site-packages/pandas/core/indexes/range.py", line 417, in get_loc
    raise KeyError(key)
KeyError: 'label'

--- Run at 2025-12-22 23:23:17.170877 ---
