No distestimate results found for BinMod
Traceback (most recent call last):
  File "/Users/arnabray/Codes/PRORP/PRORP/src/TreeLearner/TreeLearner.py", line 405, in <module>
    TreeLearner()
  File "/Users/arnabray/Codes/PRORP/PRORP/src/TreeLearner/TreeLearner.py", line 278, in TreeLearner
    y = df["label"].values
  File "/Users/arnabray/Library/Python/3.9/lib/python/site-packages/pandas/core/frame.py", line 4102, in __getitem__
    indexer = self.columns.get_loc(key)
  File "/Users/arnabray/Library/Python/3.9/lib/python/site-packages/pandas/core/indexes/range.py", line 417, in get_loc
    raise KeyError(key)
KeyError: 'label'

--- Run at 2025-12-25 21:21:56.947999 ---
Initial phase DNF: (!n15 && !n14 && !n13 && !n12 && !n11 && !n10 && n9 && !n8 && !n7 && !n6 && !n5 && !n4 && !n3 && !n2 && !n1 && !n0 && !x15 && !x14 && !x13 && !x12 && !x11 && !x10 && !x9 && !x8 && !x7 && !x6 && !x5 && !x4 && !x3 && !x2 && x1 && !x0)
Final DistEstimate value: 0.0
Final Validifier value: 0.0
Final candidate learnt: (!n0 && !n1 && !n10 && !n11 && !n12 && !n13 && !n14 && !n15 && !n2 && !n3 && !n4 && !n5 && !n6 && !n7 && !n8 && !x0 && !x10 && !x11 && !x12 && !x13 && !x14 && !x15 && !x2 && !x3 && !x4 && !x5 && !x6 && !x7 && !x8 && !x9 && n9 && x1)
Height of learnt decision tree: 32
Number of terms in the candidate DNF: 1
Total DistEstimate time: 0.5201537609100342
Total Validifier time: 5.885217905044556
Total TreeLearner time: 0.006285905838012695
Total time (seconds): 6.428694009780884

--- Run at 2025-12-25 21:39:24.673751 ---
Initial phase DNF: (!n15 && !n14 && !n13 && !n12 && !n11 && !n10 && n9 && !n8 && !n7 && !n6 && !n5 && !n4 && !n3 && !n2 && !n1 && !n0 && !x15 && !x14 && !x13 && !x12 && !x11 && !x10 && !x9 && !x8 && !x7 && !x6 && !x5 && !x4 && !x3 && x2 && !x1 && x0) ||
(!n15 && !n14 && !n13 && !n12 && !n11 && !n10 && n9 && !n8 && !n7 && !n6 && !n5 && !n4 && !n3 && !n2 && !n1 && !n0 && !x15 && !x14 && !x13 && !x12 && !x11 && !x10 && !x9 && !x8 && !x7 && !x6 && !x5 && !x4 && !x3 && !x2 && !x1 && x0) ||
(!n15 && !n14 && !n13 && !n12 && !n11 && !n10 && n9 && !n8 && !n7 && !n6 && !n5 && !n4 && !n3 && !n2 && !n1 && !n0 && !x15 && !x14 && !x13 && !x12 && !x11 && !x10 && !x9 && !x8 && !x7 && !x6 && !x5 && !x4 && !x3 && !x2 && x1 && !x0) ||
(!n15 && !n14 && !n13 && !n12 && !n11 && !n10 && n9 && !n8 && !n7 && !n6 && !n5 && !n4 && !n3 && !n2 && !n1 && !n0 && !x15 && !x14 && !x13 && !x12 && !x11 && !x10 && !x9 && !x8 && !x7 && !x6 && !x5 && !x4 && !x3 && x2 && x1 && !x0) ||
(!n15 && !n14 && !n13 && !n12 && !n11 && !n10 && n9 && !n8 && !n7 && !n6 && !n5 && !n4 && !n3 && !n2 && !n1 && !n0 && !x15 && !x14 && !x13 && !x12 && !x11 && !x10 && !x9 && !x8 && !x7 && !x6 && !x5 && !x4 && !x3 && !x2 && x1 && x0) ||
(!n15 && !n14 && !n13 && !n12 && !n11 && !n10 && n9 && !n8 && !n7 && !n6 && !n5 && !n4 && !n3 && !n2 && !n1 && !n0 && !x15 && !x14 && !x13 && !x12 && !x11 && !x10 && !x9 && !x8 && !x7 && !x6 && !x5 && !x4 && !x3 && x2 && !x1 && !x0) ||
(!n15 && !n14 && !n13 && !n12 && !n11 && !n10 && n9 && !n8 && !n7 && !n6 && !n5 && !n4 && !n3 && !n2 && !n1 && !n0 && !x15 && !x14 && !x13 && !x12 && !x11 && !x10 && !x9 && !x8 && !x7 && !x6 && !x5 && !x4 && !x3 && !x2 && !x1 && !x0)
Final DistEstimate value: 0.0
Final Validifier value: 0.0
Final candidate learnt: (!n0 && !n1 && !n10 && !n11 && !n12 && !n13 && !n14 && !n15 && !n2 && !n3 && !n4 && !n5 && !n6 && !n7 && !n8 && !x1 && !x10 && !x11 && !x12 && !x13 && !x14 && !x15 && !x3 && !x4 && !x5 && !x6 && !x7 && !x8 && !x9 && n9 && x0 && x2) || (!n0 && !n1 && !n10 && !n11 && !n12 && !n13 && !n14 && !n15 && !n2 && !n3 && !n4 && !n5 && !n6 && !n7 && !n8 && !x1 && !x10 && !x11 && !x12 && !x13 && !x14 && !x15 && !x2 && !x3 && !x4 && !x5 && !x6 && !x7 && !x8 && !x9 && n9 && x0) || (!n0 && !n1 && !n10 && !n11 && !n12 && !n13 && !n14 && !n15 && !n2 && !n3 && !n4 && !n5 && !n6 && !n7 && !n8 && !x0 && !x10 && !x11 && !x12 && !x13 && !x14 && !x15 && !x2 && !x3 && !x4 && !x5 && !x6 && !x7 && !x8 && !x9 && n9 && x1) || (!n0 && !n1 && !n10 && !n11 && !n12 && !n13 && !n14 && !n15 && !n2 && !n3 && !n4 && !n5 && !n6 && !n7 && !n8 && !x0 && !x10 && !x11 && !x12 && !x13 && !x14 && !x15 && !x3 && !x4 && !x5 && !x6 && !x7 && !x8 && !x9 && n9 && x1 && x2) || (!n0 && !n1 && !n10 && !n11 && !n12 && !n13 && !n14 && !n15 && !n2 && !n3 && !n4 && !n5 && !n6 && !n7 && !n8 && !x10 && !x11 && !x12 && !x13 && !x14 && !x15 && !x2 && !x3 && !x4 && !x5 && !x6 && !x7 && !x8 && !x9 && n9 && x0 && x1) || (!n0 && !n1 && !n10 && !n11 && !n12 && !n13 && !n14 && !n15 && !n2 && !n3 && !n4 && !n5 && !n6 && !n7 && !n8 && !x0 && !x1 && !x10 && !x11 && !x12 && !x13 && !x14 && !x15 && !x3 && !x4 && !x5 && !x6 && !x7 && !x8 && !x9 && n9 && x2) || (!n0 && !n1 && !n10 && !n11 && !n12 && !n13 && !n14 && !n15 && !n2 && !n3 && !n4 && !n5 && !n6 && !n7 && !n8 && !x0 && !x1 && !x10 && !x11 && !x12 && !x13 && !x14 && !x15 && !x2 && !x3 && !x4 && !x5 && !x6 && !x7 && !x8 && !x9 && n9)
Height of learnt decision tree: 32
Number of terms in the candidate DNF: 7
Total DistEstimate time: 0.5214838981628418
Total Validifier time: 17.185280799865723
Total TreeLearner time: 0.003412961959838867
Total time (seconds): 17.729455709457397

--- Run at 2025-12-25 21:39:47.812363 ---
Initial phase DNF: (!n15 && !n14 && !n13 && !n12 && !n11 && !n10 && n9 && !n8 && !n7 && !n6 && !n5 && !n4 && !n3 && !n2 && !n1 && !n0 && !x15 && !x14 && !x13 && !x12 && !x11 && !x10 && !x9 && !x8 && !x7 && !x6 && !x5 && !x4 && !x3 && !x2 && x1 && !x0)
Final DistEstimate value: 0.0
Final Validifier value: 0.0
Final candidate learnt: (!n0 && !n1 && !n10 && !n11 && !n12 && !n13 && !n14 && !n15 && !n2 && !n3 && !n4 && !n5 && !n6 && !n7 && !n8 && !x0 && !x10 && !x11 && !x12 && !x13 && !x14 && !x15 && !x2 && !x3 && !x4 && !x5 && !x6 && !x7 && !x8 && !x9 && n9 && x1)
Height of learnt decision tree: 32
Number of terms in the candidate DNF: 1
Total DistEstimate time: 0.47384023666381836
Total Validifier time: 5.2588629722595215
Total TreeLearner time: 0.006618976593017578
Total time (seconds): 5.755612850189209

--- Run at 2025-12-25 21:42:43.634227 ---
Initial phase DNF: (!n15 && !n14 && !n13 && !n12 && !n11 && !n10 && n9 && !n8 && !n7 && !n6 && !n5 && !n4 && !n3 && !n2 && !n1 && !n0 && !x15 && !x14 && !x13 && !x12 && !x11 && !x10 && !x9 && !x8 && !x7 && !x6 && !x5 && x4 && !x3 && !x2 && !x1 && !x0)
Final DistEstimate value: 0.0
Final Validifier value: 0.0
Final candidate learnt: (!n0 && !n1 && !n10 && !n11 && !n12 && !n13 && !n14 && !n15 && !n2 && !n3 && !n4 && !n5 && !n6 && !n7 && !n8 && !x0 && !x1 && !x10 && !x11 && !x12 && !x13 && !x14 && !x15 && !x2 && !x3 && !x5 && !x6 && !x7 && !x8 && !x9 && n9 && x4)
Height of learnt decision tree: 32
Number of terms in the candidate DNF: 1
Total DistEstimate time: 0.457385778427124
Total Validifier time: 3.9896159172058105
Total TreeLearner time: 0.006499052047729492
Total time (seconds): 4.46924614906311

--- Run at 2025-12-25 21:56:10.560695 ---
Initial phase DNF: (!n15 && !n14 && !n13 && !n12 && !n11 && !n10 && n9 && !n8 && !n7 && !n6 && !n5 && !n4 && !n3 && !n2 && !n1 && !n0 && !x15 && !x14 && !x13 && !x12 && !x11 && !x10 && !x9 && !x8 && !x7 && !x6 && !x5 && x4 && !x3 && !x2 && !x1 && !x0)
Final DistEstimate value: 0.0
Final Validifier value: 0.0
Final candidate learnt: (!n0 && !n1 && !n10 && !n11 && !n12 && !n13 && !n14 && !n15 && !n2 && !n3 && !n4 && !n5 && !n6 && !n7 && !n8 && !x0 && !x1 && !x10 && !x11 && !x12 && !x13 && !x14 && !x15 && !x2 && !x3 && !x5 && !x6 && !x7 && !x8 && !x9 && n9 && x4)
Height of learnt decision tree: 32
Number of terms in the candidate DNF: 1
Total DistEstimate time: 0.4758951663970947
Total Validifier time: 3.9771840572357178
Total TreeLearner time: 0.00692296028137207
Total time (seconds): 4.475470066070557

--- Run at 2025-12-25 22:22:29.387185 ---
