(!count15) && (!count14) && (!count13) && (!count12) && (!count11) && (!count10) && (!count9) && (!count8) && (!count7) && (!count6) && (!count5) && (!count4) && (!count3) && (!count2) && (!count1) && (!count0) && (!n15) && (!n14) && (!n13) && (!n12) && (!n11) && (!n10) && (!n9) && (!n8) && (!n7) && (n15 || n14 || n13 || n12 || n11 || n10 || n9 || n8 || n7 || n6 || n5 || n4 || n3 || n2 || n1 || n0)
128
Starting model fitting...
--- Fitting took: 0.0019 seconds ---
Starting custom tree build...
--- Custom tree build took: 0.0014 seconds ---
Prediction time : 0.05098080635070801
Initial phase DNF: (!n6 && !count9 && !count11 && !n3 && !n7)
Phase : 2
DistEstimate value: 0.0
Validifier value: 0.9741379310344828
Phase 2 DNF before prediction: (!n6 && !count9 && !count11 && !n3 && !n7)
Phase 2 DNF after prediction: (!n6 && !count9 && !count11 && !n3 && !n7)
Successfully reached the desired user error bounds.
Mutation counter: {'split': 3, 'prune': 0}
Next phase total time:  57.84531593322754
Next phase DistEstimate time : 0.5313048362731934
Next phase Validifier time : 57.180761098861694
Next phase TreeLearner time : 0.12961483001708984
Phase : 3
DistEstimate value: 0.0
Validifier value: 0.7844827586206896
Phase 3 DNF before prediction: (!n6 && !count9 && !count11 && !n3 && !n7 && !count14 && !count13 && !count15)
Phase 3 DNF after prediction: (!n6 && !count9 && !count11 && !n3 && !n7 && !count14 && !count13 && !count15)
Successfully reached the desired user error bounds.
Mutation counter: {'split': 2, 'prune': 0}
Next phase total time:  42.37317776679993
Next phase DistEstimate time : 0.5418539047241211
Next phase Validifier time : 41.71715307235718
Next phase TreeLearner time : 0.10828995704650879
Phase : 4
DistEstimate value: 0.0
Validifier value: 0.27586206896551724
Phase 4 DNF before prediction: (!n6 && !count9 && !count11 && !n3 && !n7 && !count14 && !count13 && !count15 && !count12 && !count10)
Phase 4 DNF after prediction: (!n6 && !count9 && !count11 && !n3 && !n7 && !count14 && !count13 && !count15 && !count12 && !count10)
Successfully reached the desired user error bounds.
Mutation counter: {'split': 2, 'prune': 0}
Next phase total time:  44.96075797080994
Next phase DistEstimate time : 0.5427398681640625
Next phase Validifier time : 44.299182176589966
Next phase TreeLearner time : 0.11486291885375977
Final DistEstimate value:  0.0
Check for DistEstimate value : 0.0
Final Validifier value:  0.017241379310344827
Check for Validifier value : 0.017241379310344827
Final candidate learnt:  (!count10 && !count11 && !count12 && !count13 && !count14 && !count15 && !count8 && !count9 && !n0 && !n1 && !n10 && !n11 && !n12 && !n13 && !n14 && !n15 && !n2 && !n3 && !n4 && !n5 && !n6 && !n7 && !n8 && !n9) || (!count10 && !count11 && !count12 && !count13 && !count14 && !count15 && !count7 && !count9 && !n0 && !n1 && !n10 && !n11 && !n12 && !n13 && !n14 && !n15 && !n2 && !n3 && !n4 && !n5 && !n6 && !n7 && !n8 && !n9 && count8)
Height of learnt decision tree:  25
Number of terms in the candidate DNF:  2
Total DistEstimate time : 2.160895824432373
Total Validifier time : 208.81875109672546
Total TreeLearner time : 0.4169645309448242
Total time (seconds) : 211.4242889881134

--- Run at 2025-10-29 12:06:31.177110 ---


