(!c15) && (!c14) && (!c13) && (!c12) && (!c11) && (!c10) && (!c9) && (!c8) && (!c7) && (!c6) && (!c5) && (!c4) && (!c3) && (!c2) && (!c1) && (!c0) && (!b15) && (!b14) && (!b13) && (!b12) && (!b11) && (!b10) && (!b9) && (!b8) && (!b7) && (b6) && (!b5) && (!b4) && (!b3) && (!b2) && (!b1) && (!b0) && (!rounds15) && (!rounds14) && (!rounds13) && (!rounds12) && (!rounds11) && (!rounds10) && (!rounds9) && (!rounds8) && (!rounds7) && (!rounds6) && (!rounds5) && (!rounds4) && (!rounds3) && (!rounds2) && (!rounds1) && (!rounds0) && (b15 || b14 || b13 || b12 || b11 || b10 || b9 || b8 || b7 || b6 || b5 || b4 || b3 || b2 || b1 || b0)
32
Starting model fitting...
--- Fitting took: 0.0045 seconds ---
Starting custom tree build...
--- Custom tree build took: 0.0013 seconds ---
Prediction time : 0.29583001136779785
Initial phase DNF: (!rounds12 && !c9 && !b9 && !b8 && !c13 && !c10 && !c5 && !b1 && !c3 && !b2)
Phase : 2
DistEstimate value: 0.0
Validifier value: 1.0
Phase 2 DNF before prediction: (!rounds12 && !c9 && !b9 && !b8 && !c13 && !c10 && !c5 && !b1 && !c3 && !b2)
Phase 2 DNF after prediction: c15 && !c15
Successfully reached the desired user error bounds.
Mutation counter: {'split': 5, 'prune': 0}
Next phase total time:  5.705252170562744
Next phase DistEstimate time : 0.1327505111694336
Next phase Validifier time : 4.968338251113892
Next phase TreeLearner time : 0.6032476425170898
Phase : 3
DistEstimate value: 0.0
Validifier value: 1.0
Phase 3 DNF before prediction: (!rounds12 && !c9 && !b9 && !b8 && !c13 && !c10 && !c5 && !b1 && !c3 && !b2 && !rounds4 && !rounds15 && !rounds14 && !c12 && !rounds6)
Phase 3 DNF after prediction: c15 && !c15
Successfully reached the desired user error bounds.
Mutation counter: {'split': 5, 'prune': 0}
Next phase total time:  5.691382169723511
Next phase DistEstimate time : 0.11771941184997559
Next phase Validifier time : 4.945687294006348
Next phase TreeLearner time : 0.627023458480835
Phase : 4
DistEstimate value: 0.0
Validifier value: 1.0
Phase 4 DNF before prediction: (!rounds12 && !c9 && !b9 && !b8 && !c13 && !c10 && !c5 && !b1 && !c3 && !b2 && !rounds4 && !rounds15 && !rounds14 && !c12 && !rounds6 && !c14 && !c11 && !rounds13 && !c0 && !c1)
Phase 4 DNF after prediction: c15 && !c15
Successfully reached the desired user error bounds.
Mutation counter: {'split': 6, 'prune': 0}
Next phase total time:  6.170259237289429
Next phase DistEstimate time : 0.14038944244384766
Next phase Validifier time : 5.081933498382568
Next phase TreeLearner time : 0.947075366973877
Phase : 5
DistEstimate value: 0.0
Validifier value: 0.9883333333333333
Phase 5 DNF before prediction: (!rounds12 && !c9 && !b9 && !b8 && !c13 && !c10 && !c5 && !b1 && !c3 && !b2 && !rounds4 && !rounds15 && !rounds14 && !c12 && !rounds6 && !c14 && !c11 && !rounds13 && !c0 && !c1 && !c15 && !c4 && !c2 && !rounds9 && !c7 && !rounds8)
Phase 5 DNF after prediction: c15 && !c15
Successfully reached the desired user error bounds.
Mutation counter: {'split': 5, 'prune': 0}
Next phase total time:  5.923374176025391
Next phase DistEstimate time : 0.1494760513305664
Next phase Validifier time : 4.876240968704224
Next phase TreeLearner time : 0.896597146987915
Phase : 6
DistEstimate value: 0.013333333333333308
Validifier value: 0.785
Phase 6 DNF before prediction: (!rounds12 && !c9 && !b9 && !b8 && !c13 && !c10 && !c5 && !b1 && !c3 && !b2 && !rounds4 && !rounds15 && !rounds14 && !c12 && !rounds6 && !c14 && !c11 && !rounds13 && !c0 && !c1 && !c15 && !c4 && !c2 && !rounds9 && !c7 && !rounds8 && !rounds7 && !rounds3 && !rounds10 && !c8 && !rounds11)
Phase 6 DNF after prediction: c15 && !c15
Successfully reached the desired user error bounds.
Mutation counter: {'split': 2, 'prune': 0}
Next phase total time:  5.145315885543823
Next phase DistEstimate time : 0.1175985336303711
Next phase Validifier time : 4.586982011795044
Next phase TreeLearner time : 0.43998050689697266
Phase : 7
DistEstimate value: 0.0
Validifier value: 0.12333333333333334
Phase 7 DNF before prediction: (!rounds12 && !c9 && !b9 && !b8 && !c13 && !c10 && !c5 && !b1 && !c3 && !b2 && !rounds4 && !rounds15 && !rounds14 && !c12 && !rounds6 && !c14 && !c11 && !rounds13 && !c0 && !c1 && !c15 && !c4 && !c2 && !rounds9 && !c7 && !rounds8 && !rounds7 && !rounds3 && !rounds10 && !c8 && !rounds11 && c6 && !rounds5)
Phase 7 DNF after prediction: (!rounds12 && !c9 && !b9 && !b8 && !c13 && !c10 && !c5 && !b1 && !c3 && !b2 && !rounds4 && !rounds15 && !rounds14 && !c12 && !rounds6 && !c14 && !c11 && !rounds13 && !c0 && !c1 && !c15 && !c4 && !c2 && !rounds9 && !c7 && !rounds8 && !rounds7 && !rounds3 && !rounds10 && !c8 && !rounds11 && c6 && !rounds5)
Successfully reached the desired user error bounds.
Mutation counter: {'split': 1, 'prune': 0}
Next phase total time:  5.044923305511475
Next phase DistEstimate time : 0.13231825828552246
Next phase Validifier time : 4.67380690574646
Next phase TreeLearner time : 0.2380354404449463
Phase : 8
DistEstimate value: 0.00666666666666671
Validifier value: 0.15333333333333332
Phase 8 DNF before prediction: (!rounds12 && !c9 && !b9 && !b8 && !c13 && !c10 && !c5 && !b1 && !c3 && !b2 && !rounds4 && !rounds15 && !rounds14 && !c12 && !rounds6 && !c14 && !c11 && !rounds13 && !c0 && !c1 && !c15 && !c4 && !c2 && !rounds9 && !c7 && !rounds8 && !rounds7 && !rounds3 && !rounds10 && !c8 && !rounds11 && c6 && !rounds5 && !rounds0) || (!rounds12 && !c9 && !b9 && !b8 && !c13 && !c10 && !c5 && !b1 && !c3 && !b2 && !rounds4 && !rounds15 && !rounds14 && !c12 && !rounds6 && !c14 && !c11 && !rounds13 && !c0 && !c1 && !c15 && !c4 && !c2 && !rounds9 && !c7 && !rounds8 && !rounds7 && !rounds3 && !rounds10 && !c8 && !rounds11 && c6 && !rounds5 && rounds0)
Phase 8 DNF after prediction: (!rounds12 && !c9 && !b9 && !b8 && !c13 && !c10 && !c5 && !b1 && !c3 && !b2 && !rounds4 && !rounds15 && !rounds14 && !c12 && !rounds6 && !c14 && !c11 && !rounds13 && !c0 && !c1 && !c15 && !c4 && !c2 && !rounds9 && !c7 && !rounds8 && !rounds7 && !rounds3 && !rounds10 && !c8 && !rounds11 && c6 && !rounds5 && !rounds0) || (!rounds12 && !c9 && !b9 && !b8 && !c13 && !c10 && !c5 && !b1 && !c3 && !b2 && !rounds4 && !rounds15 && !rounds14 && !c12 && !rounds6 && !c14 && !c11 && !rounds13 && !c0 && !c1 && !c15 && !c4 && !c2 && !rounds9 && !c7 && !rounds8 && !rounds7 && !rounds3 && !rounds10 && !c8 && !rounds11 && c6 && !rounds5 && rounds0)
Successfully reached the desired user error bounds.
Mutation counter: {'split': 1, 'prune': 0}
Next phase total time:  4.955103158950806
Next phase DistEstimate time : 0.12354636192321777
Next phase Validifier time : 4.640113830566406
Next phase TreeLearner time : 0.1904458999633789
Phase : 9
DistEstimate value: 0.00666666666666671
Validifier value: 0.11666666666666667
Phase 9 DNF before prediction: (!rounds12 && !c9 && !b9 && !b8 && !c13 && !c10 && !c5 && !b1 && !c3 && !b2 && !rounds4 && !rounds15 && !rounds14 && !c12 && !rounds6 && !c14 && !c11 && !rounds13 && !c0 && !c1 && !c15 && !c4 && !c2 && !rounds9 && !c7 && !rounds8 && !rounds7 && !rounds3 && !rounds10 && !c8 && !rounds11 && c6 && !rounds5 && !rounds0 && !rounds1) || (!rounds12 && !c9 && !b9 && !b8 && !c13 && !c10 && !c5 && !b1 && !c3 && !b2 && !rounds4 && !rounds15 && !rounds14 && !c12 && !rounds6 && !c14 && !c11 && !rounds13 && !c0 && !c1 && !c15 && !c4 && !c2 && !rounds9 && !c7 && !rounds8 && !rounds7 && !rounds3 && !rounds10 && !c8 && !rounds11 && c6 && !rounds5 && !rounds0 && rounds1) || (!rounds12 && !c9 && !b9 && !b8 && !c13 && !c10 && !c5 && !b1 && !c3 && !b2 && !rounds4 && !rounds15 && !rounds14 && !c12 && !rounds6 && !c14 && !c11 && !rounds13 && !c0 && !c1 && !c15 && !c4 && !c2 && !rounds9 && !c7 && !rounds8 && !rounds7 && !rounds3 && !rounds10 && !c8 && !rounds11 && c6 && !rounds5 && rounds0)
Phase 9 DNF after prediction: (!rounds12 && !c9 && !b9 && !b8 && !c13 && !c10 && !c5 && !b1 && !c3 && !b2 && !rounds4 && !rounds15 && !rounds14 && !c12 && !rounds6 && !c14 && !c11 && !rounds13 && !c0 && !c1 && !c15 && !c4 && !c2 && !rounds9 && !c7 && !rounds8 && !rounds7 && !rounds3 && !rounds10 && !c8 && !rounds11 && c6 && !rounds5 && !rounds0 && !rounds1) || (!rounds12 && !c9 && !b9 && !b8 && !c13 && !c10 && !c5 && !b1 && !c3 && !b2 && !rounds4 && !rounds15 && !rounds14 && !c12 && !rounds6 && !c14 && !c11 && !rounds13 && !c0 && !c1 && !c15 && !c4 && !c2 && !rounds9 && !c7 && !rounds8 && !rounds7 && !rounds3 && !rounds10 && !c8 && !rounds11 && c6 && !rounds5 && !rounds0 && rounds1) || (!rounds12 && !c9 && !b9 && !b8 && !c13 && !c10 && !c5 && !b1 && !c3 && !b2 && !rounds4 && !rounds15 && !rounds14 && !c12 && !rounds6 && !c14 && !c11 && !rounds13 && !c0 && !c1 && !c15 && !c4 && !c2 && !rounds9 && !c7 && !rounds8 && !rounds7 && !rounds3 && !rounds10 && !c8 && !rounds11 && c6 && !rounds5 && rounds0)
Successfully reached the desired user error bounds.
Mutation counter: {'split': 1, 'prune': 0}
Next phase total time:  4.757966995239258
Next phase DistEstimate time : 0.13730669021606445
Next phase Validifier time : 4.410348176956177
Next phase TreeLearner time : 0.2095508575439453
Final DistEstimate value:  0.013333333333333308
Final Validifier value:  0.0
Final candidate learnt:  (!b0 && !b1 && !b10 && !b11 && !b12 && !b13 && !b14 && !b15 && !b2 && !b3 && !b4 && !b5 && !b6 && !b7 && !b8 && !b9 && !c0 && !c1 && !c10 && !c11 && !c12 && !c13 && !c14 && !c15 && !c2 && !c3 && !c4 && !c5 && !c7 && !c8 && !c9 && !rounds0 && !rounds1 && !rounds10 && !rounds11 && !rounds12 && !rounds13 && !rounds14 && !rounds15 && !rounds3 && !rounds4 && !rounds5 && !rounds6 && !rounds7 && !rounds8 && !rounds9 && c6 && rounds2) || (!b0 && !b1 && !b10 && !b11 && !b12 && !b13 && !b14 && !b15 && !b2 && !b3 && !b4 && !b5 && !b6 && !b7 && !b8 && !b9 && !c0 && !c1 && !c10 && !c11 && !c12 && !c13 && !c14 && !c15 && !c2 && !c3 && !c4 && !c5 && !c7 && !c8 && !c9 && !rounds0 && !rounds10 && !rounds11 && !rounds12 && !rounds13 && !rounds14 && !rounds15 && !rounds3 && !rounds4 && !rounds5 && !rounds6 && !rounds7 && !rounds8 && !rounds9 && c6 && rounds1) || (!b0 && !b1 && !b10 && !b11 && !b12 && !b13 && !b14 && !b15 && !b2 && !b3 && !b4 && !b5 && !b6 && !b7 && !b8 && !b9 && !c0 && !c1 && !c10 && !c11 && !c12 && !c13 && !c14 && !c15 && !c2 && !c3 && !c4 && !c5 && !c7 && !c8 && !c9 && !rounds10 && !rounds11 && !rounds12 && !rounds13 && !rounds14 && !rounds15 && !rounds3 && !rounds4 && !rounds5 && !rounds6 && !rounds7 && !rounds8 && !rounds9 && c6 && rounds0)
Height of learnt decision tree:  48
Number of terms in the candidate DNF:  3
Total DistEstimate time : 1.1866450309753418
Total Validifier time : 42.97928476333618
Total TreeLearner time : 4.641494035720825
Total time (seconds) : 48.82078552246094

--- Run at 2025-08-31 17:19:29.432365 ---
(!c15) && (!c14) && (!c13) && (!c12) && (!c11) && (!c10) && (!c9) && (!c8) && (!c7) && (!c6) && (!c5) && (!c4) && (!c3) && (!c2) && (!c1) && (!c0) && (!b15) && (!b14) && (!b13) && (!b12) && (!b11) && (!b10) && (!b9) && (!b8) && (!b7) && (b6) && (!b5) && (!b4) && (!b3) && (!b2) && (!b1) && (!b0) && (!rounds15) && (!rounds14) && (!rounds13) && (!rounds12) && (!rounds11) && (!rounds10) && (!rounds9) && (!rounds8) && (!rounds7) && (!rounds6) && (!rounds5) && (!rounds4) && (!rounds3) && (!rounds2) && (!rounds1) && (!rounds0) && (b15 || b14 || b13 || b12 || b11 || b10 || b9 || b8 || b7 || b6 || b5 || b4 || b3 || b2 || b1 || b0)
32
Starting model fitting...
--- Fitting took: 0.0048 seconds ---
Starting custom tree build...
--- Custom tree build took: 0.0016 seconds ---
Prediction time : 0.3034334182739258
Initial phase DNF: (!rounds12 && !rounds9 && c6 && !b4 && !b7 && !rounds10 && !b13 && !rounds7 && !b1 && !c10 && !rounds1) || (!rounds12 && !rounds9 && c6 && !b4 && !b7 && !rounds10 && !b13 && !rounds7 && !b1 && !c10 && rounds1)
Phase : 2
DistEstimate value: 0.0
Validifier value: 1.0
Phase 2 DNF before prediction: (!rounds12 && !rounds9 && c6 && !b4 && !b7 && !rounds10 && !b13 && !rounds7 && !b1 && !c10 && !rounds1) || (!rounds12 && !rounds9 && c6 && !b4 && !b7 && !rounds10 && !b13 && !rounds7 && !b1 && !c10 && rounds1)
Phase 2 DNF after prediction: c15 && !c15
Successfully reached the desired user error bounds.
Mutation counter: {'split': 7, 'prune': 0}
Next phase total time:  5.633792400360107
Next phase DistEstimate time : 0.11713886260986328
Next phase Validifier time : 4.833433151245117
Next phase TreeLearner time : 0.6824572086334229
Phase : 3
DistEstimate value: 0.0
Validifier value: 1.0
Phase 3 DNF before prediction: (!rounds12 && !rounds9 && c6 && !b4 && !b7 && !rounds10 && !b13 && !rounds7 && !b1 && !c10 && !rounds1 && !rounds4 && !c5 && !c0) || (!rounds12 && !rounds9 && c6 && !b4 && !b7 && !rounds10 && !b13 && !rounds7 && !b1 && !c10 && rounds1 && !c13 && !rounds6 && !rounds11 && !c15)
Phase 3 DNF after prediction: c15 && !c15
Successfully reached the desired user error bounds.
Mutation counter: {'split': 8, 'prune': 0}
Next phase total time:  6.282119274139404
Next phase DistEstimate time : 0.14514851570129395
Next phase Validifier time : 4.995765447616577
Next phase TreeLearner time : 1.1399898529052734
Phase : 4
DistEstimate value: 0.0
Validifier value: 1.0
Phase 4 DNF before prediction: (!rounds12 && !rounds9 && c6 && !b4 && !b7 && !rounds10 && !b13 && !rounds7 && !b1 && !c10 && !rounds1 && !rounds4 && !c5 && !c0 && !c9 && !c3 && !c12 && !c2 && !rounds6) || (!rounds12 && !rounds9 && c6 && !b4 && !b7 && !rounds10 && !b13 && !rounds7 && !b1 && !c10 && rounds1 && !c13 && !rounds6 && !rounds11 && !c15 && !c14 && !c2 && !c3)
Phase 4 DNF after prediction: c15 && !c15
Successfully reached the desired user error bounds.
Mutation counter: {'split': 8, 'prune': 0}
Next phase total time:  6.357004642486572
Next phase DistEstimate time : 0.11693143844604492
Next phase Validifier time : 4.8991148471832275
Next phase TreeLearner time : 1.3401741981506348
Phase : 5
DistEstimate value: 0.0
Validifier value: 1.0
Phase 5 DNF before prediction: (!rounds12 && !rounds9 && c6 && !b4 && !b7 && !rounds10 && !b13 && !rounds7 && !b1 && !c10 && !rounds1 && !rounds4 && !c5 && !c0 && !c9 && !c3 && !c12 && !c2 && !rounds6 && !c7 && !rounds8 && !rounds14 && !c14 && !c13) || (!rounds12 && !rounds9 && c6 && !b4 && !b7 && !rounds10 && !b13 && !rounds7 && !b1 && !c10 && rounds1 && !c13 && !rounds6 && !rounds11 && !c15 && !c14 && !c2 && !c3 && !rounds8 && !c9 && !rounds14)
Phase 5 DNF after prediction: c15 && !c15
Successfully reached the desired user error bounds.
Mutation counter: {'split': 8, 'prune': 0}
Next phase total time:  6.487814426422119
Next phase DistEstimate time : 0.12659597396850586
Next phase Validifier time : 4.813462734222412
Next phase TreeLearner time : 1.5466701984405518
Phase : 6
DistEstimate value: 0.0
Validifier value: 1.0
Phase 6 DNF before prediction: (!rounds12 && !rounds9 && c6 && !b4 && !b7 && !rounds10 && !b13 && !rounds7 && !b1 && !c10 && !rounds1 && !rounds4 && !c5 && !c0 && !c9 && !c3 && !c12 && !c2 && !rounds6 && !c7 && !rounds8 && !rounds14 && !c14 && !c13 && !rounds13 && !c1 && !c15 && !rounds11 && !rounds5) || (!rounds12 && !rounds9 && c6 && !b4 && !b7 && !rounds10 && !b13 && !rounds7 && !b1 && !c10 && rounds1 && !c13 && !rounds6 && !rounds11 && !c15 && !c14 && !c2 && !c3 && !rounds8 && !c9 && !rounds14 && !c8 && !c11 && !c5)
Phase 6 DNF after prediction: (!rounds12 && !rounds9 && c6 && !b4 && !b7 && !rounds10 && !b13 && !rounds7 && !b1 && !c10 && !rounds1 && !rounds4 && !c5 && !c0 && !c9 && !c3 && !c12 && !c2 && !rounds6 && !c7 && !rounds8 && !rounds14 && !c14 && !c13 && !rounds13 && !c1 && !c15 && !rounds11 && !rounds5)
Successfully reached the desired user error bounds.
Mutation counter: {'split': 6, 'prune': 0}
Next phase total time:  6.370939493179321
Next phase DistEstimate time : 0.12572669982910156
Next phase Validifier time : 4.926422595977783
Next phase TreeLearner time : 1.3180029392242432
Phase : 7
DistEstimate value: 0.0
Validifier value: 0.96
Phase 7 DNF before prediction: (!rounds12 && !rounds9 && c6 && !b4 && !b7 && !rounds10 && !b13 && !rounds7 && !b1 && !c10 && !rounds1 && !rounds4 && !c5 && !c0 && !c9 && !c3 && !c12 && !c2 && !rounds6 && !c7 && !rounds8 && !rounds14 && !c14 && !c13 && !rounds13 && !c1 && !c15 && !rounds11 && !rounds5 && !rounds15 && !c11) || (!rounds12 && !rounds9 && c6 && !b4 && !b7 && !rounds10 && !b13 && !rounds7 && !b1 && !c10 && rounds1 && !c13 && !rounds6 && !rounds11 && !c15 && !c14 && !c2 && !c3 && !rounds8 && !c9 && !rounds14 && !c8 && !c11 && !c5 && !rounds13 && !c7 && !c12 && !rounds15)
Phase 7 DNF after prediction: c15 && !c15
Successfully reached the desired user error bounds.
Mutation counter: {'split': 6, 'prune': 0}
Next phase total time:  6.130095958709717
Next phase DistEstimate time : 0.11449289321899414
Next phase Validifier time : 4.648231744766235
Next phase TreeLearner time : 1.3663945198059082
Phase : 8
DistEstimate value: 0.0
Validifier value: 0.5466666666666666
Phase 8 DNF before prediction: (!rounds12 && !rounds9 && c6 && !b4 && !b7 && !rounds10 && !b13 && !rounds7 && !b1 && !c10 && !rounds1 && !rounds4 && !c5 && !c0 && !c9 && !c3 && !c12 && !c2 && !rounds6 && !c7 && !rounds8 && !rounds14 && !c14 && !c13 && !rounds13 && !c1 && !c15 && !rounds11 && !rounds5 && !rounds15 && !c11 && !c8 && !c4) || (!rounds12 && !rounds9 && c6 && !b4 && !b7 && !rounds10 && !b13 && !rounds7 && !b1 && !c10 && rounds1 && !c13 && !rounds6 && !rounds11 && !c15 && !c14 && !c2 && !c3 && !rounds8 && !c9 && !rounds14 && !c8 && !c11 && !c5 && !rounds13 && !c7 && !c12 && !rounds15 && !rounds5 && !c1 && !rounds4 && !c4)
Phase 8 DNF after prediction: (!rounds12 && !rounds9 && c6 && !b4 && !b7 && !rounds10 && !b13 && !rounds7 && !b1 && !c10 && !rounds1 && !rounds4 && !c5 && !c0 && !c9 && !c3 && !c12 && !c2 && !rounds6 && !c7 && !rounds8 && !rounds14 && !c14 && !c13 && !rounds13 && !c1 && !c15 && !rounds11 && !rounds5 && !rounds15 && !c11 && !c8 && !c4)
Successfully reached the desired user error bounds.
Mutation counter: {'split': 4, 'prune': 0}
Next phase total time:  5.615720510482788
Next phase DistEstimate time : 0.11682748794555664
Next phase Validifier time : 4.530200004577637
Next phase TreeLearner time : 0.9679784774780273
Final DistEstimate value:  0.0
Final Validifier value:  0.08
Final candidate learnt:  (!b0 && !b1 && !b10 && !b11 && !b12 && !b13 && !b14 && !b15 && !b2 && !b3 && !b4 && !b5 && !b6 && !b7 && !b8 && !b9 && !c0 && !c1 && !c10 && !c11 && !c12 && !c13 && !c14 && !c15 && !c2 && !c3 && !c4 && !c5 && !c7 && !c8 && !c9 && !rounds1 && !rounds10 && !rounds11 && !rounds12 && !rounds13 && !rounds14 && !rounds15 && !rounds3 && !rounds4 && !rounds5 && !rounds6 && !rounds7 && !rounds8 && !rounds9 && c6) || (!b0 && !b1 && !b10 && !b11 && !b12 && !b13 && !b14 && !b15 && !b2 && !b3 && !b4 && !b5 && !b6 && !b7 && !b8 && !b9 && !c0 && !c1 && !c10 && !c11 && !c12 && !c13 && !c14 && !c15 && !c2 && !c3 && !c4 && !c5 && !c7 && !c8 && !c9 && !rounds1 && !rounds10 && !rounds11 && !rounds12 && !rounds13 && !rounds14 && !rounds15 && !rounds2 && !rounds4 && !rounds5 && !rounds6 && !rounds7 && !rounds8 && !rounds9 && c6 && rounds3) || (!b0 && !b1 && !b10 && !b11 && !b12 && !b13 && !b14 && !b15 && !b2 && !b3 && !b4 && !b5 && !b6 && !b7 && !b8 && !b9 && !c0 && !c1 && !c10 && !c11 && !c12 && !c13 && !c14 && !c15 && !c2 && !c3 && !c4 && !c5 && !c7 && !c8 && !c9 && !rounds10 && !rounds11 && !rounds12 && !rounds13 && !rounds14 && !rounds15 && !rounds3 && !rounds4 && !rounds5 && !rounds6 && !rounds7 && !rounds8 && !rounds9 && c6 && rounds1)
Height of learnt decision tree:  47
Number of terms in the candidate DNF:  3
Total DistEstimate time : 0.9795985221862793
Total Validifier time : 38.392390966415405
Total TreeLearner time : 8.858651876449585
Total time (seconds) : 48.24267530441284

--- Run at 2025-08-31 17:20:29.025431 ---
(!c15) && (!c14) && (!c13) && (!c12) && (!c11) && (!c10) && (!c9) && (!c8) && (!c7) && (!c6) && (!c5) && (!c4) && (!c3) && (!c2) && (!c1) && (!c0) && (!b15) && (!b14) && (!b13) && (!b12) && (!b11) && (!b10) && (!b9) && (!b8) && (!b7) && (b6) && (!b5) && (!b4) && (!b3) && (!b2) && (!b1) && (!b0) && (!rounds15) && (!rounds14) && (!rounds13) && (!rounds12) && (!rounds11) && (!rounds10) && (!rounds9) && (!rounds8) && (!rounds7) && (!rounds6) && (!rounds5) && (!rounds4) && (!rounds3) && (!rounds2) && (!rounds1) && (!rounds0) && (b15 || b14 || b13 || b12 || b11 || b10 || b9 || b8 || b7 || b6 || b5 || b4 || b3 || b2 || b1 || b0)
32
Starting model fitting...
--- Fitting took: 0.0048 seconds ---
Starting custom tree build...
--- Custom tree build took: 0.0014 seconds ---
Prediction time : 0.2961719036102295
Initial phase DNF: (!c14 && !c7 && c6 && !rounds8 && !b1 && !c1 && !rounds14 && !b0 && !b6 && !rounds11 && !rounds3) || (!c14 && !c7 && c6 && !rounds8 && !b1 && !c1 && !rounds14 && !b0 && !b6 && !rounds11 && rounds3)
Phase : 2
DistEstimate value: 0.0
Validifier value: 1.0
Phase 2 DNF before prediction: (!c14 && !c7 && c6 && !rounds8 && !b1 && !c1 && !rounds14 && !b0 && !b6 && !rounds11 && !rounds3) || (!c14 && !c7 && c6 && !rounds8 && !b1 && !c1 && !rounds14 && !b0 && !b6 && !rounds11 && rounds3)
Phase 2 DNF after prediction: c15 && !c15
Successfully reached the desired user error bounds.
Mutation counter: {'split': 2, 'prune': 0}
Next phase total time:  5.144923210144043
Next phase DistEstimate time : 0.11464691162109375
Next phase Validifier time : 4.770388841629028
Next phase TreeLearner time : 0.25905370712280273
Phase : 3
DistEstimate value: 0.00666666666666671
Validifier value: 1.0
Phase 3 DNF before prediction: (!c14 && !c7 && c6 && !rounds8 && !b1 && !c1 && !rounds14 && !b0 && !b6 && !rounds11 && !rounds3 && !rounds7 && !c8)
Phase 3 DNF after prediction: c15 && !c15
Successfully reached the desired user error bounds.
Mutation counter: {'split': 2, 'prune': 0}
Next phase total time:  5.262627601623535
Next phase DistEstimate time : 0.11561083793640137
Next phase Validifier time : 4.96921181678772
Next phase TreeLearner time : 0.17708683013916016
[Warning] Skipping tree: error bounds not met (0.008, 0.104)
Final DistEstimate value:  0.0
Final Validifier value:  1.0
Final candidate learnt:  (!b0 && !b1 && !b10 && !b11 && !b12 && !b13 && !b14 && !b15 && !b2 && !b3 && !b4 && !b5 && !b6 && !b7 && !b8 && !b9 && !c1 && !c14 && !c3 && !c7 && !c8 && !rounds11 && !rounds14 && !rounds3 && !rounds4 && !rounds7 && !rounds8 && c6)
Height of learnt decision tree:  28
Number of terms in the candidate DNF:  1
Total DistEstimate time : 0.35208845138549805
Total Validifier time : 14.34864854812622
Total TreeLearner time : 0.924675703048706
Total time (seconds) : 15.635420322418213

--- Run at 2025-08-31 17:21:28.065461 ---
(!c15) && (!c14) && (!c13) && (!c12) && (!c11) && (!c10) && (!c9) && (!c8) && (!c7) && (!c6) && (!c5) && (!c4) && (!c3) && (!c2) && (!c1) && (!c0) && (!b15) && (!b14) && (!b13) && (!b12) && (!b11) && (!b10) && (!b9) && (!b8) && (!b7) && (b6) && (!b5) && (!b4) && (!b3) && (!b2) && (!b1) && (!b0) && (!rounds15) && (!rounds14) && (!rounds13) && (!rounds12) && (!rounds11) && (!rounds10) && (!rounds9) && (!rounds8) && (!rounds7) && (!rounds6) && (!rounds5) && (!rounds4) && (!rounds3) && (!rounds2) && (!rounds1) && (!rounds0) && (b15 || b14 || b13 || b12 || b11 || b10 || b9 || b8 || b7 || b6 || b5 || b4 || b3 || b2 || b1 || b0)
32
Starting model fitting...
--- Fitting took: 0.0045 seconds ---
Starting custom tree build...
--- Custom tree build took: 0.0014 seconds ---
Prediction time : 0.29775118827819824
Initial phase DNF: (!rounds14 && !b9 && !c9 && !c4 && !b8 && !rounds4 && !b0 && !rounds7 && !rounds13 && !rounds8)
Phase : 2
DistEstimate value: 0.0
Validifier value: 1.0
Phase 2 DNF before prediction: (!rounds14 && !b9 && !c9 && !c4 && !b8 && !rounds4 && !b0 && !rounds7 && !rounds13 && !rounds8)
Phase 2 DNF after prediction: c15 && !c15
Successfully reached the desired user error bounds.
Mutation counter: {'split': 2, 'prune': 0}
Next phase total time:  5.045156478881836
Next phase DistEstimate time : 0.13539910316467285
Next phase Validifier time : 4.781620502471924
Next phase TreeLearner time : 0.12714695930480957
[Warning] Skipping tree: error bounds not met (0.000, 0.105)
Final DistEstimate value:  0.0
Final Validifier value:  1.0
Final candidate learnt:  (!b0 && !b1 && !b10 && !b11 && !b12 && !b13 && !b14 && !b15 && !b2 && !b3 && !b4 && !b5 && !b6 && !b7 && !b8 && !b9 && !c12 && !c4 && !c9 && !rounds13 && !rounds14 && !rounds4 && !rounds5 && !rounds7 && !rounds8)
Height of learnt decision tree:  25
Number of terms in the candidate DNF:  1
Total DistEstimate time : 0.2689814567565918
Total Validifier time : 9.46394157409668
Total TreeLearner time : 0.6171581745147705
Total time (seconds) : 10.367642879486084

--- Run at 2025-08-31 17:21:54.751874 ---
(!c15) && (!c14) && (!c13) && (!c12) && (!c11) && (!c10) && (!c9) && (!c8) && (!c7) && (!c6) && (!c5) && (!c4) && (!c3) && (!c2) && (!c1) && (!c0) && (!b15) && (!b14) && (!b13) && (!b12) && (!b11) && (!b10) && (!b9) && (!b8) && (!b7) && (b6) && (!b5) && (!b4) && (!b3) && (!b2) && (!b1) && (!b0) && (!rounds15) && (!rounds14) && (!rounds13) && (!rounds12) && (!rounds11) && (!rounds10) && (!rounds9) && (!rounds8) && (!rounds7) && (!rounds6) && (!rounds5) && (!rounds4) && (!rounds3) && (!rounds2) && (!rounds1) && (!rounds0) && (b15 || b14 || b13 || b12 || b11 || b10 || b9 || b8 || b7 || b6 || b5 || b4 || b3 || b2 || b1 || b0)
32
Starting model fitting...
--- Fitting took: 0.0047 seconds ---
Starting custom tree build...
--- Custom tree build took: 0.0013 seconds ---
Prediction time : 0.29201698303222656
Initial phase DNF: (!rounds5 && !b4 && !b11 && !rounds15 && !b14 && !b0 && !c5 && !rounds8 && c6 && !c4)
Phase : 2
DistEstimate value: 0.0
Validifier value: 1.0
Phase 2 DNF before prediction: (!rounds5 && !b4 && !b11 && !rounds15 && !b14 && !b0 && !c5 && !rounds8 && c6 && !c4)
Phase 2 DNF after prediction: c15 && !c15
Successfully reached the desired user error bounds.
Mutation counter: {'split': 1, 'prune': 0}
Next phase total time:  4.971924304962158
Next phase DistEstimate time : 0.12028288841247559
Next phase Validifier time : 4.735847473144531
Next phase TreeLearner time : 0.11498188972473145
[Warning] Skipping tree: error bounds not met (0.000, 0.250)
Final DistEstimate value:  0.0
Final Validifier value:  1.0
Final candidate learnt:  (!b0 && !b1 && !b10 && !b11 && !b12 && !b13 && !b14 && !b15 && !b2 && !b3 && !b4 && !b5 && !b6 && !b7 && !b8 && !b9 && !c4 && !c5 && !rounds15 && !rounds5 && !rounds8 && !rounds9 && c6)
Height of learnt decision tree:  23
Number of terms in the candidate DNF:  1
Total DistEstimate time : 0.23902225494384766
Total Validifier time : 9.22156286239624
Total TreeLearner time : 0.600656270980835
Total time (seconds) : 10.075001955032349

--- Run at 2025-08-31 17:22:16.014262 ---
(!c15) && (!c14) && (!c13) && (!c12) && (!c11) && (!c10) && (!c9) && (!c8) && (!c7) && (!c6) && (!c5) && (!c4) && (!c3) && (!c2) && (!c1) && (!c0) && (!b15) && (!b14) && (!b13) && (!b12) && (!b11) && (!b10) && (!b9) && (!b8) && (!b7) && (b6) && (!b5) && (!b4) && (!b3) && (!b2) && (!b1) && (!b0) && (!rounds15) && (!rounds14) && (!rounds13) && (!rounds12) && (!rounds11) && (!rounds10) && (!rounds9) && (!rounds8) && (!rounds7) && (!rounds6) && (!rounds5) && (!rounds4) && (!rounds3) && (!rounds2) && (!rounds1) && (!rounds0) && (b15 || b14 || b13 || b12 || b11 || b10 || b9 || b8 || b7 || b6 || b5 || b4 || b3 || b2 || b1 || b0)
32
Starting model fitting...
--- Fitting took: 0.0112 seconds ---
Starting custom tree build...
--- Custom tree build took: 0.0033 seconds ---
Prediction time : 0.8320808410644531
Initial phase DNF: (!b1 && !b0 && !c1 && !c14 && !rounds13 && !b6 && !rounds7 && !c0 && !rounds5 && !rounds4)
Phase : 2
DistEstimate value: 0.0
Validifier value: 1.0
Phase 2 DNF before prediction: (!b1 && !b0 && !c1 && !c14 && !rounds13 && !b6 && !rounds7 && !c0 && !rounds5 && !rounds4)
Phase 2 DNF after prediction: c15 && !c15
Successfully reached the desired user error bounds.
Mutation counter: {'split': 5, 'prune': 0}
Next phase total time:  7.06171178817749
Next phase DistEstimate time : 0.21126794815063477
Next phase Validifier time : 6.195984125137329
Next phase TreeLearner time : 0.6516706943511963
Phase : 3
DistEstimate value: 0.0
Validifier value: 1.0
Phase 3 DNF before prediction: (!b1 && !b0 && !c1 && !c14 && !rounds13 && !b6 && !rounds7 && !c0 && !rounds5 && !rounds4 && !c9 && !rounds10 && !c7 && !c15 && c6)
Phase 3 DNF after prediction: c15 && !c15
Successfully reached the desired user error bounds.
Mutation counter: {'split': 5, 'prune': 0}
Next phase total time:  7.2130231857299805
Next phase DistEstimate time : 0.2057180404663086
Next phase Validifier time : 6.314270973205566
Next phase TreeLearner time : 0.6899881362915039
Phase : 4
DistEstimate value: 0.0
Validifier value: 1.0
Phase 4 DNF before prediction: (!b1 && !b0 && !c1 && !c14 && !rounds13 && !b6 && !rounds7 && !c0 && !rounds5 && !rounds4 && !c9 && !rounds10 && !c7 && !c15 && c6 && !rounds8 && !rounds12 && !rounds15 && !c11 && !rounds11)
Phase 4 DNF after prediction: c15 && !c15
Successfully reached the desired user error bounds.
Mutation counter: {'split': 5, 'prune': 0}
Next phase total time:  9.453220129013062
Next phase DistEstimate time : 0.2140798568725586
Next phase Validifier time : 8.383754014968872
Next phase TreeLearner time : 0.85256028175354
Phase : 5
DistEstimate value: 0.0
Validifier value: 0.99
Phase 5 DNF before prediction: (!b1 && !b0 && !c1 && !c14 && !rounds13 && !b6 && !rounds7 && !c0 && !rounds5 && !rounds4 && !c9 && !rounds10 && !c7 && !c15 && c6 && !rounds8 && !rounds12 && !rounds15 && !c11 && !rounds11 && !c4 && !c5 && !c2 && !c12 && !rounds14)
Phase 5 DNF after prediction: c15 && !c15
Successfully reached the desired user error bounds.
Mutation counter: {'split': 5, 'prune': 0}
Next phase total time:  8.278489828109741
Next phase DistEstimate time : 0.2130908966064453
Next phase Validifier time : 7.187848091125488
Next phase TreeLearner time : 0.8749020099639893
Phase : 6
DistEstimate value: 0.0
Validifier value: 0.6716666666666666
Phase 6 DNF before prediction: (!b1 && !b0 && !c1 && !c14 && !rounds13 && !b6 && !rounds7 && !c0 && !rounds5 && !rounds4 && !c9 && !rounds10 && !c7 && !c15 && c6 && !rounds8 && !rounds12 && !rounds15 && !c11 && !rounds11 && !c4 && !c5 && !c2 && !c12 && !rounds14 && !rounds6 && !c13 && !rounds9 && !c3 && !c8)
Phase 6 DNF after prediction: c15 && !c15
Successfully reached the desired user error bounds.
Mutation counter: {'split': 2, 'prune': 0}
Next phase total time:  5.980186700820923
Next phase DistEstimate time : 0.2005150318145752
Next phase Validifier time : 5.439620018005371
Next phase TreeLearner time : 0.33748292922973633
Phase : 7
DistEstimate value: 0.0
Validifier value: 0.14833333333333334
Phase 7 DNF before prediction: (!b1 && !b0 && !c1 && !c14 && !rounds13 && !b6 && !rounds7 && !c0 && !rounds5 && !rounds4 && !c9 && !rounds10 && !c7 && !c15 && c6 && !rounds8 && !rounds12 && !rounds15 && !c11 && !rounds11 && !c4 && !c5 && !c2 && !c12 && !rounds14 && !rounds6 && !c13 && !rounds9 && !c3 && !c8 && !c10 && !rounds3)
Phase 7 DNF after prediction: (!b1 && !b0 && !c1 && !c14 && !rounds13 && !b6 && !rounds7 && !c0 && !rounds5 && !rounds4 && !c9 && !rounds10 && !c7 && !c15 && c6 && !rounds8 && !rounds12 && !rounds15 && !c11 && !rounds11 && !c4 && !c5 && !c2 && !c12 && !rounds14 && !rounds6 && !c13 && !rounds9 && !c3 && !c8 && !c10 && !rounds3)
Successfully reached the desired user error bounds.
Mutation counter: {'split': 1, 'prune': 0}
Next phase total time:  6.500091791152954
Next phase DistEstimate time : 0.21573305130004883
Next phase Validifier time : 6.077034950256348
Next phase TreeLearner time : 0.20480585098266602
Phase : 8
DistEstimate value: 0.00666666666666671
Validifier value: 0.23
Phase 8 DNF before prediction: (!b1 && !b0 && !c1 && !c14 && !rounds13 && !b6 && !rounds7 && !c0 && !rounds5 && !rounds4 && !c9 && !rounds10 && !c7 && !c15 && c6 && !rounds8 && !rounds12 && !rounds15 && !c11 && !rounds11 && !c4 && !c5 && !c2 && !c12 && !rounds14 && !rounds6 && !c13 && !rounds9 && !c3 && !c8 && !c10 && !rounds3) || (!b1 && !b0 && !c1 && !c14 && !rounds13 && !b6 && !rounds7 && !c0 && !rounds5 && !rounds4 && !c9 && !rounds10 && !c7 && !c15 && c6 && !rounds8 && !rounds12 && !rounds15 && !c11 && !rounds11 && !c4 && !c5 && !c2 && !c12 && !rounds14 && !rounds6 && !c13 && !rounds9 && !c3 && !c8 && !c10 && rounds3 && !rounds1)
Phase 8 DNF after prediction: (!b1 && !b0 && !c1 && !c14 && !rounds13 && !b6 && !rounds7 && !c0 && !rounds5 && !rounds4 && !c9 && !rounds10 && !c7 && !c15 && c6 && !rounds8 && !rounds12 && !rounds15 && !c11 && !rounds11 && !c4 && !c5 && !c2 && !c12 && !rounds14 && !rounds6 && !c13 && !rounds9 && !c3 && !c8 && !c10 && !rounds3) || (!b1 && !b0 && !c1 && !c14 && !rounds13 && !b6 && !rounds7 && !c0 && !rounds5 && !rounds4 && !c9 && !rounds10 && !c7 && !c15 && c6 && !rounds8 && !rounds12 && !rounds15 && !c11 && !rounds11 && !c4 && !c5 && !c2 && !c12 && !rounds14 && !rounds6 && !c13 && !rounds9 && !c3 && !c8 && !c10 && rounds3 && !rounds1)
Successfully reached the desired user error bounds.
Mutation counter: {'split': 1, 'prune': 0}
Next phase total time:  7.536830902099609
Next phase DistEstimate time : 0.2727019786834717
Next phase Validifier time : 7.057651042938232
Next phase TreeLearner time : 0.20314908027648926
Phase : 9
DistEstimate value: 0.0
Validifier value: 0.285
Phase 9 DNF before prediction: (!b1 && !b0 && !c1 && !c14 && !rounds13 && !b6 && !rounds7 && !c0 && !rounds5 && !rounds4 && !c9 && !rounds10 && !c7 && !c15 && c6 && !rounds8 && !rounds12 && !rounds15 && !c11 && !rounds11 && !c4 && !c5 && !c2 && !c12 && !rounds14 && !rounds6 && !c13 && !rounds9 && !c3 && !c8 && !c10 && !rounds3) || (!b1 && !b0 && !c1 && !c14 && !rounds13 && !b6 && !rounds7 && !c0 && !rounds5 && !rounds4 && !c9 && !rounds10 && !c7 && !c15 && c6 && !rounds8 && !rounds12 && !rounds15 && !c11 && !rounds11 && !c4 && !c5 && !c2 && !c12 && !rounds14 && !rounds6 && !c13 && !rounds9 && !c3 && !c8 && !c10 && rounds3 && !rounds1) || (!b1 && !b0 && !c1 && !c14 && !rounds13 && !b6 && !rounds7 && !c0 && !rounds5 && !rounds4 && !c9 && !rounds10 && !c7 && !c15 && c6 && !rounds8 && !rounds12 && !rounds15 && !c11 && !rounds11 && !c4 && !c5 && !c2 && !c12 && !rounds14 && !rounds6 && !c13 && !rounds9 && !c3 && !c8 && !c10 && rounds3 && rounds1 && !rounds0)
Phase 9 DNF after prediction: (!b1 && !b0 && !c1 && !c14 && !rounds13 && !b6 && !rounds7 && !c0 && !rounds5 && !rounds4 && !c9 && !rounds10 && !c7 && !c15 && c6 && !rounds8 && !rounds12 && !rounds15 && !c11 && !rounds11 && !c4 && !c5 && !c2 && !c12 && !rounds14 && !rounds6 && !c13 && !rounds9 && !c3 && !c8 && !c10 && !rounds3) || (!b1 && !b0 && !c1 && !c14 && !rounds13 && !b6 && !rounds7 && !c0 && !rounds5 && !rounds4 && !c9 && !rounds10 && !c7 && !c15 && c6 && !rounds8 && !rounds12 && !rounds15 && !c11 && !rounds11 && !c4 && !c5 && !c2 && !c12 && !rounds14 && !rounds6 && !c13 && !rounds9 && !c3 && !c8 && !c10 && rounds3 && !rounds1) || (!b1 && !b0 && !c1 && !c14 && !rounds13 && !b6 && !rounds7 && !c0 && !rounds5 && !rounds4 && !c9 && !rounds10 && !c7 && !c15 && c6 && !rounds8 && !rounds12 && !rounds15 && !c11 && !rounds11 && !c4 && !c5 && !c2 && !c12 && !rounds14 && !rounds6 && !c13 && !rounds9 && !c3 && !c8 && !c10 && rounds3 && rounds1 && !rounds0)
Successfully reached the desired user error bounds.
Mutation counter: {'split': 1, 'prune': 0}
Next phase total time:  6.16654896736145
Next phase DistEstimate time : 0.20544219017028809
Next phase Validifier time : 5.751212120056152
Next phase TreeLearner time : 0.20736002922058105
Phase : 10
DistEstimate value: 0.0
Validifier value: 0.24
Phase 10 DNF before prediction: (!b1 && !b0 && !c1 && !c14 && !rounds13 && !b6 && !rounds7 && !c0 && !rounds5 && !rounds4 && !c9 && !rounds10 && !c7 && !c15 && c6 && !rounds8 && !rounds12 && !rounds15 && !c11 && !rounds11 && !c4 && !c5 && !c2 && !c12 && !rounds14 && !rounds6 && !c13 && !rounds9 && !c3 && !c8 && !c10 && !rounds3) || (!b1 && !b0 && !c1 && !c14 && !rounds13 && !b6 && !rounds7 && !c0 && !rounds5 && !rounds4 && !c9 && !rounds10 && !c7 && !c15 && c6 && !rounds8 && !rounds12 && !rounds15 && !c11 && !rounds11 && !c4 && !c5 && !c2 && !c12 && !rounds14 && !rounds6 && !c13 && !rounds9 && !c3 && !c8 && !c10 && rounds3 && !rounds1) || (!b1 && !b0 && !c1 && !c14 && !rounds13 && !b6 && !rounds7 && !c0 && !rounds5 && !rounds4 && !c9 && !rounds10 && !c7 && !c15 && c6 && !rounds8 && !rounds12 && !rounds15 && !c11 && !rounds11 && !c4 && !c5 && !c2 && !c12 && !rounds14 && !rounds6 && !c13 && !rounds9 && !c3 && !c8 && !c10 && rounds3 && rounds1 && !rounds0 && !rounds2)
Phase 10 DNF after prediction: (!b1 && !b0 && !c1 && !c14 && !rounds13 && !b6 && !rounds7 && !c0 && !rounds5 && !rounds4 && !c9 && !rounds10 && !c7 && !c15 && c6 && !rounds8 && !rounds12 && !rounds15 && !c11 && !rounds11 && !c4 && !c5 && !c2 && !c12 && !rounds14 && !rounds6 && !c13 && !rounds9 && !c3 && !c8 && !c10 && !rounds3) || (!b1 && !b0 && !c1 && !c14 && !rounds13 && !b6 && !rounds7 && !c0 && !rounds5 && !rounds4 && !c9 && !rounds10 && !c7 && !c15 && c6 && !rounds8 && !rounds12 && !rounds15 && !c11 && !rounds11 && !c4 && !c5 && !c2 && !c12 && !rounds14 && !rounds6 && !c13 && !rounds9 && !c3 && !c8 && !c10 && rounds3 && !rounds1) || (!b1 && !b0 && !c1 && !c14 && !rounds13 && !b6 && !rounds7 && !c0 && !rounds5 && !rounds4 && !c9 && !rounds10 && !c7 && !c15 && c6 && !rounds8 && !rounds12 && !rounds15 && !c11 && !rounds11 && !c4 && !c5 && !c2 && !c12 && !rounds14 && !rounds6 && !c13 && !rounds9 && !c3 && !c8 && !c10 && rounds3 && rounds1 && !rounds0 && !rounds2)
Successfully reached the desired user error bounds.
Mutation counter: {'split': 1, 'prune': 0}
Next phase total time:  5.891551971435547
Next phase DistEstimate time : 0.2153477668762207
Next phase Validifier time : 5.474015951156616
Next phase TreeLearner time : 0.1995692253112793
Phase : 11
DistEstimate value: 0.0
Validifier value: 0.06666666666666667
Phase 11 DNF before prediction: (!b1 && !b0 && !c1 && !c14 && !rounds13 && !b6 && !rounds7 && !c0 && !rounds5 && !rounds4 && !c9 && !rounds10 && !c7 && !c15 && c6 && !rounds8 && !rounds12 && !rounds15 && !c11 && !rounds11 && !c4 && !c5 && !c2 && !c12 && !rounds14 && !rounds6 && !c13 && !rounds9 && !c3 && !c8 && !c10 && !rounds3) || (!b1 && !b0 && !c1 && !c14 && !rounds13 && !b6 && !rounds7 && !c0 && !rounds5 && !rounds4 && !c9 && !rounds10 && !c7 && !c15 && c6 && !rounds8 && !rounds12 && !rounds15 && !c11 && !rounds11 && !c4 && !c5 && !c2 && !c12 && !rounds14 && !rounds6 && !c13 && !rounds9 && !c3 && !c8 && !c10 && rounds3 && !rounds1 && !rounds2) || (!b1 && !b0 && !c1 && !c14 && !rounds13 && !b6 && !rounds7 && !c0 && !rounds5 && !rounds4 && !c9 && !rounds10 && !c7 && !c15 && c6 && !rounds8 && !rounds12 && !rounds15 && !c11 && !rounds11 && !c4 && !c5 && !c2 && !c12 && !rounds14 && !rounds6 && !c13 && !rounds9 && !c3 && !c8 && !c10 && rounds3 && rounds1 && !rounds0 && !rounds2)
Phase 11 DNF after prediction: (!b1 && !b0 && !c1 && !c14 && !rounds13 && !b6 && !rounds7 && !c0 && !rounds5 && !rounds4 && !c9 && !rounds10 && !c7 && !c15 && c6 && !rounds8 && !rounds12 && !rounds15 && !c11 && !rounds11 && !c4 && !c5 && !c2 && !c12 && !rounds14 && !rounds6 && !c13 && !rounds9 && !c3 && !c8 && !c10 && !rounds3) || (!b1 && !b0 && !c1 && !c14 && !rounds13 && !b6 && !rounds7 && !c0 && !rounds5 && !rounds4 && !c9 && !rounds10 && !c7 && !c15 && c6 && !rounds8 && !rounds12 && !rounds15 && !c11 && !rounds11 && !c4 && !c5 && !c2 && !c12 && !rounds14 && !rounds6 && !c13 && !rounds9 && !c3 && !c8 && !c10 && rounds3 && !rounds1 && !rounds2) || (!b1 && !b0 && !c1 && !c14 && !rounds13 && !b6 && !rounds7 && !c0 && !rounds5 && !rounds4 && !c9 && !rounds10 && !c7 && !c15 && c6 && !rounds8 && !rounds12 && !rounds15 && !c11 && !rounds11 && !c4 && !c5 && !c2 && !c12 && !rounds14 && !rounds6 && !c13 && !rounds9 && !c3 && !c8 && !c10 && rounds3 && rounds1 && !rounds0 && !rounds2)
Successfully reached the desired user error bounds.
Mutation counter: {'split': 1, 'prune': 0}
Next phase total time:  5.698411226272583
Next phase DistEstimate time : 0.2121438980102539
Next phase Validifier time : 5.292340993881226
Next phase TreeLearner time : 0.19123005867004395
Phase : 12
DistEstimate value: 0.0
Validifier value: 0.09666666666666666
Phase 12 DNF before prediction: (!b1 && !b0 && !c1 && !c14 && !rounds13 && !b6 && !rounds7 && !c0 && !rounds5 && !rounds4 && !c9 && !rounds10 && !c7 && !c15 && c6 && !rounds8 && !rounds12 && !rounds15 && !c11 && !rounds11 && !c4 && !c5 && !c2 && !c12 && !rounds14 && !rounds6 && !c13 && !rounds9 && !c3 && !c8 && !c10 && !rounds3 && !rounds0) || (!b1 && !b0 && !c1 && !c14 && !rounds13 && !b6 && !rounds7 && !c0 && !rounds5 && !rounds4 && !c9 && !rounds10 && !c7 && !c15 && c6 && !rounds8 && !rounds12 && !rounds15 && !c11 && !rounds11 && !c4 && !c5 && !c2 && !c12 && !rounds14 && !rounds6 && !c13 && !rounds9 && !c3 && !c8 && !c10 && !rounds3 && rounds0) || (!b1 && !b0 && !c1 && !c14 && !rounds13 && !b6 && !rounds7 && !c0 && !rounds5 && !rounds4 && !c9 && !rounds10 && !c7 && !c15 && c6 && !rounds8 && !rounds12 && !rounds15 && !c11 && !rounds11 && !c4 && !c5 && !c2 && !c12 && !rounds14 && !rounds6 && !c13 && !rounds9 && !c3 && !c8 && !c10 && rounds3 && !rounds1 && !rounds2) || (!b1 && !b0 && !c1 && !c14 && !rounds13 && !b6 && !rounds7 && !c0 && !rounds5 && !rounds4 && !c9 && !rounds10 && !c7 && !c15 && c6 && !rounds8 && !rounds12 && !rounds15 && !c11 && !rounds11 && !c4 && !c5 && !c2 && !c12 && !rounds14 && !rounds6 && !c13 && !rounds9 && !c3 && !c8 && !c10 && rounds3 && rounds1 && !rounds0 && !rounds2)
Phase 12 DNF after prediction: (!b1 && !b0 && !c1 && !c14 && !rounds13 && !b6 && !rounds7 && !c0 && !rounds5 && !rounds4 && !c9 && !rounds10 && !c7 && !c15 && c6 && !rounds8 && !rounds12 && !rounds15 && !c11 && !rounds11 && !c4 && !c5 && !c2 && !c12 && !rounds14 && !rounds6 && !c13 && !rounds9 && !c3 && !c8 && !c10 && !rounds3 && !rounds0) || (!b1 && !b0 && !c1 && !c14 && !rounds13 && !b6 && !rounds7 && !c0 && !rounds5 && !rounds4 && !c9 && !rounds10 && !c7 && !c15 && c6 && !rounds8 && !rounds12 && !rounds15 && !c11 && !rounds11 && !c4 && !c5 && !c2 && !c12 && !rounds14 && !rounds6 && !c13 && !rounds9 && !c3 && !c8 && !c10 && !rounds3 && rounds0) || (!b1 && !b0 && !c1 && !c14 && !rounds13 && !b6 && !rounds7 && !c0 && !rounds5 && !rounds4 && !c9 && !rounds10 && !c7 && !c15 && c6 && !rounds8 && !rounds12 && !rounds15 && !c11 && !rounds11 && !c4 && !c5 && !c2 && !c12 && !rounds14 && !rounds6 && !c13 && !rounds9 && !c3 && !c8 && !c10 && rounds3 && !rounds1 && !rounds2) || (!b1 && !b0 && !c1 && !c14 && !rounds13 && !b6 && !rounds7 && !c0 && !rounds5 && !rounds4 && !c9 && !rounds10 && !c7 && !c15 && c6 && !rounds8 && !rounds12 && !rounds15 && !c11 && !rounds11 && !c4 && !c5 && !c2 && !c12 && !rounds14 && !rounds6 && !c13 && !rounds9 && !c3 && !c8 && !c10 && rounds3 && rounds1 && !rounds0 && !rounds2)
Successfully reached the desired user error bounds.
Mutation counter: {'split': 1, 'prune': 0}
Next phase total time:  5.744121074676514
Next phase DistEstimate time : 0.25148916244506836
Next phase Validifier time : 5.293519973754883
Next phase TreeLearner time : 0.1964101791381836
Phase : 13
DistEstimate value: 0.0
Validifier value: 0.09166666666666666
Phase 13 DNF before prediction: (!b1 && !b0 && !c1 && !c14 && !rounds13 && !b6 && !rounds7 && !c0 && !rounds5 && !rounds4 && !c9 && !rounds10 && !c7 && !c15 && c6 && !rounds8 && !rounds12 && !rounds15 && !c11 && !rounds11 && !c4 && !c5 && !c2 && !c12 && !rounds14 && !rounds6 && !c13 && !rounds9 && !c3 && !c8 && !c10 && !rounds3 && !rounds0 && !rounds1) || (!b1 && !b0 && !c1 && !c14 && !rounds13 && !b6 && !rounds7 && !c0 && !rounds5 && !rounds4 && !c9 && !rounds10 && !c7 && !c15 && c6 && !rounds8 && !rounds12 && !rounds15 && !c11 && !rounds11 && !c4 && !c5 && !c2 && !c12 && !rounds14 && !rounds6 && !c13 && !rounds9 && !c3 && !c8 && !c10 && !rounds3 && !rounds0 && rounds1) || (!b1 && !b0 && !c1 && !c14 && !rounds13 && !b6 && !rounds7 && !c0 && !rounds5 && !rounds4 && !c9 && !rounds10 && !c7 && !c15 && c6 && !rounds8 && !rounds12 && !rounds15 && !c11 && !rounds11 && !c4 && !c5 && !c2 && !c12 && !rounds14 && !rounds6 && !c13 && !rounds9 && !c3 && !c8 && !c10 && !rounds3 && rounds0) || (!b1 && !b0 && !c1 && !c14 && !rounds13 && !b6 && !rounds7 && !c0 && !rounds5 && !rounds4 && !c9 && !rounds10 && !c7 && !c15 && c6 && !rounds8 && !rounds12 && !rounds15 && !c11 && !rounds11 && !c4 && !c5 && !c2 && !c12 && !rounds14 && !rounds6 && !c13 && !rounds9 && !c3 && !c8 && !c10 && rounds3 && !rounds1 && !rounds2) || (!b1 && !b0 && !c1 && !c14 && !rounds13 && !b6 && !rounds7 && !c0 && !rounds5 && !rounds4 && !c9 && !rounds10 && !c7 && !c15 && c6 && !rounds8 && !rounds12 && !rounds15 && !c11 && !rounds11 && !c4 && !c5 && !c2 && !c12 && !rounds14 && !rounds6 && !c13 && !rounds9 && !c3 && !c8 && !c10 && rounds3 && rounds1 && !rounds0 && !rounds2)
Phase 13 DNF after prediction: (!b1 && !b0 && !c1 && !c14 && !rounds13 && !b6 && !rounds7 && !c0 && !rounds5 && !rounds4 && !c9 && !rounds10 && !c7 && !c15 && c6 && !rounds8 && !rounds12 && !rounds15 && !c11 && !rounds11 && !c4 && !c5 && !c2 && !c12 && !rounds14 && !rounds6 && !c13 && !rounds9 && !c3 && !c8 && !c10 && !rounds3 && !rounds0 && !rounds1) || (!b1 && !b0 && !c1 && !c14 && !rounds13 && !b6 && !rounds7 && !c0 && !rounds5 && !rounds4 && !c9 && !rounds10 && !c7 && !c15 && c6 && !rounds8 && !rounds12 && !rounds15 && !c11 && !rounds11 && !c4 && !c5 && !c2 && !c12 && !rounds14 && !rounds6 && !c13 && !rounds9 && !c3 && !c8 && !c10 && !rounds3 && !rounds0 && rounds1) || (!b1 && !b0 && !c1 && !c14 && !rounds13 && !b6 && !rounds7 && !c0 && !rounds5 && !rounds4 && !c9 && !rounds10 && !c7 && !c15 && c6 && !rounds8 && !rounds12 && !rounds15 && !c11 && !rounds11 && !c4 && !c5 && !c2 && !c12 && !rounds14 && !rounds6 && !c13 && !rounds9 && !c3 && !c8 && !c10 && !rounds3 && rounds0) || (!b1 && !b0 && !c1 && !c14 && !rounds13 && !b6 && !rounds7 && !c0 && !rounds5 && !rounds4 && !c9 && !rounds10 && !c7 && !c15 && c6 && !rounds8 && !rounds12 && !rounds15 && !c11 && !rounds11 && !c4 && !c5 && !c2 && !c12 && !rounds14 && !rounds6 && !c13 && !rounds9 && !c3 && !c8 && !c10 && rounds3 && !rounds1 && !rounds2) || (!b1 && !b0 && !c1 && !c14 && !rounds13 && !b6 && !rounds7 && !c0 && !rounds5 && !rounds4 && !c9 && !rounds10 && !c7 && !c15 && c6 && !rounds8 && !rounds12 && !rounds15 && !c11 && !rounds11 && !c4 && !c5 && !c2 && !c12 && !rounds14 && !rounds6 && !c13 && !rounds9 && !c3 && !c8 && !c10 && rounds3 && rounds1 && !rounds0 && !rounds2)
Successfully reached the desired user error bounds.
Mutation counter: {'split': 1, 'prune': 0}
Next phase total time:  5.6585328578948975
Next phase DistEstimate time : 0.2254328727722168
Next phase Validifier time : 5.232724905014038
Next phase TreeLearner time : 0.19648981094360352
Final DistEstimate value:  0.0
Final Validifier value:  0.0
Final candidate learnt:  (!b0 && !b1 && !b10 && !b11 && !b12 && !b13 && !b14 && !b15 && !b2 && !b3 && !b4 && !b5 && !b6 && !b7 && !b8 && !b9 && !c0 && !c1 && !c10 && !c11 && !c12 && !c13 && !c14 && !c15 && !c2 && !c3 && !c4 && !c5 && !c7 && !c8 && !c9 && !rounds0 && !rounds1 && !rounds10 && !rounds11 && !rounds12 && !rounds13 && !rounds14 && !rounds15 && !rounds3 && !rounds4 && !rounds5 && !rounds6 && !rounds7 && !rounds8 && !rounds9 && c6 && rounds2) || (!b0 && !b1 && !b10 && !b11 && !b12 && !b13 && !b14 && !b15 && !b2 && !b3 && !b4 && !b5 && !b6 && !b7 && !b8 && !b9 && !c0 && !c1 && !c10 && !c11 && !c12 && !c13 && !c14 && !c15 && !c2 && !c3 && !c4 && !c5 && !c7 && !c8 && !c9 && !rounds0 && !rounds10 && !rounds11 && !rounds12 && !rounds13 && !rounds14 && !rounds15 && !rounds3 && !rounds4 && !rounds5 && !rounds6 && !rounds7 && !rounds8 && !rounds9 && c6 && rounds1) || (!b0 && !b1 && !b10 && !b11 && !b12 && !b13 && !b14 && !b15 && !b2 && !b3 && !b4 && !b5 && !b6 && !b7 && !b8 && !b9 && !c0 && !c1 && !c10 && !c11 && !c12 && !c13 && !c14 && !c15 && !c2 && !c3 && !c4 && !c5 && !c7 && !c8 && !c9 && !rounds10 && !rounds11 && !rounds12 && !rounds13 && !rounds14 && !rounds15 && !rounds3 && !rounds4 && !rounds5 && !rounds6 && !rounds7 && !rounds8 && !rounds9 && c6 && rounds0) || (!b0 && !b1 && !b10 && !b11 && !b12 && !b13 && !b14 && !b15 && !b2 && !b3 && !b4 && !b5 && !b6 && !b7 && !b8 && !b9 && !c0 && !c1 && !c10 && !c11 && !c12 && !c13 && !c14 && !c15 && !c2 && !c3 && !c4 && !c5 && !c7 && !c8 && !c9 && !rounds1 && !rounds10 && !rounds11 && !rounds12 && !rounds13 && !rounds14 && !rounds15 && !rounds2 && !rounds4 && !rounds5 && !rounds6 && !rounds7 && !rounds8 && !rounds9 && c6 && rounds3) || (!b0 && !b1 && !b10 && !b11 && !b12 && !b13 && !b14 && !b15 && !b2 && !b3 && !b4 && !b5 && !b6 && !b7 && !b8 && !b9 && !c0 && !c1 && !c10 && !c11 && !c12 && !c13 && !c14 && !c15 && !c2 && !c3 && !c4 && !c5 && !c7 && !c8 && !c9 && !rounds0 && !rounds10 && !rounds11 && !rounds12 && !rounds13 && !rounds14 && !rounds15 && !rounds2 && !rounds4 && !rounds5 && !rounds6 && !rounds7 && !rounds8 && !rounds9 && c6 && rounds1 && rounds3)
Height of learnt decision tree:  48
Number of terms in the candidate DNF:  5
Total DistEstimate time : 2.8628036975860596
Total Validifier time : 79.63284826278687
Total TreeLearner time : 6.213847398757935
Total time (seconds) : 88.76024913787842

--- Run at 2025-09-01 12:37:24.242552 ---
(!c15) && (!c14) && (!c13) && (!c12) && (!c11) && (!c10) && (!c9) && (!c8) && (!c7) && (!c6) && (!c5) && (!c4) && (!c3) && (!c2) && (!c1) && (!c0) && (!b15) && (!b14) && (!b13) && (!b12) && (!b11) && (!b10) && (!b9) && (!b8) && (!b7) && (b6) && (!b5) && (!b4) && (!b3) && (!b2) && (!b1) && (!b0) && (!rounds15) && (!rounds14) && (!rounds13) && (!rounds12) && (!rounds11) && (!rounds10) && (!rounds9) && (!rounds8) && (!rounds7) && (!rounds6) && (!rounds5) && (!rounds4) && (!rounds3) && (!rounds2) && (!rounds1) && (!rounds0) && (b15 || b14 || b13 || b12 || b11 || b10 || b9 || b8 || b7 || b6 || b5 || b4 || b3 || b2 || b1 || b0)
32
Starting model fitting...
--- Fitting took: 0.0111 seconds ---
Starting custom tree build...
--- Custom tree build took: 0.0034 seconds ---
Prediction time : 0.7638437747955322
Initial phase DNF: (!c12 && !b13 && !rounds5 && !rounds12 && !c5 && !rounds10 && c6 && !c14 && !b4 && !c3 && !rounds0) || (!c12 && !b13 && !rounds5 && !rounds12 && !c5 && !rounds10 && c6 && !c14 && !b4 && !c3 && rounds0)
Phase : 2
DistEstimate value: 0.0
Validifier value: 1.0
Phase 2 DNF before prediction: (!c12 && !b13 && !rounds5 && !rounds12 && !c5 && !rounds10 && c6 && !c14 && !b4 && !c3 && !rounds0) || (!c12 && !b13 && !rounds5 && !rounds12 && !c5 && !rounds10 && c6 && !c14 && !b4 && !c3 && rounds0)
Phase 2 DNF after prediction: c15 && !c15
Successfully reached the desired user error bounds.
Mutation counter: {'split': 7, 'prune': 0}
Next phase total time:  7.32663893699646
Next phase DistEstimate time : 0.2030348777770996
Next phase Validifier time : 6.021798133850098
Next phase TreeLearner time : 1.0989060401916504
Phase : 3
DistEstimate value: 0.0
Validifier value: 1.0
Phase 3 DNF before prediction: (!c12 && !b13 && !rounds5 && !rounds12 && !c5 && !rounds10 && c6 && !c14 && !b4 && !c3 && !rounds0 && !rounds9 && !c10 && !c0 && !c9) || (!c12 && !b13 && !rounds5 && !rounds12 && !c5 && !rounds10 && c6 && !c14 && !b4 && !c3 && rounds0 && !rounds14 && !rounds15 && !rounds13)
Phase 3 DNF after prediction: c15 && !c15
Successfully reached the desired user error bounds.
Mutation counter: {'split': 8, 'prune': 0}
Next phase total time:  8.409605741500854
Next phase DistEstimate time : 0.20608282089233398
Next phase Validifier time : 6.910138130187988
Next phase TreeLearner time : 1.2906596660614014
Phase : 4
DistEstimate value: 0.0
Validifier value: 1.0
Phase 4 DNF before prediction: (!c12 && !b13 && !rounds5 && !rounds12 && !c5 && !rounds10 && c6 && !c14 && !b4 && !c3 && !rounds0 && !rounds9 && !c10 && !c0 && !c9 && !rounds7 && !rounds11 && !c8 && !rounds13 && !rounds4) || (!c12 && !b13 && !rounds5 && !rounds12 && !c5 && !rounds10 && c6 && !c14 && !b4 && !c3 && rounds0 && !rounds14 && !rounds15 && !rounds13 && !c9 && !rounds3 && !rounds11)
Phase 4 DNF after prediction: c15 && !c15
Successfully reached the desired user error bounds.
Mutation counter: {'split': 7, 'prune': 0}
Next phase total time:  7.566829681396484
Next phase DistEstimate time : 0.2160181999206543
Next phase Validifier time : 5.929877042770386
Next phase TreeLearner time : 1.4181649684906006
Phase : 5
DistEstimate value: 0.00666666666666671
Validifier value: 1.0
Phase 5 DNF before prediction: (!c12 && !b13 && !rounds5 && !rounds12 && !c5 && !rounds10 && c6 && !c14 && !b4 && !c3 && !rounds0 && !rounds9 && !c10 && !c0 && !c9 && !rounds7 && !rounds11 && !c8 && !rounds13 && !rounds4 && !c13 && !rounds8 && !c1 && !c4) || (!c12 && !b13 && !rounds5 && !rounds12 && !c5 && !rounds10 && c6 && !c14 && !b4 && !c3 && rounds0 && !rounds14 && !rounds15 && !rounds13 && !c9 && !rounds3 && !rounds11 && !c8 && !rounds9 && !c4)
Phase 5 DNF after prediction: c15 && !c15
Successfully reached the desired user error bounds.
Mutation counter: {'split': 8, 'prune': 0}
Next phase total time:  7.823787212371826
Next phase DistEstimate time : 0.19815802574157715
Next phase Validifier time : 5.740091800689697
Next phase TreeLearner time : 1.8828630447387695
Phase : 6
DistEstimate value: 0.0
Validifier value: 0.9933333333333333
Phase 6 DNF before prediction: (!c12 && !b13 && !rounds5 && !rounds12 && !c5 && !rounds10 && c6 && !c14 && !b4 && !c3 && !rounds0 && !rounds9 && !c10 && !c0 && !c9 && !rounds7 && !rounds11 && !c8 && !rounds13 && !rounds4 && !c13 && !rounds8 && !c1 && !c4 && !c11 && !rounds14 && !rounds15 && !c15) || (!c12 && !b13 && !rounds5 && !rounds12 && !c5 && !rounds10 && c6 && !c14 && !b4 && !c3 && rounds0 && !rounds14 && !rounds15 && !rounds13 && !c9 && !rounds3 && !rounds11 && !c8 && !rounds9 && !c4 && !rounds4 && !c13 && !rounds6 && !c11)
Phase 6 DNF after prediction: c15 && !c15
Successfully reached the desired user error bounds.
Mutation counter: {'split': 8, 'prune': 0}
Next phase total time:  9.315531015396118
Next phase DistEstimate time : 0.21060514450073242
Next phase Validifier time : 7.2838640213012695
Next phase TreeLearner time : 1.8182728290557861
Phase : 7
DistEstimate value: 0.00666666666666671
Validifier value: 0.8533333333333334
Phase 7 DNF before prediction: (!c12 && !b13 && !rounds5 && !rounds12 && !c5 && !rounds10 && c6 && !c14 && !b4 && !c3 && !rounds0 && !rounds9 && !c10 && !c0 && !c9 && !rounds7 && !rounds11 && !c8 && !rounds13 && !rounds4 && !c13 && !rounds8 && !c1 && !c4 && !c11 && !rounds14 && !rounds15 && !c15 && !c2 && !rounds6 && !rounds3) || (!c12 && !b13 && !rounds5 && !rounds12 && !c5 && !rounds10 && c6 && !c14 && !b4 && !c3 && !rounds0 && !rounds9 && !c10 && !c0 && !c9 && !rounds7 && !rounds11 && !c8 && !rounds13 && !rounds4 && !c13 && !rounds8 && !c1 && !c4 && !c11 && !rounds14 && !rounds15 && !c15 && !c2 && !rounds6 && rounds3 && !rounds2) || (!c12 && !b13 && !rounds5 && !rounds12 && !c5 && !rounds10 && c6 && !c14 && !b4 && !c3 && rounds0 && !rounds14 && !rounds15 && !rounds13 && !c9 && !rounds3 && !rounds11 && !c8 && !rounds9 && !c4 && !rounds4 && !c13 && !rounds6 && !c11 && !c1 && !rounds7 && !c7 && !rounds8)
Phase 7 DNF after prediction: (!c12 && !b13 && !rounds5 && !rounds12 && !c5 && !rounds10 && c6 && !c14 && !b4 && !c3 && !rounds0 && !rounds9 && !c10 && !c0 && !c9 && !rounds7 && !rounds11 && !c8 && !rounds13 && !rounds4 && !c13 && !rounds8 && !c1 && !c4 && !c11 && !rounds14 && !rounds15 && !c15 && !c2 && !rounds6 && rounds3 && !rounds2)
Successfully reached the desired user error bounds.
Mutation counter: {'split': 7, 'prune': 0}
Next phase total time:  8.38504695892334
Next phase DistEstimate time : 0.20656299591064453
Next phase Validifier time : 6.464487791061401
Next phase TreeLearner time : 1.7104990482330322
Phase : 8
DistEstimate value: 0.0
Validifier value: 0.34
Phase 8 DNF before prediction: (!c12 && !b13 && !rounds5 && !rounds12 && !c5 && !rounds10 && c6 && !c14 && !b4 && !c3 && !rounds0 && !rounds9 && !c10 && !c0 && !c9 && !rounds7 && !rounds11 && !c8 && !rounds13 && !rounds4 && !c13 && !rounds8 && !c1 && !c4 && !c11 && !rounds14 && !rounds15 && !c15 && !c2 && !rounds6 && !rounds3 && !c7 && !rounds1 && rounds2) || (!c12 && !b13 && !rounds5 && !rounds12 && !c5 && !rounds10 && c6 && !c14 && !b4 && !c3 && !rounds0 && !rounds9 && !c10 && !c0 && !c9 && !rounds7 && !rounds11 && !c8 && !rounds13 && !rounds4 && !c13 && !rounds8 && !c1 && !c4 && !c11 && !rounds14 && !rounds15 && !c15 && !c2 && !rounds6 && !rounds3 && !c7 && rounds1) || (!c12 && !b13 && !rounds5 && !rounds12 && !c5 && !rounds10 && c6 && !c14 && !b4 && !c3 && !rounds0 && !rounds9 && !c10 && !c0 && !c9 && !rounds7 && !rounds11 && !c8 && !rounds13 && !rounds4 && !c13 && !rounds8 && !c1 && !c4 && !c11 && !rounds14 && !rounds15 && !c15 && !c2 && !rounds6 && rounds3 && !rounds2 && !c7) || (!c12 && !b13 && !rounds5 && !rounds12 && !c5 && !rounds10 && c6 && !c14 && !b4 && !c3 && rounds0 && !rounds14 && !rounds15 && !rounds13 && !c9 && !rounds3 && !rounds11 && !c8 && !rounds9 && !c4 && !rounds4 && !c13 && !rounds6 && !c11 && !c1 && !rounds7 && !c7 && !rounds8 && !c15 && !c2 && !c0)
Phase 8 DNF after prediction: (!c12 && !b13 && !rounds5 && !rounds12 && !c5 && !rounds10 && c6 && !c14 && !b4 && !c3 && !rounds0 && !rounds9 && !c10 && !c0 && !c9 && !rounds7 && !rounds11 && !c8 && !rounds13 && !rounds4 && !c13 && !rounds8 && !c1 && !c4 && !c11 && !rounds14 && !rounds15 && !c15 && !c2 && !rounds6 && !rounds3 && !c7 && !rounds1 && rounds2) || (!c12 && !b13 && !rounds5 && !rounds12 && !c5 && !rounds10 && c6 && !c14 && !b4 && !c3 && !rounds0 && !rounds9 && !c10 && !c0 && !c9 && !rounds7 && !rounds11 && !c8 && !rounds13 && !rounds4 && !c13 && !rounds8 && !c1 && !c4 && !c11 && !rounds14 && !rounds15 && !c15 && !c2 && !rounds6 && !rounds3 && !c7 && rounds1) || (!c12 && !b13 && !rounds5 && !rounds12 && !c5 && !rounds10 && c6 && !c14 && !b4 && !c3 && !rounds0 && !rounds9 && !c10 && !c0 && !c9 && !rounds7 && !rounds11 && !c8 && !rounds13 && !rounds4 && !c13 && !rounds8 && !c1 && !c4 && !c11 && !rounds14 && !rounds15 && !c15 && !c2 && !rounds6 && rounds3 && !rounds2 && !c7) || (!c12 && !b13 && !rounds5 && !rounds12 && !c5 && !rounds10 && c6 && !c14 && !b4 && !c3 && rounds0 && !rounds14 && !rounds15 && !rounds13 && !c9 && !rounds3 && !rounds11 && !c8 && !rounds9 && !c4 && !rounds4 && !c13 && !rounds6 && !c11 && !c1 && !rounds7 && !c7 && !rounds8 && !c15 && !c2 && !c0)
Successfully reached the desired user error bounds.
Mutation counter: {'split': 1, 'prune': 0}
Next phase total time:  5.290894031524658
Next phase DistEstimate time : 0.2060990333557129
Next phase Validifier time : 4.803260087966919
Next phase TreeLearner time : 0.27815699577331543
Final DistEstimate value:  0.0
Final Validifier value:  0.0
Final candidate learnt:  (!b0 && !b1 && !b10 && !b11 && !b12 && !b13 && !b14 && !b15 && !b2 && !b3 && !b4 && !b5 && !b6 && !b7 && !b8 && !b9 && !c0 && !c1 && !c10 && !c11 && !c12 && !c13 && !c14 && !c15 && !c2 && !c3 && !c4 && !c5 && !c7 && !c8 && !c9 && !rounds0 && !rounds1 && !rounds10 && !rounds11 && !rounds12 && !rounds13 && !rounds14 && !rounds15 && !rounds3 && !rounds4 && !rounds5 && !rounds6 && !rounds7 && !rounds8 && !rounds9 && c6 && rounds2) || (!b0 && !b1 && !b10 && !b11 && !b12 && !b13 && !b14 && !b15 && !b2 && !b3 && !b4 && !b5 && !b6 && !b7 && !b8 && !b9 && !c0 && !c1 && !c10 && !c11 && !c12 && !c13 && !c14 && !c15 && !c2 && !c3 && !c4 && !c5 && !c7 && !c8 && !c9 && !rounds0 && !rounds10 && !rounds11 && !rounds12 && !rounds13 && !rounds14 && !rounds15 && !rounds3 && !rounds4 && !rounds5 && !rounds6 && !rounds7 && !rounds8 && !rounds9 && c6 && rounds1) || (!b0 && !b1 && !b10 && !b11 && !b12 && !b13 && !b14 && !b15 && !b2 && !b3 && !b4 && !b5 && !b6 && !b7 && !b8 && !b9 && !c0 && !c1 && !c10 && !c11 && !c12 && !c13 && !c14 && !c15 && !c2 && !c3 && !c4 && !c5 && !c7 && !c8 && !c9 && !rounds0 && !rounds10 && !rounds11 && !rounds12 && !rounds13 && !rounds14 && !rounds15 && !rounds2 && !rounds4 && !rounds5 && !rounds6 && !rounds7 && !rounds8 && !rounds9 && c6 && rounds3) || (!b0 && !b1 && !b10 && !b11 && !b12 && !b13 && !b14 && !b15 && !b2 && !b3 && !b4 && !b5 && !b6 && !b7 && !b8 && !b9 && !c0 && !c1 && !c10 && !c11 && !c12 && !c13 && !c14 && !c15 && !c2 && !c3 && !c4 && !c5 && !c7 && !c8 && !c9 && !rounds10 && !rounds11 && !rounds12 && !rounds13 && !rounds14 && !rounds15 && !rounds3 && !rounds4 && !rounds5 && !rounds6 && !rounds7 && !rounds8 && !rounds9 && c6 && rounds0)
Height of learnt decision tree:  48
Number of terms in the candidate DNF:  4
Total DistEstimate time : 1.6727280616760254
Total Validifier time : 49.36641573905945
Total TreeLearner time : 10.823518753051758
Total time (seconds) : 61.898510217666626

--- Run at 2025-09-01 12:39:14.575026 ---
(!c15) && (!c14) && (!c13) && (!c12) && (!c11) && (!c10) && (!c9) && (!c8) && (!c7) && (!c6) && (!c5) && (!c4) && (!c3) && (!c2) && (!c1) && (!c0) && (!b15) && (!b14) && (!b13) && (!b12) && (!b11) && (!b10) && (!b9) && (!b8) && (!b7) && (b6) && (!b5) && (!b4) && (!b3) && (!b2) && (!b1) && (!b0) && (!rounds15) && (!rounds14) && (!rounds13) && (!rounds12) && (!rounds11) && (!rounds10) && (!rounds9) && (!rounds8) && (!rounds7) && (!rounds6) && (!rounds5) && (!rounds4) && (!rounds3) && (!rounds2) && (!rounds1) && (!rounds0) && (b15 || b14 || b13 || b12 || b11 || b10 || b9 || b8 || b7 || b6 || b5 || b4 || b3 || b2 || b1 || b0)
32
Starting model fitting...
--- Fitting took: 0.0120 seconds ---
Starting custom tree build...
--- Custom tree build took: 0.0035 seconds ---
Prediction time : 0.9381470680236816
Initial phase DNF: (!c10 && !rounds4 && !c15 && !c5 && c6 && !c9 && !rounds7 && !rounds15 && !b12 && !rounds13 && !rounds3) || (!c10 && !rounds4 && !c15 && !c5 && c6 && !c9 && !rounds7 && !rounds15 && !b12 && !rounds13 && rounds3)
Phase : 2
DistEstimate value: 0.0
Validifier value: 1.0
Phase 2 DNF before prediction: (!c10 && !rounds4 && !c15 && !c5 && c6 && !c9 && !rounds7 && !rounds15 && !b12 && !rounds13 && !rounds3) || (!c10 && !rounds4 && !c15 && !c5 && c6 && !c9 && !rounds7 && !rounds15 && !b12 && !rounds13 && rounds3)
Phase 2 DNF after prediction: c15 && !c15
Successfully reached the desired user error bounds.
Mutation counter: {'split': 5, 'prune': 0}
Next phase total time:  6.867534875869751
Next phase DistEstimate time : 0.20290303230285645
Next phase Validifier time : 6.023598909378052
Next phase TreeLearner time : 0.6384530067443848
Phase : 3
DistEstimate value: 0.0
Validifier value: 1.0
Phase 3 DNF before prediction: (!c10 && !rounds4 && !c15 && !c5 && c6 && !c9 && !rounds7 && !rounds15 && !b12 && !rounds13 && !rounds3 && !c3 && !c4) || (!c10 && !rounds4 && !c15 && !c5 && c6 && !c9 && !rounds7 && !rounds15 && !b12 && !rounds13 && rounds3 && !c12 && !rounds6 && !c3)
Phase 3 DNF after prediction: c15 && !c15
Successfully reached the desired user error bounds.
Mutation counter: {'split': 3, 'prune': 0}
Next phase total time:  6.903760194778442
Next phase DistEstimate time : 0.21564602851867676
Next phase Validifier time : 6.2719879150390625
Next phase TreeLearner time : 0.4130971431732178
Phase : 4
DistEstimate value: 0.013333333333333308
Validifier value: 1.0
Phase 4 DNF before prediction: (!c10 && !rounds4 && !c15 && !c5 && c6 && !c9 && !rounds7 && !rounds15 && !b12 && !rounds13 && !rounds3 && !c3 && !c4 && !c13 && !rounds9 && !rounds12)
Phase 4 DNF after prediction: c15 && !c15
Successfully reached the desired user error bounds.
Mutation counter: {'split': 3, 'prune': 0}
Next phase total time:  7.070142984390259
Next phase DistEstimate time : 0.20621275901794434
Next phase Validifier time : 6.409832954406738
Next phase TreeLearner time : 0.45070505142211914
Phase : 5
DistEstimate value: 0.00666666666666671
Validifier value: 1.0
Phase 5 DNF before prediction: (!c10 && !rounds4 && !c15 && !c5 && c6 && !c9 && !rounds7 && !rounds15 && !b12 && !rounds13 && !rounds3 && !c3 && !c4 && !c13 && !rounds9 && !rounds12 && !rounds8 && !rounds14 && !c1)
Phase 5 DNF after prediction: c15 && !c15
Successfully reached the desired user error bounds.
Mutation counter: {'split': 3, 'prune': 0}
Next phase total time:  7.376719236373901
Next phase DistEstimate time : 0.204481840133667
Next phase Validifier time : 6.696468114852905
Next phase TreeLearner time : 0.47287416458129883
Phase : 6
DistEstimate value: 0.00666666666666671
Validifier value: 1.0
Phase 6 DNF before prediction: (!c10 && !rounds4 && !c15 && !c5 && c6 && !c9 && !rounds7 && !rounds15 && !b12 && !rounds13 && !rounds3 && !c3 && !c4 && !c13 && !rounds9 && !rounds12 && !rounds8 && !rounds14 && !c1 && !c2 && !c0 && !rounds10)
Phase 6 DNF after prediction: c15 && !c15
Successfully reached the desired user error bounds.
Mutation counter: {'split': 3, 'prune': 0}
Next phase total time:  8.482328176498413
Next phase DistEstimate time : 0.2083280086517334
Next phase Validifier time : 7.761768817901611
Next phase TreeLearner time : 0.509300947189331
Phase : 7
DistEstimate value: 0.0
Validifier value: 0.9850746268656716
Phase 7 DNF before prediction: (!c10 && !rounds4 && !c15 && !c5 && c6 && !c9 && !rounds7 && !rounds15 && !b12 && !rounds13 && !rounds3 && !c3 && !c4 && !c13 && !rounds9 && !rounds12 && !rounds8 && !rounds14 && !c1 && !c2 && !c0 && !rounds10 && !c12 && !rounds11 && !c7)
Phase 7 DNF after prediction: c15 && !c15
Successfully reached the desired user error bounds.
Mutation counter: {'split': 3, 'prune': 0}
Next phase total time:  8.313488006591797
Next phase DistEstimate time : 0.23914694786071777
Next phase Validifier time : 7.495063781738281
Next phase TreeLearner time : 0.5761229991912842
Phase : 8
DistEstimate value: 0.0
Validifier value: 0.835820895522388
Phase 8 DNF before prediction: (!c10 && !rounds4 && !c15 && !c5 && c6 && !c9 && !rounds7 && !rounds15 && !b12 && !rounds13 && !rounds3 && !c3 && !c4 && !c13 && !rounds9 && !rounds12 && !rounds8 && !rounds14 && !c1 && !c2 && !c0 && !rounds10 && !c12 && !rounds11 && !c7 && !c8 && !rounds5 && !c11)
Phase 8 DNF after prediction: c15 && !c15
Successfully reached the desired user error bounds.
Mutation counter: {'split': 2, 'prune': 0}
Next phase total time:  6.013474941253662
Next phase DistEstimate time : 0.20116186141967773
Next phase Validifier time : 5.4410080909729
Next phase TreeLearner time : 0.3687119483947754
Final DistEstimate value:  0.020000000000000018
Final Validifier value:  0.1044776119402985
Final candidate learnt:  (!b0 && !b1 && !b10 && !b11 && !b12 && !b13 && !b14 && !b15 && !b2 && !b3 && !b4 && !b5 && !b6 && !b7 && !b8 && !b9 && !c0 && !c1 && !c10 && !c11 && !c12 && !c13 && !c14 && !c15 && !c2 && !c3 && !c4 && !c5 && !c7 && !c8 && !c9 && !rounds10 && !rounds11 && !rounds12 && !rounds13 && !rounds14 && !rounds15 && !rounds3 && !rounds4 && !rounds5 && !rounds6 && !rounds7 && !rounds8 && !rounds9 && c6)
Height of learnt decision tree:  45
Number of terms in the candidate DNF:  1
Total DistEstimate time : 1.6982035636901855
Total Validifier time : 51.9083514213562
Total TreeLearner time : 4.9270453453063965
Total time (seconds) : 58.567564964294434

--- Run at 2025-09-01 12:40:38.275445 ---
(!c15) && (!c14) && (!c13) && (!c12) && (!c11) && (!c10) && (!c9) && (!c8) && (!c7) && (!c6) && (!c5) && (!c4) && (!c3) && (!c2) && (!c1) && (!c0) && (!b15) && (!b14) && (!b13) && (!b12) && (!b11) && (!b10) && (!b9) && (!b8) && (!b7) && (b6) && (!b5) && (!b4) && (!b3) && (!b2) && (!b1) && (!b0) && (!rounds15) && (!rounds14) && (!rounds13) && (!rounds12) && (!rounds11) && (!rounds10) && (!rounds9) && (!rounds8) && (!rounds7) && (!rounds6) && (!rounds5) && (!rounds4) && (!rounds3) && (!rounds2) && (!rounds1) && (!rounds0) && (b15 || b14 || b13 || b12 || b11 || b10 || b9 || b8 || b7 || b6 || b5 || b4 || b3 || b2 || b1 || b0)
32
Starting model fitting...
--- Fitting took: 0.0118 seconds ---
Starting custom tree build...
--- Custom tree build took: 0.0034 seconds ---
Prediction time : 0.818047046661377
Initial phase DNF: (!c2 && !b12 && !c5 && !c8 && !c15 && !b3 && !c10 && !rounds7 && !c3 && !c13 && !rounds0) || (!c2 && !b12 && !c5 && !c8 && !c15 && !b3 && !c10 && !rounds7 && !c3 && !c13 && rounds0)
Phase : 2
DistEstimate value: 0.0
Validifier value: 1.0
Phase 2 DNF before prediction: (!c2 && !b12 && !c5 && !c8 && !c15 && !b3 && !c10 && !rounds7 && !c3 && !c13 && !rounds0) || (!c2 && !b12 && !c5 && !c8 && !c15 && !b3 && !c10 && !rounds7 && !c3 && !c13 && rounds0)
Phase 2 DNF after prediction: c15 && !c15
Successfully reached the desired user error bounds.
Mutation counter: {'split': 6, 'prune': 0}
Next phase total time:  7.196722745895386
Next phase DistEstimate time : 0.21845293045043945
Next phase Validifier time : 6.237278938293457
Next phase TreeLearner time : 0.7383890151977539
Phase : 3
DistEstimate value: 0.0
Validifier value: 1.0
Phase 3 DNF before prediction: (!c2 && !b12 && !c5 && !c8 && !c15 && !b3 && !c10 && !rounds7 && !c3 && !c13 && !rounds0 && c6 && !rounds10) || (!c2 && !b12 && !c5 && !c8 && !c15 && !b3 && !c10 && !rounds7 && !c3 && !c13 && rounds0 && !rounds4 && !rounds3) || (!c2 && !b12 && !c5 && !c8 && !c15 && !b3 && !c10 && !rounds7 && !c3 && !c13 && rounds0 && !rounds4 && rounds3 && !c11 && !rounds1)
Phase 3 DNF after prediction: c15 && !c15
Successfully reached the desired user error bounds.
Mutation counter: {'split': 6, 'prune': 0}
Next phase total time:  7.021687984466553
Next phase DistEstimate time : 0.21392107009887695
Next phase Validifier time : 6.0083982944488525
Next phase TreeLearner time : 0.796518087387085
Phase : 4
DistEstimate value: 0.0
Validifier value: 1.0
Phase 4 DNF before prediction: (!c2 && !b12 && !c5 && !c8 && !c15 && !b3 && !c10 && !rounds7 && !c3 && !c13 && !rounds0 && c6 && !rounds10 && !rounds4 && !rounds13 && !c12) || (!c2 && !b12 && !c5 && !c8 && !c15 && !b3 && !c10 && !rounds7 && !c3 && !c13 && rounds0 && !rounds4 && !rounds3 && !c1 && !rounds15) || (!c2 && !b12 && !c5 && !c8 && !c15 && !b3 && !c10 && !rounds7 && !c3 && !c13 && rounds0 && !rounds4 && rounds3 && !c11 && !rounds1 && c6)
Phase 4 DNF after prediction: c15 && !c15
Successfully reached the desired user error bounds.
Mutation counter: {'split': 2, 'prune': 0}
Next phase total time:  8.164274215698242
Next phase DistEstimate time : 0.2613067626953125
Next phase Validifier time : 7.580337762832642
Next phase TreeLearner time : 0.3200523853302002
Phase : 5
DistEstimate value: 0.0
Validifier value: 1.0
Phase 5 DNF before prediction: (!c2 && !b12 && !c5 && !c8 && !c15 && !b3 && !c10 && !rounds7 && !c3 && !c13 && !rounds0 && c6 && !rounds10 && !rounds4 && !rounds13 && !c12 && !rounds12) || (!c2 && !b12 && !c5 && !c8 && !c15 && !b3 && !c10 && !rounds7 && !c3 && !c13 && rounds0 && !rounds4 && !rounds3 && !c1 && !rounds15 && !rounds8)
Phase 5 DNF after prediction: c15 && !c15
Successfully reached the desired user error bounds.
Mutation counter: {'split': 5, 'prune': 0}
Next phase total time:  8.2869291305542
Next phase DistEstimate time : 0.20987200736999512
Next phase Validifier time : 6.852297067642212
Next phase TreeLearner time : 1.220644235610962
Phase : 6
DistEstimate value: 0.00666666666666671
Validifier value: 1.0
Phase 6 DNF before prediction: (!c2 && !b12 && !c5 && !c8 && !c15 && !b3 && !c10 && !rounds7 && !c3 && !c13 && !rounds0 && c6 && !rounds10 && !rounds4 && !rounds13 && !c12 && !rounds12 && !rounds8 && !c0 && !c14) || (!c2 && !b12 && !c5 && !c8 && !c15 && !b3 && !c10 && !rounds7 && !c3 && !c13 && rounds0 && !rounds4 && !rounds3 && !c1 && !rounds15 && !rounds8 && !rounds10 && !c7)
Phase 6 DNF after prediction: c15 && !c15
Successfully reached the desired user error bounds.
Mutation counter: {'split': 4, 'prune': 0}
Next phase total time:  7.974700689315796
Next phase DistEstimate time : 0.20493292808532715
Next phase Validifier time : 7.047470808029175
Next phase TreeLearner time : 0.7196438312530518
Phase : 7
DistEstimate value: 0.0
Validifier value: 1.0
Phase 7 DNF before prediction: (!c2 && !b12 && !c5 && !c8 && !c15 && !b3 && !c10 && !rounds7 && !c3 && !c13 && !rounds0 && c6 && !rounds10 && !rounds4 && !rounds13 && !c12 && !rounds12 && !rounds8 && !c0 && !c14 && !rounds9 && !c4) || (!c2 && !b12 && !c5 && !c8 && !c15 && !b3 && !c10 && !rounds7 && !c3 && !c13 && rounds0 && !rounds4 && !rounds3 && !c1 && !rounds15 && !rounds8 && !rounds10 && !c7 && !rounds11 && !c14)
Phase 7 DNF after prediction: c15 && !c15
Successfully reached the desired user error bounds.
Mutation counter: {'split': 10, 'prune': 0}
Next phase total time:  8.258818864822388
Next phase DistEstimate time : 0.20726299285888672
Next phase Validifier time : 5.877186059951782
Next phase TreeLearner time : 2.1715688705444336
Phase : 8
DistEstimate value: 0.0
Validifier value: 1.0
Phase 8 DNF before prediction: (!c2 && !b12 && !c5 && !c8 && !c15 && !b3 && !c10 && !rounds7 && !c3 && !c13 && !rounds0 && c6 && !rounds10 && !rounds4 && !rounds13 && !c12 && !rounds12 && !rounds8 && !c0 && !c14 && !rounds9 && !c4 && !rounds11 && !c9 && !rounds1 && !rounds6 && !c7) || (!c2 && !b12 && !c5 && !c8 && !c15 && !b3 && !c10 && !rounds7 && !c3 && !c13 && !rounds0 && c6 && !rounds10 && !rounds4 && !rounds13 && !c12 && !rounds12 && !rounds8 && !c0 && !c14 && !rounds9 && !c4 && !rounds11 && !c9 && rounds1) || (!c2 && !b12 && !c5 && !c8 && !c15 && !b3 && !c10 && !rounds7 && !c3 && !c13 && rounds0 && !rounds4 && !rounds3 && !c1 && !rounds15 && !rounds8 && !rounds10 && !c7 && !rounds11 && !c14 && !rounds13 && !c0) || (!c2 && !b12 && !c5 && !c8 && !c15 && !b3 && !c10 && !rounds7 && !c3 && !c13 && rounds0 && !rounds4 && rounds3 && !c11 && !rounds1 && c6 && !rounds5 && !rounds14 && !rounds11)
Phase 8 DNF after prediction: (!c2 && !b12 && !c5 && !c8 && !c15 && !b3 && !c10 && !rounds7 && !c3 && !c13 && !rounds0 && c6 && !rounds10 && !rounds4 && !rounds13 && !c12 && !rounds12 && !rounds8 && !c0 && !c14 && !rounds9 && !c4 && !rounds11 && !c9 && !rounds1 && !rounds6 && !c7) || (!c2 && !b12 && !c5 && !c8 && !c15 && !b3 && !c10 && !rounds7 && !c3 && !c13 && !rounds0 && c6 && !rounds10 && !rounds4 && !rounds13 && !c12 && !rounds12 && !rounds8 && !c0 && !c14 && !rounds9 && !c4 && !rounds11 && !c9 && rounds1)
Successfully reached the desired user error bounds.
Mutation counter: {'split': 1, 'prune': 0}
Next phase total time:  7.634337663650513
Next phase DistEstimate time : 0.21438217163085938
Next phase Validifier time : 7.178375959396362
Next phase TreeLearner time : 0.23778462409973145
Phase : 9
DistEstimate value: 0.0
Validifier value: 1.0
Phase 9 DNF before prediction: (!c2 && !b12 && !c5 && !c8 && !c15 && !b3 && !c10 && !rounds7 && !c3 && !c13 && !rounds0 && c6 && !rounds10 && !rounds4 && !rounds13 && !c12 && !rounds12 && !rounds8 && !c0 && !c14 && !rounds9 && !c4 && !rounds11 && !c9 && !rounds1 && !rounds6 && !c7) || (!c2 && !b12 && !c5 && !c8 && !c15 && !b3 && !c10 && !rounds7 && !c3 && !c13 && !rounds0 && c6 && !rounds10 && !rounds4 && !rounds13 && !c12 && !rounds12 && !rounds8 && !c0 && !c14 && !rounds9 && !c4 && !rounds11 && !c9 && rounds1) || (!c2 && !b12 && !c5 && !c8 && !c15 && !b3 && !c10 && !rounds7 && !c3 && !c13 && rounds0 && !rounds4 && !rounds3 && !c1 && !rounds15 && !rounds8 && !rounds10 && !c7 && !rounds11 && !c14 && !rounds13 && !c0 && !rounds6)
Phase 9 DNF after prediction: c15 && !c15
Successfully reached the desired user error bounds.
Mutation counter: {'split': 6, 'prune': 0}
Next phase total time:  7.484924793243408
Next phase DistEstimate time : 0.20290899276733398
Next phase Validifier time : 6.008554935455322
Next phase TreeLearner time : 1.270453929901123
Phase : 10
DistEstimate value: 0.0
Validifier value: 1.0
Phase 10 DNF before prediction: (!c2 && !b12 && !c5 && !c8 && !c15 && !b3 && !c10 && !rounds7 && !c3 && !c13 && !rounds0 && c6 && !rounds10 && !rounds4 && !rounds13 && !c12 && !rounds12 && !rounds8 && !c0 && !c14 && !rounds9 && !c4 && !rounds11 && !c9 && !rounds1 && !rounds6 && !c7 && !rounds15 && !c1) || (!c2 && !b12 && !c5 && !c8 && !c15 && !b3 && !c10 && !rounds7 && !c3 && !c13 && !rounds0 && c6 && !rounds10 && !rounds4 && !rounds13 && !c12 && !rounds12 && !rounds8 && !c0 && !c14 && !rounds9 && !c4 && !rounds11 && !c9 && rounds1 && !rounds5 && !rounds6) || (!c2 && !b12 && !c5 && !c8 && !c15 && !b3 && !c10 && !rounds7 && !c3 && !c13 && rounds0 && !rounds4 && !rounds3 && !c1 && !rounds15 && !rounds8 && !rounds10 && !c7 && !rounds11 && !c14 && !rounds13 && !c0 && !rounds6 && !c11 && !c12)
Phase 10 DNF after prediction: (!c2 && !b12 && !c5 && !c8 && !c15 && !b3 && !c10 && !rounds7 && !c3 && !c13 && !rounds0 && c6 && !rounds10 && !rounds4 && !rounds13 && !c12 && !rounds12 && !rounds8 && !c0 && !c14 && !rounds9 && !c4 && !rounds11 && !c9 && !rounds1 && !rounds6 && !c7 && !rounds15 && !c1)
Successfully reached the desired user error bounds.
Mutation counter: {'split': 5, 'prune': 0}
Next phase total time:  7.330049991607666
Next phase DistEstimate time : 0.20656371116638184
Next phase Validifier time : 6.015753984451294
Next phase TreeLearner time : 1.1050317287445068
Phase : 11
DistEstimate value: 0.00666666666666671
Validifier value: 0.9210526315789473
Phase 11 DNF before prediction: (!c2 && !b12 && !c5 && !c8 && !c15 && !b3 && !c10 && !rounds7 && !c3 && !c13 && !rounds0 && c6 && !rounds10 && !rounds4 && !rounds13 && !c12 && !rounds12 && !rounds8 && !c0 && !c14 && !rounds9 && !c4 && !rounds11 && !c9 && !rounds1 && !rounds6 && !c7 && !rounds15 && !c1 && !rounds5) || (!c2 && !b12 && !c5 && !c8 && !c15 && !b3 && !c10 && !rounds7 && !c3 && !c13 && !rounds0 && c6 && !rounds10 && !rounds4 && !rounds13 && !c12 && !rounds12 && !rounds8 && !c0 && !c14 && !rounds9 && !c4 && !rounds11 && !c9 && rounds1 && !rounds5 && !rounds6 && !rounds14) || (!c2 && !b12 && !c5 && !c8 && !c15 && !b3 && !c10 && !rounds7 && !c3 && !c13 && rounds0 && !rounds4 && !rounds3 && !c1 && !rounds15 && !rounds8 && !rounds10 && !c7 && !rounds11 && !c14 && !rounds13 && !c0 && !rounds6 && !c11 && !c12 && !rounds5 && !c9 && !rounds9)
Phase 11 DNF after prediction: (!c2 && !b12 && !c5 && !c8 && !c15 && !b3 && !c10 && !rounds7 && !c3 && !c13 && !rounds0 && c6 && !rounds10 && !rounds4 && !rounds13 && !c12 && !rounds12 && !rounds8 && !c0 && !c14 && !rounds9 && !c4 && !rounds11 && !c9 && !rounds1 && !rounds6 && !c7 && !rounds15 && !c1 && !rounds5)
Successfully reached the desired user error bounds.
Mutation counter: {'split': 5, 'prune': 0}
Next phase total time:  8.509865045547485
Next phase DistEstimate time : 0.2280428409576416
Next phase Validifier time : 6.748730897903442
Next phase TreeLearner time : 1.5293850898742676
Phase : 12
DistEstimate value: 0.0
Validifier value: 0.6842105263157895
Phase 12 DNF before prediction: (!c2 && !b12 && !c5 && !c8 && !c15 && !b3 && !c10 && !rounds7 && !c3 && !c13 && !rounds0 && c6 && !rounds10 && !rounds4 && !rounds13 && !c12 && !rounds12 && !rounds8 && !c0 && !c14 && !rounds9 && !c4 && !rounds11 && !c9 && !rounds1 && !rounds6 && !c7 && !rounds15 && !c1 && !rounds5 && !c11) || (!c2 && !b12 && !c5 && !c8 && !c15 && !b3 && !c10 && !rounds7 && !c3 && !c13 && !rounds0 && c6 && !rounds10 && !rounds4 && !rounds13 && !c12 && !rounds12 && !rounds8 && !c0 && !c14 && !rounds9 && !c4 && !rounds11 && !c9 && rounds1 && !rounds5 && !rounds6 && !rounds14 && !rounds15 && !c7) || (!c2 && !b12 && !c5 && !c8 && !c15 && !b3 && !c10 && !rounds7 && !c3 && !c13 && rounds0 && !rounds4 && !rounds3 && !c1 && !rounds15 && !rounds8 && !rounds10 && !c7 && !rounds11 && !c14 && !rounds13 && !c0 && !rounds6 && !c11 && !c12 && !rounds5 && !c9 && !rounds9 && !c4 && !rounds14)
Phase 12 DNF after prediction: (!c2 && !b12 && !c5 && !c8 && !c15 && !b3 && !c10 && !rounds7 && !c3 && !c13 && !rounds0 && c6 && !rounds10 && !rounds4 && !rounds13 && !c12 && !rounds12 && !rounds8 && !c0 && !c14 && !rounds9 && !c4 && !rounds11 && !c9 && !rounds1 && !rounds6 && !c7 && !rounds15 && !c1 && !rounds5 && !c11)
Successfully reached the desired user error bounds.
Mutation counter: {'split': 3, 'prune': 0}
Next phase total time:  7.977426052093506
Next phase DistEstimate time : 0.21744203567504883
Next phase Validifier time : 6.956553936004639
Next phase TreeLearner time : 0.8004469871520996
Phase : 13
DistEstimate value: 0.0
Validifier value: 0.7368421052631579
Phase 13 DNF before prediction: (!c2 && !b12 && !c5 && !c8 && !c15 && !b3 && !c10 && !rounds7 && !c3 && !c13 && !rounds0 && c6 && !rounds10 && !rounds4 && !rounds13 && !c12 && !rounds12 && !rounds8 && !c0 && !c14 && !rounds9 && !c4 && !rounds11 && !c9 && !rounds1 && !rounds6 && !c7 && !rounds15 && !c1 && !rounds5 && !c11) || (!c2 && !b12 && !c5 && !c8 && !c15 && !b3 && !c10 && !rounds7 && !c3 && !c13 && !rounds0 && c6 && !rounds10 && !rounds4 && !rounds13 && !c12 && !rounds12 && !rounds8 && !c0 && !c14 && !rounds9 && !c4 && !rounds11 && !c9 && rounds1 && !rounds5 && !rounds6 && !rounds14 && !rounds15 && !c7 && !c1) || (!c2 && !b12 && !c5 && !c8 && !c15 && !b3 && !c10 && !rounds7 && !c3 && !c13 && rounds0 && !rounds4 && !rounds3 && !c1 && !rounds15 && !rounds8 && !rounds10 && !c7 && !rounds11 && !c14 && !rounds13 && !c0 && !rounds6 && !c11 && !c12 && !rounds5 && !c9 && !rounds9 && !c4 && !rounds14 && c6 && !rounds12)
Phase 13 DNF after prediction: (!c2 && !b12 && !c5 && !c8 && !c15 && !b3 && !c10 && !rounds7 && !c3 && !c13 && rounds0 && !rounds4 && !rounds3 && !c1 && !rounds15 && !rounds8 && !rounds10 && !c7 && !rounds11 && !c14 && !rounds13 && !c0 && !rounds6 && !c11 && !c12 && !rounds5 && !c9 && !rounds9 && !c4 && !rounds14 && c6 && !rounds12)
Successfully reached the desired user error bounds.
Mutation counter: {'split': 1, 'prune': 0}
Next phase total time:  6.114330053329468
Next phase DistEstimate time : 0.19930601119995117
Next phase Validifier time : 5.62396502494812
Next phase TreeLearner time : 0.28839707374572754
Phase : 14
DistEstimate value: 0.06666666666666665
Validifier value: 0.23684210526315788
Phase 14 DNF before prediction: (!c2 && !b12 && !c5 && !c8 && !c15 && !b3 && !c10 && !rounds7 && !c3 && !c13 && !rounds0 && c6 && !rounds10 && !rounds4 && !rounds13 && !c12 && !rounds12 && !rounds8 && !c0 && !c14 && !rounds9 && !c4 && !rounds11 && !c9 && rounds1 && !rounds5 && !rounds6 && !rounds14 && !rounds15 && !c7 && !c1 && !c11) || (!c2 && !b12 && !c5 && !c8 && !c15 && !b3 && !c10 && !rounds7 && !c3 && !c13 && rounds0 && !rounds4 && !rounds3 && !c1 && !rounds15 && !rounds8 && !rounds10 && !c7 && !rounds11 && !c14 && !rounds13 && !c0 && !rounds6 && !c11 && !c12 && !rounds5 && !c9 && !rounds9 && !c4 && !rounds14 && c6 && !rounds12)
Phase 14 DNF after prediction: (!c2 && !b12 && !c5 && !c8 && !c15 && !b3 && !c10 && !rounds7 && !c3 && !c13 && !rounds0 && c6 && !rounds10 && !rounds4 && !rounds13 && !c12 && !rounds12 && !rounds8 && !c0 && !c14 && !rounds9 && !c4 && !rounds11 && !c9 && rounds1 && !rounds5 && !rounds6 && !rounds14 && !rounds15 && !c7 && !c1 && !c11) || (!c2 && !b12 && !c5 && !c8 && !c15 && !b3 && !c10 && !rounds7 && !c3 && !c13 && rounds0 && !rounds4 && !rounds3 && !c1 && !rounds15 && !rounds8 && !rounds10 && !c7 && !rounds11 && !c14 && !rounds13 && !c0 && !rounds6 && !c11 && !c12 && !rounds5 && !c9 && !rounds9 && !c4 && !rounds14 && c6 && !rounds12)
Successfully reached the desired user error bounds.
Mutation counter: {'split': 1, 'prune': 0}
Next phase total time:  6.451028823852539
Next phase DistEstimate time : 0.20600295066833496
Next phase Validifier time : 5.952754974365234
Next phase TreeLearner time : 0.2896549701690674
Final DistEstimate value:  0.026666666666666616
Final Validifier value:  0.13157894736842105
Final candidate learnt:  (!b0 && !b1 && !b10 && !b11 && !b12 && !b13 && !b14 && !b15 && !b2 && !b3 && !b4 && !b5 && !b6 && !b7 && !b8 && !b9 && !c0 && !c1 && !c10 && !c11 && !c12 && !c13 && !c14 && !c15 && !c2 && !c3 && !c4 && !c5 && !c7 && !c8 && !c9 && !rounds0 && !rounds10 && !rounds11 && !rounds12 && !rounds13 && !rounds14 && !rounds15 && !rounds4 && !rounds5 && !rounds6 && !rounds7 && !rounds8 && !rounds9 && c6 && rounds1) || (!b0 && !b1 && !b10 && !b11 && !b12 && !b13 && !b14 && !b15 && !b2 && !b3 && !b4 && !b5 && !b6 && !b7 && !b8 && !b9 && !c0 && !c1 && !c10 && !c11 && !c12 && !c13 && !c14 && !c15 && !c2 && !c3 && !c4 && !c5 && !c7 && !c8 && !c9 && !rounds10 && !rounds11 && !rounds12 && !rounds13 && !rounds14 && !rounds15 && !rounds3 && !rounds4 && !rounds5 && !rounds6 && !rounds7 && !rounds8 && !rounds9 && c6 && rounds0)
Height of learnt decision tree:  46
Number of terms in the candidate DNF:  2
Total DistEstimate time : 3.014066219329834
Total Validifier time : 89.74240779876709
Total TreeLearner time : 12.873741865158081
Total time (seconds) : 105.68612027168274

--- Run at 2025-09-01 12:41:58.897146 ---
(!c15) && (!c14) && (!c13) && (!c12) && (!c11) && (!c10) && (!c9) && (!c8) && (!c7) && (!c6) && (!c5) && (!c4) && (!c3) && (!c2) && (!c1) && (!c0) && (!b15) && (!b14) && (!b13) && (!b12) && (!b11) && (!b10) && (!b9) && (!b8) && (!b7) && (b6) && (!b5) && (!b4) && (!b3) && (!b2) && (!b1) && (!b0) && (!rounds15) && (!rounds14) && (!rounds13) && (!rounds12) && (!rounds11) && (!rounds10) && (!rounds9) && (!rounds8) && (!rounds7) && (!rounds6) && (!rounds5) && (!rounds4) && (!rounds3) && (!rounds2) && (!rounds1) && (!rounds0) && (b15 || b14 || b13 || b12 || b11 || b10 || b9 || b8 || b7 || b6 || b5 || b4 || b3 || b2 || b1 || b0)
32
Starting model fitting...
--- Fitting took: 0.0119 seconds ---
Starting custom tree build...
--- Custom tree build took: 0.0031 seconds ---
Prediction time : 0.8439452648162842
Initial phase DNF: (!b6 && c6 && !b7 && !c11 && !rounds6 && !b4 && !c5 && !b11 && !b15 && !c2)
Phase : 2
DistEstimate value: 0.0
Validifier value: 1.0
Phase 2 DNF before prediction: (!b6 && c6 && !b7 && !c11 && !rounds6 && !b4 && !c5 && !b11 && !b15 && !c2)
Phase 2 DNF after prediction: c15 && !c15
Successfully reached the desired user error bounds.
Mutation counter: {'split': 1, 'prune': 0}
Next phase total time:  6.647504806518555
Next phase DistEstimate time : 0.20058798789978027
Next phase Validifier time : 6.326865911483765
Next phase TreeLearner time : 0.11757493019104004
Phase : 3
DistEstimate value: 0.0
Validifier value: 1.0
Phase 3 DNF before prediction: (!b6 && c6 && !b7 && !c11 && !rounds6 && !b4 && !c5 && !b11 && !b15 && !c2 && !c15)
Phase 3 DNF after prediction: c15 && !c15
Successfully reached the desired user error bounds.
Mutation counter: {'split': 2, 'prune': 0}
Next phase total time:  5.701816082000732
Next phase DistEstimate time : 0.20077204704284668
Next phase Validifier time : 5.281292676925659
Next phase TreeLearner time : 0.21729516983032227
Phase : 4
DistEstimate value: 0.0
Validifier value: 1.0
Phase 4 DNF before prediction: (!b6 && c6 && !b7 && !c11 && !rounds6 && !b4 && !c5 && !b11 && !b15 && !c2 && !c15 && !rounds4 && !rounds14)
Phase 4 DNF after prediction: c15 && !c15
Successfully reached the desired user error bounds.
Mutation counter: {'split': 2, 'prune': 0}
Next phase total time:  5.832123041152954
Next phase DistEstimate time : 0.20993900299072266
Next phase Validifier time : 5.387202024459839
Next phase TreeLearner time : 0.2325141429901123
Phase : 5
DistEstimate value: 0.0
Validifier value: 1.0
Phase 5 DNF before prediction: (!b6 && c6 && !b7 && !c11 && !rounds6 && !b4 && !c5 && !b11 && !b15 && !c2 && !c15 && !rounds4 && !rounds14 && !c7 && !c0)
Phase 5 DNF after prediction: c15 && !c15
Successfully reached the desired user error bounds.
Mutation counter: {'split': 2, 'prune': 0}
Next phase total time:  6.058191776275635
Next phase DistEstimate time : 0.24016213417053223
Next phase Validifier time : 5.569198131561279
Next phase TreeLearner time : 0.24607586860656738
Phase : 6
DistEstimate value: 0.0
Validifier value: 1.0
Phase 6 DNF before prediction: (!b6 && c6 && !b7 && !c11 && !rounds6 && !b4 && !c5 && !b11 && !b15 && !c2 && !c15 && !rounds4 && !rounds14 && !c7 && !c0 && !c1 && !rounds13)
Phase 6 DNF after prediction: c15 && !c15
Successfully reached the desired user error bounds.
Mutation counter: {'split': 2, 'prune': 0}
Next phase total time:  6.275073051452637
Next phase DistEstimate time : 0.20106005668640137
Next phase Validifier time : 5.764724969863892
Next phase TreeLearner time : 0.3067789077758789
Phase : 7
DistEstimate value: 0.0
Validifier value: 1.0
Phase 7 DNF before prediction: (!b6 && c6 && !b7 && !c11 && !rounds6 && !b4 && !c5 && !b11 && !b15 && !c2 && !c15 && !rounds4 && !rounds14 && !c7 && !c0 && !c1 && !rounds13 && !c4 && !c3)
Phase 7 DNF after prediction: c15 && !c15
Successfully reached the desired user error bounds.
Mutation counter: {'split': 2, 'prune': 0}
Next phase total time:  6.133447170257568
Next phase DistEstimate time : 0.20680499076843262
Next phase Validifier time : 5.649371147155762
Next phase TreeLearner time : 0.27503418922424316
Phase : 8
DistEstimate value: 0.00666666666666671
Validifier value: 1.0
Phase 8 DNF before prediction: (!b6 && c6 && !b7 && !c11 && !rounds6 && !b4 && !c5 && !b11 && !b15 && !c2 && !c15 && !rounds4 && !rounds14 && !c7 && !c0 && !c1 && !rounds13 && !c4 && !c3 && !rounds3 && !rounds9)
Phase 8 DNF after prediction: c15 && !c15
Successfully reached the desired user error bounds.
Mutation counter: {'split': 2, 'prune': 0}
Next phase total time:  6.2213287353515625
Next phase DistEstimate time : 0.21178698539733887
Next phase Validifier time : 5.67085599899292
Next phase TreeLearner time : 0.33640170097351074
Phase : 9
DistEstimate value: 0.013333333333333308
Validifier value: 1.0
Phase 9 DNF before prediction: (!b6 && c6 && !b7 && !c11 && !rounds6 && !b4 && !c5 && !b11 && !b15 && !c2 && !c15 && !rounds4 && !rounds14 && !c7 && !c0 && !c1 && !rounds13 && !c4 && !c3 && !rounds3 && !rounds9 && !c12 && !c14)
Phase 9 DNF after prediction: c15 && !c15
Successfully reached the desired user error bounds.
Mutation counter: {'split': 2, 'prune': 0}
Next phase total time:  6.638976812362671
Next phase DistEstimate time : 0.21139192581176758
Next phase Validifier time : 6.118110179901123
Next phase TreeLearner time : 0.30702900886535645
Phase : 10
DistEstimate value: 0.013333333333333308
Validifier value: 1.0
Phase 10 DNF before prediction: (!b6 && c6 && !b7 && !c11 && !rounds6 && !b4 && !c5 && !b11 && !b15 && !c2 && !c15 && !rounds4 && !rounds14 && !c7 && !c0 && !c1 && !rounds13 && !c4 && !c3 && !rounds3 && !rounds9 && !c12 && !c14 && !c8 && !rounds10)
Phase 10 DNF after prediction: c15 && !c15
Successfully reached the desired user error bounds.
Mutation counter: {'split': 2, 'prune': 0}
Next phase total time:  6.913137912750244
Next phase DistEstimate time : 0.21227717399597168
Next phase Validifier time : 6.375932216644287
Next phase TreeLearner time : 0.32242774963378906
Phase : 11
DistEstimate value: 0.0
Validifier value: 1.0
Phase 11 DNF before prediction: (!b6 && c6 && !b7 && !c11 && !rounds6 && !b4 && !c5 && !b11 && !b15 && !c2 && !c15 && !rounds4 && !rounds14 && !c7 && !c0 && !c1 && !rounds13 && !c4 && !c3 && !rounds3 && !rounds9 && !c12 && !c14 && !c8 && !rounds10 && !rounds7 && !rounds11)
Phase 11 DNF after prediction: c15 && !c15
Successfully reached the desired user error bounds.
Mutation counter: {'split': 2, 'prune': 0}
Next phase total time:  6.726224184036255
Next phase DistEstimate time : 0.21480607986450195
Next phase Validifier time : 6.184206962585449
Next phase TreeLearner time : 0.32445716857910156
Phase : 12
DistEstimate value: 0.020000000000000018
Validifier value: 0.875
Phase 12 DNF before prediction: (!b6 && c6 && !b7 && !c11 && !rounds6 && !b4 && !c5 && !b11 && !b15 && !c2 && !c15 && !rounds4 && !rounds14 && !c7 && !c0 && !c1 && !rounds13 && !c4 && !c3 && !rounds3 && !rounds9 && !c12 && !c14 && !c8 && !rounds10 && !rounds7 && !rounds11 && !c13 && !c9)
Phase 12 DNF after prediction: c15 && !c15
Successfully reached the desired user error bounds.
Mutation counter: {'split': 2, 'prune': 0}
Next phase total time:  6.843747854232788
Next phase DistEstimate time : 0.21487116813659668
Next phase Validifier time : 6.281986951828003
Next phase TreeLearner time : 0.3443949222564697
Phase : 13
DistEstimate value: 0.0
Validifier value: 0.8333333333333334
Phase 13 DNF before prediction: (!b6 && c6 && !b7 && !c11 && !rounds6 && !b4 && !c5 && !b11 && !b15 && !c2 && !c15 && !rounds4 && !rounds14 && !c7 && !c0 && !c1 && !rounds13 && !c4 && !c3 && !rounds3 && !rounds9 && !c12 && !c14 && !c8 && !rounds10 && !rounds7 && !rounds11 && !c13 && !c9 && !rounds5 && !c10)
Phase 13 DNF after prediction: c15 && !c15
Successfully reached the desired user error bounds.
Mutation counter: {'split': 2, 'prune': 0}
Next phase total time:  6.1367738246917725
Next phase DistEstimate time : 0.19951796531677246
Next phase Validifier time : 5.591209888458252
Next phase TreeLearner time : 0.3435189723968506
Phase : 14
DistEstimate value: 0.0
Validifier value: 0.5833333333333334
Phase 14 DNF before prediction: (!b6 && c6 && !b7 && !c11 && !rounds6 && !b4 && !c5 && !b11 && !b15 && !c2 && !c15 && !rounds4 && !rounds14 && !c7 && !c0 && !c1 && !rounds13 && !c4 && !c3 && !rounds3 && !rounds9 && !c12 && !c14 && !c8 && !rounds10 && !rounds7 && !rounds11 && !c13 && !c9 && !rounds5 && !c10 && !rounds8 && !rounds15)
Phase 14 DNF after prediction: c15 && !c15
Successfully reached the desired user error bounds.
Mutation counter: {'split': 1, 'prune': 0}
Next phase total time:  5.421964883804321
Next phase DistEstimate time : 0.20096635818481445
Next phase Validifier time : 5.029522180557251
Next phase TreeLearner time : 0.1890549659729004
Final DistEstimate value:  0.020000000000000018
Final Validifier value:  0.041666666666666664
Final candidate learnt:  (!b0 && !b1 && !b10 && !b11 && !b12 && !b13 && !b14 && !b15 && !b2 && !b3 && !b4 && !b5 && !b6 && !b7 && !b8 && !b9 && !c0 && !c1 && !c10 && !c11 && !c12 && !c13 && !c14 && !c15 && !c2 && !c3 && !c4 && !c5 && !c7 && !c8 && !c9 && !rounds10 && !rounds11 && !rounds12 && !rounds13 && !rounds14 && !rounds15 && !rounds3 && !rounds4 && !rounds5 && !rounds6 && !rounds7 && !rounds8 && !rounds9 && c6)
Height of learnt decision tree:  45
Number of terms in the candidate DNF:  1
Total DistEstimate time : 2.9538016319274902
Total Validifier time : 80.8074402809143
Total TreeLearner time : 4.965247392654419
Total time (seconds) : 88.77334785461426

--- Run at 2025-09-01 12:44:06.640074 ---
