(!x15) && (!x14) && (!x13) && (!x12) && (!x11) && (!x10) && (!x9) && (!x8) && (!x7) && (!x6) && (!x5) && (!x4) && (!x3) && (!x2) && (!x1) && (!x0) && (!n15) && (!n14) && (!n13) && (!n12) && (!n11) && (!n10) && (!n9) && (!n8) && (!n7) && (!n6) && (n5) && (!n4) && (!n3) && (!n2) && (!n1) && (!n0) && (n15 || n14 || n13 || n12 || n11 || n10 || n9 || n8 || n7 || n6 || n5 || n4 || n3 || n2 || n1 || n0)
32
Starting model fitting...
--- Fitting took: 0.0027 seconds ---
Starting custom tree build...
--- Custom tree build took: 0.0012 seconds ---
Prediction time : 0.1865835189819336
Initial phase DNF: (!x14 && !n13 && !x10 && !n6 && !n0 && !n14 && !x13 && !n4 && !x9 && !n15)
Phase : 2
DistEstimate value: 0.0
Validifier value: 0.8883333333333333
Phase 2 DNF before prediction: (!x14 && !n13 && !x10 && !n6 && !n0 && !n14 && !x13 && !n4 && !x9 && !n15)
Phase 2 DNF after prediction: x15 && !x15
Successfully reached the desired user error bounds.
Mutation counter: {'split': 3, 'prune': 0}
Next phase total time:  5.336588382720947
Next phase DistEstimate time : 0.13814759254455566
Next phase Validifier time : 4.933440208435059
Next phase TreeLearner time : 0.26410651206970215
Final DistEstimate value:  0.0
Final Validifier value:  0.0
Final candidate learnt:  (!n0 && !n1 && !n10 && !n11 && !n12 && !n13 && !n14 && !n15 && !n2 && !n3 && !n4 && !n5 && !n6 && !n7 && !n8 && !n9 && !x10 && !x11 && !x12 && !x13 && !x14 && !x15 && !x9)
Height of learnt decision tree:  23
Number of terms in the candidate DNF:  1
Total DistEstimate time : 0.25224781036376953
Total Validifier time : 9.693077802658081
Total TreeLearner time : 0.5427865982055664
Total time (seconds) : 10.49375295639038

--- Run at 2025-08-31 17:10:49.943096 ---
(!x15) && (!x14) && (!x13) && (!x12) && (!x11) && (!x10) && (!x9) && (!x8) && (!x7) && (!x6) && (!x5) && (!x4) && (!x3) && (!x2) && (!x1) && (!x0) && (!n15) && (!n14) && (!n13) && (!n12) && (!n11) && (!n10) && (!n9) && (!n8) && (!n7) && (!n6) && (n5) && (!n4) && (!n3) && (!n2) && (!n1) && (!n0) && (n15 || n14 || n13 || n12 || n11 || n10 || n9 || n8 || n7 || n6 || n5 || n4 || n3 || n2 || n1 || n0)
32
Starting model fitting...
--- Fitting took: 0.0026 seconds ---
Starting custom tree build...
--- Custom tree build took: 0.0012 seconds ---
Prediction time : 0.18769454956054688
Initial phase DNF: (!n12 && !n7 && !n8 && !x9 && !n5 && !n9 && !x15 && !n0 && !x11 && !x14)
Phase : 2
DistEstimate value: 0.0
Validifier value: 0.9066666666666666
Phase 2 DNF before prediction: (!n12 && !n7 && !n8 && !x9 && !n5 && !n9 && !x15 && !n0 && !x11 && !x14)
Phase 2 DNF after prediction: (!n12 && !n7 && !n8 && !x9 && !n5 && !n9 && !x15 && !n0 && !x11 && !x14)
Successfully reached the desired user error bounds.
Mutation counter: {'split': 2, 'prune': 0}
Next phase total time:  5.3778088092803955
Next phase DistEstimate time : 0.11592793464660645
Next phase Validifier time : 5.093786716461182
Next phase TreeLearner time : 0.16727256774902344
Phase : 3
DistEstimate value: 0.0
Validifier value: 0.6
Phase 3 DNF before prediction: (!n12 && !n7 && !n8 && !x9 && !n5 && !n9 && !x15 && !n0 && !x11 && !x14 && !x10 && !x12)
Phase 3 DNF after prediction: (!n12 && !n7 && !n8 && !x9 && !n5 && !n9 && !x15 && !n0 && !x11 && !x14 && !x10 && !x12)
Successfully reached the desired user error bounds.
Mutation counter: {'split': 1, 'prune': 0}
Next phase total time:  5.22084903717041
Next phase DistEstimate time : 0.11097168922424316
Next phase Validifier time : 5.00377631187439
Next phase TreeLearner time : 0.10498952865600586
Final DistEstimate value:  0.0
Final Validifier value:  0.0
Final candidate learnt:  (!n0 && !n1 && !n10 && !n11 && !n12 && !n13 && !n14 && !n15 && !n2 && !n3 && !n4 && !n5 && !n6 && !n7 && !n8 && !n9 && !x10 && !x11 && !x12 && !x13 && !x14 && !x15 && !x9)
Height of learnt decision tree:  23
Number of terms in the candidate DNF:  1
Total DistEstimate time : 0.3477628231048584
Total Validifier time : 14.884310483932495
Total TreeLearner time : 0.5521385669708252
Total time (seconds) : 15.790975570678711

--- Run at 2025-08-31 17:11:11.814515 ---
(!x15) && (!x14) && (!x13) && (!x12) && (!x11) && (!x10) && (!x9) && (!x8) && (!x7) && (!x6) && (!x5) && (!x4) && (!x3) && (!x2) && (!x1) && (!x0) && (!n15) && (!n14) && (!n13) && (!n12) && (!n11) && (!n10) && (!n9) && (!n8) && (!n7) && (!n6) && (n5) && (!n4) && (!n3) && (!n2) && (!n1) && (!n0) && (n15 || n14 || n13 || n12 || n11 || n10 || n9 || n8 || n7 || n6 || n5 || n4 || n3 || n2 || n1 || n0)
32
Starting model fitting...
--- Fitting took: 0.0028 seconds ---
Starting custom tree build...
--- Custom tree build took: 0.0012 seconds ---
Prediction time : 0.18552422523498535
Initial phase DNF: (!n7 && !n5 && !n6 && !x15 && !x14 && !x13 && !n15 && !x9 && !n8 && !n9)
Phase : 2
DistEstimate value: 0.0
Validifier value: 0.8656716417910447
Phase 2 DNF before prediction: (!n7 && !n5 && !n6 && !x15 && !x14 && !x13 && !n15 && !x9 && !n8 && !n9)
Phase 2 DNF after prediction: (!n7 && !n5 && !n6 && !x15 && !x14 && !x13 && !n15 && !x9 && !n8 && !n9)
Successfully reached the desired user error bounds.
Mutation counter: {'split': 2, 'prune': 0}
Next phase total time:  5.174998998641968
Next phase DistEstimate time : 0.1074531078338623
Next phase Validifier time : 4.89298939704895
Next phase TreeLearner time : 0.1738431453704834
Phase : 3
DistEstimate value: 0.0
Validifier value: 0.5223880597014925
Phase 3 DNF before prediction: (!n7 && !n5 && !n6 && !x15 && !x14 && !x13 && !n15 && !x9 && !n8 && !n9 && !x10 && !x12)
Phase 3 DNF after prediction: (!n7 && !n5 && !n6 && !x15 && !x14 && !x13 && !n15 && !x9 && !n8 && !n9 && !x10 && !x12)
Successfully reached the desired user error bounds.
Mutation counter: {'split': 1, 'prune': 0}
Next phase total time:  5.169041395187378
Next phase DistEstimate time : 0.10548615455627441
Next phase Validifier time : 4.9850428104400635
Next phase TreeLearner time : 0.07763481140136719
Final DistEstimate value:  0.0
Final Validifier value:  0.0
Final candidate learnt:  (!n0 && !n1 && !n10 && !n11 && !n12 && !n13 && !n14 && !n15 && !n2 && !n3 && !n4 && !n5 && !n6 && !n7 && !n8 && !n9 && !x10 && !x11 && !x12 && !x13 && !x14 && !x15 && !x9)
Height of learnt decision tree:  23
Number of terms in the candidate DNF:  1
Total DistEstimate time : 0.31780171394348145
Total Validifier time : 14.560666561126709
Total TreeLearner time : 0.5290122032165527
Total time (seconds) : 15.414035081863403

--- Run at 2025-08-31 17:11:38.607374 ---
(!x15) && (!x14) && (!x13) && (!x12) && (!x11) && (!x10) && (!x9) && (!x8) && (!x7) && (!x6) && (!x5) && (!x4) && (!x3) && (!x2) && (!x1) && (!x0) && (!n15) && (!n14) && (!n13) && (!n12) && (!n11) && (!n10) && (!n9) && (!n8) && (!n7) && (!n6) && (n5) && (!n4) && (!n3) && (!n2) && (!n1) && (!n0) && (n15 || n14 || n13 || n12 || n11 || n10 || n9 || n8 || n7 || n6 || n5 || n4 || n3 || n2 || n1 || n0)
32
Starting model fitting...
--- Fitting took: 0.0026 seconds ---
Starting custom tree build...
--- Custom tree build took: 0.0012 seconds ---
Prediction time : 0.1852114200592041
Initial phase DNF: (!x12 && !n9 && !x10 && !n13 && !n4 && !x13 && !n5 && !n2 && !x15 && !n3)
Phase : 2
DistEstimate value: 0.0
Validifier value: 0.8421052631578947
Phase 2 DNF before prediction: (!x12 && !n9 && !x10 && !n13 && !n4 && !x13 && !n5 && !n2 && !x15 && !n3)
Phase 2 DNF after prediction: (!x12 && !n9 && !x10 && !n13 && !n4 && !x13 && !n5 && !n2 && !x15 && !n3)
Successfully reached the desired user error bounds.
Mutation counter: {'split': 2, 'prune': 0}
Next phase total time:  5.1052587032318115
Next phase DistEstimate time : 0.10552382469177246
Next phase Validifier time : 4.852694272994995
Next phase TreeLearner time : 0.14635229110717773
Phase : 3
DistEstimate value: 0.0
Validifier value: 0.5263157894736842
Phase 3 DNF before prediction: (!x12 && !n9 && !x10 && !n13 && !n4 && !x13 && !n5 && !n2 && !x15 && !n3 && !x9 && !x11)
Phase 3 DNF after prediction: (!x12 && !n9 && !x10 && !n13 && !n4 && !x13 && !n5 && !n2 && !x15 && !n3 && !x9 && !x11)
Successfully reached the desired user error bounds.
Mutation counter: {'split': 1, 'prune': 0}
Next phase total time:  5.0929906368255615
Next phase DistEstimate time : 0.11534762382507324
Next phase Validifier time : 4.909915447235107
Next phase TreeLearner time : 0.06708288192749023
Final DistEstimate value:  0.0
Final Validifier value:  0.0
Final candidate learnt:  (!n0 && !n1 && !n10 && !n11 && !n12 && !n13 && !n14 && !n15 && !n2 && !n3 && !n4 && !n5 && !n6 && !n7 && !n8 && !n9 && !x10 && !x11 && !x12 && !x13 && !x14 && !x15 && !x9)
Height of learnt decision tree:  23
Number of terms in the candidate DNF:  1
Total DistEstimate time : 0.3277585506439209
Total Validifier time : 14.515867948532104
Total TreeLearner time : 0.4902017116546631
Total time (seconds) : 15.339848041534424

--- Run at 2025-08-31 17:12:03.697345 ---
(!x15) && (!x14) && (!x13) && (!x12) && (!x11) && (!x10) && (!x9) && (!x8) && (!x7) && (!x6) && (!x5) && (!x4) && (!x3) && (!x2) && (!x1) && (!x0) && (!n15) && (!n14) && (!n13) && (!n12) && (!n11) && (!n10) && (!n9) && (!n8) && (!n7) && (!n6) && (n5) && (!n4) && (!n3) && (!n2) && (!n1) && (!n0) && (n15 || n14 || n13 || n12 || n11 || n10 || n9 || n8 || n7 || n6 || n5 || n4 || n3 || n2 || n1 || n0)
32
Starting model fitting...
--- Fitting took: 0.0027 seconds ---
Starting custom tree build...
--- Custom tree build took: 0.0012 seconds ---
Prediction time : 0.1837782859802246
Initial phase DNF: (!n7 && !n15 && !n8 && !n13 && !n2 && !n5 && !x11 && !n14 && !n11 && !n10)
Phase : 2
DistEstimate value: 0.0
Validifier value: 0.9583333333333334
Phase 2 DNF before prediction: (!n7 && !n15 && !n8 && !n13 && !n2 && !n5 && !x11 && !n14 && !n11 && !n10)
Phase 2 DNF after prediction: (!n7 && !n15 && !n8 && !n13 && !n2 && !n5 && !x11 && !n14 && !n11 && !n10)
Successfully reached the desired user error bounds.
Mutation counter: {'split': 2, 'prune': 0}
Next phase total time:  5.108971118927002
Next phase DistEstimate time : 0.1281130313873291
Next phase Validifier time : 4.830988645553589
Next phase TreeLearner time : 0.14915966987609863
Phase : 3
DistEstimate value: 0.0
Validifier value: 0.875
Phase 3 DNF before prediction: (!n7 && !n15 && !n8 && !n13 && !n2 && !n5 && !x11 && !n14 && !n11 && !n10 && !x10 && !x13)
Phase 3 DNF after prediction: (!n7 && !n15 && !n8 && !n13 && !n2 && !n5 && !x11 && !n14 && !n11 && !n10 && !x10 && !x13)
Successfully reached the desired user error bounds.
Mutation counter: {'split': 2, 'prune': 0}
Next phase total time:  5.161172389984131
Next phase DistEstimate time : 0.1430652141571045
Next phase Validifier time : 4.858696460723877
Next phase TreeLearner time : 0.15852141380310059
Phase : 4
DistEstimate value: 0.0
Validifier value: 0.75
Phase 4 DNF before prediction: (!n7 && !n15 && !n8 && !n13 && !n2 && !n5 && !x11 && !n14 && !n11 && !n10 && !x10 && !x13 && !x12 && !x15)
Phase 4 DNF after prediction: (!n7 && !n15 && !n8 && !n13 && !n2 && !n5 && !x11 && !n14 && !n11 && !n10 && !x10 && !x13 && !x12 && !x15)
Successfully reached the desired user error bounds.
Mutation counter: {'split': 1, 'prune': 0}
Next phase total time:  5.026572942733765
Next phase DistEstimate time : 0.10595893859863281
Next phase Validifier time : 4.845458030700684
Next phase TreeLearner time : 0.07442879676818848
[Warning] Skipping tree: error bounds not met (0.000, 0.250)
Final DistEstimate value:  0.0
Final Validifier value:  0.375
Final candidate learnt:  (!n0 && !n1 && !n10 && !n11 && !n12 && !n13 && !n14 && !n15 && !n2 && !n3 && !n4 && !n5 && !n6 && !n7 && !n8 && !n9 && !x10 && !x11 && !x12 && !x13 && !x14 && !x15)
Height of learnt decision tree:  22
Number of terms in the candidate DNF:  1
Total DistEstimate time : 0.4907550811767578
Total Validifier time : 19.164713144302368
Total TreeLearner time : 0.6577997207641602
Total time (seconds) : 20.321519136428833

--- Run at 2025-08-31 17:12:30.158022 ---
(!x15) && (!x14) && (!x13) && (!x12) && (!x11) && (!x10) && (!x9) && (!x8) && (!x7) && (!x6) && (!x5) && (!x4) && (!x3) && (!x2) && (!x1) && (!x0) && (!n15) && (!n14) && (!n13) && (!n12) && (!n11) && (!n10) && (!n9) && (!n8) && (!n7) && (!n6) && (n5) && (!n4) && (!n3) && (!n2) && (!n1) && (!n0) && (n15 || n14 || n13 || n12 || n11 || n10 || n9 || n8 || n7 || n6 || n5 || n4 || n3 || n2 || n1 || n0)
32
Starting model fitting...
--- Fitting took: 0.0067 seconds ---
Starting custom tree build...
--- Custom tree build took: 0.0026 seconds ---
Prediction time : 0.4540238380432129
Initial phase DNF: (!n4 && !n11 && !x15 && !x11 && !n13 && !x10 && !n15 && !x12 && !n12 && !n8)
Phase : 2
DistEstimate value: 0.0
Validifier value: 0.87
Phase 2 DNF before prediction: (!n4 && !n11 && !x15 && !x11 && !n13 && !x10 && !n15 && !x12 && !n12 && !n8)
Phase 2 DNF after prediction: x15 && !x15
Successfully reached the desired user error bounds.
Mutation counter: {'split': 3, 'prune': 0}
Next phase total time:  6.704396963119507
Next phase DistEstimate time : 0.21103501319885254
Next phase Validifier time : 6.193291902542114
Next phase TreeLearner time : 0.2976701259613037
Final DistEstimate value:  0.0
Final Validifier value:  0.0
Final candidate learnt:  (!n0 && !n1 && !n10 && !n11 && !n12 && !n13 && !n14 && !n15 && !n2 && !n3 && !n4 && !n5 && !n6 && !n7 && !n8 && !n9 && !x10 && !x11 && !x12 && !x13 && !x14 && !x15 && !x9)
Height of learnt decision tree:  23
Number of terms in the candidate DNF:  1
Total DistEstimate time : 0.4426288604736328
Total Validifier time : 11.881710767745972
Total TreeLearner time : 0.9977459907531738
Total time (seconds) : 13.337754726409912

--- Run at 2025-09-01 12:22:35.938723 ---
(!x15) && (!x14) && (!x13) && (!x12) && (!x11) && (!x10) && (!x9) && (!x8) && (!x7) && (!x6) && (!x5) && (!x4) && (!x3) && (!x2) && (!x1) && (!x0) && (!n15) && (!n14) && (!n13) && (!n12) && (!n11) && (!n10) && (!n9) && (!n8) && (!n7) && (!n6) && (n5) && (!n4) && (!n3) && (!n2) && (!n1) && (!n0) && (n15 || n14 || n13 || n12 || n11 || n10 || n9 || n8 || n7 || n6 || n5 || n4 || n3 || n2 || n1 || n0)
32
Starting model fitting...
--- Fitting took: 0.0066 seconds ---
Starting custom tree build...
--- Custom tree build took: 0.0027 seconds ---
Prediction time : 0.4555931091308594
Initial phase DNF: (!x13 && !n5 && !n9 && !n13 && !x11 && !n6 && !n14 && !n2 && !x9 && !x14)
Phase : 2
DistEstimate value: 0.0
Validifier value: 0.8333333333333334
Phase 2 DNF before prediction: (!x13 && !n5 && !n9 && !n13 && !x11 && !n6 && !n14 && !n2 && !x9 && !x14)
Phase 2 DNF after prediction: (!x13 && !n5 && !n9 && !n13 && !x11 && !n6 && !n14 && !n2 && !x9 && !x14)
Successfully reached the desired user error bounds.
Mutation counter: {'split': 2, 'prune': 0}
Next phase total time:  6.315611839294434
Next phase DistEstimate time : 0.19769024848937988
Next phase Validifier time : 5.9355268478393555
Next phase TreeLearner time : 0.1800398826599121
Phase : 3
DistEstimate value: 0.0
Validifier value: 0.54
Phase 3 DNF before prediction: (!x13 && !n5 && !n9 && !n13 && !x11 && !n6 && !n14 && !n2 && !x9 && !x14 && !x12 && !x10)
Phase 3 DNF after prediction: (!x13 && !n5 && !n9 && !n13 && !x11 && !n6 && !n14 && !n2 && !x9 && !x14 && !x12 && !x10)
Successfully reached the desired user error bounds.
Mutation counter: {'split': 1, 'prune': 0}
Next phase total time:  6.149662017822266
Next phase DistEstimate time : 0.19826507568359375
Next phase Validifier time : 5.839266777038574
Next phase TreeLearner time : 0.10972404479980469
Final DistEstimate value:  0.0
Final Validifier value:  0.0
Final candidate learnt:  (!n0 && !n1 && !n10 && !n11 && !n12 && !n13 && !n14 && !n15 && !n2 && !n3 && !n4 && !n5 && !n6 && !n7 && !n8 && !n9 && !x10 && !x11 && !x12 && !x13 && !x14 && !x15 && !x9)
Height of learnt decision tree:  23
Number of terms in the candidate DNF:  1
Total DistEstimate time : 0.6092643737792969
Total Validifier time : 18.06603479385376
Total TreeLearner time : 0.9898819923400879
Total time (seconds) : 19.683645248413086

--- Run at 2025-09-01 12:23:06.874545 ---
(!x15) && (!x14) && (!x13) && (!x12) && (!x11) && (!x10) && (!x9) && (!x8) && (!x7) && (!x6) && (!x5) && (!x4) && (!x3) && (!x2) && (!x1) && (!x0) && (!n15) && (!n14) && (!n13) && (!n12) && (!n11) && (!n10) && (!n9) && (!n8) && (!n7) && (!n6) && (n5) && (!n4) && (!n3) && (!n2) && (!n1) && (!n0) && (n15 || n14 || n13 || n12 || n11 || n10 || n9 || n8 || n7 || n6 || n5 || n4 || n3 || n2 || n1 || n0)
32
Starting model fitting...
--- Fitting took: 0.0056 seconds ---
Starting custom tree build...
--- Custom tree build took: 0.0026 seconds ---
Prediction time : 0.4504070281982422
Initial phase DNF: (!n7 && !x13 && !n9 && !n4 && !n8 && !n11 && !x10 && !n15 && !x15 && !n14)
Phase : 2
DistEstimate value: 0.0
Validifier value: 0.9253731343283582
Phase 2 DNF before prediction: (!n7 && !x13 && !n9 && !n4 && !n8 && !n11 && !x10 && !n15 && !x15 && !n14)
Phase 2 DNF after prediction: (!n7 && !x13 && !n9 && !n4 && !n8 && !n11 && !x10 && !n15 && !x15 && !n14)
Successfully reached the desired user error bounds.
Mutation counter: {'split': 3, 'prune': 0}
Next phase total time:  6.1216278076171875
Next phase DistEstimate time : 0.19527077674865723
Next phase Validifier time : 5.686625957489014
Next phase TreeLearner time : 0.23737597465515137
Phase : 3
DistEstimate value: 0.0
Validifier value: 0.4626865671641791
Phase 3 DNF before prediction: (!n7 && !x13 && !n9 && !n4 && !n8 && !n11 && !x10 && !n15 && !x15 && !n14 && !x14 && !x9 && !x11)
Phase 3 DNF after prediction: (!n7 && !x13 && !n9 && !n4 && !n8 && !n11 && !x10 && !n15 && !x15 && !n14 && !x14 && !x9 && !x11)
Successfully reached the desired user error bounds.
Mutation counter: {'split': 1, 'prune': 0}
Next phase total time:  6.315759897232056
Next phase DistEstimate time : 0.21108508110046387
Next phase Validifier time : 5.993023872375488
Next phase TreeLearner time : 0.1093449592590332
Final DistEstimate value:  0.0
Final Validifier value:  0.0
Final candidate learnt:  (!n0 && !n1 && !n10 && !n11 && !n12 && !n13 && !n14 && !n15 && !n2 && !n3 && !n4 && !n5 && !n6 && !n7 && !n8 && !n9 && !x10 && !x11 && !x12 && !x13 && !x14 && !x15 && !x9)
Height of learnt decision tree:  23
Number of terms in the candidate DNF:  1
Total DistEstimate time : 0.5991268157958984
Total Validifier time : 17.305181741714478
Total TreeLearner time : 1.0423178672790527
Total time (seconds) : 18.96428084373474

--- Run at 2025-09-01 12:23:43.730384 ---
(!x15) && (!x14) && (!x13) && (!x12) && (!x11) && (!x10) && (!x9) && (!x8) && (!x7) && (!x6) && (!x5) && (!x4) && (!x3) && (!x2) && (!x1) && (!x0) && (!n15) && (!n14) && (!n13) && (!n12) && (!n11) && (!n10) && (!n9) && (!n8) && (!n7) && (!n6) && (n5) && (!n4) && (!n3) && (!n2) && (!n1) && (!n0) && (n15 || n14 || n13 || n12 || n11 || n10 || n9 || n8 || n7 || n6 || n5 || n4 || n3 || n2 || n1 || n0)
32
Starting model fitting...
--- Fitting took: 0.0058 seconds ---
Starting custom tree build...
--- Custom tree build took: 0.0028 seconds ---
Prediction time : 0.46365904808044434
Initial phase DNF: (!x14 && !n11 && !n7 && !n2 && !x10 && !x12 && !x13 && !n9 && !n8 && !n4 && !x0) || (!x14 && !n11 && !n7 && !n2 && !x10 && !x12 && !x13 && !n9 && !n8 && !n4 && x0)
Phase : 2
DistEstimate value: 0.0
Validifier value: 0.9210526315789473
Phase 2 DNF before prediction: (!x14 && !n11 && !n7 && !n2 && !x10 && !x12 && !x13 && !n9 && !n8 && !n4 && !x0) || (!x14 && !n11 && !n7 && !n2 && !x10 && !x12 && !x13 && !n9 && !n8 && !n4 && x0)
Phase 2 DNF after prediction: (!x14 && !n11 && !n7 && !n2 && !x10 && !x12 && !x13 && !n9 && !n8 && !n4 && !x0) || (!x14 && !n11 && !n7 && !n2 && !x10 && !x12 && !x13 && !n9 && !n8 && !n4 && x0)
Successfully reached the desired user error bounds.
Mutation counter: {'split': 3, 'prune': 0}
Next phase total time:  6.379468202590942
Next phase DistEstimate time : 0.20760488510131836
Next phase Validifier time : 5.908216953277588
Next phase TreeLearner time : 0.2612779140472412
Phase : 3
DistEstimate value: 0.0
Validifier value: 0.6578947368421053
Phase 3 DNF before prediction: (!x14 && !n11 && !n7 && !n2 && !x10 && !x12 && !x13 && !n9 && !n8 && !n4 && !x0 && !x11 && !x9) || (!x14 && !n11 && !n7 && !n2 && !x10 && !x12 && !x13 && !n9 && !n8 && !n4 && x0 && !x11)
Phase 3 DNF after prediction: (!x14 && !n11 && !n7 && !n2 && !x10 && !x12 && !x13 && !n9 && !n8 && !n4 && !x0 && !x11 && !x9) || (!x14 && !n11 && !n7 && !n2 && !x10 && !x12 && !x13 && !n9 && !n8 && !n4 && x0 && !x11)
Successfully reached the desired user error bounds.
Mutation counter: {'split': 2, 'prune': 0}
Next phase total time:  6.287816047668457
Next phase DistEstimate time : 0.20662498474121094
Next phase Validifier time : 5.880657196044922
Next phase TreeLearner time : 0.19803404808044434
Phase : 4
DistEstimate value: 0.0
Validifier value: 0.34210526315789475
Phase 4 DNF before prediction: (!x14 && !n11 && !n7 && !n2 && !x10 && !x12 && !x13 && !n9 && !n8 && !n4 && !x0 && !x11 && !x9 && !x15) || (!x14 && !n11 && !n7 && !n2 && !x10 && !x12 && !x13 && !n9 && !n8 && !n4 && x0 && !x11 && !x15)
Phase 4 DNF after prediction: (!x14 && !n11 && !n7 && !n2 && !x10 && !x12 && !x13 && !n9 && !n8 && !n4 && !x0 && !x11 && !x9 && !x15) || (!x14 && !n11 && !n7 && !n2 && !x10 && !x12 && !x13 && !n9 && !n8 && !n4 && x0 && !x11 && !x15)
Successfully reached the desired user error bounds.
Mutation counter: {'split': 1, 'prune': 0}
Next phase total time:  6.08378005027771
Next phase DistEstimate time : 0.20772290229797363
Next phase Validifier time : 5.764992713928223
Next phase TreeLearner time : 0.10875105857849121
Final DistEstimate value:  0.0
Final Validifier value:  0.0
Final candidate learnt:  (!n0 && !n1 && !n10 && !n11 && !n12 && !n13 && !n14 && !n15 && !n2 && !n3 && !n4 && !n5 && !n6 && !n7 && !n8 && !n9 && !x0 && !x10 && !x11 && !x12 && !x13 && !x14 && !x15 && !x9) || (!n0 && !n1 && !n10 && !n11 && !n12 && !n13 && !n14 && !n15 && !n2 && !n3 && !n4 && !n5 && !n6 && !n7 && !n8 && !n9 && !x10 && !x11 && !x12 && !x13 && !x14 && !x15 && !x9 && x0)
Height of learnt decision tree:  24
Number of terms in the candidate DNF:  2
Total DistEstimate time : 0.8320019245147705
Total Validifier time : 23.31722903251648
Total TreeLearner time : 1.2765820026397705
Total time (seconds) : 25.449100017547607

--- Run at 2025-09-01 12:24:19.778111 ---
(!x15) && (!x14) && (!x13) && (!x12) && (!x11) && (!x10) && (!x9) && (!x8) && (!x7) && (!x6) && (!x5) && (!x4) && (!x3) && (!x2) && (!x1) && (!x0) && (!n15) && (!n14) && (!n13) && (!n12) && (!n11) && (!n10) && (!n9) && (!n8) && (!n7) && (!n6) && (n5) && (!n4) && (!n3) && (!n2) && (!n1) && (!n0) && (n15 || n14 || n13 || n12 || n11 || n10 || n9 || n8 || n7 || n6 || n5 || n4 || n3 || n2 || n1 || n0)
32
Starting model fitting...
--- Fitting took: 0.0068 seconds ---
Starting custom tree build...
--- Custom tree build took: 0.0027 seconds ---
Prediction time : 0.45841097831726074
Initial phase DNF: (!n0 && !n12 && !x9 && !x14 && !n8 && !n3 && !n4 && !x11 && !n9 && !n2)
Phase : 2
DistEstimate value: 0.0
Validifier value: 0.9583333333333334
Phase 2 DNF before prediction: (!n0 && !n12 && !x9 && !x14 && !n8 && !n3 && !n4 && !x11 && !n9 && !n2)
Phase 2 DNF after prediction: (!n0 && !n12 && !x9 && !x14 && !n8 && !n3 && !n4 && !x11 && !n9 && !n2)
Successfully reached the desired user error bounds.
Mutation counter: {'split': 2, 'prune': 0}
Next phase total time:  6.149176836013794
Next phase DistEstimate time : 0.19586682319641113
Next phase Validifier time : 5.784441232681274
Next phase TreeLearner time : 0.16649198532104492
Phase : 3
DistEstimate value: 0.0
Validifier value: 0.7916666666666666
Phase 3 DNF before prediction: (!n0 && !n12 && !x9 && !x14 && !n8 && !n3 && !n4 && !x11 && !n9 && !n2 && !x13 && !x15)
Phase 3 DNF after prediction: (!n0 && !n12 && !x9 && !x14 && !n8 && !n3 && !n4 && !x11 && !n9 && !n2 && !x13 && !x15)
Successfully reached the desired user error bounds.
Mutation counter: {'split': 1, 'prune': 0}
Next phase total time:  6.221503973007202
Next phase DistEstimate time : 0.2076878547668457
Next phase Validifier time : 5.906419992446899
Next phase TreeLearner time : 0.10510683059692383
Phase : 4
DistEstimate value: 0.0
Validifier value: 0.5
Phase 4 DNF before prediction: (!n0 && !n12 && !x9 && !x14 && !n8 && !n3 && !n4 && !x11 && !n9 && !n2 && !x13 && !x15 && !x10)
Phase 4 DNF after prediction: (!n0 && !n12 && !x9 && !x14 && !n8 && !n3 && !n4 && !x11 && !n9 && !n2 && !x13 && !x15 && !x10)
Successfully reached the desired user error bounds.
Mutation counter: {'split': 1, 'prune': 0}
Next phase total time:  6.804312229156494
Next phase DistEstimate time : 0.20828723907470703
Next phase Validifier time : 6.48551082611084
Next phase TreeLearner time : 0.10743212699890137
Final DistEstimate value:  0.0
Final Validifier value:  0.0
Final candidate learnt:  (!n0 && !n1 && !n10 && !n11 && !n12 && !n13 && !n14 && !n15 && !n2 && !n3 && !n4 && !n5 && !n6 && !n7 && !n8 && !n9 && !x10 && !x11 && !x12 && !x13 && !x14 && !x15 && !x9)
Height of learnt decision tree:  23
Number of terms in the candidate DNF:  1
Total DistEstimate time : 0.8222408294677734
Total Validifier time : 23.974586009979248
Total TreeLearner time : 1.0830078125
Total time (seconds) : 25.9019136428833

--- Run at 2025-09-01 12:25:01.373091 ---
