Initial phase DNF: (!n10 && !x11 && !n6 && !n0 && !n15 && !n1)
Phase: 2
DistEstimate value: 0.0
Validifier value: 0.9883333333333333
Phase 2 DNF before prediction: (!n10 && !x11 && !n6 && !n0 && !n15 && !n1)
Phase 2 DNF after prediction: x15 && !x15
Before Muattion{'dist_error': np.float64(0.9999999999999998), 'valid_error': np.float64(0.0)}
moves=[(1, 1111111, 'split')]
After Mutation{'dist_error': np.float64(0.9999999999999998), 'valid_error': np.float64(0.0)}
moves=[(np.float64(1.0), 11111111, 'split')]
After Mutation{'dist_error': np.float64(0.0), 'valid_error': np.float64(0.20333333333333334)}
moves=[(np.float64(1.0), 111111111, 'split')]
After Mutation{'dist_error': np.float64(0.0), 'valid_error': np.float64(0.08166666666666667)}
moves=[(np.float64(1.0), 1111111111, 'split')]
After Mutation{'dist_error': np.float64(0.0), 'valid_error': np.float64(0.030000000000000002)}
Successfully reached the desired user error bounds.
Mutation counter: {'split': 4, 'prune': 0}
Next phase total time: 29.69953155517578
Next phase DistEstimate time: 0.2704942226409912
Next phase Validifier time: 29.128018617630005
Next phase TreeLearner time: 0.2997777462005615
Phase: 3
DistEstimate value: 0.0
Validifier value: 0.7933333333333333
Phase 3 DNF before prediction: (!n10 && !x11 && !n6 && !n0 && !n15 && !n1 && !x15 && !x10 && !x12 && !x14)
Phase 3 DNF after prediction: x15 && !x15
Before Muattion{'dist_error': np.float64(0.9999999999999998), 'valid_error': np.float64(0.0)}
moves=[(np.float64(1.0), 11111111111, 'split')]
After Mutation{'dist_error': np.float64(0.0), 'valid_error': np.float64(0.2733333333333333)}
moves=[(np.float64(1.0), 111111111111, 'split')]
After Mutation{'dist_error': np.float64(0.0), 'valid_error': np.float64(0.033333333333333326)}
Successfully reached the desired user error bounds.
Mutation counter: {'split': 2, 'prune': 0}
Next phase total time: 10.58248496055603
Next phase DistEstimate time: 0.29827213287353516
Next phase Validifier time: 10.102800130844116
Next phase TreeLearner time: 0.18074440956115723
Phase: 4
DistEstimate value: 0.0
Validifier value: 0.13333333333333333
Phase 4 DNF before prediction: (!n10 && !x11 && !n6 && !n0 && !n15 && !n1 && !x15 && !x10 && !x12 && !x14 && !x13 && !x9)
Phase 4 DNF after prediction: (!n10 && !x11 && !n6 && !n0 && !n15 && !n1 && !x15 && !x10 && !x12 && !x14 && !x13 && !x9)
Before Muattion{'dist_error': np.float64(0.0), 'valid_error': np.float64(0.1333333333333333)}
moves=[(1, 1111111111111, 'split')]
After Mutation{'dist_error': np.float64(0.0), 'valid_error': np.float64(0.1333333333333333)}
moves=[(np.float64(1.0), 11111111111111, 'split')]
After Mutation{'dist_error': np.float64(0.095), 'valid_error': np.float64(0.0)}
moves=[(np.float64(1.0), 111111111111111, 'split')]
After Mutation{'dist_error': np.float64(0.0), 'valid_error': np.float64(0.0)}
Successfully reached the desired user error bounds.
Mutation counter: {'split': 3, 'prune': 0}
Next phase total time: 10.902249336242676
Next phase DistEstimate time: 0.2672390937805176
Next phase Validifier time: 10.30167293548584
Next phase TreeLearner time: 0.33220982551574707
Final DistEstimate value: 0.0
Final Validifier value: 0.0
Final candidate learnt: (!n0 && !n1 && !n10 && !n11 && !n12 && !n13 && !n14 && !n15 && !n2 && !n3 && !n4 && !n5 && !n6 && !n7 && !n8 && !n9 && !x10 && !x11 && !x12 && !x13 && !x14 && !x15 && !x6 && !x7 && !x9 && x8) || (!n0 && !n1 && !n10 && !n11 && !n12 && !n13 && !n14 && !n15 && !n2 && !n3 && !n4 && !n5 && !n6 && !n7 && !n8 && !n9 && !x10 && !x11 && !x12 && !x13 && !x14 && !x15 && !x6 && !x9 && x7) || (!n0 && !n1 && !n10 && !n11 && !n12 && !n13 && !n14 && !n15 && !n2 && !n3 && !n4 && !n5 && !n6 && !n7 && !n8 && !n9 && !x10 && !x11 && !x12 && !x13 && !x14 && !x15 && !x9 && x6)
Height of learnt decision tree: 26
Number of terms in the candidate DNF: 3
Total DistEstimate time: 1.1295716762542725
Total Validifier time: 61.81219530105591
Total TreeLearner time: 0.867297887802124
Total time (seconds): 63.82150101661682
Starting model fitting...
--- Fitting took: 0.0011 seconds ---
Starting custom tree build...
--- Custom tree build took: 0.0014 seconds ---

--- Run at 2026-05-16 12:31:00.373069 ---
