(!x15) && (!x14) && (!x13) && (!x12) && (!x11) && (!x10) && (!x9) && (!x8) && (!x7) && (!x6) && (!x5) && (!x4) && (!x3) && (!x2) && (!x1) && (!x0) && (!n15) && (!n14) && (!n13) && (!n12) && (!n11) && (!n10) && (!n9) && (!n8) && (!n7) && (!n6) && (n5) && (!n4) && (!n3) && (!n2) && (!n1) && (!n0) && (n15 || n14 || n13 || n12 || n11 || n10 || n9 || n8 || n7 || n6 || n5 || n4 || n3 || n2 || n1 || n0)
32
Starting model fitting...
--- Fitting took: 0.0027 seconds ---
Starting custom tree build...
--- Custom tree build took: 0.0012 seconds ---
Prediction time : 0.18611955642700195
Initial phase DNF: (!x12 && !n5 && !n8 && !x10 && !x9 && !n7 && !n4 && !n12 && !n15 && !n9)
Phase : 2
DistEstimate value: 0.0
Validifier value: 0.9333333333333333
Phase 2 DNF before prediction: (!x12 && !n5 && !n8 && !x10 && !x9 && !n7 && !n4 && !n12 && !n15 && !n9)
Phase 2 DNF after prediction: x15 && !x15
Successfully reached the desired user error bounds.
Mutation counter: {'split': 4, 'prune': 0}
Next phase total time:  5.44839334487915
Next phase DistEstimate time : 0.10566353797912598
Next phase Validifier time : 5.022485017776489
Next phase TreeLearner time : 0.31926488876342773
Final DistEstimate value:  0.0
Final Validifier value:  0.0
Final candidate learnt:  (!n0 && !n1 && !n10 && !n11 && !n12 && !n13 && !n14 && !n15 && !n2 && !n3 && !n4 && !n5 && !n6 && !n7 && !n8 && !n9 && !x10 && !x11 && !x12 && !x13 && !x14 && !x15 && !x9)
Height of learnt decision tree:  23
Number of terms in the candidate DNF:  1
Total DistEstimate time : 0.20791101455688477
Total Validifier time : 9.815916776657104
Total TreeLearner time : 0.5983016490936279
Total time (seconds) : 10.62854814529419

--- Run at 2025-08-31 17:13:00.381860 ---
(!x15) && (!x14) && (!x13) && (!x12) && (!x11) && (!x10) && (!x9) && (!x8) && (!x7) && (!x6) && (!x5) && (!x4) && (!x3) && (!x2) && (!x1) && (!x0) && (!n15) && (!n14) && (!n13) && (!n12) && (!n11) && (!n10) && (!n9) && (!n8) && (!n7) && (!n6) && (n5) && (!n4) && (!n3) && (!n2) && (!n1) && (!n0) && (n15 || n14 || n13 || n12 || n11 || n10 || n9 || n8 || n7 || n6 || n5 || n4 || n3 || n2 || n1 || n0)
32
Starting model fitting...
--- Fitting took: 0.0026 seconds ---
Starting custom tree build...
--- Custom tree build took: 0.0011 seconds ---
Prediction time : 0.18558120727539062
Initial phase DNF: (!n14 && !n1 && !n15 && !n7 && !x9 && !n12 && !n6 && !n0 && !x14 && !n5)
Phase : 2
DistEstimate value: 0.0
Validifier value: 0.9733333333333334
Phase 2 DNF before prediction: (!n14 && !n1 && !n15 && !n7 && !x9 && !n12 && !n6 && !n0 && !x14 && !n5)
Phase 2 DNF after prediction: (!n14 && !n1 && !n15 && !n7 && !x9 && !n12 && !n6 && !n0 && !x14 && !n5)
Successfully reached the desired user error bounds.
Mutation counter: {'split': 3, 'prune': 0}
Next phase total time:  5.183992624282837
Next phase DistEstimate time : 0.09651899337768555
Next phase Validifier time : 4.843139171600342
Next phase TreeLearner time : 0.24356937408447266
Phase : 3
DistEstimate value: 0.0
Validifier value: 0.7066666666666667
Phase 3 DNF before prediction: (!n14 && !n1 && !n15 && !n7 && !x9 && !n12 && !n6 && !n0 && !x14 && !n5 && !x15 && !x13 && !x11)
Phase 3 DNF after prediction: (!n14 && !n1 && !n15 && !n7 && !x9 && !n12 && !n6 && !n0 && !x14 && !n5 && !x15 && !x13 && !x11)
Successfully reached the desired user error bounds.
Mutation counter: {'split': 2, 'prune': 0}
Next phase total time:  5.227524518966675
Next phase DistEstimate time : 0.10228514671325684
Next phase Validifier time : 4.985541343688965
Next phase TreeLearner time : 0.13904643058776855
Final DistEstimate value:  0.0
Final Validifier value:  0.0
Final candidate learnt:  (!n0 && !n1 && !n10 && !n11 && !n12 && !n13 && !n14 && !n15 && !n2 && !n3 && !n4 && !n5 && !n6 && !n7 && !n8 && !n9 && !x10 && !x11 && !x12 && !x13 && !x14 && !x15 && !x9)
Height of learnt decision tree:  23
Number of terms in the candidate DNF:  1
Total DistEstimate time : 0.30235838890075684
Total Validifier time : 14.496994018554688
Total TreeLearner time : 0.660851240158081
Total time (seconds) : 15.466322660446167

--- Run at 2025-08-31 17:13:22.522428 ---
(!x15) && (!x14) && (!x13) && (!x12) && (!x11) && (!x10) && (!x9) && (!x8) && (!x7) && (!x6) && (!x5) && (!x4) && (!x3) && (!x2) && (!x1) && (!x0) && (!n15) && (!n14) && (!n13) && (!n12) && (!n11) && (!n10) && (!n9) && (!n8) && (!n7) && (!n6) && (n5) && (!n4) && (!n3) && (!n2) && (!n1) && (!n0) && (n15 || n14 || n13 || n12 || n11 || n10 || n9 || n8 || n7 || n6 || n5 || n4 || n3 || n2 || n1 || n0)
32
Starting model fitting...
--- Fitting took: 0.0028 seconds ---
Starting custom tree build...
--- Custom tree build took: 0.0014 seconds ---
Prediction time : 0.18945622444152832
Initial phase DNF: (!n2 && !n1 && !n14 && !x12 && !n8 && !n11 && !n15 && !n3 && !n0 && !n5 && !x10 && !n10)
Phase : 2
DistEstimate value: 0.0
Validifier value: 0.9850746268656716
Phase 2 DNF before prediction: (!n2 && !n1 && !n14 && !x12 && !n8 && !n11 && !n15 && !n3 && !n0 && !n5 && !x10 && !n10)
Phase 2 DNF after prediction: (!n2 && !n1 && !n14 && !x12 && !n8 && !n11 && !n15 && !n3 && !n0 && !n5 && !x10 && !n10)
Successfully reached the desired user error bounds.
Mutation counter: {'split': 3, 'prune': 0}
Next phase total time:  5.323080778121948
Next phase DistEstimate time : 0.1195676326751709
Next phase Validifier time : 4.930670261383057
Next phase TreeLearner time : 0.2721993923187256
Phase : 3
DistEstimate value: 0.0
Validifier value: 0.7761194029850746
Phase 3 DNF before prediction: (!n2 && !n1 && !n14 && !x12 && !n8 && !n11 && !n15 && !n3 && !n0 && !n5 && !x10 && !n10 && !x9 && !x13 && !x14)
Phase 3 DNF after prediction: (!n2 && !n1 && !n14 && !x12 && !n8 && !n11 && !n15 && !n3 && !n0 && !n5 && !x10 && !n10 && !x9 && !x13 && !x14)
Successfully reached the desired user error bounds.
Mutation counter: {'split': 2, 'prune': 0}
Next phase total time:  5.248940467834473
Next phase DistEstimate time : 0.10319304466247559
Next phase Validifier time : 4.955647706985474
Next phase TreeLearner time : 0.18928146362304688
Final DistEstimate value:  0.0
Final Validifier value:  0.0
Final candidate learnt:  (!n0 && !n1 && !n10 && !n11 && !n12 && !n13 && !n14 && !n15 && !n2 && !n3 && !n4 && !n5 && !n6 && !n7 && !n8 && !n9 && !x10 && !x11 && !x12 && !x13 && !x14 && !x15 && !x9)
Height of learnt decision tree:  23
Number of terms in the candidate DNF:  1
Total DistEstimate time : 0.3189115524291992
Total Validifier time : 14.59030556678772
Total TreeLearner time : 0.7432172298431396
Total time (seconds) : 15.658508539199829

--- Run at 2025-08-31 17:13:49.111130 ---
(!x15) && (!x14) && (!x13) && (!x12) && (!x11) && (!x10) && (!x9) && (!x8) && (!x7) && (!x6) && (!x5) && (!x4) && (!x3) && (!x2) && (!x1) && (!x0) && (!n15) && (!n14) && (!n13) && (!n12) && (!n11) && (!n10) && (!n9) && (!n8) && (!n7) && (!n6) && (n5) && (!n4) && (!n3) && (!n2) && (!n1) && (!n0) && (n15 || n14 || n13 || n12 || n11 || n10 || n9 || n8 || n7 || n6 || n5 || n4 || n3 || n2 || n1 || n0)
32
Starting model fitting...
--- Fitting took: 0.0027 seconds ---
Starting custom tree build...
--- Custom tree build took: 0.0011 seconds ---
Prediction time : 0.18403244018554688
Initial phase DNF: (!n6 && !x13 && !n2 && !n4 && !n1 && !x10 && !n13 && !n7 && !x11)
Phase : 2
DistEstimate value: 0.0
Validifier value: 0.868421052631579
Phase 2 DNF before prediction: (!n6 && !x13 && !n2 && !n4 && !n1 && !x10 && !n13 && !n7 && !x11)
Phase 2 DNF after prediction: (!n6 && !x13 && !n2 && !n4 && !n1 && !x10 && !n13 && !n7 && !x11)
Successfully reached the desired user error bounds.
Mutation counter: {'split': 2, 'prune': 0}
Next phase total time:  5.119237899780273
Next phase DistEstimate time : 0.11733436584472656
Next phase Validifier time : 4.866985321044922
Next phase TreeLearner time : 0.13429474830627441
Phase : 3
DistEstimate value: 0.0
Validifier value: 0.868421052631579
Phase 3 DNF before prediction: (!n6 && !x13 && !n2 && !n4 && !n1 && !x10 && !n13 && !n7 && !x11 && !x15 && !x9)
Phase 3 DNF after prediction: (!n6 && !x13 && !n2 && !n4 && !n1 && !x10 && !n13 && !n7 && !x11 && !x15 && !x9)
Successfully reached the desired user error bounds.
Mutation counter: {'split': 2, 'prune': 0}
Next phase total time:  5.172605037689209
Next phase DistEstimate time : 0.09976792335510254
Next phase Validifier time : 4.878590106964111
Next phase TreeLearner time : 0.19344568252563477
Final DistEstimate value:  0.0
Final Validifier value:  0.0
Final candidate learnt:  (!n0 && !n1 && !n10 && !n11 && !n12 && !n13 && !n14 && !n15 && !n2 && !n3 && !n4 && !n5 && !n6 && !n7 && !n8 && !n9 && !x10 && !x11 && !x12 && !x13 && !x14 && !x15 && !x9)
Height of learnt decision tree:  23
Number of terms in the candidate DNF:  1
Total DistEstimate time : 0.3209550380706787
Total Validifier time : 14.459466934204102
Total TreeLearner time : 0.6079103946685791
Total time (seconds) : 15.395493507385254

--- Run at 2025-08-31 17:14:14.576576 ---
(!x15) && (!x14) && (!x13) && (!x12) && (!x11) && (!x10) && (!x9) && (!x8) && (!x7) && (!x6) && (!x5) && (!x4) && (!x3) && (!x2) && (!x1) && (!x0) && (!n15) && (!n14) && (!n13) && (!n12) && (!n11) && (!n10) && (!n9) && (!n8) && (!n7) && (!n6) && (n5) && (!n4) && (!n3) && (!n2) && (!n1) && (!n0) && (n15 || n14 || n13 || n12 || n11 || n10 || n9 || n8 || n7 || n6 || n5 || n4 || n3 || n2 || n1 || n0)
32
Starting model fitting...
--- Fitting took: 0.0027 seconds ---
Starting custom tree build...
--- Custom tree build took: 0.0012 seconds ---
Prediction time : 0.18634867668151855
Initial phase DNF: (!n4 && !n2 && !x13 && !n3 && !n14 && !n10 && !n15 && !x11 && !n12 && !n13)
Phase : 2
DistEstimate value: 0.0
Validifier value: 0.9166666666666666
Phase 2 DNF before prediction: (!n4 && !n2 && !x13 && !n3 && !n14 && !n10 && !n15 && !x11 && !n12 && !n13)
Phase 2 DNF after prediction: (!n4 && !n2 && !x13 && !n3 && !n14 && !n10 && !n15 && !x11 && !n12 && !n13)
Successfully reached the desired user error bounds.
Mutation counter: {'split': 2, 'prune': 0}
Next phase total time:  4.984779119491577
Next phase DistEstimate time : 0.13413643836975098
Next phase Validifier time : 4.724539518356323
Next phase TreeLearner time : 0.1251997947692871
Phase : 3
DistEstimate value: 0.0
Validifier value: 0.9583333333333334
Phase 3 DNF before prediction: (!n4 && !n2 && !x13 && !n3 && !n14 && !n10 && !n15 && !x11 && !n12 && !n13 && !x10 && !x14)
Phase 3 DNF after prediction: (!n4 && !n2 && !x13 && !n3 && !n14 && !n10 && !n15 && !x11 && !n12 && !n13 && !x10 && !x14)
Successfully reached the desired user error bounds.
Mutation counter: {'split': 1, 'prune': 0}
Next phase total time:  5.066115617752075
Next phase DistEstimate time : 0.10138416290283203
Next phase Validifier time : 4.88616943359375
Next phase TreeLearner time : 0.07777619361877441
Phase : 4
DistEstimate value: 0.0
Validifier value: 0.7083333333333334
Phase 4 DNF before prediction: (!n4 && !n2 && !x13 && !n3 && !n14 && !n10 && !n15 && !x11 && !n12 && !n13 && !x10 && !x14 && !x15)
Phase 4 DNF after prediction: (!n4 && !n2 && !x13 && !n3 && !n14 && !n10 && !n15 && !x11 && !n12 && !n13 && !x10 && !x14 && !x15)
Successfully reached the desired user error bounds.
Mutation counter: {'split': 1, 'prune': 0}
Next phase total time:  5.117314100265503
Next phase DistEstimate time : 0.12313675880432129
Next phase Validifier time : 4.885347604751587
Next phase TreeLearner time : 0.10813784599304199
Phase : 5
DistEstimate value: 0.0
Validifier value: 0.375
Phase 5 DNF before prediction: (!n4 && !n2 && !x13 && !n3 && !n14 && !n10 && !n15 && !x11 && !n12 && !n13 && !x10 && !x14 && !x15 && !x12)
Phase 5 DNF after prediction: (!n4 && !n2 && !x13 && !n3 && !n14 && !n10 && !n15 && !x11 && !n12 && !n13 && !x10 && !x14 && !x15 && !x12)
Successfully reached the desired user error bounds.
Mutation counter: {'split': 1, 'prune': 0}
Next phase total time:  5.02446174621582
Next phase DistEstimate time : 0.10371112823486328
Next phase Validifier time : 4.818130970001221
Next phase TreeLearner time : 0.1019597053527832
Final DistEstimate value:  0.0
Final Validifier value:  0.0
Final candidate learnt:  (!n0 && !n1 && !n10 && !n11 && !n12 && !n13 && !n14 && !n15 && !n2 && !n3 && !n4 && !n5 && !n6 && !n7 && !n8 && !n9 && !x10 && !x11 && !x12 && !x13 && !x14 && !x15 && !x9)
Height of learnt decision tree:  23
Number of terms in the candidate DNF:  1
Total DistEstimate time : 0.5692737102508545
Total Validifier time : 23.89534854888916
Total TreeLearner time : 0.6918723583221436
Total time (seconds) : 25.164244890213013

--- Run at 2025-08-31 17:14:41.461822 ---
(!x15) && (!x14) && (!x13) && (!x12) && (!x11) && (!x10) && (!x9) && (!x8) && (!x7) && (!x6) && (!x5) && (!x4) && (!x3) && (!x2) && (!x1) && (!x0) && (!n15) && (!n14) && (!n13) && (!n12) && (!n11) && (!n10) && (!n9) && (!n8) && (!n7) && (!n6) && (n5) && (!n4) && (!n3) && (!n2) && (!n1) && (!n0) && (n15 || n14 || n13 || n12 || n11 || n10 || n9 || n8 || n7 || n6 || n5 || n4 || n3 || n2 || n1 || n0)
32
Starting model fitting...
--- Fitting took: 0.0061 seconds ---
Starting custom tree build...
--- Custom tree build took: 0.0026 seconds ---
Prediction time : 0.4598090648651123
Initial phase DNF: (!n10 && !n5 && !n12 && !x12 && !n8 && !x11 && !n14 && !n11 && !x14 && !x9)
Phase : 2
DistEstimate value: 0.0
Validifier value: 0.875
Phase 2 DNF before prediction: (!n10 && !n5 && !n12 && !x12 && !n8 && !x11 && !n14 && !n11 && !x14 && !x9)
Phase 2 DNF after prediction: x15 && !x15
Successfully reached the desired user error bounds.
Mutation counter: {'split': 3, 'prune': 0}
Next phase total time:  7.292603015899658
Next phase DistEstimate time : 0.22848987579345703
Next phase Validifier time : 6.757928371429443
Next phase TreeLearner time : 0.3034360408782959
Final DistEstimate value:  0.0
Final Validifier value:  0.0
Final candidate learnt:  (!n0 && !n1 && !n10 && !n11 && !n12 && !n13 && !n14 && !n15 && !n2 && !n3 && !n4 && !n5 && !n6 && !n7 && !n8 && !n9 && !x10 && !x11 && !x12 && !x13 && !x14 && !x15 && !x9)
Height of learnt decision tree:  23
Number of terms in the candidate DNF:  1
Total DistEstimate time : 0.4624307155609131
Total Validifier time : 13.316699504852295
Total TreeLearner time : 1.01214599609375
Total time (seconds) : 14.807615041732788

--- Run at 2025-09-01 12:25:44.560242 ---
(!x15) && (!x14) && (!x13) && (!x12) && (!x11) && (!x10) && (!x9) && (!x8) && (!x7) && (!x6) && (!x5) && (!x4) && (!x3) && (!x2) && (!x1) && (!x0) && (!n15) && (!n14) && (!n13) && (!n12) && (!n11) && (!n10) && (!n9) && (!n8) && (!n7) && (!n6) && (n5) && (!n4) && (!n3) && (!n2) && (!n1) && (!n0) && (n15 || n14 || n13 || n12 || n11 || n10 || n9 || n8 || n7 || n6 || n5 || n4 || n3 || n2 || n1 || n0)
32
Starting model fitting...
--- Fitting took: 0.0059 seconds ---
Starting custom tree build...
--- Custom tree build took: 0.0026 seconds ---
Prediction time : 0.4654550552368164
Initial phase DNF: (!n10 && !n1 && !x15 && !n4 && !x13 && !n5 && !x9 && !n6 && !x11 && !n2)
Phase : 2
DistEstimate value: 0.0
Validifier value: 0.9
Phase 2 DNF before prediction: (!n10 && !n1 && !x15 && !n4 && !x13 && !n5 && !x9 && !n6 && !x11 && !n2)
Phase 2 DNF after prediction: (!n10 && !n1 && !x15 && !n4 && !x13 && !n5 && !x9 && !n6 && !x11 && !n2)
Successfully reached the desired user error bounds.
Mutation counter: {'split': 3, 'prune': 0}
Next phase total time:  6.572693109512329
Next phase DistEstimate time : 0.1947171688079834
Next phase Validifier time : 6.131698131561279
Next phase TreeLearner time : 0.24338889122009277
Final DistEstimate value:  0.0
Final Validifier value:  0.0
Final candidate learnt:  (!n0 && !n1 && !n10 && !n11 && !n12 && !n13 && !n14 && !n15 && !n2 && !n3 && !n4 && !n5 && !n6 && !n7 && !n8 && !n9 && !x10 && !x11 && !x12 && !x13 && !x14 && !x15 && !x9)
Height of learnt decision tree:  23
Number of terms in the candidate DNF:  1
Total DistEstimate time : 0.4023163318634033
Total Validifier time : 12.953145027160645
Total TreeLearner time : 0.9553430080413818
Total time (seconds) : 14.327173948287964

--- Run at 2025-09-01 12:26:19.049390 ---
(!x15) && (!x14) && (!x13) && (!x12) && (!x11) && (!x10) && (!x9) && (!x8) && (!x7) && (!x6) && (!x5) && (!x4) && (!x3) && (!x2) && (!x1) && (!x0) && (!n15) && (!n14) && (!n13) && (!n12) && (!n11) && (!n10) && (!n9) && (!n8) && (!n7) && (!n6) && (n5) && (!n4) && (!n3) && (!n2) && (!n1) && (!n0) && (n15 || n14 || n13 || n12 || n11 || n10 || n9 || n8 || n7 || n6 || n5 || n4 || n3 || n2 || n1 || n0)
32
Starting model fitting...
--- Fitting took: 0.0065 seconds ---
Starting custom tree build...
--- Custom tree build took: 0.0028 seconds ---
Prediction time : 0.4649672508239746
Initial phase DNF: (!n15 && !x11 && !n0 && !n3 && !n11 && !n12 && !n5 && !n1 && !x9 && !n8 && !x0) || (!n15 && !x11 && !n0 && !n3 && !n11 && !n12 && !n5 && !n1 && !x9 && !n8 && x0)
Phase : 2
DistEstimate value: 0.0
Validifier value: 0.9253731343283582
Phase 2 DNF before prediction: (!n15 && !x11 && !n0 && !n3 && !n11 && !n12 && !n5 && !n1 && !x9 && !n8 && !x0) || (!n15 && !x11 && !n0 && !n3 && !n11 && !n12 && !n5 && !n1 && !x9 && !n8 && x0)
Phase 2 DNF after prediction: (!n15 && !x11 && !n0 && !n3 && !n11 && !n12 && !n5 && !n1 && !x9 && !n8 && !x0) || (!n15 && !x11 && !n0 && !n3 && !n11 && !n12 && !n5 && !n1 && !x9 && !n8 && x0)
Successfully reached the desired user error bounds.
Mutation counter: {'split': 4, 'prune': 0}
Next phase total time:  7.077209949493408
Next phase DistEstimate time : 0.19028592109680176
Next phase Validifier time : 6.5571677684783936
Next phase TreeLearner time : 0.3273169994354248
Phase : 3
DistEstimate value: 0.0
Validifier value: 0.835820895522388
Phase 3 DNF before prediction: (!n15 && !x11 && !n0 && !n3 && !n11 && !n12 && !n5 && !n1 && !x9 && !n8 && !x0 && !x12 && !x10) || (!n15 && !x11 && !n0 && !n3 && !n11 && !n12 && !n5 && !n1 && !x9 && !n8 && x0 && !x15 && !x13)
Phase 3 DNF after prediction: (!n15 && !x11 && !n0 && !n3 && !n11 && !n12 && !n5 && !n1 && !x9 && !n8 && !x0 && !x12 && !x10) || (!n15 && !x11 && !n0 && !n3 && !n11 && !n12 && !n5 && !n1 && !x9 && !n8 && x0 && !x15 && !x13)
Successfully reached the desired user error bounds.
Mutation counter: {'split': 3, 'prune': 0}
Next phase total time:  6.391047954559326
Next phase DistEstimate time : 0.18944120407104492
Next phase Validifier time : 5.914324045181274
Next phase TreeLearner time : 0.2845132350921631
Phase : 4
DistEstimate value: 0.0
Validifier value: 0.6567164179104478
Phase 4 DNF before prediction: (!n15 && !x11 && !n0 && !n3 && !n11 && !n12 && !n5 && !n1 && !x9 && !n8 && !x0 && !x12 && !x10 && !x13 && !x14) || (!n15 && !x11 && !n0 && !n3 && !n11 && !n12 && !n5 && !n1 && !x9 && !n8 && x0 && !x15 && !x13 && !x12)
Phase 4 DNF after prediction: (!n15 && !x11 && !n0 && !n3 && !n11 && !n12 && !n5 && !n1 && !x9 && !n8 && !x0 && !x12 && !x10 && !x13 && !x14) || (!n15 && !x11 && !n0 && !n3 && !n11 && !n12 && !n5 && !n1 && !x9 && !n8 && x0 && !x15 && !x13 && !x12)
Successfully reached the desired user error bounds.
Mutation counter: {'split': 3, 'prune': 0}
Next phase total time:  7.025439977645874
Next phase DistEstimate time : 0.19207501411437988
Next phase Validifier time : 6.523667097091675
Next phase TreeLearner time : 0.30716800689697266
Final DistEstimate value:  0.0
Final Validifier value:  0.0
Final candidate learnt:  (!n0 && !n1 && !n10 && !n11 && !n12 && !n13 && !n14 && !n15 && !n2 && !n3 && !n4 && !n5 && !n6 && !n7 && !n8 && !n9 && !x0 && !x10 && !x11 && !x12 && !x13 && !x14 && !x15 && !x9) || (!n0 && !n1 && !n10 && !n11 && !n12 && !n13 && !n14 && !n15 && !n2 && !n3 && !n4 && !n5 && !n6 && !n7 && !n8 && !n9 && !x10 && !x11 && !x12 && !x13 && !x14 && !x15 && !x9 && x0)
Height of learnt decision tree:  24
Number of terms in the candidate DNF:  2
Total DistEstimate time : 0.788339376449585
Total Validifier time : 25.084381818771362
Total TreeLearner time : 1.628798246383667
Total time (seconds) : 27.52464985847473

--- Run at 2025-09-01 12:26:50.678840 ---
(!x15) && (!x14) && (!x13) && (!x12) && (!x11) && (!x10) && (!x9) && (!x8) && (!x7) && (!x6) && (!x5) && (!x4) && (!x3) && (!x2) && (!x1) && (!x0) && (!n15) && (!n14) && (!n13) && (!n12) && (!n11) && (!n10) && (!n9) && (!n8) && (!n7) && (!n6) && (n5) && (!n4) && (!n3) && (!n2) && (!n1) && (!n0) && (n15 || n14 || n13 || n12 || n11 || n10 || n9 || n8 || n7 || n6 || n5 || n4 || n3 || n2 || n1 || n0)
32
Starting model fitting...
--- Fitting took: 0.0067 seconds ---
Starting custom tree build...
--- Custom tree build took: 0.0028 seconds ---
Prediction time : 0.46622180938720703
Initial phase DNF: (!n3 && !n7 && !x14 && !x13 && !x12 && !x15 && !x10 && !n5 && !n13 && !n9 && !x0) || (!n3 && !n7 && !x14 && !x13 && !x12 && !x15 && !x10 && !n5 && !n13 && !n9 && x0)
Phase : 2
DistEstimate value: 0.0
Validifier value: 0.7368421052631579
Phase 2 DNF before prediction: (!n3 && !n7 && !x14 && !x13 && !x12 && !x15 && !x10 && !n5 && !n13 && !n9 && !x0) || (!n3 && !n7 && !x14 && !x13 && !x12 && !x15 && !x10 && !n5 && !n13 && !n9 && x0)
Phase 2 DNF after prediction: (!n3 && !n7 && !x14 && !x13 && !x12 && !x15 && !x10 && !n5 && !n13 && !n9 && !x0) || (!n3 && !n7 && !x14 && !x13 && !x12 && !x15 && !x10 && !n5 && !n13 && !n9 && x0)
Successfully reached the desired user error bounds.
Mutation counter: {'split': 2, 'prune': 0}
Next phase total time:  6.755611181259155
Next phase DistEstimate time : 0.19788074493408203
Next phase Validifier time : 6.369816780090332
Next phase TreeLearner time : 0.18529796600341797
Phase : 3
DistEstimate value: 0.0
Validifier value: 0.5526315789473685
Phase 3 DNF before prediction: (!n3 && !n7 && !x14 && !x13 && !x12 && !x15 && !x10 && !n5 && !n13 && !n9 && !x0 && !x11) || (!n3 && !n7 && !x14 && !x13 && !x12 && !x15 && !x10 && !n5 && !n13 && !n9 && x0 && !x11)
Phase 3 DNF after prediction: (!n3 && !n7 && !x14 && !x13 && !x12 && !x15 && !x10 && !n5 && !n13 && !n9 && !x0 && !x11) || (!n3 && !n7 && !x14 && !x13 && !x12 && !x15 && !x10 && !n5 && !n13 && !n9 && x0 && !x11)
Successfully reached the desired user error bounds.
Mutation counter: {'split': 2, 'prune': 0}
Next phase total time:  6.590314865112305
Next phase DistEstimate time : 0.19984698295593262
Next phase Validifier time : 6.194514989852905
Next phase TreeLearner time : 0.1935739517211914
Final DistEstimate value:  0.0
Final Validifier value:  0.0
Final candidate learnt:  (!n0 && !n1 && !n10 && !n11 && !n12 && !n13 && !n14 && !n15 && !n2 && !n3 && !n4 && !n5 && !n6 && !n7 && !n8 && !n9 && !x0 && !x10 && !x11 && !x12 && !x13 && !x14 && !x15 && !x9) || (!n0 && !n1 && !n10 && !n11 && !n12 && !n13 && !n14 && !n15 && !n2 && !n3 && !n4 && !n5 && !n6 && !n7 && !n8 && !n9 && !x10 && !x11 && !x12 && !x13 && !x14 && !x15 && !x9 && x0)
Height of learnt decision tree:  24
Number of terms in the candidate DNF:  2
Total DistEstimate time : 0.6119985580444336
Total Validifier time : 18.132165908813477
Total TreeLearner time : 1.0935142040252686
Total time (seconds) : 19.85775589942932

--- Run at 2025-09-01 12:27:34.808384 ---
(!x15) && (!x14) && (!x13) && (!x12) && (!x11) && (!x10) && (!x9) && (!x8) && (!x7) && (!x6) && (!x5) && (!x4) && (!x3) && (!x2) && (!x1) && (!x0) && (!n15) && (!n14) && (!n13) && (!n12) && (!n11) && (!n10) && (!n9) && (!n8) && (!n7) && (!n6) && (n5) && (!n4) && (!n3) && (!n2) && (!n1) && (!n0) && (n15 || n14 || n13 || n12 || n11 || n10 || n9 || n8 || n7 || n6 || n5 || n4 || n3 || n2 || n1 || n0)
32
Starting model fitting...
--- Fitting took: 0.0066 seconds ---
Starting custom tree build...
--- Custom tree build took: 0.0026 seconds ---
Prediction time : 0.5143430233001709
Initial phase DNF: (!x9 && !x14 && !x10 && !n6 && !n5 && !n9 && !n15 && !n7 && !n12 && !n8)
Phase : 2
DistEstimate value: 0.0
Validifier value: 0.9583333333333334
Phase 2 DNF before prediction: (!x9 && !x14 && !x10 && !n6 && !n5 && !n9 && !n15 && !n7 && !n12 && !n8)
Phase 2 DNF after prediction: (!x9 && !x14 && !x10 && !n6 && !n5 && !n9 && !n15 && !n7 && !n12 && !n8)
Successfully reached the desired user error bounds.
Mutation counter: {'split': 2, 'prune': 0}
Next phase total time:  6.347856283187866
Next phase DistEstimate time : 0.2009267807006836
Next phase Validifier time : 5.978365182876587
Next phase TreeLearner time : 0.1662311553955078
Phase : 3
DistEstimate value: 0.0
Validifier value: 0.625
Phase 3 DNF before prediction: (!x9 && !x14 && !x10 && !n6 && !n5 && !n9 && !n15 && !n7 && !n12 && !n8 && !x11 && !x15)
Phase 3 DNF after prediction: (!x9 && !x14 && !x10 && !n6 && !n5 && !n9 && !n15 && !n7 && !n12 && !n8 && !x11 && !x15)
Successfully reached the desired user error bounds.
Mutation counter: {'split': 1, 'prune': 0}
Next phase total time:  6.123507976531982
Next phase DistEstimate time : 0.187910795211792
Next phase Validifier time : 5.827569961547852
Next phase TreeLearner time : 0.10562729835510254
Phase : 4
DistEstimate value: 0.0
Validifier value: 0.5416666666666666
Phase 4 DNF before prediction: (!x9 && !x14 && !x10 && !n6 && !n5 && !n9 && !n15 && !n7 && !n12 && !n8 && !x11 && !x15 && !x13)
Phase 4 DNF after prediction: (!x9 && !x14 && !x10 && !n6 && !n5 && !n9 && !n15 && !n7 && !n12 && !n8 && !x11 && !x15 && !x13)
Successfully reached the desired user error bounds.
Mutation counter: {'split': 1, 'prune': 0}
Next phase total time:  6.229506731033325
Next phase DistEstimate time : 0.2035362720489502
Next phase Validifier time : 5.915022134780884
Next phase TreeLearner time : 0.1085817813873291
Final DistEstimate value:  0.0
Final Validifier value:  0.0
Final candidate learnt:  (!n0 && !n1 && !n10 && !n11 && !n12 && !n13 && !n14 && !n15 && !n2 && !n3 && !n4 && !n5 && !n6 && !n7 && !n8 && !n9 && !x10 && !x11 && !x12 && !x13 && !x14 && !x15 && !x9)
Height of learnt decision tree:  23
Number of terms in the candidate DNF:  1
Total DistEstimate time : 0.8044319152832031
Total Validifier time : 24.093303203582764
Total TreeLearner time : 1.1386020183563232
Total time (seconds) : 26.056480169296265

--- Run at 2025-09-01 12:28:11.156633 ---
