Initial phase DNF: (!z15 && !z7 && !z6 && !z11 && !z5 && !z14 && !z3 && flip) || (!z15 && !z7 && !z6 && !z11 && !z5 && !z14 && z3 && !z1)
Phase: 2
DistEstimate value: 0.0
Validifier value: 0.9783333333333334
Phase 2 DNF before prediction: (!z15 && !z7 && !z6 && !z11 && !z5 && !z14 && !z3 && flip) || (!z15 && !z7 && !z6 && !z11 && !z5 && !z14 && z3 && !z1)
Phase 2 DNF after prediction: z15 && !z15
Successfully reached the desired user error bounds.
Mutation counter: {'split': 5, 'prune': 0}
Next phase total time: 3.675421953201294
Next phase DistEstimate time: 0.45553016662597656
Next phase Validifier time: 2.9382174015045166
Next phase TreeLearner time: 0.27837586402893066
Phase: 3
DistEstimate value: 0.0020859407592824786
Validifier value: 0.395
Phase 3 DNF before prediction: (!z15 && !z7 && !z6 && !z11 && !z5 && !z14 && !z3 && flip && !z9 && !z8 && !z13 && !z12 && !z10)
Phase 3 DNF after prediction: (!z15 && !z7 && !z6 && !z11 && !z5 && !z14 && !z3 && flip && !z9 && !z8 && !z13 && !z12 && !z10)
Successfully reached the desired user error bounds.
Mutation counter: {'split': 6, 'prune': 0}
Next phase total time: 3.868169069290161
Next phase DistEstimate time: 0.4728250503540039
Next phase Validifier time: 3.050550937652588
Next phase TreeLearner time: 0.34130406379699707
Final DistEstimate value: 0.0020859407592824786
Final Validifier value: 0.0
Final candidate learnt: (!z1 && !z10 && !z11 && !z12 && !z13 && !z14 && !z15 && !z2 && !z3 && !z4 && !z5 && !z6 && !z7 && !z8 && !z9 && flip) || (!z0 && !z1 && !z10 && !z11 && !z12 && !z13 && !z14 && !z15 && !z3 && !z5 && !z6 && !z7 && !z8 && !z9 && flip && z2 && z4) || (!z1 && !z10 && !z11 && !z12 && !z13 && !z14 && !z15 && !z3 && !z5 && !z6 && !z7 && !z8 && !z9 && flip && z0 && z4) || (!z10 && !z11 && !z12 && !z13 && !z14 && !z15 && !z3 && !z5 && !z6 && !z7 && !z8 && !z9 && flip && z1 && z4)
Height of learnt decision tree: 17
Number of terms in the candidate DNF: 4
Total DistEstimate time: 1.4134342670440674
Total Validifier time: 9.352952480316162
Total TreeLearner time: 0.7614791393280029
Total time (seconds): 11.555103302001953
Starting model fitting...
--- Fitting took: 0.0032 seconds ---
Starting custom tree build...
--- Custom tree build took: 0.0036 seconds ---

--- Run at 2025-11-04 14:51:03.872456 ---
