No distestimate results found for Temp
Initial phase DNF: z15 && !z15
Subprocess failed: Traceback (most recent call last):
  File "/Users/arnabray/Codes/PRORP/PRORP/src/DistEstimate/DistEstimate.py", line 626, in <module>
    main()
  File "/Users/arnabray/Codes/PRORP/PRORP/src/DistEstimate/DistEstimate.py", line 612, in main
    sample_file = generate_samples(args.progname, args.epsilon, args.delta)
  File "/Users/arnabray/Codes/PRORP/PRORP/src/DistEstimate/dist_utils.py", line 270, in generate_samples
    raise RuntimeError(f"cmsgen failed with code {result.returncode}")
RuntimeError: cmsgen failed with code 20

No distestimate results found for Temp
Phase: 2
DistEstimate value: 0
Validifier value: 1.0
Phase 2 DNF before prediction: z15 && !z15
Phase 2 DNF after prediction: z15 && !z15
No more valid moves found. Exiting.
Mutation counter: {'split': 0, 'prune': 0}
Specified error bounds not met. Returning the last mutated tree.
Subprocess failed: Traceback (most recent call last):
  File "/Users/arnabray/Codes/PRORP/PRORP/src/DistEstimate/DistEstimate.py", line 626, in <module>
    main()
  File "/Users/arnabray/Codes/PRORP/PRORP/src/DistEstimate/DistEstimate.py", line 612, in main
    sample_file = generate_samples(args.progname, args.epsilon, args.delta)
  File "/Users/arnabray/Codes/PRORP/PRORP/src/DistEstimate/dist_utils.py", line 270, in generate_samples
    raise RuntimeError(f"cmsgen failed with code {result.returncode}")
RuntimeError: cmsgen failed with code 20

No distestimate results found for Temp
Next phase total time: 2.1003501415252686
Next phase DistEstimate time: 0.12130618095397949
Next phase Validifier time: 1.8944590091705322
Next phase TreeLearner time: 0.08226895332336426
Phase: 3
DistEstimate value: 0
Validifier value: 1.0
Phase 3 DNF before prediction: z15 && !z15
Phase 3 DNF after prediction: z15 && !z15
No more valid moves found. Exiting.
Mutation counter: {'split': 0, 'prune': 0}
Specified error bounds not met. Returning the last mutated tree.
Subprocess failed: Traceback (most recent call last):
  File "/Users/arnabray/Codes/PRORP/PRORP/src/DistEstimate/DistEstimate.py", line 626, in <module>
    main()
  File "/Users/arnabray/Codes/PRORP/PRORP/src/DistEstimate/DistEstimate.py", line 612, in main
    sample_file = generate_samples(args.progname, args.epsilon, args.delta)
  File "/Users/arnabray/Codes/PRORP/PRORP/src/DistEstimate/dist_utils.py", line 270, in generate_samples
    raise RuntimeError(f"cmsgen failed with code {result.returncode}")
RuntimeError: cmsgen failed with code 20

No distestimate results found for Temp
Next phase total time: 2.136338710784912
Next phase DistEstimate time: 0.11106491088867188
Next phase Validifier time: 1.947195053100586
Next phase TreeLearner time: 0.07608890533447266
Phase: 4
DistEstimate value: 0
Validifier value: 1.0
Phase 4 DNF before prediction: z15 && !z15
Phase 4 DNF after prediction: z15 && !z15
No more valid moves found. Exiting.
Mutation counter: {'split': 0, 'prune': 0}
Specified error bounds not met. Returning the last mutated tree.
Subprocess failed: Traceback (most recent call last):
  File "/Users/arnabray/Codes/PRORP/PRORP/src/DistEstimate/DistEstimate.py", line 626, in <module>
    main()
  File "/Users/arnabray/Codes/PRORP/PRORP/src/DistEstimate/DistEstimate.py", line 612, in main
    sample_file = generate_samples(args.progname, args.epsilon, args.delta)
  File "/Users/arnabray/Codes/PRORP/PRORP/src/DistEstimate/dist_utils.py", line 270, in generate_samples
    raise RuntimeError(f"cmsgen failed with code {result.returncode}")
RuntimeError: cmsgen failed with code 20

No distestimate results found for Temp
Next phase total time: 2.1734507083892822
Next phase DistEstimate time: 0.11385989189147949
Next phase Validifier time: 1.9617249965667725
Next phase TreeLearner time: 0.09588980674743652
Phase: 5
DistEstimate value: 0
Validifier value: 1.0
Phase 5 DNF before prediction: z15 && !z15
Phase 5 DNF after prediction: z15 && !z15
No more valid moves found. Exiting.
Mutation counter: {'split': 0, 'prune': 0}
Specified error bounds not met. Returning the last mutated tree.
Subprocess failed: Traceback (most recent call last):
  File "/Users/arnabray/Codes/PRORP/PRORP/src/DistEstimate/DistEstimate.py", line 626, in <module>
    main()
  File "/Users/arnabray/Codes/PRORP/PRORP/src/DistEstimate/DistEstimate.py", line 612, in main
    sample_file = generate_samples(args.progname, args.epsilon, args.delta)
  File "/Users/arnabray/Codes/PRORP/PRORP/src/DistEstimate/dist_utils.py", line 270, in generate_samples
    raise RuntimeError(f"cmsgen failed with code {result.returncode}")
RuntimeError: cmsgen failed with code 20

No distestimate results found for Temp
Next phase total time: 2.443319082260132
Next phase DistEstimate time: 0.12993621826171875
Next phase Validifier time: 2.193481922149658
Next phase TreeLearner time: 0.1174778938293457
Phase: 6
DistEstimate value: 0
Validifier value: 1.0
Phase 6 DNF before prediction: z15 && !z15
Phase 6 DNF after prediction: z15 && !z15
No more valid moves found. Exiting.
Mutation counter: {'split': 0, 'prune': 0}
Specified error bounds not met. Returning the last mutated tree.
Subprocess failed: Traceback (most recent call last):
  File "/Users/arnabray/Codes/PRORP/PRORP/src/DistEstimate/DistEstimate.py", line 626, in <module>
    main()
  File "/Users/arnabray/Codes/PRORP/PRORP/src/DistEstimate/DistEstimate.py", line 612, in main
    sample_file = generate_samples(args.progname, args.epsilon, args.delta)
  File "/Users/arnabray/Codes/PRORP/PRORP/src/DistEstimate/dist_utils.py", line 270, in generate_samples
    raise RuntimeError(f"cmsgen failed with code {result.returncode}")
RuntimeError: cmsgen failed with code 20

No distestimate results found for Temp
Next phase total time: 2.14235782623291
Next phase DistEstimate time: 0.11710500717163086
Next phase Validifier time: 1.8815639019012451
Next phase TreeLearner time: 0.14179396629333496
Phase: 7
DistEstimate value: 0
Validifier value: 1.0
Phase 7 DNF before prediction: z15 && !z15
Phase 7 DNF after prediction: z15 && !z15
No more valid moves found. Exiting.
Mutation counter: {'split': 0, 'prune': 0}
Specified error bounds not met. Returning the last mutated tree.
Subprocess failed: Traceback (most recent call last):
  File "/Users/arnabray/Codes/PRORP/PRORP/src/DistEstimate/DistEstimate.py", line 626, in <module>
    main()
  File "/Users/arnabray/Codes/PRORP/PRORP/src/DistEstimate/DistEstimate.py", line 612, in main
    sample_file = generate_samples(args.progname, args.epsilon, args.delta)
  File "/Users/arnabray/Codes/PRORP/PRORP/src/DistEstimate/dist_utils.py", line 270, in generate_samples
    raise RuntimeError(f"cmsgen failed with code {result.returncode}")
RuntimeError: cmsgen failed with code 20

No distestimate results found for Temp
Next phase total time: 2.269096851348877
Next phase DistEstimate time: 0.12531089782714844
Next phase Validifier time: 1.972524881362915
Next phase TreeLearner time: 0.16923189163208008
Phase: 8
DistEstimate value: 0
Validifier value: 1.0
Phase 8 DNF before prediction: z15 && !z15
Phase 8 DNF after prediction: z15 && !z15
No more valid moves found. Exiting.
Mutation counter: {'split': 0, 'prune': 0}
Specified error bounds not met. Returning the last mutated tree.
Subprocess failed: Traceback (most recent call last):
  File "/Users/arnabray/Codes/PRORP/PRORP/src/DistEstimate/DistEstimate.py", line 626, in <module>
    main()
  File "/Users/arnabray/Codes/PRORP/PRORP/src/DistEstimate/DistEstimate.py", line 612, in main
    sample_file = generate_samples(args.progname, args.epsilon, args.delta)
  File "/Users/arnabray/Codes/PRORP/PRORP/src/DistEstimate/dist_utils.py", line 270, in generate_samples
    raise RuntimeError(f"cmsgen failed with code {result.returncode}")
RuntimeError: cmsgen failed with code 20

No distestimate results found for Temp
Next phase total time: 2.3335957527160645
Next phase DistEstimate time: 0.11546683311462402
Next phase Validifier time: 2.016096830368042
Next phase TreeLearner time: 0.1996908187866211
Phase: 9
DistEstimate value: 0
Validifier value: 1.0
Phase 9 DNF before prediction: z15 && !z15
Phase 9 DNF after prediction: z15 && !z15
No more valid moves found. Exiting.
Mutation counter: {'split': 0, 'prune': 0}
Specified error bounds not met. Returning the last mutated tree.
Subprocess failed: Traceback (most recent call last):
  File "/Users/arnabray/Codes/PRORP/PRORP/src/DistEstimate/DistEstimate.py", line 626, in <module>
    main()
  File "/Users/arnabray/Codes/PRORP/PRORP/src/DistEstimate/DistEstimate.py", line 612, in main
    sample_file = generate_samples(args.progname, args.epsilon, args.delta)
  File "/Users/arnabray/Codes/PRORP/PRORP/src/DistEstimate/dist_utils.py", line 270, in generate_samples
    raise RuntimeError(f"cmsgen failed with code {result.returncode}")
RuntimeError: cmsgen failed with code 20

No distestimate results found for Temp
Next phase total time: 2.2042133808135986
Next phase DistEstimate time: 0.11938309669494629
Next phase Validifier time: 1.8837227821350098
Next phase TreeLearner time: 0.19905519485473633
Phase: 10
DistEstimate value: 0
Validifier value: 1.0
Phase 10 DNF before prediction: z15 && !z15
Phase 10 DNF after prediction: z15 && !z15
No more valid moves found. Exiting.
Mutation counter: {'split': 0, 'prune': 0}
Specified error bounds not met. Returning the last mutated tree.
Subprocess failed: Traceback (most recent call last):
  File "/Users/arnabray/Codes/PRORP/PRORP/src/DistEstimate/DistEstimate.py", line 626, in <module>
    main()
  File "/Users/arnabray/Codes/PRORP/PRORP/src/DistEstimate/DistEstimate.py", line 612, in main
    sample_file = generate_samples(args.progname, args.epsilon, args.delta)
  File "/Users/arnabray/Codes/PRORP/PRORP/src/DistEstimate/dist_utils.py", line 270, in generate_samples
    raise RuntimeError(f"cmsgen failed with code {result.returncode}")
RuntimeError: cmsgen failed with code 20

No distestimate results found for Temp
Next phase total time: 2.3100037574768066
Next phase DistEstimate time: 0.1130530834197998
Next phase Validifier time: 1.964022159576416
Next phase TreeLearner time: 0.23090100288391113
Phase: 11
DistEstimate value: 0
Validifier value: 1.0
Phase 11 DNF before prediction: z15 && !z15
No distestimate results found for Temp
Initial phase DNF: z15 && !z15
Subprocess failed: Traceback (most recent call last):
  File "/Users/arnabray/Codes/PRORP/PRORP/src/DistEstimate/DistEstimate.py", line 626, in <module>
    main()
  File "/Users/arnabray/Codes/PRORP/PRORP/src/DistEstimate/DistEstimate.py", line 615, in main
    output_results = run_parallel(samples, config, args.iters)
  File "/Users/arnabray/Codes/PRORP/PRORP/src/DistEstimate/DistEstimate.py", line 34, in run_parallel
    result = future.result()
  File "/Library/Developer/CommandLineTools/Library/Frameworks/Python3.framework/Versions/3.9/lib/python3.9/concurrent/futures/_base.py", line 438, in result
    return self.__get_result()
  File "/Library/Developer/CommandLineTools/Library/Frameworks/Python3.framework/Versions/3.9/lib/python3.9/concurrent/futures/_base.py", line 390, in __get_result
    raise self._exception
  File "/Library/Developer/CommandLineTools/Library/Frameworks/Python3.framework/Versions/3.9/lib/python3.9/concurrent/futures/thread.py", line 52, in run
    result = self.fn(*self.args, **self.kwargs)
  File "/Users/arnabray/Codes/PRORP/PRORP/src/DistEstimate/DistEstimate.py", line 563, in DistExecute
    raise ValueError(f"Unknown program name: {progname}")
ValueError: Unknown program name: Temp

No distestimate results found for Temp
Phase: 2
DistEstimate value: 0
Validifier value: 1.0
Phase 2 DNF before prediction: z15 && !z15
Phase 2 DNF after prediction: z15 && !z15
No more valid moves found. Exiting.
Mutation counter: {'split': 0, 'prune': 0}
Specified error bounds not met. Returning the last mutated tree.
Subprocess failed: Traceback (most recent call last):
  File "/Users/arnabray/Codes/PRORP/PRORP/src/DistEstimate/DistEstimate.py", line 626, in <module>
    main()
  File "/Users/arnabray/Codes/PRORP/PRORP/src/DistEstimate/DistEstimate.py", line 615, in main
    output_results = run_parallel(samples, config, args.iters)
  File "/Users/arnabray/Codes/PRORP/PRORP/src/DistEstimate/DistEstimate.py", line 34, in run_parallel
    result = future.result()
  File "/Library/Developer/CommandLineTools/Library/Frameworks/Python3.framework/Versions/3.9/lib/python3.9/concurrent/futures/_base.py", line 438, in result
    return self.__get_result()
  File "/Library/Developer/CommandLineTools/Library/Frameworks/Python3.framework/Versions/3.9/lib/python3.9/concurrent/futures/_base.py", line 390, in __get_result
    raise self._exception
  File "/Library/Developer/CommandLineTools/Library/Frameworks/Python3.framework/Versions/3.9/lib/python3.9/concurrent/futures/thread.py", line 52, in run
    result = self.fn(*self.args, **self.kwargs)
  File "/Users/arnabray/Codes/PRORP/PRORP/src/DistEstimate/DistEstimate.py", line 563, in DistExecute
    raise ValueError(f"Unknown program name: {progname}")
ValueError: Unknown program name: Temp

No distestimate results found for Temp
Next phase total time: 2.189393997192383
Next phase DistEstimate time: 0.1466529369354248
Next phase Validifier time: 1.9574038982391357
Next phase TreeLearner time: 0.08329296112060547
Phase: 3
DistEstimate value: 0
Validifier value: 1.0
Phase 3 DNF before prediction: z15 && !z15
Phase 3 DNF after prediction: z15 && !z15
No more valid moves found. Exiting.
Mutation counter: {'split': 0, 'prune': 0}
Specified error bounds not met. Returning the last mutated tree.
Subprocess failed: Traceback (most recent call last):
  File "/Users/arnabray/Codes/PRORP/PRORP/src/DistEstimate/DistEstimate.py", line 626, in <module>
    main()
  File "/Users/arnabray/Codes/PRORP/PRORP/src/DistEstimate/DistEstimate.py", line 615, in main
    output_results = run_parallel(samples, config, args.iters)
  File "/Users/arnabray/Codes/PRORP/PRORP/src/DistEstimate/DistEstimate.py", line 34, in run_parallel
    result = future.result()
  File "/Library/Developer/CommandLineTools/Library/Frameworks/Python3.framework/Versions/3.9/lib/python3.9/concurrent/futures/_base.py", line 438, in result
    return self.__get_result()
  File "/Library/Developer/CommandLineTools/Library/Frameworks/Python3.framework/Versions/3.9/lib/python3.9/concurrent/futures/_base.py", line 390, in __get_result
    raise self._exception
  File "/Library/Developer/CommandLineTools/Library/Frameworks/Python3.framework/Versions/3.9/lib/python3.9/concurrent/futures/thread.py", line 52, in run
    result = self.fn(*self.args, **self.kwargs)
  File "/Users/arnabray/Codes/PRORP/PRORP/src/DistEstimate/DistEstimate.py", line 563, in DistExecute
    raise ValueError(f"Unknown program name: {progname}")
ValueError: Unknown program name: Temp

No distestimate results found for Temp
Next phase total time: 2.122023820877075
Next phase DistEstimate time: 0.14694595336914062
Next phase Validifier time: 1.8977570533752441
Next phase TreeLearner time: 0.07549214363098145
Phase: 4
DistEstimate value: 0
Validifier value: 1.0
Phase 4 DNF before prediction: z15 && !z15
Phase 4 DNF after prediction: z15 && !z15
No more valid moves found. Exiting.
Mutation counter: {'split': 0, 'prune': 0}
Specified error bounds not met. Returning the last mutated tree.
No distestimate results found for Temp
Initial phase DNF: z15 && !z15
Subprocess failed: Traceback (most recent call last):
  File "/Users/arnabray/Codes/PRORP/PRORP/src/DistEstimate/DistEstimate.py", line 626, in <module>
    main()
  File "/Users/arnabray/Codes/PRORP/PRORP/src/DistEstimate/DistEstimate.py", line 615, in main
    output_results = run_parallel(samples, config, args.iters)
  File "/Users/arnabray/Codes/PRORP/PRORP/src/DistEstimate/DistEstimate.py", line 34, in run_parallel
    result = future.result()
  File "/Library/Developer/CommandLineTools/Library/Frameworks/Python3.framework/Versions/3.9/lib/python3.9/concurrent/futures/_base.py", line 438, in result
    return self.__get_result()
  File "/Library/Developer/CommandLineTools/Library/Frameworks/Python3.framework/Versions/3.9/lib/python3.9/concurrent/futures/_base.py", line 390, in __get_result
    raise self._exception
  File "/Library/Developer/CommandLineTools/Library/Frameworks/Python3.framework/Versions/3.9/lib/python3.9/concurrent/futures/thread.py", line 52, in run
    result = self.fn(*self.args, **self.kwargs)
  File "/Users/arnabray/Codes/PRORP/PRORP/src/DistEstimate/DistEstimate.py", line 563, in DistExecute
    raise ValueError(f"Unknown program name: {progname}")
ValueError: Unknown program name: Temp

No distestimate results found for Temp
Phase: 2
DistEstimate value: 0
Validifier value: 1.0
Phase 2 DNF before prediction: z15 && !z15
Phase 2 DNF after prediction: z15 && !z15
No more valid moves found. Exiting.
Mutation counter: {'split': 0, 'prune': 0}
Specified error bounds not met. Returning the last mutated tree.
Initial phase DNF: (!z8 && !z14 && !z9 && !z10 && !z15 && !z7 && flip && !z5)
Phase: 2
DistEstimate value: 0.0
Validifier value: 0.9566666666666667
Phase 2 DNF before prediction: (!z8 && !z14 && !z9 && !z10 && !z15 && !z7 && flip && !z5)
Phase 2 DNF after prediction: z15 && !z15
Successfully reached the desired user error bounds.
Mutation counter: {'split': 4, 'prune': 0}
Next phase total time: 2.160949945449829
Next phase DistEstimate time: 0.15350914001464844
Next phase Validifier time: 1.8735768795013428
Next phase TreeLearner time: 0.13169503211975098
Phase: 3
DistEstimate value: 0.0
Validifier value: 0.5016666666666667
Phase 3 DNF before prediction: (!z8 && !z14 && !z9 && !z10 && !z15 && !z7 && flip && !z5 && !z4 && !z11 && !z6 && !z13)
Phase 3 DNF after prediction: z15 && !z15
Successfully reached the desired user error bounds.
Mutation counter: {'split': 1, 'prune': 0}
Next phase total time: 2.034825086593628
Next phase DistEstimate time: 0.1611189842224121
Next phase Validifier time: 1.8335180282592773
Next phase TreeLearner time: 0.03826904296875
Final DistEstimate value: 0.0
Final Validifier value: 0.0
Final candidate learnt: (!z10 && !z11 && !z12 && !z13 && !z14 && !z15 && !z4 && !z5 && !z6 && !z7 && !z8 && !z9 && flip)
Height of learnt decision tree: 13
Number of terms in the candidate DNF: 1
Total DistEstimate time: 0.4878849983215332
Total Validifier time: 5.696099758148193
Total TreeLearner time: 0.2528371810913086
Total time (seconds): 6.45290207862854
Starting model fitting...
--- Fitting took: 0.0020 seconds ---
Starting custom tree build...
--- Custom tree build took: 0.0021 seconds ---

--- Run at 2025-11-03 22:12:41.736423 ---
Initial phase DNF: (!z11 && !z13 && !z5 && !z10 && !z7 && !z6 && flip && !z8)
Phase: 2
DistEstimate value: 0.0
Validifier value: 0.9816666666666667
Phase 2 DNF before prediction: (!z11 && !z13 && !z5 && !z10 && !z7 && !z6 && flip && !z8)
Phase 2 DNF after prediction: z15 && !z15
Successfully reached the desired user error bounds.
Mutation counter: {'split': 5, 'prune': 0}
Next phase total time: 2.222342014312744
Next phase DistEstimate time: 0.15613412857055664
Next phase Validifier time: 1.8863439559936523
Next phase TreeLearner time: 0.17776703834533691
Phase: 3
DistEstimate value: 0.008333333333333304
Validifier value: 0.4683333333333333
Phase 3 DNF before prediction: (!z11 && !z13 && !z5 && !z10 && !z7 && !z6 && flip && !z8 && !z12 && !z9 && !z4 && !z15 && !z3)
Phase 3 DNF after prediction: (!z11 && !z13 && !z5 && !z10 && !z7 && !z6 && flip && !z8 && !z12 && !z9 && !z4 && !z15 && !z3)
Successfully reached the desired user error bounds.
Mutation counter: {'split': 1, 'prune': 0}
Next phase total time: 2.028240203857422
Next phase DistEstimate time: 0.15994000434875488
Next phase Validifier time: 1.8246638774871826
Next phase TreeLearner time: 0.04167914390563965
Final DistEstimate value: 0.0
Final Validifier value: 0.0
Final candidate learnt: (!z10 && !z11 && !z12 && !z13 && !z14 && !z15 && !z3 && !z4 && !z5 && !z6 && !z7 && !z8 && !z9 && flip)
Height of learnt decision tree: 14
Number of terms in the candidate DNF: 1
Total DistEstimate time: 0.4993460178375244
Total Validifier time: 5.818186044692993
Total TreeLearner time: 0.30675506591796875
Total time (seconds): 6.641404867172241
Starting model fitting...
--- Fitting took: 0.0019 seconds ---
Starting custom tree build...
--- Custom tree build took: 0.0021 seconds ---

--- Run at 2025-11-03 22:14:11.050911 ---
Initial phase DNF: (!z5 && !z8 && !z15 && !z7 && !z13 && !z4 && !z11)
Phase: 2
DistEstimate value: 0.0
Validifier value: 0.99
Phase 2 DNF before prediction: (!z5 && !z8 && !z15 && !z7 && !z13 && !z4 && !z11)
Phase 2 DNF after prediction: z15 && !z15
Successfully reached the desired user error bounds.
Mutation counter: {'split': 6, 'prune': 0}
Next phase total time: 2.213613986968994
Next phase DistEstimate time: 0.15962982177734375
Next phase Validifier time: 1.8850340843200684
Next phase TreeLearner time: 0.16672086715698242
Phase: 3
DistEstimate value: 0.0
Validifier value: 0.23
Phase 3 DNF before prediction: (!z5 && !z8 && !z15 && !z7 && !z13 && !z4 && !z11 && !z9 && !z12 && !z6 && !z10 && !z3 && !z14)
Phase 3 DNF after prediction: (!z5 && !z8 && !z15 && !z7 && !z13 && !z4 && !z11 && !z9 && !z12 && !z6 && !z10 && !z3 && !z14)
Successfully reached the desired user error bounds.
Mutation counter: {'split': 1, 'prune': 0}
Next phase total time: 2.047074794769287
Next phase DistEstimate time: 0.15048909187316895
Next phase Validifier time: 1.8562467098236084
Next phase TreeLearner time: 0.03798675537109375
Final DistEstimate value: 0.03833333333333333
Final Validifier value: 0.0
Final candidate learnt: (!z10 && !z11 && !z12 && !z13 && !z14 && !z15 && !z2 && !z3 && !z4 && !z5 && !z6 && !z7 && !z8 && !z9 && flip)
Height of learnt decision tree: 15
Number of terms in the candidate DNF: 1
Total DistEstimate time: 0.46349191665649414
Total Validifier time: 5.692138671875
Total TreeLearner time: 0.2863895893096924
Total time (seconds): 6.458677053451538
Starting model fitting...
--- Fitting took: 0.0018 seconds ---
Starting custom tree build...
--- Custom tree build took: 0.0020 seconds ---

--- Run at 2025-11-03 22:16:07.086022 ---
Initial phase DNF: (!z12 && !z8 && !z7 && !z6 && !z15 && flip && !z13 && !z14)
Phase: 2
DistEstimate value: 0.0
Validifier value: 0.985
Phase 2 DNF before prediction: (!z12 && !z8 && !z7 && !z6 && !z15 && flip && !z13 && !z14)
Phase 2 DNF after prediction: z15 && !z15
Successfully reached the desired user error bounds.
Mutation counter: {'split': 5, 'prune': 0}
Next phase total time: 2.167884588241577
Next phase DistEstimate time: 0.15877509117126465
Next phase Validifier time: 1.859494924545288
Next phase TreeLearner time: 0.14759397506713867
Phase: 3
DistEstimate value: 0.040000000000000036
Validifier value: 0.6166666666666667
Phase 3 DNF before prediction: (!z12 && !z8 && !z7 && !z6 && !z15 && flip && !z13 && !z14 && !z11 && !z5 && !z9 && !z10 && !z3)
Phase 3 DNF after prediction: z15 && !z15
Successfully reached the desired user error bounds.
Mutation counter: {'split': 3, 'prune': 0}
Next phase total time: 2.0901060104370117
Next phase DistEstimate time: 0.15994906425476074
Next phase Validifier time: 1.8274550437927246
Next phase TreeLearner time: 0.10067105293273926
Final DistEstimate value: 0.020000000000000018
Final Validifier value: 0.0
Final candidate learnt: (!z10 && !z11 && !z12 && !z13 && !z14 && !z15 && !z2 && !z3 && !z4 && !z5 && !z6 && !z7 && !z8 && !z9 && flip) || (!z1 && !z10 && !z11 && !z12 && !z13 && !z14 && !z15 && !z3 && !z4 && !z5 && !z6 && !z7 && !z8 && !z9 && flip && z2)
Height of learnt decision tree: 16
Number of terms in the candidate DNF: 2
Total DistEstimate time: 0.47208595275878906
Total Validifier time: 5.61441969871521
Total TreeLearner time: 0.32834315299987793
Total time (seconds): 6.4305078983306885
Starting model fitting...
--- Fitting took: 0.0009 seconds ---
Starting custom tree build...
--- Custom tree build took: 0.0021 seconds ---

--- Run at 2025-11-03 22:16:57.302607 ---
Initial phase DNF: (!z14 && !z8 && !z10 && !z12 && !z5 && !z7 && flip)
Phase: 2
DistEstimate value: 0.0
Validifier value: 0.9916666666666667
Phase 2 DNF before prediction: (!z14 && !z8 && !z10 && !z12 && !z5 && !z7 && flip)
Phase 2 DNF after prediction: z15 && !z15
Successfully reached the desired user error bounds.
Mutation counter: {'split': 8, 'prune': 0}
Next phase total time: 2.2509422302246094
Next phase DistEstimate time: 0.15242910385131836
Next phase Validifier time: 1.8518939018249512
Next phase TreeLearner time: 0.24451208114624023
Phase: 3
DistEstimate value: 0.0
Validifier value: 0.5616666666666666
Phase 3 DNF before prediction: (!z14 && !z8 && !z10 && !z12 && !z5 && !z7 && flip && !z2 && !z11 && !z13 && !z9 && !z15 && !z6 && !z3) || (!z14 && !z8 && !z10 && !z12 && !z5 && !z7 && flip && !z2 && !z11 && !z13 && !z9 && !z15 && !z6 && z3 && !z0)
Phase 3 DNF after prediction: z15 && !z15
Successfully reached the desired user error bounds.
Mutation counter: {'split': 2, 'prune': 0}
Next phase total time: 2.035060167312622
Next phase DistEstimate time: 0.15493297576904297
Next phase Validifier time: 1.805992841720581
Next phase TreeLearner time: 0.07213091850280762
Phase: 4
DistEstimate value: 0.0
Validifier value: 0.16666666666666666
Phase 4 DNF before prediction: (!z14 && !z8 && !z10 && !z12 && !z5 && !z7 && flip && !z2 && !z11 && !z13 && !z9 && !z15 && !z6 && !z3 && !z4) || (!z14 && !z8 && !z10 && !z12 && !z5 && !z7 && flip && !z2 && !z11 && !z13 && !z9 && !z15 && !z6 && z3 && !z0 && !z1)
Phase 4 DNF after prediction: (!z14 && !z8 && !z10 && !z12 && !z5 && !z7 && flip && !z2 && !z11 && !z13 && !z9 && !z15 && !z6 && !z3 && !z4) || (!z14 && !z8 && !z10 && !z12 && !z5 && !z7 && flip && !z2 && !z11 && !z13 && !z9 && !z15 && !z6 && z3 && !z0 && !z1)
Successfully reached the desired user error bounds.
Mutation counter: {'split': 1, 'prune': 0}
Next phase total time: 2.109992265701294
Next phase DistEstimate time: 0.15517902374267578
Next phase Validifier time: 1.9113271236419678
Next phase TreeLearner time: 0.04138326644897461
Final DistEstimate value: 0.0
Final Validifier value: 0.0
Final candidate learnt: (!z10 && !z11 && !z12 && !z13 && !z14 && !z15 && !z2 && !z3 && !z4 && !z5 && !z6 && !z7 && !z8 && !z9 && flip) || (!z0 && !z1 && !z10 && !z11 && !z12 && !z13 && !z14 && !z15 && !z2 && !z5 && !z6 && !z7 && !z8 && !z9 && flip && z3 && z4)
Height of learnt decision tree: 17
Number of terms in the candidate DNF: 2
Total DistEstimate time: 0.6230041980743408
Total Validifier time: 7.496708631515503
Total TreeLearner time: 0.4423084259033203
Total time (seconds): 8.581528663635254
Starting model fitting...
--- Fitting took: 0.0019 seconds ---
Starting custom tree build...
--- Custom tree build took: 0.0019 seconds ---

--- Run at 2025-11-03 22:20:36.691362 ---
Initial phase DNF: (!z15 && !z8 && !z1 && !z6 && !z5 && !z14 && flip && !z12)
Phase: 2
DistEstimate value: 0.0
Validifier value: 0.995
Phase 2 DNF before prediction: (!z15 && !z8 && !z1 && !z6 && !z5 && !z14 && flip && !z12)
Phase 2 DNF after prediction: z15 && !z15
Successfully reached the desired user error bounds.
Mutation counter: {'split': 8, 'prune': 0}
Next phase total time: 2.2381479740142822
Next phase DistEstimate time: 0.16050505638122559
Next phase Validifier time: 1.8577280044555664
Next phase TreeLearner time: 0.21751093864440918
Phase: 3
DistEstimate value: 0.0
Validifier value: 0.51
Phase 3 DNF before prediction: (!z15 && !z8 && !z1 && !z6 && !z5 && !z14 && flip && !z12 && !z13 && !z2 && !z11 && !z7 && !z10 && !z9 && !z3) || (!z15 && !z8 && !z1 && !z6 && !z5 && !z14 && flip && !z12 && !z13 && !z2 && !z11 && !z7 && !z10 && !z9 && z3 && !z0)
Phase 3 DNF after prediction: (!z15 && !z8 && !z1 && !z6 && !z5 && !z14 && flip && !z12 && !z13 && !z2 && !z11 && !z7 && !z10 && !z9 && !z3) || (!z15 && !z8 && !z1 && !z6 && !z5 && !z14 && flip && !z12 && !z13 && !z2 && !z11 && !z7 && !z10 && !z9 && z3 && !z0)
Successfully reached the desired user error bounds.
Mutation counter: {'split': 1, 'prune': 0}
Next phase total time: 2.094658613204956
Next phase DistEstimate time: 0.15746307373046875
Next phase Validifier time: 1.894272804260254
Next phase TreeLearner time: 0.04100179672241211
Phase: 4
DistEstimate value: 0.0
Validifier value: 0.26
Phase 4 DNF before prediction: (!z15 && !z8 && !z1 && !z6 && !z5 && !z14 && flip && !z12 && !z13 && !z2 && !z11 && !z7 && !z10 && !z9 && !z3 && !z4) || (!z15 && !z8 && !z1 && !z6 && !z5 && !z14 && flip && !z12 && !z13 && !z2 && !z11 && !z7 && !z10 && !z9 && z3 && !z0)
Phase 4 DNF after prediction: (!z15 && !z8 && !z1 && !z6 && !z5 && !z14 && flip && !z12 && !z13 && !z2 && !z11 && !z7 && !z10 && !z9 && !z3 && !z4) || (!z15 && !z8 && !z1 && !z6 && !z5 && !z14 && flip && !z12 && !z13 && !z2 && !z11 && !z7 && !z10 && !z9 && z3 && !z0)
Successfully reached the desired user error bounds.
Mutation counter: {'split': 1, 'prune': 0}
Next phase total time: 2.0662102699279785
Next phase DistEstimate time: 0.1537020206451416
Next phase Validifier time: 1.8695988655090332
Next phase TreeLearner time: 0.040972232818603516
Final DistEstimate value: 0.0
Final Validifier value: 0.0
Final candidate learnt: (!z1 && !z10 && !z11 && !z12 && !z13 && !z14 && !z15 && !z2 && !z3 && !z4 && !z5 && !z6 && !z7 && !z8 && !z9 && flip) || (!z0 && !z1 && !z10 && !z11 && !z12 && !z13 && !z14 && !z15 && !z2 && !z5 && !z6 && !z7 && !z8 && !z9 && flip && z3 && z4)
Height of learnt decision tree: 17
Number of terms in the candidate DNF: 2
Total DistEstimate time: 0.6319282054901123
Total Validifier time: 7.6042516231536865
Total TreeLearner time: 0.38643598556518555
Total time (seconds): 8.641365051269531
Starting model fitting...
--- Fitting took: 0.0021 seconds ---
Starting custom tree build...
--- Custom tree build took: 0.0018 seconds ---

--- Run at 2025-11-03 22:26:50.006678 ---
Initial phase DNF: (!z13 && !z0 && !z14 && !z15 && !z9 && !z1 && !z11)
Phase: 2
DistEstimate value: 0.0
Validifier value: 0.9966666666666667
Phase 2 DNF before prediction: (!z13 && !z0 && !z14 && !z15 && !z9 && !z1 && !z11)
Phase 2 DNF after prediction: z15 && !z15
Successfully reached the desired user error bounds.
Mutation counter: {'split': 11, 'prune': 0}
Next phase total time: 3.6908769607543945
Next phase DistEstimate time: 0.24625587463378906
Next phase Validifier time: 2.914588212966919
Next phase TreeLearner time: 0.5264608860015869
Phase: 3
DistEstimate value: 0.0
Validifier value: 0.6433333333333333
Phase 3 DNF before prediction: (!z13 && !z0 && !z14 && !z15 && !z9 && !z1 && !z11 && !z10 && !z3 && !z12 && !z7 && !z5 && !z6 && !z2 && !z8) || (!z13 && !z0 && !z14 && !z15 && !z9 && !z1 && !z11 && !z10 && !z3 && !z12 && z7 && z6 && z2 && z5)
Phase 3 DNF after prediction: (!z13 && !z0 && !z14 && !z15 && !z9 && !z1 && !z11 && !z10 && !z3 && !z12 && !z7 && !z5 && !z6 && !z2 && !z8)
Successfully reached the desired user error bounds.
Mutation counter: {'split': 3, 'prune': 0}
Next phase total time: 3.3010709285736084
Next phase DistEstimate time: 0.2509162425994873
Next phase Validifier time: 2.8673439025878906
Next phase TreeLearner time: 0.17981481552124023
Final DistEstimate value: 0.0
Final Validifier value: 0.0
Final candidate learnt: (!z0 && !z1 && !z10 && !z11 && !z12 && !z13 && !z14 && !z15 && !z2 && !z3 && !z4 && !z5 && !z6 && !z7 && !z8 && !z9 && flip) || (!z0 && !z1 && !z10 && !z11 && !z12 && !z13 && !z14 && !z15 && !z3 && !z9 && flip && z2 && z4 && z5 && z6 && z7 && z8)
Height of learnt decision tree: 17
Number of terms in the candidate DNF: 2
Total DistEstimate time: 0.745582103729248
Total Validifier time: 8.728184223175049
Total TreeLearner time: 0.8420958518981934
Total time (seconds): 10.341001987457275
Starting model fitting...
--- Fitting took: 0.0031 seconds ---
Starting custom tree build...
--- Custom tree build took: 0.0037 seconds ---

--- Run at 2025-11-04 14:37:44.583646 ---
Initial phase DNF: (!z10 && !z9 && !z11 && !z14 && !z13 && !z12 && !z15 && !z2 && !z1) || (!z10 && !z9 && !z11 && !z14 && !z13 && !z12 && !z15 && !z2 && z1 && z5) || (!z10 && !z9 && !z11 && !z14 && !z13 && !z12 && !z15 && z2 && z6)
Phase: 2
DistEstimate value: 0.0
Validifier value: 0.9583333333333334
Phase 2 DNF before prediction: (!z10 && !z9 && !z11 && !z14 && !z13 && !z12 && !z15 && !z2 && !z1) || (!z10 && !z9 && !z11 && !z14 && !z13 && !z12 && !z15 && !z2 && z1 && z5) || (!z10 && !z9 && !z11 && !z14 && !z13 && !z12 && !z15 && z2 && z6)
Phase 2 DNF after prediction: z15 && !z15
Successfully reached the desired user error bounds.
Mutation counter: {'split': 20, 'prune': 0}
Next phase total time: 4.479528903961182
Next phase DistEstimate time: 0.30875110626220703
Next phase Validifier time: 2.9505300521850586
Next phase TreeLearner time: 1.216230869293213
Phase: 3
DistEstimate value: 0.0
Validifier value: 0.14166666666666666
Phase 3 DNF before prediction: (!z10 && !z9 && !z11 && !z14 && !z13 && !z12 && !z15 && !z2 && !z1 && !z7 && !z5 && !z6 && !z4 && !z8 && !z3) || (!z10 && !z9 && !z11 && !z14 && !z13 && !z12 && !z15 && !z2 && !z1 && z7 && z6 && z5 && z8 && z4) || (!z10 && !z9 && !z11 && !z14 && !z13 && !z12 && !z15 && !z2 && z1 && z5 && z8 && !z0 && z7 && z3 && z6 && z4) || (!z10 && !z9 && !z11 && !z14 && !z13 && !z12 && !z15 && z2 && z6 && z7 && z4 && z8 && z5)
Phase 3 DNF after prediction: (!z10 && !z9 && !z11 && !z14 && !z13 && !z12 && !z15 && !z2 && !z1 && !z7 && !z5 && !z6 && !z4 && !z8 && !z3) || (!z10 && !z9 && !z11 && !z14 && !z13 && !z12 && !z15 && !z2 && !z1 && z7 && z6 && z5 && z8 && z4) || (!z10 && !z9 && !z11 && !z14 && !z13 && !z12 && !z15 && !z2 && z1 && z5 && z8 && !z0 && z7 && z3 && z6 && z4) || (!z10 && !z9 && !z11 && !z14 && !z13 && !z12 && !z15 && z2 && z6 && z7 && z4 && z8 && z5)
Successfully reached the desired user error bounds.
Mutation counter: {'split': 1, 'prune': 0}
Next phase total time: 3.315793037414551
Next phase DistEstimate time: 0.24359989166259766
Next phase Validifier time: 2.9717650413513184
Next phase TreeLearner time: 0.09723210334777832
Final DistEstimate value: 0.0016666666666667052
Final Validifier value: 0.0
Final candidate learnt: (!z1 && !z10 && !z11 && !z12 && !z13 && !z14 && !z15 && !z2 && !z3 && !z4 && !z5 && !z6 && !z7 && !z8 && !z9 && flip) || (!z1 && !z10 && !z11 && !z12 && !z13 && !z14 && !z15 && !z2 && !z9 && flip && z3 && z4 && z5 && z6 && z7 && z8) || (!z0 && !z10 && !z11 && !z12 && !z13 && !z14 && !z15 && !z2 && !z9 && flip && z1 && z3 && z4 && z5 && z6 && z7 && z8) || (!z10 && !z11 && !z12 && !z13 && !z14 && !z15 && !z9 && flip && z2 && z4 && z5 && z6 && z7 && z8)
Height of learnt decision tree: 17
Number of terms in the candidate DNF: 4
Total DistEstimate time: 0.8060188293457031
Total Validifier time: 8.90549921989441
Total TreeLearner time: 1.4610190391540527
Total time (seconds): 11.198730945587158
Starting model fitting...
--- Fitting took: 0.0033 seconds ---
Starting custom tree build...
--- Custom tree build took: 0.0042 seconds ---

--- Run at 2025-11-04 14:42:05.552416 ---
Initial phase DNF: (!z5 && !z15 && !z9 && !z7 && !z14 && !z6 && !z10 && flip)
Phase: 2
DistEstimate value: 0.0
Validifier value: 0.9783333333333334
Phase 2 DNF before prediction: (!z5 && !z15 && !z9 && !z7 && !z14 && !z6 && !z10 && flip)
Phase 2 DNF after prediction: z15 && !z15
Successfully reached the desired user error bounds.
Mutation counter: {'split': 5, 'prune': 0}
Next phase total time: 3.437710762023926
Next phase DistEstimate time: 0.24956178665161133
Next phase Validifier time: 2.9294118881225586
Next phase TreeLearner time: 0.25554776191711426
Phase: 3
DistEstimate value: 0.0033333333333332993
Validifier value: 0.37333333333333335
Phase 3 DNF before prediction: (!z5 && !z15 && !z9 && !z7 && !z14 && !z6 && !z10 && flip && !z8 && !z13 && !z11 && !z12 && !z3)
Phase 3 DNF after prediction: (!z5 && !z15 && !z9 && !z7 && !z14 && !z6 && !z10 && flip && !z8 && !z13 && !z11 && !z12 && !z3)
Successfully reached the desired user error bounds.
Mutation counter: {'split': 6, 'prune': 0}
Next phase total time: 3.461118221282959
Next phase DistEstimate time: 0.24768400192260742
Next phase Validifier time: 2.8788068294525146
Next phase TreeLearner time: 0.3314840793609619
Final DistEstimate value: 0.0033333333333332993
Final Validifier value: 0.0
Final candidate learnt: (!z1 && !z10 && !z11 && !z12 && !z13 && !z14 && !z15 && !z2 && !z3 && !z4 && !z5 && !z6 && !z7 && !z8 && !z9 && flip) || (!z0 && !z1 && !z10 && !z11 && !z12 && !z13 && !z14 && !z15 && !z3 && !z5 && !z6 && !z7 && !z8 && !z9 && flip && z2 && z4) || (!z0 && !z10 && !z11 && !z12 && !z13 && !z14 && !z15 && !z3 && !z5 && !z6 && !z7 && !z8 && !z9 && flip && z1 && z4) || (!z10 && !z11 && !z12 && !z13 && !z14 && !z15 && !z3 && !z5 && !z6 && !z7 && !z8 && !z9 && flip && z0 && z4)
Height of learnt decision tree: 17
Number of terms in the candidate DNF: 4
Total DistEstimate time: 0.7419545650482178
Total Validifier time: 8.786890506744385
Total TreeLearner time: 0.7157440185546875
Total time (seconds): 10.269665002822876
Starting model fitting...
--- Fitting took: 0.0032 seconds ---
Starting custom tree build...
--- Custom tree build took: 0.0039 seconds ---

--- Run at 2025-11-04 14:43:17.138724 ---
Initial phase DNF: (!z3 && !z10 && !z8 && !z5 && flip && !z15 && !z13 && !z6)
Phase: 2
DistEstimate value: 0.0
Validifier value: 0.9783333333333334
Phase 2 DNF before prediction: (!z3 && !z10 && !z8 && !z5 && flip && !z15 && !z13 && !z6)
Phase 2 DNF after prediction: z15 && !z15
Successfully reached the desired user error bounds.
Mutation counter: {'split': 5, 'prune': 0}
Next phase total time: 3.4191508293151855
Next phase DistEstimate time: 0.24241900444030762
Next phase Validifier time: 2.94586181640625
Next phase TreeLearner time: 0.22780179977416992
Phase: 3
DistEstimate value: 0.0
Validifier value: 0.20333333333333334
Phase 3 DNF before prediction: (!z3 && !z10 && !z8 && !z5 && flip && !z15 && !z13 && !z6 && !z14 && !z11 && !z12 && !z7 && !z9)
Phase 3 DNF after prediction: (!z3 && !z10 && !z8 && !z5 && flip && !z15 && !z13 && !z6 && !z14 && !z11 && !z12 && !z7 && !z9)
Successfully reached the desired user error bounds.
Mutation counter: {'split': 2, 'prune': 0}
Next phase total time: 3.3868932723999023
Next phase DistEstimate time: 0.24832892417907715
Next phase Validifier time: 3.0315723419189453
Next phase TreeLearner time: 0.10380220413208008
Phase: 4
DistEstimate value: 0.0016666666666667052
Validifier value: 0.09666666666666666
Phase 4 DNF before prediction: (!z3 && !z10 && !z8 && !z5 && flip && !z15 && !z13 && !z6 && !z14 && !z11 && !z12 && !z7 && !z9 && !z2) || (!z3 && !z10 && !z8 && !z5 && flip && !z15 && !z13 && !z6 && !z14 && !z11 && !z12 && !z7 && !z9 && z2 && !z1)
Phase 4 DNF after prediction: (!z3 && !z10 && !z8 && !z5 && flip && !z15 && !z13 && !z6 && !z14 && !z11 && !z12 && !z7 && !z9 && !z2) || (!z3 && !z10 && !z8 && !z5 && flip && !z15 && !z13 && !z6 && !z14 && !z11 && !z12 && !z7 && !z9 && z2 && !z1)
Successfully reached the desired user error bounds.
Mutation counter: {'split': 1, 'prune': 0}
Next phase total time: 3.269331932067871
Next phase DistEstimate time: 0.2426760196685791
Next phase Validifier time: 2.946012258529663
Next phase TreeLearner time: 0.07765507698059082
Phase: 5
DistEstimate value: 0.0
Validifier value: 0.06833333333333333
Phase 5 DNF before prediction: (!z3 && !z10 && !z8 && !z5 && flip && !z15 && !z13 && !z6 && !z14 && !z11 && !z12 && !z7 && !z9 && !z2) || (!z3 && !z10 && !z8 && !z5 && flip && !z15 && !z13 && !z6 && !z14 && !z11 && !z12 && !z7 && !z9 && z2 && !z1) || (!z3 && !z10 && !z8 && !z5 && flip && !z15 && !z13 && !z6 && !z14 && !z11 && !z12 && !z7 && !z9 && z2 && z1 && z4)
Phase 5 DNF after prediction: (!z3 && !z10 && !z8 && !z5 && flip && !z15 && !z13 && !z6 && !z14 && !z11 && !z12 && !z7 && !z9 && !z2) || (!z3 && !z10 && !z8 && !z5 && flip && !z15 && !z13 && !z6 && !z14 && !z11 && !z12 && !z7 && !z9 && z2 && !z1) || (!z3 && !z10 && !z8 && !z5 && flip && !z15 && !z13 && !z6 && !z14 && !z11 && !z12 && !z7 && !z9 && z2 && z1 && z4)
Successfully reached the desired user error bounds.
Mutation counter: {'split': 1, 'prune': 0}
Next phase total time: 3.247488021850586
Next phase DistEstimate time: 0.2456650733947754
Next phase Validifier time: 2.934015989303589
Next phase TreeLearner time: 0.06478190422058105
Phase: 6
DistEstimate value: 0.0
Validifier value: 0.07833333333333334
Phase 6 DNF before prediction: (!z3 && !z10 && !z8 && !z5 && flip && !z15 && !z13 && !z6 && !z14 && !z11 && !z12 && !z7 && !z9 && !z2 && !z4) || (!z3 && !z10 && !z8 && !z5 && flip && !z15 && !z13 && !z6 && !z14 && !z11 && !z12 && !z7 && !z9 && !z2 && z4) || (!z3 && !z10 && !z8 && !z5 && flip && !z15 && !z13 && !z6 && !z14 && !z11 && !z12 && !z7 && !z9 && z2 && !z1) || (!z3 && !z10 && !z8 && !z5 && flip && !z15 && !z13 && !z6 && !z14 && !z11 && !z12 && !z7 && !z9 && z2 && z1 && z4)
Phase 6 DNF after prediction: (!z3 && !z10 && !z8 && !z5 && flip && !z15 && !z13 && !z6 && !z14 && !z11 && !z12 && !z7 && !z9 && !z2 && !z4) || (!z3 && !z10 && !z8 && !z5 && flip && !z15 && !z13 && !z6 && !z14 && !z11 && !z12 && !z7 && !z9 && !z2 && z4) || (!z3 && !z10 && !z8 && !z5 && flip && !z15 && !z13 && !z6 && !z14 && !z11 && !z12 && !z7 && !z9 && z2 && !z1) || (!z3 && !z10 && !z8 && !z5 && flip && !z15 && !z13 && !z6 && !z14 && !z11 && !z12 && !z7 && !z9 && z2 && z1 && z4)
Successfully reached the desired user error bounds.
Mutation counter: {'split': 1, 'prune': 0}
Next phase total time: 3.224048137664795
Next phase DistEstimate time: 0.2501959800720215
Next phase Validifier time: 2.905163049697876
Next phase TreeLearner time: 0.06570219993591309
Phase: 7
DistEstimate value: 0.0
Validifier value: 0.09333333333333334
Phase 7 DNF before prediction: (!z3 && !z10 && !z8 && !z5 && flip && !z15 && !z13 && !z6 && !z14 && !z11 && !z12 && !z7 && !z9 && !z2 && !z4) || (!z3 && !z10 && !z8 && !z5 && flip && !z15 && !z13 && !z6 && !z14 && !z11 && !z12 && !z7 && !z9 && !z2 && z4 && !z0) || (!z3 && !z10 && !z8 && !z5 && flip && !z15 && !z13 && !z6 && !z14 && !z11 && !z12 && !z7 && !z9 && !z2 && z4 && z0) || (!z3 && !z10 && !z8 && !z5 && flip && !z15 && !z13 && !z6 && !z14 && !z11 && !z12 && !z7 && !z9 && z2 && !z1) || (!z3 && !z10 && !z8 && !z5 && flip && !z15 && !z13 && !z6 && !z14 && !z11 && !z12 && !z7 && !z9 && z2 && z1 && z4)
Phase 7 DNF after prediction: (!z3 && !z10 && !z8 && !z5 && flip && !z15 && !z13 && !z6 && !z14 && !z11 && !z12 && !z7 && !z9 && !z2 && !z4) || (!z3 && !z10 && !z8 && !z5 && flip && !z15 && !z13 && !z6 && !z14 && !z11 && !z12 && !z7 && !z9 && !z2 && z4 && !z0) || (!z3 && !z10 && !z8 && !z5 && flip && !z15 && !z13 && !z6 && !z14 && !z11 && !z12 && !z7 && !z9 && !z2 && z4 && z0) || (!z3 && !z10 && !z8 && !z5 && flip && !z15 && !z13 && !z6 && !z14 && !z11 && !z12 && !z7 && !z9 && z2 && !z1) || (!z3 && !z10 && !z8 && !z5 && flip && !z15 && !z13 && !z6 && !z14 && !z11 && !z12 && !z7 && !z9 && z2 && z1 && z4)
Successfully reached the desired user error bounds.
Mutation counter: {'split': 1, 'prune': 0}
Next phase total time: 3.2265899181365967
Next phase DistEstimate time: 0.24671292304992676
Next phase Validifier time: 2.9107649326324463
Next phase TreeLearner time: 0.06607890129089355
Final DistEstimate value: 0.0
Final Validifier value: 0.0
Final candidate learnt: (!z10 && !z11 && !z12 && !z13 && !z14 && !z15 && !z2 && !z3 && !z4 && !z5 && !z6 && !z7 && !z8 && !z9 && flip) || (!z0 && !z10 && !z11 && !z12 && !z13 && !z14 && !z15 && !z2 && !z3 && !z5 && !z6 && !z7 && !z8 && !z9 && flip && z1 && z4) || (!z10 && !z11 && !z12 && !z13 && !z14 && !z15 && !z2 && !z3 && !z5 && !z6 && !z7 && !z8 && !z9 && flip && z0 && z4) || (!z1 && !z10 && !z11 && !z12 && !z13 && !z14 && !z15 && !z3 && !z5 && !z6 && !z7 && !z8 && !z9 && flip && z2) || (!z10 && !z11 && !z12 && !z13 && !z14 && !z15 && !z3 && !z5 && !z6 && !z7 && !z8 && !z9 && flip && z1 && z2 && z4)
Height of learnt decision tree: 17
Number of terms in the candidate DNF: 5
Total DistEstimate time: 1.7235157489776611
Total Validifier time: 20.745715379714966
Total TreeLearner time: 0.741750955581665
Total time (seconds): 23.249676942825317
Starting model fitting...
--- Fitting took: 0.0041 seconds ---
Starting custom tree build...
--- Custom tree build took: 0.0036 seconds ---

--- Run at 2025-11-04 15:43:53.205274 ---
Initial phase DNF: (!z11 && !z7 && !z15 && !z12 && !z4 && !z14 && !z8 && !z5) || (!z11 && !z7 && !z15 && !z12 && z4 && z0 && !z14)
Phase: 2
DistEstimate value: 0.0
Validifier value: 0.9833333333333333
Phase 2 DNF before prediction: (!z11 && !z7 && !z15 && !z12 && !z4 && !z14 && !z8 && !z5) || (!z11 && !z7 && !z15 && !z12 && z4 && z0 && !z14)
Phase 2 DNF after prediction: z15 && !z15
Successfully reached the desired user error bounds.
Mutation counter: {'split': 6, 'prune': 0}
Next phase total time: 3.7842109203338623
Next phase DistEstimate time: 0.26403284072875977
Next phase Validifier time: 3.1970341205596924
Next phase TreeLearner time: 0.3192319869995117
Phase: 3
DistEstimate value: 0.0
Validifier value: 0.29833333333333334
Phase 3 DNF before prediction: (!z11 && !z7 && !z15 && !z12 && !z4 && !z14 && !z8 && !z5 && !z9 && !z13 && !z6 && !z10)
Phase 3 DNF after prediction: (!z11 && !z7 && !z15 && !z12 && !z4 && !z14 && !z8 && !z5 && !z9 && !z13 && !z6 && !z10)
Successfully reached the desired user error bounds.
Mutation counter: {'split': 1, 'prune': 0}
Next phase total time: 3.4497878551483154
Next phase DistEstimate time: 0.35611391067504883
Next phase Validifier time: 3.0174078941345215
Next phase TreeLearner time: 0.07226085662841797
Final DistEstimate value: 0.0016666666666667052
Final Validifier value: 0.0
Final candidate learnt: (!z10 && !z11 && !z12 && !z13 && !z14 && !z15 && !z3 && !z4 && !z5 && !z6 && !z7 && !z8 && !z9 && flip)
Height of learnt decision tree: 14
Number of terms in the candidate DNF: 1
Total DistEstimate time: 0.8740017414093018
Total Validifier time: 9.37272596359253
Total TreeLearner time: 0.5337967872619629
Total time (seconds): 10.807610273361206
Starting model fitting...
--- Fitting took: 0.0026 seconds ---
Starting custom tree build...
--- Custom tree build took: 0.0038 seconds ---

--- Run at 2025-11-04 15:50:09.679474 ---
Initial phase DNF: (!z3 && !z12 && !z5 && !z11 && !z8 && !z10 && !z9 && !z6)
Phase: 2
DistEstimate value: 0.0
Validifier value: 0.94
Phase 2 DNF before prediction: (!z3 && !z12 && !z5 && !z11 && !z8 && !z10 && !z9 && !z6)
Phase 2 DNF after prediction: z15 && !z15
Successfully reached the desired user error bounds.
Mutation counter: {'split': 4, 'prune': 0}
Next phase total time: 4.080265998840332
Next phase DistEstimate time: 0.25760817527770996
Next phase Validifier time: 3.6369130611419678
Next phase TreeLearner time: 0.18193888664245605
Phase: 3
DistEstimate value: 0.0
Validifier value: 0.056666666666666664
Phase 3 DNF before prediction: (!z3 && !z12 && !z5 && !z11 && !z8 && !z10 && !z9 && !z6 && !z7 && !z13 && !z15 && !z14)
Phase 3 DNF after prediction: (!z3 && !z12 && !z5 && !z11 && !z8 && !z10 && !z9 && !z6 && !z7 && !z13 && !z15 && !z14)
Successfully reached the desired user error bounds.
Mutation counter: {'split': 3, 'prune': 0}
Next phase total time: 3.4000487327575684
Next phase DistEstimate time: 0.2407841682434082
Next phase Validifier time: 3.012763738632202
Next phase TreeLearner time: 0.14353466033935547
Final DistEstimate value: 0.0
Final Validifier value: 0.0
Final candidate learnt: (!z10 && !z11 && !z12 && !z13 && !z14 && !z15 && !z3 && !z4 && !z5 && !z6 && !z7 && !z8 && !z9 && flip) || (!z1 && !z10 && !z11 && !z12 && !z13 && !z14 && !z15 && !z3 && !z5 && !z6 && !z7 && !z8 && !z9 && flip && z0 && z4) || (!z10 && !z11 && !z12 && !z13 && !z14 && !z15 && !z3 && !z5 && !z6 && !z7 && !z8 && !z9 && flip && z1 && z4)
Height of learnt decision tree: 16
Number of terms in the candidate DNF: 3
Total DistEstimate time: 0.7478063106536865
Total Validifier time: 9.702011823654175
Total TreeLearner time: 0.4540367126464844
Total time (seconds): 10.929553985595703
Starting model fitting...
--- Fitting took: 0.0024 seconds ---
Starting custom tree build...
--- Custom tree build took: 0.0036 seconds ---

--- Run at 2025-11-04 15:50:57.426820 ---
Initial phase DNF: (!z10 && !z6 && !z9 && !z8 && !z3 && !z4 && !z5) || (!z10 && !z6 && !z9 && !z8 && z3 && !z5 && !z12)
Phase: 2
DistEstimate value: 0.0033333333333332993
Validifier value: 0.9833333333333333
Phase 2 DNF before prediction: (!z10 && !z6 && !z9 && !z8 && !z3 && !z4 && !z5) || (!z10 && !z6 && !z9 && !z8 && z3 && !z5 && !z12)
Phase 2 DNF after prediction: z15 && !z15
Successfully reached the desired user error bounds.
Mutation counter: {'split': 4, 'prune': 0}
Next phase total time: 3.5238661766052246
Next phase DistEstimate time: 0.2516438961029053
Next phase Validifier time: 3.042534828186035
Next phase TreeLearner time: 0.22661304473876953
Phase: 3
DistEstimate value: 0.00666666666666671
Validifier value: 0.72
Phase 3 DNF before prediction: (!z10 && !z6 && !z9 && !z8 && !z3 && !z4 && !z5 && !z11 && !z15 && !z13 && !z14)
Phase 3 DNF after prediction: z15 && !z15
Successfully reached the desired user error bounds.
Mutation counter: {'split': 2, 'prune': 0}
Next phase total time: 3.3638131618499756
Next phase DistEstimate time: 0.24366378784179688
Next phase Validifier time: 2.989292860031128
Next phase TreeLearner time: 0.12790918350219727
Final DistEstimate value: 0.0050000000000000044
Final Validifier value: 0.0
Final candidate learnt: (!z10 && !z11 && !z12 && !z13 && !z14 && !z15 && !z3 && !z4 && !z5 && !z6 && !z7 && !z8 && !z9 && flip)
Height of learnt decision tree: 14
Number of terms in the candidate DNF: 1
Total DistEstimate time: 0.781538724899292
Total Validifier time: 9.349895477294922
Total TreeLearner time: 0.4938821792602539
Total time (seconds): 10.65140414237976
Starting model fitting...
--- Fitting took: 0.0030 seconds ---
Starting custom tree build...
--- Custom tree build took: 0.0037 seconds ---

--- Run at 2025-11-04 16:26:18.952588 ---
Initial phase DNF: (!z9 && !z15 && !z11 && !z14 && !z4 && !z7 && !z12) || (!z9 && !z15 && !z11 && !z14 && z4 && flip && !z12)
Phase: 2
DistEstimate value: 0.0
Validifier value: 0.975
Phase 2 DNF before prediction: (!z9 && !z15 && !z11 && !z14 && !z4 && !z7 && !z12) || (!z9 && !z15 && !z11 && !z14 && z4 && flip && !z12)
Phase 2 DNF after prediction: z15 && !z15
Successfully reached the desired user error bounds.
Mutation counter: {'split': 4, 'prune': 0}
Next phase total time: 3.519441843032837
Next phase DistEstimate time: 0.25615477561950684
Next phase Validifier time: 3.0349771976470947
Next phase TreeLearner time: 0.22499871253967285
Phase: 3
DistEstimate value: 0.0033333333333332993
Validifier value: 0.725
Phase 3 DNF before prediction: (!z9 && !z15 && !z11 && !z14 && !z4 && !z7 && !z12 && !z5 && !z10 && !z6 && !z3)
Phase 3 DNF after prediction: z15 && !z15
Successfully reached the desired user error bounds.
Mutation counter: {'split': 2, 'prune': 0}
Next phase total time: 3.3882219791412354
Next phase DistEstimate time: 0.2498319149017334
Next phase Validifier time: 2.9993739128112793
Next phase TreeLearner time: 0.1358489990234375
Final DistEstimate value: 0.008333333333333304
Final Validifier value: 0.0
Final candidate learnt: (!z10 && !z11 && !z12 && !z13 && !z14 && !z15 && !z3 && !z4 && !z5 && !z6 && !z7 && !z8 && !z9 && flip)
Height of learnt decision tree: 14
Number of terms in the candidate DNF: 1
Total DistEstimate time: 0.7897427082061768
Total Validifier time: 9.227312088012695
Total TreeLearner time: 0.5175528526306152
Total time (seconds): 10.563849925994873
Starting model fitting...
--- Fitting took: 0.0028 seconds ---
Starting custom tree build...
--- Custom tree build took: 0.0036 seconds ---

--- Run at 2025-11-05 21:59:09.048691 ---
Initial phase DNF: (!z13 && !z6 && !z5 && !z11 && !z7 && !z15 && flip && !z8)
Phase: 2
DistEstimate value: 0.0
Validifier value: 0.94
Phase 2 DNF before prediction: (!z13 && !z6 && !z5 && !z11 && !z7 && !z15 && flip && !z8)
Phase 2 DNF after prediction: z15 && !z15
Successfully reached the desired user error bounds.
Mutation counter: {'split': 4, 'prune': 0}
Next phase total time: 3.3835670948028564
Next phase DistEstimate time: 0.24768424034118652
Next phase Validifier time: 2.932102918624878
Next phase TreeLearner time: 0.2008810043334961
Phase: 3
DistEstimate value: 0.0
Validifier value: 0.25333333333333335
Phase 3 DNF before prediction: (!z13 && !z6 && !z5 && !z11 && !z7 && !z15 && flip && !z8 && !z9 && !z14 && !z12 && !z10)
Phase 3 DNF after prediction: (!z13 && !z6 && !z5 && !z11 && !z7 && !z15 && flip && !z8 && !z9 && !z14 && !z12 && !z10)
Successfully reached the desired user error bounds.
Mutation counter: {'split': 1, 'prune': 0}
Next phase total time: 3.2000718116760254
Next phase DistEstimate time: 0.242340087890625
Next phase Validifier time: 2.8949902057647705
Next phase TreeLearner time: 0.05991387367248535
Phase: 4
DistEstimate value: 0.0016666666666667052
Validifier value: 0.06666666666666667
Phase 4 DNF before prediction: (!z13 && !z6 && !z5 && !z11 && !z7 && !z15 && flip && !z8 && !z9 && !z14 && !z12 && !z10 && !z3)
Phase 4 DNF after prediction: (!z13 && !z6 && !z5 && !z11 && !z7 && !z15 && flip && !z8 && !z9 && !z14 && !z12 && !z10 && !z3)
Successfully reached the desired user error bounds.
Mutation counter: {'split': 1, 'prune': 0}
Next phase total time: 3.212813138961792
Next phase DistEstimate time: 0.25023889541625977
Next phase Validifier time: 2.893065929412842
Next phase TreeLearner time: 0.06669998168945312
Phase: 5
DistEstimate value: 0.0
Validifier value: 0.12166666666666667
Phase 5 DNF before prediction: (!z13 && !z6 && !z5 && !z11 && !z7 && !z15 && flip && !z8 && !z9 && !z14 && !z12 && !z10 && !z3) || (!z13 && !z6 && !z5 && !z11 && !z7 && !z15 && flip && !z8 && !z9 && !z14 && !z12 && !z10 && z3 && !z1)
Phase 5 DNF after prediction: (!z13 && !z6 && !z5 && !z11 && !z7 && !z15 && flip && !z8 && !z9 && !z14 && !z12 && !z10 && !z3) || (!z13 && !z6 && !z5 && !z11 && !z7 && !z15 && flip && !z8 && !z9 && !z14 && !z12 && !z10 && z3 && !z1)
Successfully reached the desired user error bounds.
Mutation counter: {'split': 1, 'prune': 0}
Next phase total time: 3.268357992172241
Next phase DistEstimate time: 0.24745988845825195
Next phase Validifier time: 2.9500820636749268
Next phase TreeLearner time: 0.06773090362548828
Final DistEstimate value: 0.0
Final Validifier value: 0.03833333333333333
Final candidate learnt: (!z10 && !z11 && !z12 && !z13 && !z14 && !z15 && !z3 && !z5 && !z6 && !z7 && !z8 && !z9 && flip) || (!z1 && !z10 && !z11 && !z12 && !z13 && !z14 && !z15 && !z2 && !z5 && !z6 && !z7 && !z8 && !z9 && flip && z3)
Height of learnt decision tree: 15
Number of terms in the candidate DNF: 2
Total DistEstimate time: 1.2845091819763184
Total Validifier time: 14.751781940460205
Total TreeLearner time: 0.527775764465332
Total time (seconds): 16.595117807388306
Starting model fitting...
--- Fitting took: 0.0033 seconds ---
Starting custom tree build...
--- Custom tree build took: 0.0035 seconds ---

--- Run at 2025-11-06 12:29:03.277284 ---
Initial phase DNF: (!z8 && !z13 && !z14 && !z3 && !z9 && !z4 && !z10) || (!z8 && !z13 && !z14 && !z3 && !z9 && z4 && z0 && !z15) || (!z8 && !z13 && !z14 && z3 && !z11 && !z15 && flip)
Phase: 2
DistEstimate value: 0.0
Validifier value: 0.9766666666666667
Phase 2 DNF before prediction: (!z8 && !z13 && !z14 && !z3 && !z9 && !z4 && !z10) || (!z8 && !z13 && !z14 && !z3 && !z9 && z4 && z0 && !z15) || (!z8 && !z13 && !z14 && z3 && !z11 && !z15 && flip)
Phase 2 DNF after prediction: z15 && !z15
Successfully reached the desired user error bounds.
Mutation counter: {'split': 4, 'prune': 0}
Next phase total time: 2.22576904296875
Next phase DistEstimate time: 0.16285109519958496
Next phase Validifier time: 1.891542911529541
Next phase TreeLearner time: 0.16924500465393066
Phase: 3
DistEstimate value: 0.00666666666666671
Validifier value: 0.5566666666666666
Phase 3 DNF before prediction: (!z8 && !z13 && !z14 && !z3 && !z9 && !z4 && !z10 && !z15 && !z11 && !z7 && !z6)
Phase 3 DNF after prediction: z15 && !z15
Successfully reached the desired user error bounds.
Mutation counter: {'split': 1, 'prune': 0}
Next phase total time: 2.1063950061798096
Next phase DistEstimate time: 0.1571362018585205
Next phase Validifier time: 1.8823070526123047
Next phase TreeLearner time: 0.06477904319763184
Phase: 4
DistEstimate value: 0.0033333333333332993
Validifier value: 0.058333333333333334
Phase 4 DNF before prediction: (!z8 && !z13 && !z14 && !z3 && !z9 && !z4 && !z10 && !z15 && !z11 && !z7 && !z6 && !z12)
Phase 4 DNF after prediction: (!z8 && !z13 && !z14 && !z3 && !z9 && !z4 && !z10 && !z15 && !z11 && !z7 && !z6 && !z12)
Successfully reached the desired user error bounds.
Mutation counter: {'split': 1, 'prune': 0}
Next phase total time: 2.142523765563965
Next phase DistEstimate time: 0.15685081481933594
Next phase Validifier time: 1.923471212387085
Next phase TreeLearner time: 0.05984687805175781
Final DistEstimate value: 0.00666666666666671
Final Validifier value: 0.0
Final candidate learnt: (!z10 && !z11 && !z12 && !z13 && !z14 && !z15 && !z3 && !z4 && !z5 && !z6 && !z7 && !z8 && !z9 && flip)
Height of learnt decision tree: 14
Number of terms in the candidate DNF: 1
Total DistEstimate time: 0.6368739604949951
Total Validifier time: 7.662753343582153
Total TreeLearner time: 0.3813488483428955
Total time (seconds): 8.700268030166626
Starting model fitting...
--- Fitting took: 0.0010 seconds ---
Starting custom tree build...
--- Custom tree build took: 0.0025 seconds ---

--- Run at 2025-11-23 09:34:35.159876 ---
