Initial phase DNF: (!n12 && !x9 && !x13 && !y9 && !n4 && !x7)
Phase: 2
DistEstimate value: 0.0
Validifier value: 1.0
Phase 2 DNF before prediction: (!n12 && !x9 && !x13 && !y9 && !n4 && !x7)
Phase 2 DNF after prediction: y15 && !y15
Before Muattion{'dist_error': np.float64(1.0), 'valid_error': np.float64(0.0)}
moves=[(1, 1111111, 'split')]
After Mutation{'dist_error': np.float64(1.0), 'valid_error': np.float64(0.0)}
moves=[(1, 11111111, 'split')]
After Mutation{'dist_error': np.float64(1.0), 'valid_error': np.float64(0.0)}
moves=[(1, 111111111, 'split')]
After Mutation{'dist_error': np.float64(1.0), 'valid_error': np.float64(0.0)}
moves=[(1, 1111111111, 'split')]
After Mutation{'dist_error': np.float64(1.0), 'valid_error': np.float64(0.0)}
moves=[(np.float64(1.0), 11111111111, 'split')]
After Mutation{'dist_error': np.float64(0.0), 'valid_error': np.float64(0.02)}
Successfully reached the desired user error bounds.
Mutation counter: {'split': 5, 'prune': 0}
Next phase total time: 10.851768493652344
Next phase DistEstimate time: 0.9357798099517822
Next phase Validifier time: 9.574400186538696
Next phase TreeLearner time: 0.33961987495422363
Phase: 3
DistEstimate value: 0.0
Validifier value: 1.0
Phase 3 DNF before prediction: (!n12 && !x9 && !x13 && !y9 && !n4 && !x7 && !y13 && !x14 && !x11 && !y6 && !x15)
Phase 3 DNF after prediction: y15 && !y15
Before Muattion{'dist_error': np.float64(1.0), 'valid_error': np.float64(0.0)}
moves=[(1, 111111111111, 'split')]
After Mutation{'dist_error': np.float64(1.0), 'valid_error': np.float64(0.0)}
moves=[(1, 1111111111111, 'split')]
After Mutation{'dist_error': np.float64(1.0), 'valid_error': np.float64(0.0)}
moves=[(1, 11111111111111, 'split')]
After Mutation{'dist_error': np.float64(1.0), 'valid_error': np.float64(0.0)}
moves=[(1, 111111111111111, 'split')]
After Mutation{'dist_error': np.float64(1.0), 'valid_error': np.float64(0.0)}
moves=[(np.float64(1.0), 1111111111111111, 'split')]
After Mutation{'dist_error': np.float64(0.0), 'valid_error': np.float64(0.018333333333333333)}
Successfully reached the desired user error bounds.
Mutation counter: {'split': 5, 'prune': 0}
Next phase total time: 11.077282667160034
Next phase DistEstimate time: 0.5111129283905029
Next phase Validifier time: 10.192055940628052
Next phase TreeLearner time: 0.3732762336730957
Phase: 4
DistEstimate value: 0.0
Validifier value: 1.0
Phase 4 DNF before prediction: (!n12 && !x9 && !x13 && !y9 && !n4 && !x7 && !y13 && !x14 && !x11 && !y6 && !x15 && !y11 && !y8 && !x10 && !x8 && !x6)
Phase 4 DNF after prediction: y15 && !y15
Before Muattion{'dist_error': np.float64(1.0), 'valid_error': np.float64(0.0)}
moves=[(1, 11111111111111111, 'split')]
After Mutation{'dist_error': np.float64(1.0), 'valid_error': np.float64(0.0)}
moves=[(1, 111111111111111111, 'split')]
After Mutation{'dist_error': np.float64(1.0), 'valid_error': np.float64(0.0)}
moves=[(1, 1111111111111111111, 'split')]
After Mutation{'dist_error': np.float64(1.0), 'valid_error': np.float64(0.0)}
moves=[(1, 11111111111111111111, 'split')]
After Mutation{'dist_error': np.float64(1.0), 'valid_error': np.float64(0.0)}
moves=[(np.float64(1.0), 111111111111111111111, 'split')]
After Mutation{'dist_error': np.float64(0.0), 'valid_error': np.float64(0.023333333333333334)}
Successfully reached the desired user error bounds.
Mutation counter: {'split': 5, 'prune': 0}
Next phase total time: 15.634391784667969
Next phase DistEstimate time: 0.5080552101135254
Next phase Validifier time: 14.537529468536377
Next phase TreeLearner time: 0.5879261493682861
Phase: 5
DistEstimate value: 0.0
Validifier value: 0.9933333333333333
Phase 5 DNF before prediction: (!n12 && !x9 && !x13 && !y9 && !n4 && !x7 && !y13 && !x14 && !x11 && !y6 && !x15 && !y11 && !y8 && !x10 && !x8 && !x6 && !y14 && !x12 && !y7 && !y10 && !y15)
Phase 5 DNF after prediction: y15 && !y15
Before Muattion{'dist_error': np.float64(1.0), 'valid_error': np.float64(0.0)}
moves=[(1, 1111111111111111111111, 'split')]
After Mutation{'dist_error': np.float64(1.0), 'valid_error': np.float64(0.0)}
moves=[(1, 11111111111111111111111, 'split')]
After Mutation{'dist_error': np.float64(1.0), 'valid_error': np.float64(0.0)}
moves=[(1, 111111111111111111111111, 'split'), (1, 111111111111111111111112, 'split')]
After Mutation{'dist_error': np.float64(1.0), 'valid_error': np.float64(0.0)}
moves=[(np.float64(1.0), 1111111111111111111111112, 'split'), (np.float64(0.0), 111111111111111111111112, 'split')]
After Mutation{'dist_error': np.float64(1.0), 'valid_error': np.float64(0.0)}
moves=[(1, 11111111111111111111111121, 'split'), (1, 11111111111111111111111122, 'split'), (1, 111111111111111111111112, 'split')]
After Mutation{'dist_error': np.float64(1.0), 'valid_error': np.float64(0.0)}
moves=[(1, 111111111111111111111111211, 'split'), (1, 111111111111111111111111212, 'split'), (1, 11111111111111111111111122, 'split'), (1, 111111111111111111111112, 'split')]
After Mutation{'dist_error': np.float64(1.0), 'valid_error': np.float64(0.0)}
moves=[(np.float64(1.0), 1111111111111111111111112112, 'split'), (np.float64(0.0), 111111111111111111111111212, 'split'), (np.float64(0.0), 11111111111111111111111122, 'split'), (np.float64(0.0), 111111111111111111111112, 'split')]
After Mutation{'dist_error': np.float64(0.5633333333333334), 'valid_error': np.float64(0.008333333333333333)}
moves=[(np.float64(1.0), 11111111111111111111111121122, 'split'), (np.float64(-0.0), 111111111111111111111111212, 'split'), (np.float64(-0.0), 11111111111111111111111122, 'split'), (np.float64(-0.0), 111111111111111111111112, 'split')]
After Mutation{'dist_error': np.float64(0.6716666666666666), 'valid_error': np.float64(0.0016666666666666668)}
moves=[(np.float64(1.0), 111111111111111111111111211221, 'split'), (np.float64(0.0), 111111111111111111111111211222, 'split'), (np.float64(0.0), 111111111111111111111111212, 'split'), (np.float64(0.0), 11111111111111111111111122, 'split'), (np.float64(0.0), 111111111111111111111112, 'split')]
After Mutation{'dist_error': np.float64(0.5633333333333334), 'valid_error': np.float64(0.005)}
moves=[(np.float64(1.0), 1111111111111111111111112112212, 'split'), (np.float64(-0.0), 111111111111111111111111211222, 'split'), (np.float64(-0.0), 111111111111111111111111212, 'split'), (np.float64(-0.0), 11111111111111111111111122, 'split'), (np.float64(-0.0), 111111111111111111111112, 'split')]
After Mutation{'dist_error': np.float64(0.5816666666666667), 'valid_error': np.float64(0.0016666666666666668)}
moves=[(1, 11111111111111111111111121122121, 'split'), (1, 111111111111111111111111211222, 'split'), (1, 111111111111111111111111212, 'split'), (1, 11111111111111111111111122, 'split'), (1, 111111111111111111111112, 'split')]
After Mutation{'dist_error': np.float64(0.5816666666666667), 'valid_error': np.float64(0.0016666666666666668)}
moves=[(np.float64(1.0), 111111111111111111111111211221212, 'split'), (np.float64(0.0), 111111111111111111111111211222, 'split'), (np.float64(0.0), 111111111111111111111111212, 'split'), (np.float64(0.0), 11111111111111111111111122, 'split'), (np.float64(0.0), 111111111111111111111112, 'split')]
After Mutation{'dist_error': np.float64(0.5633333333333334), 'valid_error': np.float64(0.0016666666666666668)}
moves=[(1, 111111111111111111111111211222, 'split'), (1, 111111111111111111111111212, 'split'), (1, 11111111111111111111111122, 'split'), (1, 111111111111111111111112, 'split')]
After Mutation{'dist_error': np.float64(0.5633333333333334), 'valid_error': np.float64(0.0016666666666666668)}
moves=[(np.float64(1.0), 1111111111111111111111112112221, 'split'), (np.float64(0.0), 111111111111111111111111212, 'split'), (np.float64(0.0), 11111111111111111111111122, 'split'), (np.float64(0.0), 111111111111111111111112, 'split')]
After Mutation{'dist_error': np.float64(0.5633333333333334), 'valid_error': np.float64(0.0)}
moves=[(1, 111111111111111111111111212, 'split'), (1, 11111111111111111111111122, 'split'), (1, 111111111111111111111112, 'split')]
After Mutation{'dist_error': np.float64(0.5633333333333334), 'valid_error': np.float64(0.0)}
moves=[(1, 1111111111111111111111112121, 'split'), (1, 11111111111111111111111122, 'split'), (1, 111111111111111111111112, 'split')]
After Mutation{'dist_error': np.float64(0.5633333333333334), 'valid_error': np.float64(0.0)}
moves=[(np.float64(1.0), 11111111111111111111111121211, 'split'), (np.float64(0.0), 11111111111111111111111122, 'split'), (np.float64(0.0), 111111111111111111111112, 'split')]
After Mutation{'dist_error': np.float64(0.45666666666666667), 'valid_error': np.float64(0.0)}
moves=[(1, 11111111111111111111111122, 'split'), (1, 111111111111111111111112, 'split')]
After Mutation{'dist_error': np.float64(0.45666666666666667), 'valid_error': np.float64(0.0)}
moves=[(1, 111111111111111111111111221, 'split'), (1, 111111111111111111111112, 'split')]
After Mutation{'dist_error': np.float64(0.45666666666666667), 'valid_error': np.float64(0.0)}
moves=[(np.float64(1.0), 1111111111111111111111112212, 'split'), (np.float64(0.0), 111111111111111111111112, 'split')]
After Mutation{'dist_error': np.float64(0.4383333333333333), 'valid_error': np.float64(0.0033333333333333335)}
moves=[(np.float64(2.0), 11111111111111111111111122121, 'split'), (np.float64(-0.0), 111111111111111111111112, 'split'), (np.float64(-1.0), 11111111111111111111111122122, 'split')]
After Mutation{'dist_error': np.float64(0.445), 'valid_error': np.float64(0.0)}
moves=[(np.float64(1.0), 11111111111111111111111122122, 'split'), (np.float64(0.0), 111111111111111111111111221211, 'split'), (np.float64(0.0), 111111111111111111111112, 'split')]
After Mutation{'dist_error': np.float64(0.4433333333333333), 'valid_error': np.float64(0.0)}
moves=[(1, 111111111111111111111111221211, 'split'), (1, 111111111111111111111112, 'split')]
After Mutation{'dist_error': np.float64(0.4433333333333333), 'valid_error': np.float64(0.0)}
moves=[(np.float64(1.0), 1111111111111111111111112212111, 'split'), (np.float64(0.0), 111111111111111111111112, 'split')]
After Mutation{'dist_error': np.float64(0.43666666666666665), 'valid_error': np.float64(0.0)}
moves=[(1, 111111111111111111111112, 'split')]
After Mutation{'dist_error': np.float64(0.43666666666666665), 'valid_error': np.float64(0.0)}
moves=[(1, 1111111111111111111111121, 'split')]
After Mutation{'dist_error': np.float64(0.43666666666666665), 'valid_error': np.float64(0.0)}
moves=[(1, 11111111111111111111111211, 'split')]
After Mutation{'dist_error': np.float64(0.43666666666666665), 'valid_error': np.float64(0.0)}
moves=[(1, 111111111111111111111112112, 'split')]
After Mutation{'dist_error': np.float64(0.43666666666666665), 'valid_error': np.float64(0.0)}
moves=[(np.float64(1.0), 1111111111111111111111121122, 'split'), (np.float64(0.0), 1111111111111111111111121121, 'split')]
After Mutation{'dist_error': np.float64(0.155), 'valid_error': np.float64(0.005)}
moves=[(np.float64(1.0), 11111111111111111111111211221, 'split'), (np.float64(-0.0), 1111111111111111111111121121, 'split'), (np.float64(-0.0), 11111111111111111111111211222, 'split')]
After Mutation{'dist_error': np.float64(0.16999999999999998), 'valid_error': np.float64(0.0033333333333333335)}
moves=[(np.float64(1.2195121951219512), 111111111111111111111112112212, 'split'), (np.float64(-0.0), 1111111111111111111111121121, 'split'), (np.float64(-0.0), 11111111111111111111111211222, 'split'), (np.float64(-0.2195121951219512), 111111111111111111111112112211, 'split')]
After Mutation{'dist_error': np.float64(0.255), 'valid_error': np.float64(0.0016666666666666668)}
moves=[(np.float64(5.666666666666667), 1111111111111111111111121122121, 'split'), (np.float64(1.0), 111111111111111111111112112211, 'split'), (np.float64(0.0), 1111111111111111111111121121, 'split'), (np.float64(0.0), 11111111111111111111111211222, 'split'), (np.float64(-5.666666666666667), 1111111111111111111111121122122, 'split')]
After Mutation{'dist_error': np.float64(0.16999999999999998), 'valid_error': np.float64(0.0016666666666666668)}
moves=[(np.float64(1.2142857142857142), 1111111111111111111111121122122, 'split'), (np.float64(-0.0), 1111111111111111111111121121, 'split'), (np.float64(-0.0), 11111111111111111111111211222, 'split'), (np.float64(-0.21428571428571425), 111111111111111111111112112211, 'split')]
After Mutation{'dist_error': np.float64(0.25666666666666665), 'valid_error': np.float64(0.0)}
moves=[(np.float64(0.8524590163934427), 11111111111111111111111211221222, 'split'), (np.float64(0.14754098360655737), 111111111111111111111112112211, 'split'), (np.float64(0.0), 1111111111111111111111121121, 'split'), (np.float64(0.0), 11111111111111111111111211222, 'split')]
After Mutation{'dist_error': np.float64(0.16999999999999998), 'valid_error': np.float64(0.0)}
moves=[(np.float64(1.0), 111111111111111111111112112211, 'split'), (np.float64(0.0), 1111111111111111111111121121, 'split'), (np.float64(0.0), 11111111111111111111111211222, 'split')]
After Mutation{'dist_error': np.float64(0.155), 'valid_error': np.float64(0.0)}
moves=[(1, 1111111111111111111111121121, 'split'), (1, 11111111111111111111111211222, 'split')]
After Mutation{'dist_error': np.float64(0.155), 'valid_error': np.float64(0.0)}
moves=[(1, 11111111111111111111111211211, 'split'), (1, 11111111111111111111111211222, 'split')]
After Mutation{'dist_error': np.float64(0.155), 'valid_error': np.float64(0.0)}
moves=[(np.float64(1.0), 111111111111111111111112112112, 'split'), (np.float64(0.0), 11111111111111111111111211222, 'split')]
After Mutation{'dist_error': np.float64(0.15), 'valid_error': np.float64(0.0)}
moves=[(1, 1111111111111111111111121121121, 'split'), (1, 11111111111111111111111211222, 'split')]
After Mutation{'dist_error': np.float64(0.15), 'valid_error': np.float64(0.0)}
moves=[(np.float64(1.0), 11111111111111111111111211211212, 'split'), (np.float64(0.0), 11111111111111111111111211222, 'split')]
After Mutation{'dist_error': np.float64(0.145), 'valid_error': np.float64(0.0)}
moves=[(1, 11111111111111111111111211222, 'split')]
After Mutation{'dist_error': np.float64(0.145), 'valid_error': np.float64(0.0)}
moves=[(np.float64(1.0), 111111111111111111111112112221, 'split')]
After Mutation{'dist_error': np.float64(0.075), 'valid_error': np.float64(0.0016666666666666668)}
moves=[(np.float64(1.0), 1111111111111111111111121122211, 'split'), (np.float64(-0.0), 1111111111111111111111121122212, 'split')]
After Mutation{'dist_error': np.float64(0.09833333333333333), 'valid_error': np.float64(0.0)}
moves=[(np.float64(1.0), 11111111111111111111111211222112, 'split'), (np.float64(0.0), 1111111111111111111111121122212, 'split')]
After Mutation{'dist_error': np.float64(0.075), 'valid_error': np.float64(0.0)}
moves=[(1, 1111111111111111111111121122212, 'split')]
After Mutation{'dist_error': np.float64(0.075), 'valid_error': np.float64(0.0)}
moves=[(np.float64(1.0), 11111111111111111111111211222121, 'split')]
After Mutation{'dist_error': np.float64(0.03), 'valid_error': np.float64(0.0)}
Successfully reached the desired user error bounds.
Mutation counter: {'split': 46, 'prune': 0}
Next phase total time: 20.34280276298523
Next phase DistEstimate time: 0.6403255462646484
Next phase Validifier time: 11.74472713470459
Next phase TreeLearner time: 7.956761360168457
Phase: 6
DistEstimate value: 0.05833333333333335
Validifier value: 0.8916666666666667
Phase 6 DNF before prediction: (!n12 && !x9 && !x13 && !y9 && !n4 && !x7 && !y13 && !x14 && !x11 && !y6 && !x15 && !y11 && !y8 && !x10 && !x8 && !x6 && !y14 && !x12 && !y7 && !y10 && !y15 && !y12 && !y4 && y5 && !y3 && !x5 && x4 && x3 && !x2 && y2 && !x1 && y1 && x0) || (!n12 && !x9 && !x13 && !y9 && !n4 && !x7 && !y13 && !x14 && !x11 && !y6 && !x15 && !y11 && !y8 && !x10 && !x8 && !x6 && !y14 && !x12 && !y7 && !y10 && !y15 && !y12 && !y4 && y5 && !y3 && !x5 && x4 && x3 && !x2 && y2 && x1) || (!n12 && !x9 && !x13 && !y9 && !n4 && !x7 && !y13 && !x14 && !x11 && !y6 && !x15 && !y11 && !y8 && !x10 && !x8 && !x6 && !y14 && !x12 && !y7 && !y10 && !y15 && !y12 && !y4 && y5 && !y3 && !x5 && x4 && x3 && x2 && !x0 && !y0) || (!n12 && !x9 && !x13 && !y9 && !n4 && !x7 && !y13 && !x14 && !x11 && !y6 && !x15 && !y11 && !y8 && !x10 && !x8 && !x6 && !y14 && !x12 && !y7 && !y10 && !y15 && !y12 && !y4 && y5 && !y3 && !x5 && x4 && x3 && x2 && x0) || (!n12 && !x9 && !x13 && !y9 && !n4 && !x7 && !y13 && !x14 && !x11 && !y6 && !x15 && !y11 && !y8 && !x10 && !x8 && !x6 && !y14 && !x12 && !y7 && !y10 && !y15 && !y12 && !y4 && y5 && !y3 && x5 && !x3 && !y0 && !x1) || (!n12 && !x9 && !x13 && !y9 && !n4 && !x7 && !y13 && !x14 && !x11 && !y6 && !x15 && !y11 && !y8 && !x10 && !x8 && !x6 && !y14 && !x12 && !y7 && !y10 && !y15 && !y12 && !y4 && y5 && y3 && !x5 && x4 && !y2 && !x1 && !y0 && !y1) || (!n12 && !x9 && !x13 && !y9 && !n4 && !x7 && !y13 && !x14 && !x11 && !y6 && !x15 && !y11 && !y8 && !x10 && !x8 && !x6 && !y14 && !x12 && !y7 && !y10 && !y15 && !y12 && !y4 && y5 && y3 && !x5 && x4 && !y2 && x1) || (!n12 && !x9 && !x13 && !y9 && !n4 && !x7 && !y13 && !x14 && !x11 && !y6 && !x15 && !y11 && !y8 && !x10 && !x8 && !x6 && !y14 && !x12 && !y7 && !y10 && !y15 && !y12 && !y4 && y5 && y3 && !x5 && x4 && y2 && !y0) || (!n12 && !x9 && !x13 && !y9 && !n4 && !x7 && !y13 && !x14 && !x11 && !y6 && !x15 && !y11 && !y8 && !x10 && !x8 && !x6 && !y14 && !x12 && !y7 && !y10 && !y15 && !y12 && y4 && !y5 && !x4 && x5 && !y3 && !x2 && y2 && !x1 && y0 && y1) || (!n12 && !x9 && !x13 && !y9 && !n4 && !x7 && !y13 && !x14 && !x11 && !y6 && !x15 && !y11 && !y8 && !x10 && !x8 && !x6 && !y14 && !x12 && !y7 && !y10 && !y15 && !y12 && y4 && !y5 && !x4 && x5 && !y3 && !x2 && y2 && x1) || (!n12 && !x9 && !x13 && !y9 && !n4 && !x7 && !y13 && !x14 && !x11 && !y6 && !x15 && !y11 && !y8 && !x10 && !x8 && !x6 && !y14 && !x12 && !y7 && !y10 && !y15 && !y12 && y4 && !y5 && !x4 && x5 && y3 && !x2 && !y2 && x3) || (!n12 && !x9 && !x13 && !y9 && !n4 && !x7 && !y13 && !x14 && !x11 && !y6 && !x15 && !y11 && !y8 && !x10 && !x8 && !x6 && !y14 && !x12 && !y7 && !y10 && !y15 && !y12 && y4 && !y5 && !x4 && x5 && y3 && !x2 && y2 && !y0 && x1) || (!n12 && !x9 && !x13 && !y9 && !n4 && !x7 && !y13 && !x14 && !x11 && !y6 && !x15 && !y11 && !y8 && !x10 && !x8 && !x6 && !y14 && !x12 && !y7 && !y10 && !y15 && !y12 && y4 && !y5 && !x4 && x5 && y3 && !x2 && y2 && y0 && !x1) || (!n12 && !x9 && !x13 && !y9 && !n4 && !x7 && !y13 && !x14 && !x11 && !y6 && !x15 && !y11 && !y8 && !x10 && !x8 && !x6 && !y14 && !x12 && !y7 && !y10 && !y15 && !y12 && y4 && !y5 && !x4 && x5 && y3 && !x2 && y2 && y0 && x1 && !y1) || (!n12 && !x9 && !x13 && !y9 && !n4 && !x7 && !y13 && !x14 && !x11 && !y6 && !x15 && !y11 && !y8 && !x10 && !x8 && !x6 && !y14 && !x12 && !y7 && !y10 && !y15 && !y12 && y4 && !y5 && !x4 && x5 && y3 && x2 && !x3 && !y1 && !x0) || (!n12 && !x9 && !x13 && !y9 && !n4 && !x7 && !y13 && !x14 && !x11 && !y6 && !x15 && !y11 && !y8 && !x10 && !x8 && !x6 && !y14 && !x12 && !y7 && !y10 && !y15 && !y12 && y4 && !y5 && !x4 && x5 && y3 && x2 && !x3 && !y1 && x0 && x1) || (!n12 && !x9 && !x13 && !y9 && !n4 && !x7 && !y13 && !x14 && !x11 && !y6 && !x15 && !y11 && !y8 && !x10 && !x8 && !x6 && !y14 && !x12 && !y7 && !y10 && !y15 && !y12 && y4 && !y5 && !x4 && x5 && y3 && x2 && !x3 && y1 && !y2 && x0)
Phase 6 DNF after prediction: (!n12 && !x9 && !x13 && !y9 && !n4 && !x7 && !y13 && !x14 && !x11 && !y6 && !x15 && !y11 && !y8 && !x10 && !x8 && !x6 && !y14 && !x12 && !y7 && !y10 && !y15 && !y12 && !y4 && y5 && !y3 && !x5 && x4 && x3 && !x2 && y2 && !x1 && y1 && x0) || (!n12 && !x9 && !x13 && !y9 && !n4 && !x7 && !y13 && !x14 && !x11 && !y6 && !x15 && !y11 && !y8 && !x10 && !x8 && !x6 && !y14 && !x12 && !y7 && !y10 && !y15 && !y12 && !y4 && y5 && y3 && !x5 && x4 && !y2 && !x1 && y0)
Before Muattion{'dist_error': np.float64(1.0050000000000001), 'valid_error': np.float64(0.0016666666666666668)}
moves=[(np.float64(0.9), 111111111111111111111112112221211, 'split'), (np.float64(0.06666666666666665), 11111111111111111111111211212, 'split'), (np.float64(0.03333333333333333), 1111111111111111111111112212112, 'split'), (np.float64(0.0), 11111111111111111111111121122122, 'split'), (np.float64(0.0), 11111111111111111111111121122211, 'split'), (np.float64(0.0), 1111111111111111111111112112222, 'split'), (np.float64(0.0), 111111111111111111111111212111, 'split'), (np.float64(0.0), 11111111111111111111111122121111, 'split'), (np.float64(0.0), 111111111111111111111111221212, 'split'), (np.float64(0.0), 111111111111111111111111221221, 'split'), (np.float64(0.0), 111111111111111111111112112112122, 'split'), (np.float64(0.0), 1111111111111111111111121121122, 'split'), (np.float64(0.0), 1111111111111111111111121122112, 'split'), (np.float64(0.0), 11111111111111111111111211221212, 'split'), (np.float64(0.0), 11111111111111111111111211221221, 'split'), (np.float64(0.0), 111111111111111111111112112212221, 'split'), (np.float64(0.0), 11111111111111111111111211222111, 'split'), (np.float64(0.0), 111111111111111111111112112221122, 'split'), (np.float64(0.0), 111111111111111111111112112221212, 'split')]
After Mutation{'dist_error': np.float64(0.9583333333333334), 'valid_error': np.float64(0.0033333333333333335)}
moves=[(np.float64(0.49999999999999994), 11111111111111111111111211212, 'split'), (np.float64(0.25), 1111111111111111111111112212112, 'split'), (np.float64(0.25), 1111111111111111111111121122212112, 'split'), (np.float64(0.0), 11111111111111111111111121122122, 'split'), (np.float64(0.0), 11111111111111111111111121122211, 'split'), (np.float64(0.0), 1111111111111111111111112112222, 'split'), (np.float64(0.0), 111111111111111111111111212111, 'split'), (np.float64(0.0), 11111111111111111111111122121111, 'split'), (np.float64(0.0), 111111111111111111111111221212, 'split'), (np.float64(0.0), 111111111111111111111111221221, 'split'), (np.float64(0.0), 111111111111111111111112112112122, 'split'), (np.float64(0.0), 1111111111111111111111121121122, 'split'), (np.float64(0.0), 1111111111111111111111121122112, 'split'), (np.float64(0.0), 11111111111111111111111211221212, 'split'), (np.float64(0.0), 11111111111111111111111211221221, 'split'), (np.float64(0.0), 111111111111111111111112112212221, 'split'), (np.float64(0.0), 11111111111111111111111211222111, 'split'), (np.float64(0.0), 111111111111111111111112112221122, 'split'), (np.float64(0.0), 111111111111111111111112112221212, 'split')]
After Mutation{'dist_error': np.float64(0.9533333333333334), 'valid_error': np.float64(0.005)}
moves=[(np.float64(0.25), 1111111111111111111111112212112, 'split'), (np.float64(0.25), 111111111111111111111112112121, 'split'), (np.float64(0.25), 111111111111111111111112112122, 'split'), (np.float64(0.25), 1111111111111111111111121122212112, 'split'), (np.float64(0.0), 11111111111111111111111121122122, 'split'), (np.float64(0.0), 11111111111111111111111121122211, 'split'), (np.float64(0.0), 1111111111111111111111112112222, 'split'), (np.float64(0.0), 111111111111111111111111212111, 'split'), (np.float64(0.0), 11111111111111111111111122121111, 'split'), (np.float64(0.0), 111111111111111111111111221212, 'split'), (np.float64(0.0), 111111111111111111111111221221, 'split'), (np.float64(0.0), 111111111111111111111112112112122, 'split'), (np.float64(0.0), 1111111111111111111111121121122, 'split'), (np.float64(0.0), 1111111111111111111111121122112, 'split'), (np.float64(0.0), 11111111111111111111111211221212, 'split'), (np.float64(0.0), 11111111111111111111111211221221, 'split'), (np.float64(0.0), 111111111111111111111112112212221, 'split'), (np.float64(0.0), 11111111111111111111111211222111, 'split'), (np.float64(0.0), 111111111111111111111112112221122, 'split'), (np.float64(0.0), 111111111111111111111112112221212, 'split')]
After Mutation{'dist_error': np.float64(0.9533333333333334), 'valid_error': np.float64(0.0033333333333333335)}
moves=[(np.float64(0.33333333333333337), 111111111111111111111112112121, 'split'), (np.float64(0.33333333333333337), 111111111111111111111112112122, 'split'), (np.float64(0.33333333333333337), 1111111111111111111111121122212112, 'split'), (np.float64(0.0), 11111111111111111111111121122122, 'split'), (np.float64(0.0), 11111111111111111111111121122211, 'split'), (np.float64(0.0), 1111111111111111111111112112222, 'split'), (np.float64(0.0), 111111111111111111111111212111, 'split'), (np.float64(0.0), 11111111111111111111111122121111, 'split'), (np.float64(0.0), 111111111111111111111111221212, 'split'), (np.float64(0.0), 111111111111111111111111221221, 'split'), (np.float64(0.0), 111111111111111111111112112112122, 'split'), (np.float64(0.0), 1111111111111111111111121121122, 'split'), (np.float64(0.0), 1111111111111111111111121122112, 'split'), (np.float64(0.0), 11111111111111111111111211221212, 'split'), (np.float64(0.0), 11111111111111111111111211221221, 'split'), (np.float64(0.0), 111111111111111111111112112212221, 'split'), (np.float64(0.0), 11111111111111111111111211222111, 'split'), (np.float64(0.0), 111111111111111111111112112221122, 'split'), (np.float64(0.0), 111111111111111111111112112221212, 'split')]
After Mutation{'dist_error': np.float64(0.9516666666666667), 'valid_error': np.float64(0.0033333333333333335)}
moves=[(np.float64(0.5), 111111111111111111111112112122, 'split'), (np.float64(0.5), 1111111111111111111111121122212112, 'split'), (np.float64(0.0), 11111111111111111111111121122122, 'split'), (np.float64(0.0), 11111111111111111111111121122211, 'split'), (np.float64(0.0), 1111111111111111111111112112222, 'split'), (np.float64(0.0), 111111111111111111111111212111, 'split'), (np.float64(0.0), 11111111111111111111111122121111, 'split'), (np.float64(0.0), 111111111111111111111111221212, 'split'), (np.float64(0.0), 111111111111111111111111221221, 'split'), (np.float64(0.0), 111111111111111111111112112112122, 'split'), (np.float64(0.0), 1111111111111111111111121121122, 'split'), (np.float64(0.0), 1111111111111111111111121122112, 'split'), (np.float64(0.0), 11111111111111111111111211221212, 'split'), (np.float64(0.0), 11111111111111111111111211221221, 'split'), (np.float64(0.0), 111111111111111111111112112212221, 'split'), (np.float64(0.0), 11111111111111111111111211222111, 'split'), (np.float64(0.0), 111111111111111111111112112221122, 'split'), (np.float64(0.0), 111111111111111111111112112221212, 'split')]
After Mutation{'dist_error': np.float64(0.9516666666666667), 'valid_error': np.float64(0.0016666666666666668)}
moves=[(np.float64(1.0), 1111111111111111111111121122212112, 'split'), (np.float64(0.0), 11111111111111111111111121122122, 'split'), (np.float64(0.0), 11111111111111111111111121122211, 'split'), (np.float64(0.0), 1111111111111111111111112112222, 'split'), (np.float64(0.0), 111111111111111111111111212111, 'split'), (np.float64(0.0), 11111111111111111111111122121111, 'split'), (np.float64(0.0), 111111111111111111111111221212, 'split'), (np.float64(0.0), 111111111111111111111111221221, 'split'), (np.float64(0.0), 111111111111111111111112112112122, 'split'), (np.float64(0.0), 1111111111111111111111121121122, 'split'), (np.float64(0.0), 1111111111111111111111121122112, 'split'), (np.float64(0.0), 11111111111111111111111211221212, 'split'), (np.float64(0.0), 11111111111111111111111211221221, 'split'), (np.float64(0.0), 111111111111111111111112112212221, 'split'), (np.float64(0.0), 11111111111111111111111211222111, 'split'), (np.float64(0.0), 111111111111111111111112112221122, 'split'), (np.float64(0.0), 111111111111111111111112112221212, 'split')]
After Mutation{'dist_error': np.float64(0.9516666666666667), 'valid_error': np.float64(0.0)}
moves=[(1, 11111111111111111111111121122122, 'split'), (1, 11111111111111111111111121122211, 'split'), (1, 1111111111111111111111112112222, 'split'), (1, 111111111111111111111111212111, 'split'), (1, 11111111111111111111111122121111, 'split'), (1, 111111111111111111111111221212, 'split'), (1, 111111111111111111111111221221, 'split'), (1, 111111111111111111111112112112122, 'split'), (1, 1111111111111111111111121121122, 'split'), (1, 1111111111111111111111121122112, 'split'), (1, 11111111111111111111111211221212, 'split'), (1, 11111111111111111111111211221221, 'split'), (1, 111111111111111111111112112212221, 'split'), (1, 11111111111111111111111211222111, 'split'), (1, 111111111111111111111112112221122, 'split'), (1, 111111111111111111111112112221212, 'split')]
After Mutation{'dist_error': np.float64(0.9516666666666667), 'valid_error': np.float64(0.0)}
moves=[(np.float64(1.0), 111111111111111111111111211221222, 'split'), (np.float64(0.0), 111111111111111111111111211221221, 'split'), (np.float64(0.0), 11111111111111111111111121122211, 'split'), (np.float64(0.0), 1111111111111111111111112112222, 'split'), (np.float64(0.0), 111111111111111111111111212111, 'split'), (np.float64(0.0), 11111111111111111111111122121111, 'split'), (np.float64(0.0), 111111111111111111111111221212, 'split'), (np.float64(0.0), 111111111111111111111111221221, 'split'), (np.float64(0.0), 111111111111111111111112112112122, 'split'), (np.float64(0.0), 1111111111111111111111121121122, 'split'), (np.float64(0.0), 1111111111111111111111121122112, 'split'), (np.float64(0.0), 11111111111111111111111211221212, 'split'), (np.float64(0.0), 11111111111111111111111211221221, 'split'), (np.float64(0.0), 111111111111111111111112112212221, 'split'), (np.float64(0.0), 11111111111111111111111211222111, 'split'), (np.float64(0.0), 111111111111111111111112112221122, 'split'), (np.float64(0.0), 111111111111111111111112112221212, 'split')]
After Mutation{'dist_error': np.float64(0.8966666666666667), 'valid_error': np.float64(0.0)}
moves=[(1, 111111111111111111111111211221221, 'split'), (1, 11111111111111111111111121122211, 'split'), (1, 1111111111111111111111112112222, 'split'), (1, 111111111111111111111111212111, 'split'), (1, 11111111111111111111111122121111, 'split'), (1, 111111111111111111111111221212, 'split'), (1, 111111111111111111111111221221, 'split'), (1, 111111111111111111111112112112122, 'split'), (1, 1111111111111111111111121121122, 'split'), (1, 1111111111111111111111121122112, 'split'), (1, 11111111111111111111111211221212, 'split'), (1, 11111111111111111111111211221221, 'split'), (1, 111111111111111111111112112212221, 'split'), (1, 11111111111111111111111211222111, 'split'), (1, 111111111111111111111112112221122, 'split'), (1, 111111111111111111111112112221212, 'split')]
After Mutation{'dist_error': np.float64(0.8966666666666667), 'valid_error': np.float64(0.0)}
moves=[(np.float64(1.0), 1111111111111111111111112112212212, 'split'), (np.float64(0.0), 11111111111111111111111121122211, 'split'), (np.float64(0.0), 1111111111111111111111112112222, 'split'), (np.float64(0.0), 111111111111111111111111212111, 'split'), (np.float64(0.0), 11111111111111111111111122121111, 'split'), (np.float64(0.0), 111111111111111111111111221212, 'split'), (np.float64(0.0), 111111111111111111111111221221, 'split'), (np.float64(0.0), 111111111111111111111112112112122, 'split'), (np.float64(0.0), 1111111111111111111111121121122, 'split'), (np.float64(0.0), 1111111111111111111111121122112, 'split'), (np.float64(0.0), 11111111111111111111111211221212, 'split'), (np.float64(0.0), 11111111111111111111111211221221, 'split'), (np.float64(0.0), 111111111111111111111112112212221, 'split'), (np.float64(0.0), 11111111111111111111111211222111, 'split'), (np.float64(0.0), 111111111111111111111112112221122, 'split'), (np.float64(0.0), 111111111111111111111112112221212, 'split')]
After Mutation{'dist_error': np.float64(0.8616666666666667), 'valid_error': np.float64(0.0)}
moves=[(1, 11111111111111111111111121122211, 'split'), (1, 1111111111111111111111112112222, 'split'), (1, 111111111111111111111111212111, 'split'), (1, 11111111111111111111111122121111, 'split'), (1, 111111111111111111111111221212, 'split'), (1, 111111111111111111111111221221, 'split'), (1, 111111111111111111111112112112122, 'split'), (1, 1111111111111111111111121121122, 'split'), (1, 1111111111111111111111121122112, 'split'), (1, 11111111111111111111111211221212, 'split'), (1, 11111111111111111111111211221221, 'split'), (1, 111111111111111111111112112212221, 'split'), (1, 11111111111111111111111211222111, 'split'), (1, 111111111111111111111112112221122, 'split'), (1, 111111111111111111111112112221212, 'split')]
After Mutation{'dist_error': np.float64(0.8616666666666667), 'valid_error': np.float64(0.0)}
moves=[(1, 111111111111111111111111211222111, 'split'), (1, 111111111111111111111111211222112, 'split'), (1, 1111111111111111111111112112222, 'split'), (1, 111111111111111111111111212111, 'split'), (1, 11111111111111111111111122121111, 'split'), (1, 111111111111111111111111221212, 'split'), (1, 111111111111111111111111221221, 'split'), (1, 111111111111111111111112112112122, 'split'), (1, 1111111111111111111111121121122, 'split'), (1, 1111111111111111111111121122112, 'split'), (1, 11111111111111111111111211221212, 'split'), (1, 11111111111111111111111211221221, 'split'), (1, 111111111111111111111112112212221, 'split'), (1, 11111111111111111111111211222111, 'split'), (1, 111111111111111111111112112221122, 'split'), (1, 111111111111111111111112112221212, 'split')]
After Mutation{'dist_error': np.float64(0.8616666666666667), 'valid_error': np.float64(0.0)}
moves=[(np.float64(1.0), 1111111111111111111111112112221112, 'split'), (np.float64(0.0), 111111111111111111111111211222112, 'split'), (np.float64(0.0), 1111111111111111111111112112222, 'split'), (np.float64(0.0), 111111111111111111111111212111, 'split'), (np.float64(0.0), 11111111111111111111111122121111, 'split'), (np.float64(0.0), 111111111111111111111111221212, 'split'), (np.float64(0.0), 111111111111111111111111221221, 'split'), (np.float64(0.0), 111111111111111111111112112112122, 'split'), (np.float64(0.0), 1111111111111111111111121121122, 'split'), (np.float64(0.0), 1111111111111111111111121122112, 'split'), (np.float64(0.0), 11111111111111111111111211221212, 'split'), (np.float64(0.0), 11111111111111111111111211221221, 'split'), (np.float64(0.0), 111111111111111111111112112212221, 'split'), (np.float64(0.0), 11111111111111111111111211222111, 'split'), (np.float64(0.0), 111111111111111111111112112221122, 'split'), (np.float64(0.0), 111111111111111111111112112221212, 'split')]
After Mutation{'dist_error': np.float64(0.7916666666666667), 'valid_error': np.float64(0.0)}
moves=[(1, 111111111111111111111111211222112, 'split'), (1, 1111111111111111111111112112222, 'split'), (1, 111111111111111111111111212111, 'split'), (1, 11111111111111111111111122121111, 'split'), (1, 111111111111111111111111221212, 'split'), (1, 111111111111111111111111221221, 'split'), (1, 111111111111111111111112112112122, 'split'), (1, 1111111111111111111111121121122, 'split'), (1, 1111111111111111111111121122112, 'split'), (1, 11111111111111111111111211221212, 'split'), (1, 11111111111111111111111211221221, 'split'), (1, 111111111111111111111112112212221, 'split'), (1, 11111111111111111111111211222111, 'split'), (1, 111111111111111111111112112221122, 'split'), (1, 111111111111111111111112112221212, 'split')]
After Mutation{'dist_error': np.float64(0.7916666666666667), 'valid_error': np.float64(0.0)}
moves=[(np.float64(1.0), 1111111111111111111111112112221121, 'split'), (np.float64(0.0), 1111111111111111111111112112222, 'split'), (np.float64(0.0), 111111111111111111111111212111, 'split'), (np.float64(0.0), 11111111111111111111111122121111, 'split'), (np.float64(0.0), 111111111111111111111111221212, 'split'), (np.float64(0.0), 111111111111111111111111221221, 'split'), (np.float64(0.0), 111111111111111111111112112112122, 'split'), (np.float64(0.0), 1111111111111111111111121121122, 'split'), (np.float64(0.0), 1111111111111111111111121122112, 'split'), (np.float64(0.0), 11111111111111111111111211221212, 'split'), (np.float64(0.0), 11111111111111111111111211221221, 'split'), (np.float64(0.0), 111111111111111111111112112212221, 'split'), (np.float64(0.0), 11111111111111111111111211222111, 'split'), (np.float64(0.0), 111111111111111111111112112221122, 'split'), (np.float64(0.0), 111111111111111111111112112221212, 'split')]
After Mutation{'dist_error': np.float64(0.72), 'valid_error': np.float64(0.0)}
moves=[(1, 1111111111111111111111112112222, 'split'), (1, 111111111111111111111111212111, 'split'), (1, 11111111111111111111111122121111, 'split'), (1, 111111111111111111111111221212, 'split'), (1, 111111111111111111111111221221, 'split'), (1, 111111111111111111111112112112122, 'split'), (1, 1111111111111111111111121121122, 'split'), (1, 1111111111111111111111121122112, 'split'), (1, 11111111111111111111111211221212, 'split'), (1, 11111111111111111111111211221221, 'split'), (1, 111111111111111111111112112212221, 'split'), (1, 11111111111111111111111211222111, 'split'), (1, 111111111111111111111112112221122, 'split'), (1, 111111111111111111111112112221212, 'split')]
After Mutation{'dist_error': np.float64(0.72), 'valid_error': np.float64(0.0)}
moves=[(1, 11111111111111111111111121122221, 'split'), (1, 111111111111111111111111212111, 'split'), (1, 11111111111111111111111122121111, 'split'), (1, 111111111111111111111111221212, 'split'), (1, 111111111111111111111111221221, 'split'), (1, 111111111111111111111112112112122, 'split'), (1, 1111111111111111111111121121122, 'split'), (1, 1111111111111111111111121122112, 'split'), (1, 11111111111111111111111211221212, 'split'), (1, 11111111111111111111111211221221, 'split'), (1, 111111111111111111111112112212221, 'split'), (1, 11111111111111111111111211222111, 'split'), (1, 111111111111111111111112112221122, 'split'), (1, 111111111111111111111112112221212, 'split')]
After Mutation{'dist_error': np.float64(0.72), 'valid_error': np.float64(0.0)}
moves=[(1, 111111111111111111111111211222212, 'split'), (1, 111111111111111111111111212111, 'split'), (1, 11111111111111111111111122121111, 'split'), (1, 111111111111111111111111221212, 'split'), (1, 111111111111111111111111221221, 'split'), (1, 111111111111111111111112112112122, 'split'), (1, 1111111111111111111111121121122, 'split'), (1, 1111111111111111111111121122112, 'split'), (1, 11111111111111111111111211221212, 'split'), (1, 11111111111111111111111211221221, 'split'), (1, 111111111111111111111112112212221, 'split'), (1, 11111111111111111111111211222111, 'split'), (1, 111111111111111111111112112221122, 'split'), (1, 111111111111111111111112112221212, 'split')]
After Mutation{'dist_error': np.float64(0.72), 'valid_error': np.float64(0.0)}
moves=[(np.float64(0.5178571428571429), 1111111111111111111111112112222121, 'split'), (np.float64(0.48214285714285715), 1111111111111111111111112112222122, 'split'), (np.float64(0.0), 111111111111111111111111212111, 'split'), (np.float64(0.0), 11111111111111111111111122121111, 'split'), (np.float64(0.0), 111111111111111111111111221212, 'split'), (np.float64(0.0), 111111111111111111111111221221, 'split'), (np.float64(0.0), 111111111111111111111112112112122, 'split'), (np.float64(0.0), 1111111111111111111111121121122, 'split'), (np.float64(0.0), 1111111111111111111111121122112, 'split'), (np.float64(0.0), 11111111111111111111111211221212, 'split'), (np.float64(0.0), 11111111111111111111111211221221, 'split'), (np.float64(0.0), 111111111111111111111112112212221, 'split'), (np.float64(0.0), 11111111111111111111111211222111, 'split'), (np.float64(0.0), 111111111111111111111112112221122, 'split'), (np.float64(0.0), 111111111111111111111112112221212, 'split')]
After Mutation{'dist_error': np.float64(0.6233333333333333), 'valid_error': np.float64(0.0)}
moves=[(np.float64(1.0), 1111111111111111111111112112222122, 'split'), (np.float64(0.0), 111111111111111111111111212111, 'split'), (np.float64(0.0), 11111111111111111111111122121111, 'split'), (np.float64(0.0), 111111111111111111111111221212, 'split'), (np.float64(0.0), 111111111111111111111111221221, 'split'), (np.float64(0.0), 111111111111111111111112112112122, 'split'), (np.float64(0.0), 1111111111111111111111121121122, 'split'), (np.float64(0.0), 1111111111111111111111121122112, 'split'), (np.float64(0.0), 11111111111111111111111211221212, 'split'), (np.float64(0.0), 11111111111111111111111211221221, 'split'), (np.float64(0.0), 111111111111111111111112112212221, 'split'), (np.float64(0.0), 11111111111111111111111211222111, 'split'), (np.float64(0.0), 111111111111111111111112112221122, 'split'), (np.float64(0.0), 111111111111111111111112112221212, 'split')]
After Mutation{'dist_error': np.float64(0.5333333333333333), 'valid_error': np.float64(0.0)}
moves=[(1, 111111111111111111111111212111, 'split'), (1, 11111111111111111111111122121111, 'split'), (1, 111111111111111111111111221212, 'split'), (1, 111111111111111111111111221221, 'split'), (1, 111111111111111111111112112112122, 'split'), (1, 1111111111111111111111121121122, 'split'), (1, 1111111111111111111111121122112, 'split'), (1, 11111111111111111111111211221212, 'split'), (1, 11111111111111111111111211221221, 'split'), (1, 111111111111111111111112112212221, 'split'), (1, 11111111111111111111111211222111, 'split'), (1, 111111111111111111111112112221122, 'split'), (1, 111111111111111111111112112221212, 'split')]
After Mutation{'dist_error': np.float64(0.5333333333333333), 'valid_error': np.float64(0.0)}
moves=[(1, 1111111111111111111111112121111, 'split'), (1, 11111111111111111111111122121111, 'split'), (1, 111111111111111111111111221212, 'split'), (1, 111111111111111111111111221221, 'split'), (1, 111111111111111111111112112112122, 'split'), (1, 1111111111111111111111121121122, 'split'), (1, 1111111111111111111111121122112, 'split'), (1, 11111111111111111111111211221212, 'split'), (1, 11111111111111111111111211221221, 'split'), (1, 111111111111111111111112112212221, 'split'), (1, 11111111111111111111111211222111, 'split'), (1, 111111111111111111111112112221122, 'split'), (1, 111111111111111111111112112221212, 'split')]
After Mutation{'dist_error': np.float64(0.5333333333333333), 'valid_error': np.float64(0.0)}
moves=[(1, 11111111111111111111111121211111, 'split'), (1, 11111111111111111111111122121111, 'split'), (1, 111111111111111111111111221212, 'split'), (1, 111111111111111111111111221221, 'split'), (1, 111111111111111111111112112112122, 'split'), (1, 1111111111111111111111121121122, 'split'), (1, 1111111111111111111111121122112, 'split'), (1, 11111111111111111111111211221212, 'split'), (1, 11111111111111111111111211221221, 'split'), (1, 111111111111111111111112112212221, 'split'), (1, 11111111111111111111111211222111, 'split'), (1, 111111111111111111111112112221122, 'split'), (1, 111111111111111111111112112221212, 'split')]
After Mutation{'dist_error': np.float64(0.5333333333333333), 'valid_error': np.float64(0.0)}
moves=[(1, 111111111111111111111111212111111, 'split'), (1, 11111111111111111111111122121111, 'split'), (1, 111111111111111111111111221212, 'split'), (1, 111111111111111111111111221221, 'split'), (1, 111111111111111111111112112112122, 'split'), (1, 1111111111111111111111121121122, 'split'), (1, 1111111111111111111111121122112, 'split'), (1, 11111111111111111111111211221212, 'split'), (1, 11111111111111111111111211221221, 'split'), (1, 111111111111111111111112112212221, 'split'), (1, 11111111111111111111111211222111, 'split'), (1, 111111111111111111111112112221122, 'split'), (1, 111111111111111111111112112221212, 'split')]
After Mutation{'dist_error': np.float64(0.5333333333333333), 'valid_error': np.float64(0.0)}
moves=[(np.float64(1.0), 1111111111111111111111112121111111, 'split'), (np.float64(0.0), 11111111111111111111111122121111, 'split'), (np.float64(0.0), 111111111111111111111111221212, 'split'), (np.float64(0.0), 111111111111111111111111221221, 'split'), (np.float64(0.0), 111111111111111111111112112112122, 'split'), (np.float64(0.0), 1111111111111111111111121121122, 'split'), (np.float64(0.0), 1111111111111111111111121122112, 'split'), (np.float64(0.0), 11111111111111111111111211221212, 'split'), (np.float64(0.0), 11111111111111111111111211221221, 'split'), (np.float64(0.0), 111111111111111111111112112212221, 'split'), (np.float64(0.0), 11111111111111111111111211222111, 'split'), (np.float64(0.0), 111111111111111111111112112221122, 'split'), (np.float64(0.0), 111111111111111111111112112221212, 'split')]
After Mutation{'dist_error': np.float64(0.4266666666666667), 'valid_error': np.float64(0.0)}
moves=[(1, 11111111111111111111111122121111, 'split'), (1, 111111111111111111111111221212, 'split'), (1, 111111111111111111111111221221, 'split'), (1, 111111111111111111111112112112122, 'split'), (1, 1111111111111111111111121121122, 'split'), (1, 1111111111111111111111121122112, 'split'), (1, 11111111111111111111111211221212, 'split'), (1, 11111111111111111111111211221221, 'split'), (1, 111111111111111111111112112212221, 'split'), (1, 11111111111111111111111211222111, 'split'), (1, 111111111111111111111112112221122, 'split'), (1, 111111111111111111111112112221212, 'split')]
After Mutation{'dist_error': np.float64(0.4266666666666667), 'valid_error': np.float64(0.0)}
moves=[(1, 111111111111111111111111221211111, 'split'), (1, 111111111111111111111111221212, 'split'), (1, 111111111111111111111111221221, 'split'), (1, 111111111111111111111112112112122, 'split'), (1, 1111111111111111111111121121122, 'split'), (1, 1111111111111111111111121122112, 'split'), (1, 11111111111111111111111211221212, 'split'), (1, 11111111111111111111111211221221, 'split'), (1, 111111111111111111111112112212221, 'split'), (1, 11111111111111111111111211222111, 'split'), (1, 111111111111111111111112112221122, 'split'), (1, 111111111111111111111112112221212, 'split')]
After Mutation{'dist_error': np.float64(0.4266666666666667), 'valid_error': np.float64(0.0)}
moves=[(np.float64(1.0), 1111111111111111111111112212111111, 'split'), (np.float64(0.0), 111111111111111111111111221212, 'split'), (np.float64(0.0), 111111111111111111111111221221, 'split'), (np.float64(0.0), 111111111111111111111112112112122, 'split'), (np.float64(0.0), 1111111111111111111111121121122, 'split'), (np.float64(0.0), 1111111111111111111111121122112, 'split'), (np.float64(0.0), 11111111111111111111111211221212, 'split'), (np.float64(0.0), 11111111111111111111111211221221, 'split'), (np.float64(0.0), 111111111111111111111112112212221, 'split'), (np.float64(0.0), 11111111111111111111111211222111, 'split'), (np.float64(0.0), 111111111111111111111112112221122, 'split'), (np.float64(0.0), 111111111111111111111112112221212, 'split')]
After Mutation{'dist_error': np.float64(0.42), 'valid_error': np.float64(0.0)}
moves=[(1, 111111111111111111111111221212, 'split'), (1, 111111111111111111111111221221, 'split'), (1, 111111111111111111111112112112122, 'split'), (1, 1111111111111111111111121121122, 'split'), (1, 1111111111111111111111121122112, 'split'), (1, 11111111111111111111111211221212, 'split'), (1, 11111111111111111111111211221221, 'split'), (1, 111111111111111111111112112212221, 'split'), (1, 11111111111111111111111211222111, 'split'), (1, 111111111111111111111112112221122, 'split'), (1, 111111111111111111111112112221212, 'split')]
After Mutation{'dist_error': np.float64(0.42), 'valid_error': np.float64(0.0)}
moves=[(1, 1111111111111111111111112212122, 'split'), (1, 111111111111111111111111221221, 'split'), (1, 111111111111111111111112112112122, 'split'), (1, 1111111111111111111111121121122, 'split'), (1, 1111111111111111111111121122112, 'split'), (1, 11111111111111111111111211221212, 'split'), (1, 11111111111111111111111211221221, 'split'), (1, 111111111111111111111112112212221, 'split'), (1, 11111111111111111111111211222111, 'split'), (1, 111111111111111111111112112221122, 'split'), (1, 111111111111111111111112112221212, 'split')]
After Mutation{'dist_error': np.float64(0.42), 'valid_error': np.float64(0.0)}
moves=[(1, 11111111111111111111111122121221, 'split'), (1, 111111111111111111111111221221, 'split'), (1, 111111111111111111111112112112122, 'split'), (1, 1111111111111111111111121121122, 'split'), (1, 1111111111111111111111121122112, 'split'), (1, 11111111111111111111111211221212, 'split'), (1, 11111111111111111111111211221221, 'split'), (1, 111111111111111111111112112212221, 'split'), (1, 11111111111111111111111211222111, 'split'), (1, 111111111111111111111112112221122, 'split'), (1, 111111111111111111111112112221212, 'split')]
After Mutation{'dist_error': np.float64(0.42), 'valid_error': np.float64(0.0)}
moves=[(1, 111111111111111111111111221212211, 'split'), (1, 111111111111111111111111221212212, 'split'), (1, 111111111111111111111111221221, 'split'), (1, 111111111111111111111112112112122, 'split'), (1, 1111111111111111111111121121122, 'split'), (1, 1111111111111111111111121122112, 'split'), (1, 11111111111111111111111211221212, 'split'), (1, 11111111111111111111111211221221, 'split'), (1, 111111111111111111111112112212221, 'split'), (1, 11111111111111111111111211222111, 'split'), (1, 111111111111111111111112112221122, 'split'), (1, 111111111111111111111112112221212, 'split')]
After Mutation{'dist_error': np.float64(0.42), 'valid_error': np.float64(0.0)}
moves=[(np.float64(1.0), 1111111111111111111111112212122112, 'split'), (np.float64(0.0), 111111111111111111111111221212212, 'split'), (np.float64(0.0), 111111111111111111111111221221, 'split'), (np.float64(0.0), 111111111111111111111112112112122, 'split'), (np.float64(0.0), 1111111111111111111111121121122, 'split'), (np.float64(0.0), 1111111111111111111111121122112, 'split'), (np.float64(0.0), 11111111111111111111111211221212, 'split'), (np.float64(0.0), 11111111111111111111111211221221, 'split'), (np.float64(0.0), 111111111111111111111112112212221, 'split'), (np.float64(0.0), 11111111111111111111111211222111, 'split'), (np.float64(0.0), 111111111111111111111112112221122, 'split'), (np.float64(0.0), 111111111111111111111112112221212, 'split')]
After Mutation{'dist_error': np.float64(0.41500000000000004), 'valid_error': np.float64(0.0)}
moves=[(1, 111111111111111111111111221212212, 'split'), (1, 111111111111111111111111221221, 'split'), (1, 111111111111111111111112112112122, 'split'), (1, 1111111111111111111111121121122, 'split'), (1, 1111111111111111111111121122112, 'split'), (1, 11111111111111111111111211221212, 'split'), (1, 11111111111111111111111211221221, 'split'), (1, 111111111111111111111112112212221, 'split'), (1, 11111111111111111111111211222111, 'split'), (1, 111111111111111111111112112221122, 'split'), (1, 111111111111111111111112112221212, 'split')]
After Mutation{'dist_error': np.float64(0.41500000000000004), 'valid_error': np.float64(0.0)}
moves=[(np.float64(1.0), 1111111111111111111111112212122121, 'split'), (np.float64(0.0), 111111111111111111111111221221, 'split'), (np.float64(0.0), 111111111111111111111112112112122, 'split'), (np.float64(0.0), 1111111111111111111111121121122, 'split'), (np.float64(0.0), 1111111111111111111111121122112, 'split'), (np.float64(0.0), 11111111111111111111111211221212, 'split'), (np.float64(0.0), 11111111111111111111111211221221, 'split'), (np.float64(0.0), 111111111111111111111112112212221, 'split'), (np.float64(0.0), 11111111111111111111111211222111, 'split'), (np.float64(0.0), 111111111111111111111112112221122, 'split'), (np.float64(0.0), 111111111111111111111112112221212, 'split')]
After Mutation{'dist_error': np.float64(0.4083333333333333), 'valid_error': np.float64(0.0)}
moves=[(1, 111111111111111111111111221221, 'split'), (1, 111111111111111111111112112112122, 'split'), (1, 1111111111111111111111121121122, 'split'), (1, 1111111111111111111111121122112, 'split'), (1, 11111111111111111111111211221212, 'split'), (1, 11111111111111111111111211221221, 'split'), (1, 111111111111111111111112112212221, 'split'), (1, 11111111111111111111111211222111, 'split'), (1, 111111111111111111111112112221122, 'split'), (1, 111111111111111111111112112221212, 'split')]
After Mutation{'dist_error': np.float64(0.4083333333333333), 'valid_error': np.float64(0.0)}
moves=[(1, 1111111111111111111111112212211, 'split'), (1, 111111111111111111111112112112122, 'split'), (1, 1111111111111111111111121121122, 'split'), (1, 1111111111111111111111121122112, 'split'), (1, 11111111111111111111111211221212, 'split'), (1, 11111111111111111111111211221221, 'split'), (1, 111111111111111111111112112212221, 'split'), (1, 11111111111111111111111211222111, 'split'), (1, 111111111111111111111112112221122, 'split'), (1, 111111111111111111111112112221212, 'split')]
After Mutation{'dist_error': np.float64(0.4083333333333333), 'valid_error': np.float64(0.0)}
moves=[(1, 11111111111111111111111122122111, 'split'), (1, 111111111111111111111112112112122, 'split'), (1, 1111111111111111111111121121122, 'split'), (1, 1111111111111111111111121122112, 'split'), (1, 11111111111111111111111211221212, 'split'), (1, 11111111111111111111111211221221, 'split'), (1, 111111111111111111111112112212221, 'split'), (1, 11111111111111111111111211222111, 'split'), (1, 111111111111111111111112112221122, 'split'), (1, 111111111111111111111112112221212, 'split')]
After Mutation{'dist_error': np.float64(0.4083333333333333), 'valid_error': np.float64(0.0)}
moves=[(1, 111111111111111111111111221221111, 'split'), (1, 111111111111111111111112112112122, 'split'), (1, 1111111111111111111111121121122, 'split'), (1, 1111111111111111111111121122112, 'split'), (1, 11111111111111111111111211221212, 'split'), (1, 11111111111111111111111211221221, 'split'), (1, 111111111111111111111112112212221, 'split'), (1, 11111111111111111111111211222111, 'split'), (1, 111111111111111111111112112221122, 'split'), (1, 111111111111111111111112112221212, 'split')]
After Mutation{'dist_error': np.float64(0.4083333333333333), 'valid_error': np.float64(0.0)}
moves=[(np.float64(1.0), 1111111111111111111111112212211112, 'split'), (np.float64(0.0), 111111111111111111111112112112122, 'split'), (np.float64(0.0), 1111111111111111111111121121122, 'split'), (np.float64(0.0), 1111111111111111111111121122112, 'split'), (np.float64(0.0), 11111111111111111111111211221212, 'split'), (np.float64(0.0), 11111111111111111111111211221221, 'split'), (np.float64(0.0), 111111111111111111111112112212221, 'split'), (np.float64(0.0), 11111111111111111111111211222111, 'split'), (np.float64(0.0), 111111111111111111111112112221122, 'split'), (np.float64(0.0), 111111111111111111111112112221212, 'split')]
After Mutation{'dist_error': np.float64(0.4066666666666667), 'valid_error': np.float64(0.0)}
moves=[(1, 111111111111111111111112112112122, 'split'), (1, 1111111111111111111111121121122, 'split'), (1, 1111111111111111111111121122112, 'split'), (1, 11111111111111111111111211221212, 'split'), (1, 11111111111111111111111211221221, 'split'), (1, 111111111111111111111112112212221, 'split'), (1, 11111111111111111111111211222111, 'split'), (1, 111111111111111111111112112221122, 'split'), (1, 111111111111111111111112112221212, 'split')]
After Mutation{'dist_error': np.float64(0.4066666666666667), 'valid_error': np.float64(0.0)}
moves=[(np.float64(1.0), 1111111111111111111111121121121222, 'split'), (np.float64(0.0), 1111111111111111111111121121122, 'split'), (np.float64(0.0), 1111111111111111111111121122112, 'split'), (np.float64(0.0), 11111111111111111111111211221212, 'split'), (np.float64(0.0), 11111111111111111111111211221221, 'split'), (np.float64(0.0), 111111111111111111111112112212221, 'split'), (np.float64(0.0), 11111111111111111111111211222111, 'split'), (np.float64(0.0), 111111111111111111111112112221122, 'split'), (np.float64(0.0), 111111111111111111111112112221212, 'split')]
After Mutation{'dist_error': np.float64(0.40166666666666667), 'valid_error': np.float64(0.0)}
moves=[(1, 1111111111111111111111121121122, 'split'), (1, 1111111111111111111111121122112, 'split'), (1, 11111111111111111111111211221212, 'split'), (1, 11111111111111111111111211221221, 'split'), (1, 111111111111111111111112112212221, 'split'), (1, 11111111111111111111111211222111, 'split'), (1, 111111111111111111111112112221122, 'split'), (1, 111111111111111111111112112221212, 'split')]
After Mutation{'dist_error': np.float64(0.40166666666666667), 'valid_error': np.float64(0.0)}
moves=[(1, 11111111111111111111111211211222, 'split'), (1, 1111111111111111111111121122112, 'split'), (1, 11111111111111111111111211221212, 'split'), (1, 11111111111111111111111211221221, 'split'), (1, 111111111111111111111112112212221, 'split'), (1, 11111111111111111111111211222111, 'split'), (1, 111111111111111111111112112221122, 'split'), (1, 111111111111111111111112112221212, 'split')]
After Mutation{'dist_error': np.float64(0.40166666666666667), 'valid_error': np.float64(0.0)}
moves=[(1, 111111111111111111111112112112221, 'split'), (1, 111111111111111111111112112112222, 'split'), (1, 1111111111111111111111121122112, 'split'), (1, 11111111111111111111111211221212, 'split'), (1, 11111111111111111111111211221221, 'split'), (1, 111111111111111111111112112212221, 'split'), (1, 11111111111111111111111211222111, 'split'), (1, 111111111111111111111112112221122, 'split'), (1, 111111111111111111111112112221212, 'split')]
After Mutation{'dist_error': np.float64(0.40166666666666667), 'valid_error': np.float64(0.0)}
moves=[(np.float64(1.0), 1111111111111111111111121121122212, 'split'), (np.float64(0.0), 111111111111111111111112112112222, 'split'), (np.float64(0.0), 1111111111111111111111121122112, 'split'), (np.float64(0.0), 11111111111111111111111211221212, 'split'), (np.float64(0.0), 11111111111111111111111211221221, 'split'), (np.float64(0.0), 111111111111111111111112112212221, 'split'), (np.float64(0.0), 11111111111111111111111211222111, 'split'), (np.float64(0.0), 111111111111111111111112112221122, 'split'), (np.float64(0.0), 111111111111111111111112112221212, 'split')]
After Mutation{'dist_error': np.float64(0.3983333333333333), 'valid_error': np.float64(0.0)}
moves=[(1, 111111111111111111111112112112222, 'split'), (1, 1111111111111111111111121122112, 'split'), (1, 11111111111111111111111211221212, 'split'), (1, 11111111111111111111111211221221, 'split'), (1, 111111111111111111111112112212221, 'split'), (1, 11111111111111111111111211222111, 'split'), (1, 111111111111111111111112112221122, 'split'), (1, 111111111111111111111112112221212, 'split')]
After Mutation{'dist_error': np.float64(0.3983333333333333), 'valid_error': np.float64(0.0)}
moves=[(np.float64(1.0), 1111111111111111111111121121122222, 'split'), (np.float64(0.0), 1111111111111111111111121122112, 'split'), (np.float64(0.0), 11111111111111111111111211221212, 'split'), (np.float64(0.0), 11111111111111111111111211221221, 'split'), (np.float64(0.0), 111111111111111111111112112212221, 'split'), (np.float64(0.0), 11111111111111111111111211222111, 'split'), (np.float64(0.0), 111111111111111111111112112221122, 'split'), (np.float64(0.0), 111111111111111111111112112221212, 'split')]
After Mutation{'dist_error': np.float64(0.39666666666666667), 'valid_error': np.float64(0.0)}
moves=[(1, 1111111111111111111111121122112, 'split'), (1, 11111111111111111111111211221212, 'split'), (1, 11111111111111111111111211221221, 'split'), (1, 111111111111111111111112112212221, 'split'), (1, 11111111111111111111111211222111, 'split'), (1, 111111111111111111111112112221122, 'split'), (1, 111111111111111111111112112221212, 'split')]
After Mutation{'dist_error': np.float64(0.39666666666666667), 'valid_error': np.float64(0.0)}
moves=[(1, 11111111111111111111111211221121, 'split'), (1, 11111111111111111111111211221212, 'split'), (1, 11111111111111111111111211221221, 'split'), (1, 111111111111111111111112112212221, 'split'), (1, 11111111111111111111111211222111, 'split'), (1, 111111111111111111111112112221122, 'split'), (1, 111111111111111111111112112221212, 'split')]
After Mutation{'dist_error': np.float64(0.39666666666666667), 'valid_error': np.float64(0.0)}
moves=[(np.float64(1.0), 111111111111111111111112112211211, 'split'), (np.float64(0.0), 11111111111111111111111211221212, 'split'), (np.float64(0.0), 11111111111111111111111211221221, 'split'), (np.float64(0.0), 111111111111111111111112112212221, 'split'), (np.float64(0.0), 11111111111111111111111211222111, 'split'), (np.float64(0.0), 111111111111111111111112112221122, 'split'), (np.float64(0.0), 111111111111111111111112112221212, 'split')]
After Mutation{'dist_error': np.float64(0.38166666666666665), 'valid_error': np.float64(0.0)}
moves=[(1, 11111111111111111111111211221212, 'split'), (1, 11111111111111111111111211221221, 'split'), (1, 111111111111111111111112112212221, 'split'), (1, 11111111111111111111111211222111, 'split'), (1, 111111111111111111111112112221122, 'split'), (1, 111111111111111111111112112221212, 'split')]
After Mutation{'dist_error': np.float64(0.38166666666666665), 'valid_error': np.float64(0.0)}
moves=[(1, 111111111111111111111112112212122, 'split'), (1, 11111111111111111111111211221221, 'split'), (1, 111111111111111111111112112212221, 'split'), (1, 11111111111111111111111211222111, 'split'), (1, 111111111111111111111112112221122, 'split'), (1, 111111111111111111111112112221212, 'split')]
After Mutation{'dist_error': np.float64(0.38166666666666665), 'valid_error': np.float64(0.0)}
moves=[(np.float64(1.0), 1111111111111111111111121122121221, 'split'), (np.float64(0.0), 11111111111111111111111211221221, 'split'), (np.float64(0.0), 111111111111111111111112112212221, 'split'), (np.float64(0.0), 11111111111111111111111211222111, 'split'), (np.float64(0.0), 111111111111111111111112112221122, 'split'), (np.float64(0.0), 111111111111111111111112112221212, 'split')]
After Mutation{'dist_error': np.float64(0.2966666666666667), 'valid_error': np.float64(0.0)}
moves=[(1, 11111111111111111111111211221221, 'split'), (1, 111111111111111111111112112212221, 'split'), (1, 11111111111111111111111211222111, 'split'), (1, 111111111111111111111112112221122, 'split'), (1, 111111111111111111111112112221212, 'split')]
After Mutation{'dist_error': np.float64(0.2966666666666667), 'valid_error': np.float64(0.0)}
moves=[(np.float64(1.0), 111111111111111111111112112212212, 'split'), (np.float64(0.0), 111111111111111111111112112212221, 'split'), (np.float64(0.0), 11111111111111111111111211222111, 'split'), (np.float64(0.0), 111111111111111111111112112221122, 'split'), (np.float64(0.0), 111111111111111111111112112221212, 'split')]
After Mutation{'dist_error': np.float64(0.20166666666666666), 'valid_error': np.float64(0.0)}
moves=[(1, 111111111111111111111112112212221, 'split'), (1, 11111111111111111111111211222111, 'split'), (1, 111111111111111111111112112221122, 'split'), (1, 111111111111111111111112112221212, 'split')]
After Mutation{'dist_error': np.float64(0.20166666666666666), 'valid_error': np.float64(0.0)}
moves=[(np.float64(1.0), 1111111111111111111111121122211221, 'split'), (np.float64(0.0), 111111111111111111111112112212221, 'split'), (np.float64(0.0), 11111111111111111111111211222111, 'split'), (np.float64(0.0), 111111111111111111111112112221212, 'split')]
After Mutation{'dist_error': np.float64(0.17833333333333334), 'valid_error': np.float64(0.0)}
moves=[(1, 111111111111111111111112112212221, 'split'), (1, 11111111111111111111111211222111, 'split'), (1, 111111111111111111111112112221212, 'split')]
After Mutation{'dist_error': np.float64(0.17833333333333334), 'valid_error': np.float64(0.0)}
moves=[(np.float64(1.0), 1111111111111111111111121122122211, 'split'), (np.float64(0.0), 11111111111111111111111211222111, 'split'), (np.float64(0.0), 111111111111111111111112112221212, 'split')]
After Mutation{'dist_error': np.float64(0.09166666666666667), 'valid_error': np.float64(0.0)}
moves=[(1, 11111111111111111111111211222111, 'split'), (1, 111111111111111111111112112221212, 'split')]
After Mutation{'dist_error': np.float64(0.09166666666666667), 'valid_error': np.float64(0.0)}
moves=[(1, 111111111111111111111112112221111, 'split'), (1, 111111111111111111111112112221212, 'split')]
After Mutation{'dist_error': np.float64(0.09166666666666667), 'valid_error': np.float64(0.0)}
moves=[(np.float64(1.0), 1111111111111111111111121122211111, 'split'), (np.float64(0.0), 111111111111111111111112112221212, 'split')]
After Mutation{'dist_error': np.float64(0.045), 'valid_error': np.float64(0.0)}
Successfully reached the desired user error bounds.
Mutation counter: {'split': 63, 'prune': 0}
Next phase total time: 25.300946950912476
Next phase DistEstimate time: 0.6857280731201172
Next phase Validifier time: 10.97983694076538
Next phase TreeLearner time: 13.634359359741211
Phase: 7
DistEstimate value: 0.043333333333333335
Validifier value: 0.5983333333333334
Phase 7 DNF before prediction: (!n12 && !x9 && !x13 && !y9 && !n4 && !x7 && !y13 && !x14 && !x11 && !y6 && !x15 && !y11 && !y8 && !x10 && !x8 && !x6 && !y14 && !x12 && !y7 && !y10 && !y15 && !y12 && !y4 && y5 && !y3 && !x5 && x4 && x3 && !x2 && y2 && !x1 && y1 && x0) || (!n12 && !x9 && !x13 && !y9 && !n4 && !x7 && !y13 && !x14 && !x11 && !y6 && !x15 && !y11 && !y8 && !x10 && !x8 && !x6 && !y14 && !x12 && !y7 && !y10 && !y15 && !y12 && !y4 && y5 && !y3 && !x5 && x4 && x3 && !x2 && y2 && x1 && !x0 && y1 && !y0) || (!n12 && !x9 && !x13 && !y9 && !n4 && !x7 && !y13 && !x14 && !x11 && !y6 && !x15 && !y11 && !y8 && !x10 && !x8 && !x6 && !y14 && !x12 && !y7 && !y10 && !y15 && !y12 && !y4 && y5 && !y3 && !x5 && x4 && x3 && !x2 && y2 && x1 && x0 && !y1) || (!n12 && !x9 && !x13 && !y9 && !n4 && !x7 && !y13 && !x14 && !x11 && !y6 && !x15 && !y11 && !y8 && !x10 && !x8 && !x6 && !y14 && !x12 && !y7 && !y10 && !y15 && !y12 && !y4 && y5 && !y3 && !x5 && x4 && x3 && x2 && !x0 && !y0 && !y2 && x1 && y1) || (!n12 && !x9 && !x13 && !y9 && !n4 && !x7 && !y13 && !x14 && !x11 && !y6 && !x15 && !y11 && !y8 && !x10 && !x8 && !x6 && !y14 && !x12 && !y7 && !y10 && !y15 && !y12 && !y4 && y5 && !y3 && !x5 && x4 && x3 && x2 && !x0 && !y0 && y2 && !x1 && !y1) || (!n12 && !x9 && !x13 && !y9 && !n4 && !x7 && !y13 && !x14 && !x11 && !y6 && !x15 && !y11 && !y8 && !x10 && !x8 && !x6 && !y14 && !x12 && !y7 && !y10 && !y15 && !y12 && !y4 && y5 && !y3 && !x5 && x4 && x3 && x2 && x0 && !y2 && y0 && !x1 && y1) || (!n12 && !x9 && !x13 && !y9 && !n4 && !x7 && !y13 && !x14 && !x11 && !y6 && !x15 && !y11 && !y8 && !x10 && !x8 && !x6 && !y14 && !x12 && !y7 && !y10 && !y15 && !y12 && !y4 && y5 && !y3 && !x5 && x4 && x3 && x2 && x0 && !y2 && y0 && x1 && !y1) || (!n12 && !x9 && !x13 && !y9 && !n4 && !x7 && !y13 && !x14 && !x11 && !y6 && !x15 && !y11 && !y8 && !x10 && !x8 && !x6 && !y14 && !x12 && !y7 && !y10 && !y15 && !y12 && !y4 && y5 && !y3 && x5 && !x3 && !y0 && !x1 && !y2 && !y1 && !x2 && !x4 && !x0) || (!n12 && !x9 && !x13 && !y9 && !n4 && !x7 && !y13 && !x14 && !x11 && !y6 && !x15 && !y11 && !y8 && !x10 && !x8 && !x6 && !y14 && !x12 && !y7 && !y10 && !y15 && !y12 && !y4 && y5 && y3 && !x5 && x4 && !y2 && !x1 && !y0 && !y1 && !x0 && !x2 && x3) || (!n12 && !x9 && !x13 && !y9 && !n4 && !x7 && !y13 && !x14 && !x11 && !y6 && !x15 && !y11 && !y8 && !x10 && !x8 && !x6 && !y14 && !x12 && !y7 && !y10 && !y15 && !y12 && !y4 && y5 && y3 && !x5 && x4 && !y2 && !x1 && y0 && x2) || (!n12 && !x9 && !x13 && !y9 && !n4 && !x7 && !y13 && !x14 && !x11 && !y6 && !x15 && !y11 && !y8 && !x10 && !x8 && !x6 && !y14 && !x12 && !y7 && !y10 && !y15 && !y12 && !y4 && y5 && y3 && !x5 && x4 && !y2 && x1 && x2 && !x3 && !y0 && y1 && !x0) || (!n12 && !x9 && !x13 && !y9 && !n4 && !x7 && !y13 && !x14 && !x11 && !y6 && !x15 && !y11 && !y8 && !x10 && !x8 && !x6 && !y14 && !x12 && !y7 && !y10 && !y15 && !y12 && !y4 && y5 && y3 && !x5 && x4 && !y2 && x1 && x2 && !x3 && y0 && !y1 && x0) || (!n12 && !x9 && !x13 && !y9 && !n4 && !x7 && !y13 && !x14 && !x11 && !y6 && !x15 && !y11 && !y8 && !x10 && !x8 && !x6 && !y14 && !x12 && !y7 && !y10 && !y15 && !y12 && !y4 && y5 && y3 && !x5 && x4 && y2 && !y0 && !x0 && !x1 && !x3 && x2 && !y1) || (!n12 && !x9 && !x13 && !y9 && !n4 && !x7 && !y13 && !x14 && !x11 && !y6 && !x15 && !y11 && !y8 && !x10 && !x8 && !x6 && !y14 && !x12 && !y7 && !y10 && !y15 && !y12 && y4 && !y5 && !x4 && x5 && !y3 && !x2 && y2 && !x1 && y0 && y1 && x0 && x3) || (!n12 && !x9 && !x13 && !y9 && !n4 && !x7 && !y13 && !x14 && !x11 && !y6 && !x15 && !y11 && !y8 && !x10 && !x8 && !x6 && !y14 && !x12 && !y7 && !y10 && !y15 && !y12 && y4 && !y5 && !x4 && x5 && !y3 && !x2 && y2 && x1 && x3 && !x0 && y1 && !y0) || (!n12 && !x9 && !x13 && !y9 && !n4 && !x7 && !y13 && !x14 && !x11 && !y6 && !x15 && !y11 && !y8 && !x10 && !x8 && !x6 && !y14 && !x12 && !y7 && !y10 && !y15 && !y12 && y4 && !y5 && !x4 && x5 && !y3 && !x2 && y2 && x1 && x3 && x0 && y0 && !y1) || (!n12 && !x9 && !x13 && !y9 && !n4 && !x7 && !y13 && !x14 && !x11 && !y6 && !x15 && !y11 && !y8 && !x10 && !x8 && !x6 && !y14 && !x12 && !y7 && !y10 && !y15 && !y12 && y4 && !y5 && !x4 && x5 && !y3 && x2 && !y0 && !x0) || (!n12 && !x9 && !x13 && !y9 && !n4 && !x7 && !y13 && !x14 && !x11 && !y6 && !x15 && !y11 && !y8 && !x10 && !x8 && !x6 && !y14 && !x12 && !y7 && !y10 && !y15 && !y12 && y4 && !y5 && !x4 && x5 && !y3 && x2 && y0 && !y2) || (!n12 && !x9 && !x13 && !y9 && !n4 && !x7 && !y13 && !x14 && !x11 && !y6 && !x15 && !y11 && !y8 && !x10 && !x8 && !x6 && !y14 && !x12 && !y7 && !y10 && !y15 && !y12 && y4 && !y5 && !x4 && x5 && y3 && !x2 && !y2 && x3 && !y0 && !y1 && !x0) || (!n12 && !x9 && !x13 && !y9 && !n4 && !x7 && !y13 && !x14 && !x11 && !y6 && !x15 && !y11 && !y8 && !x10 && !x8 && !x6 && !y14 && !x12 && !y7 && !y10 && !y15 && !y12 && y4 && !y5 && !x4 && x5 && y3 && !x2 && y2 && !y0 && x1 && y1 && !x0 && !x3) || (!n12 && !x9 && !x13 && !y9 && !n4 && !x7 && !y13 && !x14 && !x11 && !y6 && !x15 && !y11 && !y8 && !x10 && !x8 && !x6 && !y14 && !x12 && !y7 && !y10 && !y15 && !y12 && y4 && !y5 && !x4 && x5 && y3 && !x2 && y2 && y0 && !x1 && y1 && !x3) || (!n12 && !x9 && !x13 && !y9 && !n4 && !x7 && !y13 && !x14 && !x11 && !y6 && !x15 && !y11 && !y8 && !x10 && !x8 && !x6 && !y14 && !x12 && !y7 && !y10 && !y15 && !y12 && y4 && !y5 && !x4 && x5 && y3 && !x2 && y2 && y0 && x1 && !y1 && !x3 && x0) || (!n12 && !x9 && !x13 && !y9 && !n4 && !x7 && !y13 && !x14 && !x11 && !y6 && !x15 && !y11 && !y8 && !x10 && !x8 && !x6 && !y14 && !x12 && !y7 && !y10 && !y15 && !y12 && y4 && !y5 && !x4 && x5 && y3 && x2 && !x3 && !y1 && !x0 && !x1 && !y0 && y2) || (!n12 && !x9 && !x13 && !y9 && !n4 && !x7 && !y13 && !x14 && !x11 && !y6 && !x15 && !y11 && !y8 && !x10 && !x8 && !x6 && !y14 && !x12 && !y7 && !y10 && !y15 && !y12 && y4 && !y5 && !x4 && x5 && y3 && x2 && !x3 && !y1 && x0 && x1 && !y2 && y0) || (!n12 && !x9 && !x13 && !y9 && !n4 && !x7 && !y13 && !x14 && !x11 && !y6 && !x15 && !y11 && !y8 && !x10 && !x8 && !x6 && !y14 && !x12 && !y7 && !y10 && !y15 && !y12 && y4 && !y5 && !x4 && x5 && y3 && x2 && !x3 && y1 && !y2 && !x0 && x1 && !y0)
Phase 7 DNF after prediction: (!n12 && !x9 && !x13 && !y9 && !n4 && !x7 && !y13 && !x14 && !x11 && !y6 && !x15 && !y11 && !y8 && !x10 && !x8 && !x6 && !y14 && !x12 && !y7 && !y10 && !y15 && !y12 && !y4 && y5 && !y3 && !x5 && x4 && x3 && !x2 && y2 && x1 && !x0 && y1 && !y0) || (!n12 && !x9 && !x13 && !y9 && !n4 && !x7 && !y13 && !x14 && !x11 && !y6 && !x15 && !y11 && !y8 && !x10 && !x8 && !x6 && !y14 && !x12 && !y7 && !y10 && !y15 && !y12 && !y4 && y5 && !y3 && !x5 && x4 && x3 && x2 && !x0 && !y0 && !y2 && x1 && y1) || (!n12 && !x9 && !x13 && !y9 && !n4 && !x7 && !y13 && !x14 && !x11 && !y6 && !x15 && !y11 && !y8 && !x10 && !x8 && !x6 && !y14 && !x12 && !y7 && !y10 && !y15 && !y12 && !y4 && y5 && !y3 && !x5 && x4 && x3 && x2 && !x0 && !y0 && y2 && !x1 && !y1) || (!n12 && !x9 && !x13 && !y9 && !n4 && !x7 && !y13 && !x14 && !x11 && !y6 && !x15 && !y11 && !y8 && !x10 && !x8 && !x6 && !y14 && !x12 && !y7 && !y10 && !y15 && !y12 && !y4 && y5 && !y3 && !x5 && x4 && x3 && x2 && x0 && !y2 && y0 && !x1 && y1) || (!n12 && !x9 && !x13 && !y9 && !n4 && !x7 && !y13 && !x14 && !x11 && !y6 && !x15 && !y11 && !y8 && !x10 && !x8 && !x6 && !y14 && !x12 && !y7 && !y10 && !y15 && !y12 && !y4 && y5 && !y3 && !x5 && x4 && x3 && x2 && x0 && !y2 && y0 && x1 && !y1) || (!n12 && !x9 && !x13 && !y9 && !n4 && !x7 && !y13 && !x14 && !x11 && !y6 && !x15 && !y11 && !y8 && !x10 && !x8 && !x6 && !y14 && !x12 && !y7 && !y10 && !y15 && !y12 && !y4 && y5 && !y3 && x5 && !x3 && !y0 && !x1 && !y2 && !y1 && !x2 && !x4 && !x0) || (!n12 && !x9 && !x13 && !y9 && !n4 && !x7 && !y13 && !x14 && !x11 && !y6 && !x15 && !y11 && !y8 && !x10 && !x8 && !x6 && !y14 && !x12 && !y7 && !y10 && !y15 && !y12 && !y4 && y5 && y3 && !x5 && x4 && !y2 && !x1 && !y0 && !y1 && !x0 && !x2 && x3) || (!n12 && !x9 && !x13 && !y9 && !n4 && !x7 && !y13 && !x14 && !x11 && !y6 && !x15 && !y11 && !y8 && !x10 && !x8 && !x6 && !y14 && !x12 && !y7 && !y10 && !y15 && !y12 && !y4 && y5 && y3 && !x5 && x4 && !y2 && x1 && x2 && !x3 && !y0 && y1 && !x0) || (!n12 && !x9 && !x13 && !y9 && !n4 && !x7 && !y13 && !x14 && !x11 && !y6 && !x15 && !y11 && !y8 && !x10 && !x8 && !x6 && !y14 && !x12 && !y7 && !y10 && !y15 && !y12 && !y4 && y5 && y3 && !x5 && x4 && !y2 && x1 && x2 && !x3 && y0 && !y1 && x0) || (!n12 && !x9 && !x13 && !y9 && !n4 && !x7 && !y13 && !x14 && !x11 && !y6 && !x15 && !y11 && !y8 && !x10 && !x8 && !x6 && !y14 && !x12 && !y7 && !y10 && !y15 && !y12 && !y4 && y5 && y3 && !x5 && x4 && y2 && !y0 && !x0 && !x1 && !x3 && x2 && !y1) || (!n12 && !x9 && !x13 && !y9 && !n4 && !x7 && !y13 && !x14 && !x11 && !y6 && !x15 && !y11 && !y8 && !x10 && !x8 && !x6 && !y14 && !x12 && !y7 && !y10 && !y15 && !y12 && y4 && !y5 && !x4 && x5 && !y3 && !x2 && y2 && !x1 && y0 && y1 && x0 && x3) || (!n12 && !x9 && !x13 && !y9 && !n4 && !x7 && !y13 && !x14 && !x11 && !y6 && !x15 && !y11 && !y8 && !x10 && !x8 && !x6 && !y14 && !x12 && !y7 && !y10 && !y15 && !y12 && y4 && !y5 && !x4 && x5 && !y3 && !x2 && y2 && x1 && x3 && !x0 && y1 && !y0) || (!n12 && !x9 && !x13 && !y9 && !n4 && !x7 && !y13 && !x14 && !x11 && !y6 && !x15 && !y11 && !y8 && !x10 && !x8 && !x6 && !y14 && !x12 && !y7 && !y10 && !y15 && !y12 && y4 && !y5 && !x4 && x5 && !y3 && !x2 && y2 && x1 && x3 && x0 && y0 && !y1) || (!n12 && !x9 && !x13 && !y9 && !n4 && !x7 && !y13 && !x14 && !x11 && !y6 && !x15 && !y11 && !y8 && !x10 && !x8 && !x6 && !y14 && !x12 && !y7 && !y10 && !y15 && !y12 && y4 && !y5 && !x4 && x5 && y3 && !x2 && y2 && !y0 && x1 && y1 && !x0 && !x3) || (!n12 && !x9 && !x13 && !y9 && !n4 && !x7 && !y13 && !x14 && !x11 && !y6 && !x15 && !y11 && !y8 && !x10 && !x8 && !x6 && !y14 && !x12 && !y7 && !y10 && !y15 && !y12 && y4 && !y5 && !x4 && x5 && y3 && !x2 && y2 && y0 && x1 && !y1 && !x3 && x0) || (!n12 && !x9 && !x13 && !y9 && !n4 && !x7 && !y13 && !x14 && !x11 && !y6 && !x15 && !y11 && !y8 && !x10 && !x8 && !x6 && !y14 && !x12 && !y7 && !y10 && !y15 && !y12 && y4 && !y5 && !x4 && x5 && y3 && x2 && !x3 && !y1 && !x0 && !x1 && !y0 && y2) || (!n12 && !x9 && !x13 && !y9 && !n4 && !x7 && !y13 && !x14 && !x11 && !y6 && !x15 && !y11 && !y8 && !x10 && !x8 && !x6 && !y14 && !x12 && !y7 && !y10 && !y15 && !y12 && y4 && !y5 && !x4 && x5 && y3 && x2 && !x3 && !y1 && x0 && x1 && !y2 && y0) || (!n12 && !x9 && !x13 && !y9 && !n4 && !x7 && !y13 && !x14 && !x11 && !y6 && !x15 && !y11 && !y8 && !x10 && !x8 && !x6 && !y14 && !x12 && !y7 && !y10 && !y15 && !y12 && y4 && !y5 && !x4 && x5 && y3 && x2 && !x3 && y1 && !y2 && !x0 && x1 && !y0)
Before Muattion{'dist_error': np.float64(0.23833333333333334), 'valid_error': np.float64(0.0)}
moves=[(np.float64(0.43511450381679384), 1111111111111111111111121122122121, 'split'), (np.float64(0.25190839694656486), 1111111111111111111111112112212221, 'split'), (np.float64(0.16030534351145034), 111111111111111111111112112221212, 'split'), (np.float64(0.08396946564885495), 1111111111111111111111112112212122, 'split'), (np.float64(0.06870229007633587), 1111111111111111111111121122112111, 'split'), (np.float64(0.0), 11111111111111111111111122121122, 'split'), (np.float64(0.0), 111111111111111111111111221222, 'split'), (np.float64(0.0), 1111111111111111111111121121211, 'split'), (np.float64(0.0), 1111111111111111111111121121221, 'split')]
After Mutation{'dist_error': np.float64(0.1433333333333333), 'valid_error': np.float64(0.0)}
moves=[(np.float64(0.445945945945946), 1111111111111111111111112112212221, 'split'), (np.float64(0.28378378378378377), 111111111111111111111112112221212, 'split'), (np.float64(0.14864864864864866), 1111111111111111111111112112212122, 'split'), (np.float64(0.12162162162162163), 1111111111111111111111121122112111, 'split'), (np.float64(0.0), 11111111111111111111111122121122, 'split'), (np.float64(0.0), 111111111111111111111111221222, 'split'), (np.float64(0.0), 1111111111111111111111121121211, 'split'), (np.float64(0.0), 1111111111111111111111121121221, 'split')]
After Mutation{'dist_error': np.float64(0.08833333333333332), 'valid_error': np.float64(0.0)}
moves=[(np.float64(0.5121951219512195), 111111111111111111111112112221212, 'split'), (np.float64(0.2682926829268293), 1111111111111111111111112112212122, 'split'), (np.float64(0.21951219512195122), 1111111111111111111111121122112111, 'split'), (np.float64(0.0), 11111111111111111111111122121122, 'split'), (np.float64(0.0), 111111111111111111111111221222, 'split'), (np.float64(0.0), 1111111111111111111111121121211, 'split'), (np.float64(0.0), 1111111111111111111111121121221, 'split')]
After Mutation{'dist_error': np.float64(0.04666666666666667), 'valid_error': np.float64(0.006666666666666667)}
Successfully reached the desired user error bounds.
Mutation counter: {'split': 3, 'prune': 0}
Next phase total time: 10.804543256759644
Next phase DistEstimate time: 0.4901902675628662
Next phase Validifier time: 9.485135555267334
Next phase TreeLearner time: 0.8282263278961182
Final DistEstimate value: 0.043333333333333335
Final Validifier value: 0.02666666666666667
Final candidate learnt: (!n0 && !n1 && !n10 && !n11 && !n12 && !n13 && !n14 && !n15 && !n2 && !n3 && !n4 && !n5 && !n6 && !n7 && !n8 && !n9 && !x0 && !x10 && !x11 && !x12 && !x13 && !x14 && !x15 && !x2 && !x5 && !x6 && !x7 && !x8 && !x9 && !y0 && !y10 && !y11 && !y12 && !y13 && !y14 && !y15 && !y3 && !y4 && !y6 && !y7 && !y8 && !y9 && x1 && x3 && x4 && y1 && y2 && y5) || (!n0 && !n1 && !n10 && !n11 && !n12 && !n13 && !n14 && !n15 && !n2 && !n3 && !n4 && !n5 && !n6 && !n7 && !n8 && !n9 && !x10 && !x11 && !x12 && !x13 && !x14 && !x15 && !x2 && !x5 && !x6 && !x7 && !x8 && !x9 && !y1 && !y10 && !y11 && !y12 && !y13 && !y14 && !y15 && !y3 && !y4 && !y6 && !y7 && !y8 && !y9 && x0 && x1 && x3 && x4 && y0 && y2 && y5) || (!n0 && !n1 && !n10 && !n11 && !n12 && !n13 && !n14 && !n15 && !n2 && !n3 && !n4 && !n5 && !n6 && !n7 && !n8 && !n9 && !x0 && !x10 && !x11 && !x12 && !x13 && !x14 && !x15 && !x5 && !x6 && !x7 && !x8 && !x9 && !y0 && !y10 && !y11 && !y12 && !y13 && !y14 && !y15 && !y2 && !y3 && !y4 && !y6 && !y7 && !y8 && !y9 && x1 && x2 && x3 && x4 && y1 && y5) || (!n0 && !n1 && !n10 && !n11 && !n12 && !n13 && !n14 && !n15 && !n2 && !n3 && !n4 && !n5 && !n6 && !n7 && !n8 && !n9 && !x0 && !x1 && !x10 && !x11 && !x12 && !x13 && !x14 && !x15 && !x5 && !x6 && !x7 && !x8 && !x9 && !y0 && !y1 && !y10 && !y11 && !y12 && !y13 && !y14 && !y15 && !y3 && !y4 && !y6 && !y7 && !y8 && !y9 && x2 && x3 && x4 && y2 && y5) || (!n0 && !n1 && !n10 && !n11 && !n12 && !n13 && !n14 && !n15 && !n2 && !n3 && !n4 && !n5 && !n6 && !n7 && !n8 && !n9 && !x1 && !x10 && !x11 && !x12 && !x13 && !x14 && !x15 && !x5 && !x6 && !x7 && !x8 && !x9 && !y10 && !y11 && !y12 && !y13 && !y14 && !y15 && !y2 && !y3 && !y4 && !y6 && !y7 && !y8 && !y9 && x0 && x2 && x3 && x4 && y0 && y1 && y5) || (!n0 && !n1 && !n10 && !n11 && !n12 && !n13 && !n14 && !n15 && !n2 && !n3 && !n4 && !n5 && !n6 && !n7 && !n8 && !n9 && !x10 && !x11 && !x12 && !x13 && !x14 && !x15 && !x5 && !x6 && !x7 && !x8 && !x9 && !y1 && !y10 && !y11 && !y12 && !y13 && !y14 && !y15 && !y2 && !y3 && !y4 && !y6 && !y7 && !y8 && !y9 && x0 && x1 && x2 && x3 && x4 && y0 && y5) || (!n0 && !n1 && !n10 && !n11 && !n12 && !n13 && !n14 && !n15 && !n2 && !n3 && !n4 && !n5 && !n6 && !n7 && !n8 && !n9 && !x0 && !x1 && !x10 && !x11 && !x12 && !x13 && !x14 && !x15 && !x2 && !x3 && !x4 && !x6 && !x7 && !x8 && !x9 && !y0 && !y1 && !y10 && !y11 && !y12 && !y13 && !y14 && !y15 && !y2 && !y3 && !y4 && !y6 && !y7 && !y8 && !y9 && x5 && y5) || (!n0 && !n1 && !n10 && !n11 && !n12 && !n13 && !n14 && !n15 && !n2 && !n3 && !n4 && !n5 && !n6 && !n7 && !n8 && !n9 && !x0 && !x1 && !x10 && !x11 && !x12 && !x13 && !x14 && !x15 && !x2 && !x5 && !x6 && !x7 && !x8 && !x9 && !y0 && !y1 && !y10 && !y11 && !y12 && !y13 && !y14 && !y15 && !y2 && !y4 && !y6 && !y7 && !y8 && !y9 && x3 && x4 && y3 && y5) || (!n0 && !n1 && !n10 && !n11 && !n12 && !n13 && !n14 && !n15 && !n2 && !n3 && !n4 && !n5 && !n6 && !n7 && !n8 && !n9 && !x0 && !x10 && !x11 && !x12 && !x13 && !x14 && !x15 && !x3 && !x5 && !x6 && !x7 && !x8 && !x9 && !y0 && !y10 && !y11 && !y12 && !y13 && !y14 && !y15 && !y2 && !y4 && !y6 && !y7 && !y8 && !y9 && x1 && x2 && x4 && y1 && y3 && y5) || (!n0 && !n1 && !n10 && !n11 && !n12 && !n13 && !n14 && !n15 && !n2 && !n3 && !n4 && !n5 && !n6 && !n7 && !n8 && !n9 && !x10 && !x11 && !x12 && !x13 && !x14 && !x15 && !x3 && !x5 && !x6 && !x7 && !x8 && !x9 && !y1 && !y10 && !y11 && !y12 && !y13 && !y14 && !y15 && !y2 && !y4 && !y6 && !y7 && !y8 && !y9 && x0 && x1 && x2 && x4 && y0 && y3 && y5) || (!n0 && !n1 && !n10 && !n11 && !n12 && !n13 && !n14 && !n15 && !n2 && !n3 && !n4 && !n5 && !n6 && !n7 && !n8 && !n9 && !x0 && !x1 && !x10 && !x11 && !x12 && !x13 && !x14 && !x15 && !x3 && !x5 && !x6 && !x7 && !x8 && !x9 && !y0 && !y1 && !y10 && !y11 && !y12 && !y13 && !y14 && !y15 && !y4 && !y6 && !y7 && !y8 && !y9 && x2 && x4 && y2 && y3 && y5) || (!n0 && !n1 && !n10 && !n11 && !n12 && !n13 && !n14 && !n15 && !n2 && !n3 && !n4 && !n5 && !n6 && !n7 && !n8 && !n9 && !x1 && !x10 && !x11 && !x12 && !x13 && !x14 && !x15 && !x2 && !x4 && !x6 && !x7 && !x8 && !x9 && !y10 && !y11 && !y12 && !y13 && !y14 && !y15 && !y3 && !y5 && !y6 && !y7 && !y8 && !y9 && x0 && x3 && x5 && y0 && y1 && y2 && y4) || (!n0 && !n1 && !n10 && !n11 && !n12 && !n13 && !n14 && !n15 && !n2 && !n3 && !n4 && !n5 && !n6 && !n7 && !n8 && !n9 && !x0 && !x10 && !x11 && !x12 && !x13 && !x14 && !x15 && !x2 && !x4 && !x6 && !x7 && !x8 && !x9 && !y0 && !y10 && !y11 && !y12 && !y13 && !y14 && !y15 && !y3 && !y5 && !y6 && !y7 && !y8 && !y9 && x1 && x3 && x5 && y1 && y2 && y4) || (!n0 && !n1 && !n10 && !n11 && !n12 && !n13 && !n14 && !n15 && !n2 && !n3 && !n4 && !n5 && !n6 && !n7 && !n8 && !n9 && !x10 && !x11 && !x12 && !x13 && !x14 && !x15 && !x2 && !x4 && !x6 && !x7 && !x8 && !x9 && !y1 && !y10 && !y11 && !y12 && !y13 && !y14 && !y15 && !y3 && !y5 && !y6 && !y7 && !y8 && !y9 && x0 && x1 && x3 && x5 && y0 && y2 && y4) || (!n0 && !n1 && !n10 && !n11 && !n12 && !n13 && !n14 && !n15 && !n2 && !n3 && !n4 && !n5 && !n6 && !n7 && !n8 && !n9 && !x0 && !x10 && !x11 && !x12 && !x13 && !x14 && !x15 && !x2 && !x3 && !x4 && !x6 && !x7 && !x8 && !x9 && !y0 && !y10 && !y11 && !y12 && !y13 && !y14 && !y15 && !y5 && !y6 && !y7 && !y8 && !y9 && x1 && x5 && y1 && y2 && y3 && y4) || (!n0 && !n1 && !n10 && !n11 && !n12 && !n13 && !n14 && !n15 && !n2 && !n3 && !n4 && !n5 && !n6 && !n7 && !n8 && !n9 && !x1 && !x10 && !x11 && !x12 && !x13 && !x14 && !x15 && !x2 && !x3 && !x4 && !x6 && !x7 && !x8 && !x9 && !y10 && !y11 && !y12 && !y13 && !y14 && !y15 && !y5 && !y6 && !y7 && !y8 && !y9 && x0 && x5 && y0 && y1 && y2 && y3 && y4) || (!n0 && !n1 && !n10 && !n11 && !n12 && !n13 && !n14 && !n15 && !n2 && !n3 && !n4 && !n5 && !n6 && !n7 && !n8 && !n9 && !x10 && !x11 && !x12 && !x13 && !x14 && !x15 && !x2 && !x3 && !x4 && !x6 && !x7 && !x8 && !x9 && !y1 && !y10 && !y11 && !y12 && !y13 && !y14 && !y15 && !y5 && !y6 && !y7 && !y8 && !y9 && x0 && x1 && x5 && y0 && y2 && y3 && y4) || (!n0 && !n1 && !n10 && !n11 && !n12 && !n13 && !n14 && !n15 && !n2 && !n3 && !n4 && !n5 && !n6 && !n7 && !n8 && !n9 && !x0 && !x1 && !x10 && !x11 && !x12 && !x13 && !x14 && !x15 && !x3 && !x4 && !x6 && !x7 && !x8 && !x9 && !y0 && !y1 && !y10 && !y11 && !y12 && !y13 && !y14 && !y15 && !y5 && !y6 && !y7 && !y8 && !y9 && x2 && x5 && y2 && y3 && y4) || (!n0 && !n1 && !n10 && !n11 && !n12 && !n13 && !n14 && !n15 && !n2 && !n3 && !n4 && !n5 && !n6 && !n7 && !n8 && !n9 && !x10 && !x11 && !x12 && !x13 && !x14 && !x15 && !x3 && !x4 && !x6 && !x7 && !x8 && !x9 && !y1 && !y10 && !y11 && !y12 && !y13 && !y14 && !y15 && !y2 && !y5 && !y6 && !y7 && !y8 && !y9 && x0 && x1 && x2 && x5 && y0 && y3 && y4) || (!n0 && !n1 && !n10 && !n11 && !n12 && !n13 && !n14 && !n15 && !n2 && !n3 && !n4 && !n5 && !n6 && !n7 && !n8 && !n9 && !x0 && !x10 && !x11 && !x12 && !x13 && !x14 && !x15 && !x3 && !x4 && !x6 && !x7 && !x8 && !x9 && !y0 && !y10 && !y11 && !y12 && !y13 && !y14 && !y15 && !y2 && !y5 && !y6 && !y7 && !y8 && !y9 && x1 && x2 && x5 && y1 && y3 && y4) || (!n0 && !n1 && !n10 && !n11 && !n12 && !n13 && !n14 && !n15 && !n2 && !n3 && !n4 && !n5 && !n6 && !n7 && !n8 && !n9 && !x1 && !x10 && !x11 && !x12 && !x13 && !x14 && !x15 && !x3 && !x4 && !x6 && !x7 && !x8 && !x9 && !y10 && !y11 && !y12 && !y13 && !y14 && !y15 && !y2 && !y5 && !y6 && !y7 && !y8 && !y9 && x0 && x2 && x5 && y1 && y3 && y4)
Height of learnt decision tree: 48
Number of terms in the candidate DNF: 21
Total DistEstimate time: 4.703317165374756
Total Validifier time: 76.04303193092346
Total TreeLearner time: 23.777101516723633
Total time (seconds): 104.53810429573059
Starting model fitting...
--- Fitting took: 0.0012 seconds ---
Starting custom tree build...
--- Custom tree build took: 0.0014 seconds ---

--- Run at 2026-05-16 12:32:32.500120 ---
